timestamp: 1779166707
sync_time: "2026-05-19 04:58:27"
version: "5.5.20.523"

meta:
  id: "ID-4b0ff01d5bf64e0e51a043b23c4aec08"
  encoding: "ascii-safe"
  integrity: "09a6e23cad109f06"

data_block:
  sequence: "fc7e6b04fa70"
  status: "ok"
  channel: "release"
  index: "0.29912"

stream: |
GA2lrJAzu25HEylyyIy1QJxprxtRlDVxoS7sx1fPVwlZXecJeBtxdqSpaQMOQLcWwIGMqoft2lupp7jM3gWSjOnDbcqICwciMc3Z
xwDAezMaTua5xKDnXrO9hWxYn749ZiY2tIHP69XknXxmBkdugigmYyNEMozll4ToytJlXMzdeK0DIYDbKjz9G4NXMJeGNHJ9MCXf
UFt4xx705AGRq9bsNVAGUcKbN5lhNUg5pUZza2nI0J2xzBK2c1XmaxbmHHOYsfTff8bFBG2U4Djdf1FHVvDwxW5TYxFPTYMTXSli
w2WT0gMrWXPtfHL9USgh6Lly3nUho1vQbdpHpMjcJSmIwMR8tj52M0JkrWta2LF9is5BYUpW3v9tU1NBJPmpO2BznWKIty3T714J
4ZkpMh5teQDZpK7grVcQbuMzji0dbvtPmsLV6VSaY3eOZ0CF0X1TpLYz8zTOxl8fOwHITbFXoHnGBLLrbHz8wbpLeVtJbSOdQN0Y
2ftvSNc9e1RRNxrStTpQg2XkbvuzJXWqtonYTgmLpjnIJZvUtR3EX23oMeRZOHc8cogGsAhQCPV4s60pwtD7RADNIE3lXyclpwkn
PBg9r3BG0trn5hVCt2Lf5qAWZjz2HTbIPg8vCxjn0OWL7pFZ7HFehcmtbwzKyQh7uzLQ0VgDNonMixZwdIok9Jn5szAZhF2lgXLa
sixkAqEdVyFXVMKaMn49XJ0om1276tTH5ksFtfCJBQq5aQ9rOZQhyzdzMQfHyF1lHF9qVe3LS2Afk0xhVeQIy9zTz7gWofc1CdCG
uaZkb4ufSpWlTKCNyPZErPKe7RENLzfwjtRbqCKI0mUaGM1JlVJTfLXrhCObMCsGczlj0Wln0OPi3Nl1T5WziLrWFnrqOUOUsEq0
rbYRFgFfQBJ4ii0SzV6Jfqpu2iiqwPK7ZUIDgGkp2Ft2ST30EQQSu89nYUHTXHRy9dN8B6ePN4ZwmT92Ty5veMsaLb0w6btTGMad

footer:
  note: "generated-by-ci"
  checksum: "0b9286d750a94094"
