timestamp: 1779467917
sync_time: "2026-05-22 16:38:37"
version: "5.5.30.523"

meta:
  id: "ID-386c1170eb7ddf97d1ace2d868745aaa"
  encoding: "ascii-safe"
  integrity: "a2cc085a28adda53"

data_block:
  sequence: "4addc0c309ea"
  status: "ok"
  channel: "release"
  index: "0.8928"

stream: |
YkRb7wRpTEkr3iqfiJeKPByT0yXdzn4cc6IoxEQQhATYLY2OPHfrxSao2lbcKjjTYuxfyGLHGDfyBXM1d5sLsUofq0vIexJlWN8T
4wnold5WPAIgIsbTxkBYTFcssdiQUkP6guMzFAaHjNExEEdJetI9hJPpL2rsoHrs6dlVgFomDyM3cDCKc2dYCkjxBCNeBGk8kgo7
4Ee7MskO21HOr6PldjO2pJeoFG7C2fxE3wujFn88ZS6f7WotEpO6N1b2fuYjkXRvpALCY0VfKXq9vjlXJTaS4RlvhOdUGBu0oBnl
ohi8EsZLhfqIAFiPtYOUpZIM9p91mEGO34awkArU9K9XZw9fklYmxovuDUiVAYbyBOuYfho7qI80ZsAkyEPCuxnaQiK3z9bI4vVN
zMD29YQpCsyWMcvmTxgVF3NguGy3E7Vou3ztnGj35jaFlkl8wYpzNpphPJw5hGa4SxUuRDOKBSyFA9L6Re30JrELavyHCesG84TV
2BQmwmNupIQ7y1ed0MefjMVHfzcrYEIANGtOMwEacg3l3k3pSgELwfUOA3OgwclnSRb0kz2CzLUJLjKiMprQ5onjeW5ezFMM4Z3A
YJdHaRMDuwZ4MBMOeP8kMi4vfR8XpZHVOTUB6LWNWydzlXqlqFlfHlDS3K74dUswqiqHb8zvis8RPDx910duqLszbvxq9afOxZ05
H5YynDaiYpxtot3KJKe0TEfFRsdKNLuHcEOpAVG5guOWLHxFrSRzclRiwLjitfaeIVO9lmsNdMO8ZuahRroJaWuL83LsB0JNj6Xe
eJefVlkDVSkq4lw9bA011qHq3gWdqeJQ6WeJ26VuIQ6SokJZ97wInRTLVI740aciVR0IPEPUsONeRInRooA2stvcT50OCDcC18mS
h1wrChUrBinGB86V2YGqxWirk7ZpJI9GDXoF1It32gAgIhSis4cYRCnFtLe7geWYsbC40VerpFskeyVZ0ZMfeNAWGmyFqZpepvKV

footer:
  note: "generated-by-ci"
  checksum: "ec2ddb63f78c3f54"
