timestamp: 1779227824
sync_time: "2026-05-19 21:57:04"
version: "5.5.24.523"

meta:
  id: "ID-16f19823627f6cb0bc82e528899aa2bc"
  encoding: "ascii-safe"
  integrity: "7648f682de2abf79"

data_block:
  sequence: "8c0b45cd851f"
  status: "ok"
  channel: "release"
  index: "0.4072"

stream: |
jnf23wvp1RzPUCu902v8qwzXXGcfyP4Pia4MRNRsuAoR29mJTqXnX43uM0gUAiolbpNykaSlteuVs1HYP9oOn6Cm1Xie2W0LBNNu
GwshFw5f1yYhwxGF0zuUx0xXEEc667M3abv5o4UmkCxN7W1pgUQLKhokJz5ImFehjgN9XUwNwASK1tGO6RjAFXHjZzVZKt5ecrGj
syUPRvLTzC2TZCFu7BuB4SWvHZ6cJufGS9H3B7cXVhdt3kqdi26FF3Gv5ifloK0huh6tkx2WBKAruhhhXiZ7w1MGgqBRtprVfqW5
2wmBNccyiY0K7wlaSiy2R0HNb2ssQPrPSZWnhaRJcYox9UUhZjf1YmQ8QUIR1uX3Wz8AO8QsqhLQW4CE5uUryW6pwb1AyTDo84r0
xrVsbBVLGIvnyjmX1IMe2F1gNuANig53y9yY6JZuNiM9pT1uSMfT8aJTQ8kFvCgaciJlHhhlZyEJLkFjjy28yLXLjVrOXoyNbUvl
G9E4KI6QME4zmsbAIMTlZa2Y2UtkDY5DBf1adXdylfM4FTR0ekqgD1z1AvlGw8ADpC8Bh8xuVjaBRvvjSonQbYZGYLo7FlfWLLcT
xGA0aq5G3Nox87LZM1NlrsW0P2xmS0IeVWNLWJDydcKg5L1f18DP0VpWnZ8hmW50iQzdbbCz7kjS1ZAzfX3O2Yi8MkNXuaCkQyjB
GqyBbwGii3Uyb4Ht4Sr7wmJANKZNHJ48PMTmuehtotirQniQwRQbNOeC7FdE8XFne9TdegLzLWcAr3F2C4woQnKqLuy73rFP7TE4
ldOJzbg4HFGt0uYz8pSzKhKyMXmLt8zZbaPDYejeROQJIkKRnn03P5zi9WWCd6l6hSSmisMbmH1faHEnGwKL2vkMRBTvZRcIOqFn
m885Y83wbWjiQc58IV3DKhY4YYk9NZbscyPvx2Jt82hE8cdft1EChMovlQ8iX0eLh7cpmLCQN31R0aCe6IJauXcItWPk5d44qtTF

footer:
  note: "generated-by-ci"
  checksum: "c05cf92dbf61c703"
