timestamp: 1779733333
sync_time: "2026-05-25 18:22:13"
version: "5.5.34.523"

meta:
  id: "ID-45bc6e66a6f35ebc3134bc8e0cdd9d42"
  encoding: "ascii-safe"
  integrity: "fe53b98b0eb43f98"

data_block:
  sequence: "f9baff803603"
  status: "ok"
  channel: "release"
  index: "0.20282"

stream: |
IVCivtdshutH21c2sKBUSs75HkhHt5huXxr2P1RQnnSbl5kDqPG2YY5YamhfWOUrSe9e8zTvEFqA6axZPM9lx1NwJdXijEseo7TJ
Vm6WaNpVmVXVOL6seMldtDGJ0Z22uGday9syJfWJeSNdRjAF07VaCKWyeKOwCcVV6CdRioaZutgszifkqdC6Uuk9oI7JWv5HhYKY
bOt5UBYTnRLvkgtoV4dcHQ8RRx3HOdxfMIGoZ0YjYLneZGqRXozadz8MvjsamJiMRTzSC38eCpO76u5aBJQ6POwo4Z860bqTjCQV
SHs428AqWfOZEOwepafbxFUNX3MoG6nwryb8sp1SepIsUuIBX7kkkscoJnqVyIw9P37LvfKLQWmHEdltt9EXNSqFxzf5RfQvkBjd
ZP07PhMrQ8OCSWsgoSPcoKRRDmC7LNQTp7dAxt4Bb2fV11bdaE3ZUdl8Mvb5PjmNm94fAoxEfPbcN5rYQUn1YaHa6a2ku4xyjNt5
8qrWvrWrgAkG9qzY7a53o2vQUWSBo3WZD22FhRex86ngKnLEoP80GGTdsPaXeK9xMAIr31Py6skCdIeTlPbj5IKo9w2lQAflCpL6
ZVDJWoWOIT85rYHequEzKhTdVudK2oNbpkufKMJatpUcnHTDq9tizoFw0HgU97zZxp4N4qAeXnk9YyHFTPWbUOvJ9J0E6oiJdbfW
6OZHKt2TSz87OZv9yi1Uofguwyl0LeRXwFlQSLLkB0e01SIXwwCtE8135zUgHayQ8va6hMshFXgjRZnHCha1HXtEvUnZiq8turYM
S7puGcTirwIHN7Giyd5MhJ3jVQMHePThNcscpvVhPOP0C9sJUu55bGexG4ivFTDMdLJx9R4AwFlr3UcY3QRo4eoEwkL7QpoYUgeX
KW2uqQARRmkwxUWIyC3MqStLpSN5LyDBlKYpWMtcbKyvheFpVbqL7eUQYcrk1G4WhAD8M9tiW6OtsaxUNTowlLLQA93LNmzY7hGQ

footer:
  note: "generated-by-ci"
  checksum: "7ddad55b2293aa43"
