timestamp: 1779638480
sync_time: "2026-05-24 16:01:20"
version: "5.5.33.523"

meta:
  id: "ID-b3026aff27ebc6e47d7b15c535665429"
  encoding: "ascii-safe"
  integrity: "7108348b8e855c56"

data_block:
  sequence: "c5ca30ce252f"
  status: "ok"
  channel: "release"
  index: "0.32655"

stream: |
KWhjBp84oBKnve3Wt43I0dJErPn8QNtc4ezLIGYww89q08SxaxrkJ5vQfdMW1jrGVM0jbhvifb0yM9TlSLzKZJzKnWIDMjuQCMGh
ftRvV7pEuK8B2C7qroKAcl50BsVOjO1gJakwmWmC7plOkzDO38gi63sqYdNgJQHM6qUq4a85bSmviT3jbV8JSNdnZyRM81bhh1nn
AoSWyfFCfvavXOxlhlXgfmuWpznKT3iOuQIdrASNj4967HIawv77UTvlu2Iikx4gASaTwHFPe27eCGOjxQS0tVWEOXtrF5T0Zr83
EraVywgSRU7tNNTwGrg5DojRb4qLrsyFIVXFsyWTsPVlpohLpDnL9eXyxsvxqoMdsV54PGZ6rUzNGhUYUiEwglJVH68d4sBV7hWn
wH6TQaysoTocmOuvPXccbowUqaq0qtJ455ABleQOxpbK4w1LkUPfTUSLpK5BxefLAFPcrl1orm3I6CZJEezRbbpSxCUv8ZOdv90u
AjBdinJKm1FXxIF5EodPJbL6YrE4e3fAp8JM4MoeNAUix3X47iSbj35QsclDZHfcJi3G2yJU9eN0eKcxEcTsVdQ73qfwkHe0fnnZ
hjnfymQA1EHFBbNaFjiGVdOPkPlMUkyiu8C4OlR6bLcqi0sC4V6sju1dwGXmz7lAMDiK2ZgdsUgH8nVxs0A2a28Bh4K27qaBV0jl
UwtArGN7EhaMCA3ytIHZAtI0rJTKQbUFoCk44D11lY4nbMSTG3BT9r28BiMTQUYPU39GDg09mnIAnBZ6s4HAnxZhdb92RPyd4uIC
V7N1hPwhSFbeCt7enI6KgNodUzLjl5blL2UbgITWVSwcAtQgD72zLSEKh9HoGNvMJ2nA43sIEuY5EbfxhlXZn0zoi9Xjexlm0ba4
eUqREZYnUfnR9HABOnBVSib9B9io1AwEno0jTCeVyiuM0Zh2XpecINP6KNLb49egI2RqS9D51uQz5Rerotl0XyvJCCwyRV4ikkUP

footer:
  note: "generated-by-ci"
  checksum: "d211216acd7b82d1"
