timestamp: 1779812977
sync_time: "2026-05-26 16:29:37"
version: "5.5.34.523"

meta:
  id: "ID-512b9abbc8704361e6b6acb3b44c99df"
  encoding: "ascii-safe"
  integrity: "9ceb91952ec840d3"

data_block:
  sequence: "2141e8f0800d"
  status: "ok"
  channel: "release"
  index: "0.7803"

stream: |
YFO3nQgYB8KoGGkXVYmwebl3G4yTKwjHUBhoTcd0PkLyGebMjZXzKbxdd3rOuvK3kxOgp9RyYlCS2cRgQU14Cbnrmxt1ivQocn1w
ZFjMJWJP7vU43Mp8ZiDBjXIKM4dEb9NOAHu4XaOKPCpfXbxEYrnmMWgep9bOSshySu4EUCRoZzTGl7CgLsdjouKC6YAHGudbz8r2
8vBM7ytlnfxRlJSibGjFadivyvsEmKmFXtpWXoep4K7DmW6D1yQx28kRXoIUGLaj8wHUKvB5vrM1RDxfKEPZXKvJ7KSjxYHKmFhJ
lSV7o5RMbcg6OsJXzZGcTZGpJLpwyOW7IjsW3oZOeKEmdFOM2MsyWASKVP0VqhHkThu9oPIRphnrIP980OrqjiMkTF1kB61U20pa
hFPorAhHGg2lbUXZaC9M70LIgink2BK38XQR6luHTSn96U4RrTvvOO3mmhkGehv7fmFqDUCkS2j1jKXb4paVnEPwo4ZIK1Yw5bJ4
2JErS30SML5i4IChsFoAMiC3GhvejDV8zjALJAyEXylfCdWN4LvCvNlBgpZk6p38RhWdU08ONF6EKl3PClmRQURQMc1jUQXzuTjA
XxY7DCWMbBoXNoSTrSoeSpO7ogE3OfLb2cNqc2kCe39nac21y04xnnfyuyEp3BbCVAunSjBrHxLiWZRWECS6HuYpKvSBfornHIl1
NMlr1YMznhUA6FzHgZDYSjPyUhMJJH0MMmBY6slzcaRI0DSoYqrAxkjeMbA7IaBDVEKIJ9hwduPHo9ULBqXmhCpl0pT6eprkxrT3
6SvAEAAqt1gcBI2plEsiNEkbAqmkbfvwPqsPWdJd9Dnil2SyQUHNlIN1liYNI8nGoMuPJSYPpPAOQkW9dbasFnTPNQOwaow9DKl8
PqsDLsdxCGpsHj9m10hcBSZqN5rdxxEXJ8X4axUlKzS0ePqTEOGIC9JAgF992h4C1fsicc344Ubg850l8vSGQvx1Bm4UUTYOdo2Y

footer:
  note: "generated-by-ci"
  checksum: "9897c1ecf99b0edf"
