timestamp: 1779448594
sync_time: "2026-05-22 11:16:34"
version: "5.5.30.0"

meta:
  id: "ID-9f614721bc450444ee1bee1e592bfb40"
  encoding: "ascii-safe"
  integrity: "e451fb5c53952e80"

data_block:
  sequence: "f88f047e4bf7"
  status: "ok"
  channel: "release"
  index: "0.18177"

stream: |
rBZR7DkgXypk5gz2xFmy5fN4hf49IgKz4cj5AaG0thbv15tABD6hzraknvEllL4zECadFLrOtphABE0QwPDQxBFCY2V1DpJYO9G0
rE0yiQ5y6s9JYL2Oe1EgEgwSiY35PsRjnAIg3veSuHuIBSK8aAaTdZvdZbeAbzAuYmXluWszOY4qOOwlFDEx0psKnlgQ37ai6e5L
oTKco7InkiDmqAQQ8aad853uZgZODCKeYk8PewTMgWhZDEfSwLB7gctgd8al46UZrJ0RnhpYMcN52535PBm9usblLgToH9BfmFfG
E65AlexC0l89YgSFF0sndrPyvEKFYWqI27cYTdzzhchzAZUso7kmDM5IWpwDRqV1zP0ZBSVMK9cSgGStgqTGFYw13GYTjx0Ygelx
NWGSstGPHMmmwFYgKt9DeQsjGkz7ijmCocR1AEj0x16OKnMA3DSkrqFjoquFBRHspPdBNyekVrgpaopHJoDVhBha8hOUbtspXeqR
IGaYHKHp0h9JjMYGunvkCuuIR3SMti1Gg3FzXhJrFyWLNZb3cT9zEFDNFNgxSC5FjndT1iOy9acRwHYXMvvyh8ttm8sXCd7hWLva
gUc6ycbVuI1ANeDhc1OBh5Tq8UIfyM9GCRht16CxjJbPIwprBP1iNltdklpyaLUBJHDFrUtCt0wjxWW7ojdqYu3nEhZpQMZd6TGx
XwOAmZgJskLztssU1elUFkXAeReaW2vjhPFiZBh9rxWJ5WqyrQmsY8VTLLcI9G1OV1TUJ7JRzmuK2AyxYvUitsAACgkf1FRAZ7p9
R6XZEosh9vA9IK3jLk2WVlRx3Zy2NxyX5VLOmdaCS8XaiQuZGuFWAVSh0AY8W92vWooJ4Lr3iaDXNgCwWOnqn9ejHd9nTeTPSOEI
NmwcFKZvreWJCz1N3rcwyT6ZB3jfVXUUpO77kojT9GVNjP5wIWaYvfwYc12cgMHox8Tlj7wKmdtk7p1qJFprdsZO9u9mDJVtpLBY

footer:
  note: "generated-by-ci"
  checksum: "593cd43737e0ed79"
