timestamp: 1779667693
sync_time: "2026-05-25 00:08:13"
version: "5.5.33.523"

meta:
  id: "ID-ba34828a623492a7098a98533e88e662"
  encoding: "ascii-safe"
  integrity: "e897748317c8954f"

data_block:
  sequence: "e85a5db35398"
  status: "ok"
  channel: "release"
  index: "0.16995"

stream: |
Z2N7varYg0SVLrBNRXgPWbOqgGlcSgTQxuE6uTh0nx2WjMt6r89PH8lTDdHttIkG0WBiEo0uBf9mYy9wcjhSGSkZbHRPRuBl5nmE
AvUwicUIBBQ7BCPasX1JKwYN8etku2Eg4M83KCLPGVPUUfy1h2cq11CvJU8sJY9lfqTdzdJcRabpMlcWbqIiX8wRi8Pz6v7i7ols
KFhRTm4fVXxwLUd5YnJRsz8psqwz1CwBbNc3LhZlTbVrCflfy4mfBqzBkOyLshs0sJiFoOfv5S0pnOYooVgu9Sk9uqrf0p2FPq90
7tYTsjzrk8MvLVCA7QeAsNLkICAqlLkwu6wKqx1vL88tsLjAQOz1H5q8ahs6MAbui8jM47EmIFtueY7ncmOWQCfZQZMI1e9Y9BXo
WrK35RPEJ6kmONbvedpsEXbewqONYcCzQ7KtxbnQYEZNcgfx4IQcAGjOvI7SnI1gHPhJQLpyUSLWLiNln94oDtouJut1abTPGZJW
ufO2e2fxITJtvjJasv7XUfgr1vzEJZAiKNVV3dbcqKTTO8zXparH9jVBNIJYhhWB0m4qaudM16dU41dzNNCGKWvwW8Q12Wmui0n5
W9lwHG3kmRDyOGNm6aom674bFPJXcsDrw1L2ElRaJvZTYPvzHd3B4ZDCRG7EOZbJMJoysmX3ao7JE9f5zQCRHOx0AkCYkVKEY8Mh
vmDjaAht9kAgvc8gRKj9ICwjUiRr0YJlL1gl41kiX5RtFarT7H0BzfCnwXeksb2ddirYS98jx6bioiVBdJlGfKV2hQR0KKxdqLfk
y6vzl1rjZzEzebEBogLETgjedOauABo2WMTDnaxsN6zRIJNzPSqCLLKCEeqSNo6sPzFYqiurXZGWWWu5WJGFFIVT2P5Hvbuk4JTW
S2HtoHWEECpbRwCdRfXeEXMsOtuRMQU5EZKZTa4PNV3XXwJl67ccU1dKhFusyyQ1JjHhoo3pgvPhzNVfJ22srskFgStdGLCNFC7m

footer:
  note: "generated-by-ci"
  checksum: "fa5fa53a74dbcfbe"
