timestamp: 1779508164
sync_time: "2026-05-23 03:49:24"
version: "5.5.30.523"

meta:
  id: "ID-b4799e9df1ebe7b7f2c1e1e0affe8e1d"
  encoding: "ascii-safe"
  integrity: "c46dcdab080ba15d"

data_block:
  sequence: "43d4169e35f4"
  status: "ok"
  channel: "release"
  index: "0.4578"

stream: |
h6rLjFBZLyBmjLBn8HvJuOlDbsB3oX5aM93LddYvvYeAb1kQNWgUA6qodiA6AJYZprianmvHrd8dwQ9hRy9Cabnr8sHmvS7VxAYH
6MYC6vyqUspfZmecREJr9OOYmPdpf3oubHSRQqss1gx7vkZGxHNeYLqHmiFFmXE8v4Car775tsscW1cEmZIN97sLnqQRIPabCX0E
HtjGegZTw20z5FuU0XnqUDTLY0xykeHFSio3CD5uuoTNPdBMwR6QtGLWk01OLtG8SFhlWkae1a6KokeYwaStQMGDlOYIUiXvPp2D
75JXB0dhb2gH1yFvTmLKJSYxl8DcDK4RrW6x16dYNmt9aTHZ6pxBfVPhiCAW0wAVoInkDrXwh2C5xRiGOKyWHxGVnjLTITu8E2Wp
2eob5cHMudOvmzzb6V3Gcs0ae56kaAEfO4DvYuZ1bxegofHUnwGeiKwxLpfskvV8GCU3p10JBJwJMn6noYWAHRXfwkF8C064OLIt
ahiCL33LBC1GgSdkAijIrZBHFHTIZCfN6Klc2bitCSiVQO1DwCw93AWwuEae88CRqxwamRVMIzkorXjsK06Egg4nrTrnWz4QL9fe
J3Cds0CPt2m42OHX6chr6wkYWeuPjQJCCrtIj8AYcZN3IMHJfEpaYlHtdojdm0buuPEIHqkI0FuLLUw658W2365iWfgUukJQbIaS
Ryn2d5sScyWlfC6PBK4q29ngtVLn9tDyXxggGQlUmbwDCua42w34cc5xtdjCh5JfmElvmOIwrvUXwILwrejj6jZQVann1oRY9HW4
cV5ZNvZmpDUxutS3Z1X0UPboV9tDvrovQEKFKm1bz38gQg5qNiBXlZjNs3GW1vF19dErDIMDN34gM77Db966LkL2NyTNXG8GduXG
7Kfl1RFOKBNmP7P5h70HpsRyCjBUbEr2xoPr03TbScFGezmu1e7cKQ7BTEWghB9SbjGUD5UL5MI0uJxeuEyuthSOLe1yuX3xAScl

footer:
  note: "generated-by-ci"
  checksum: "43c3dde4aa722316"
