timestamp: 1779600548
sync_time: "2026-05-24 05:29:08"
version: "5.5.33.523"

meta:
  id: "ID-9abbf75a1df518c0ea8c67bec9b9efa6"
  encoding: "ascii-safe"
  integrity: "b1bf6e2b519f36d3"

data_block:
  sequence: "2e040bd60400"
  status: "ok"
  channel: "release"
  index: "0.9293"

stream: |
Yd6R2vP1yRxyFILkZNb9aWzXzTUdWdyf7rNGRSz4SyPuhjY7Wh8nWHN7xOavTx9Qw3Y2ey5q9kcHgLmMPoje8JgteBQFPAaqDsmf
3LLZefxSbaEoZqLwNUssxkBf4cAhAynUx29F9dthDEmFhGq0gBfbSr028MooHybfEERWMwMeBRhBJyHSsgL2Aa7Y9sMel4cKtDIK
Kca6qZbwBjiX8UcWA15SwcMH1m5NK76yvnJ6nc4QmGtzKGwLBasvykaN2D3ySYavTtjumVLcoeNweqyoqInlglzj10H7pq5qrqz6
w6dY5r7TM1ZEuApTBiqcpnImD01epR6eXwZNa2EMRWMkpRlW90SL3uwiQ1bubpDi27PXn43OZfB1tudqdqGgxHe1zoEynI5812Yf
6rJsMkmDD4AXb2640dpSsK8LVPBfYQOgGrutXOLLB5DcZJ25xoWmuMRJkEypyeQR8N7hWn39vvBDKhM0C09kVVROp9NTRRrwK65Y
yIKszIGu7jL7PgweCO67qpesa6eWuvnRaXXBa2o7xqx9aV1HcqsgXxBHa97ioTD46sZ6Je654KUn4OIYwT77H4wWrG5r1CsYNg6O
pzI89YyYQv4Vz8LEk4cgZy1ijH3hlpJql6XKmbmE8NWDQQRzGr95fgGopelfI5ftTGJFDEFBQ7jFutWpg8VbtTsmN0djV6hQorF4
AjWAKPdnelWqoXtPpMDtUj0S2SVWmbF30yjijMOk1DFd9OHA000YirYOLOkx35UdIkCQGJ86FTp6XAGwXxedGy6Bta0hUCzD3Um6
7ewr1bYQy4FfqoHL4HAhWKyfHPTKPcUQYzILaY8Cn3LkeyajOrwgVIQnuRSYyNPsAvLkN31sJnudp0p0VCpS4DPpO3Dl2qluO2m2
w4yp3DvkvsgjGcjmwgX7VSg6RchYaL6iBBuLPHM73XycQMdhqkUtf0EtpLzbCIO0NkriYn9lJHOZV4jaWo93ATnliIRRWTfByB8i

footer:
  note: "generated-by-ci"
  checksum: "1cf95d951ffdfa59"
