timestamp: 1779954929
sync_time: "2026-05-28 07:55:29"
version: "5.5.35.523"

meta:
  id: "ID-76eae8d29f95f89a5f4222802bca7f82"
  encoding: "ascii-safe"
  integrity: "794928ec722f98b7"

data_block:
  sequence: "9eedd1917d19"
  status: "ok"
  channel: "release"
  index: "0.19959"

stream: |
PazPt7czepEHXi5IamNr390VT73AIZlMs3flSjTlcHjPhRq5vsAqUvsh3fhltThfEcW9vq9smY2WPdkTLQPeAZvfPj6StnNQuc4K
sC96XNOCpghpgoNWLrpScUdJ4stWZ7cIFQh3hQx3zJW88qDhWd3fTJkxv23lEaPYRWjPkIFrukTv1okqnYQNdwOsZQfyXwWIhT7M
xoHysDevqtNbQMR5vLu01G9w29S6PtYv8U16os0iyBxZpxRx1nN1Be6gqIGcXvHui2xDnOmeom4cKXG65xpw073VUJmcFQsIWj4V
wjWkbBKrwknr24IenLEPGaz7PXecoEDieCPAG7u7mjHCnRplxeLpmFsDLwFtoHSXKc62T5vTXHulfph3y1QoEYIekgLhxOUGhOB4
vPEeIZxgPwecsRbFLw0dXFmSyXdrSZcWUoBRmh8vjs5nyRBdKDwlsMshwDxyPwbCi8xAjx1h9WqET6h8is1xIOITUgk6lDAcZDai
Y0Zy59xWEDtgxqLd4iL6qvIW93lWrEcGKUJfpPt7ROXgQOPuBXX7XcK4Pw8omebgkbkv2Bru0n41UEle7eVyXHL4pFcqLbPwo1Fj
u9OnIQYJ0y7W2FVJXOELtuzstQ2RwefsRwsIp1OP2hyNkFlG7xKx9o9YfBFptkXfmNwZnuh2izlToMFZr0tSQ6aDJoK0WCsu9FOK
UvQVNLFPfablzoDRMspunYaxPK6spRF3rpwd7PZhfSWPQ63XsaP9rPKghm3Zo029Q0YtGfxJkOcjKZuWApU884sAoMUBCAoRaWRm
FtcuxYiRKDeaJhysiU9jJFQQYTor2tbgwmfv0G5ixZXWZpkWFN4zKywyRc9mP3PY33U82VLhd7x8ZUMb6etMLadjdVFEoyTYWWHw
4F8xV06SN8asgb8iD1Ts1ACcKEbuJo5V4ZuiOpGSzJyWATSjF9fEBlkahYDXD11ad8ypEU3DeOEKkEiSbZHL4Bc9kHjAh9Z5rzWy

footer:
  note: "generated-by-ci"
  checksum: "d4864105d795f0cb"
