timestamp: 1779987322
sync_time: "2026-05-28 16:55:22"
version: "5.5.36.523"

meta:
  id: "ID-09d01e1b4e9ab077defc186e6cba7a8c"
  encoding: "ascii-safe"
  integrity: "c9ebd34d4f309c41"

data_block:
  sequence: "205e636a9405"
  status: "ok"
  channel: "release"
  index: "0.32377"

stream: |
8iIwCAoVDfSqFQSz3ug2gKBV6ep9FmeOevonOvPuwmMlNzkXOqBELlfYF3JUPchmv9wuiNr1CGhencD2aVmsoL48dfoULnzzem4v
w2o0r8lZeojNYi2YW7FEieLqUFKW0xs5eJp5g7ARc23oEM6jsOWB9IabguyL4cn5zciEluhHPQVlU5NLyslXEypXtFqhPAp8ICbA
C5cQfKZFP7qQ8FCle1v99xfGgwJDbhjHU9vpclEm5XnImsnjclLu1na8Zo2JVdteo4jPz5d0Na3GET1muv4YiPys5yheqvtSwToe
SDQ3QTNM0h3pJImvYEs8Vmg36LnhhdP1yI1C1qKhgd7YYerUVymTiWRGzGbpmJIdZeM7Jff5PKZLJRN2p8yuYqlNxsgehNhbvlBz
vUdcGlXk0PhVj9nLcsIMeSuDyO2ArwRd2zK6ZwSWqGPxeWgaR521XkhGgXyJ8wUolNs1rAUEC90tEBJZh5Jn4712mmKuQfxFxquU
zoZYBj6JoWaUtACYcjE8iEnDYNa88KvsaphQZclw0KwONC5JpAVhZJOIkBmD0zxArhjipDRcd8X44tIsXH6zgkDTXRprM0k35oJT
t6MmsSM4h55xyTYlhuVNk7AATTUy9x2kw2jOfkkWufY2mwiM34IpEYDshHc5Tm2dYO39CEHbNIBE84u28aRa5PiBFkYrg4xluSwv
mbcWTYMGA0ueibJ2aPgGfRgo9BnJH7X6k7eWK5N80PAUOu28cqp8KpMgWhSNbls46nKpgZYzWmTpVDffslOPbEsWRSPTBtvDINUh
Dxe3kqV0alw7NEfC0izDqmvyKNThsZOWd986KPU7nPjTs02HVGOR4774DhrBqkanuJhynIiEQGgDZhHLGaJe32gj8KGLLCRg3ZfG
HseQFSsQ47ojTajLWBgsVV2WHXQRwW058YY8O3JiVOkQ0PgnFTAtAarO3BM4I9d1IwChj8c5lQ1ENM2xaKFtbHtm6ZVwuLEETAks

footer:
  note: "generated-by-ci"
  checksum: "667b4b0ab6bc8506"
