timestamp: 1779609569
sync_time: "2026-05-24 07:59:29"
version: "5.5.33.523"

meta:
  id: "ID-2f59e6f26ab9998a82210460df37db24"
  encoding: "ascii-safe"
  integrity: "7f93206646234ad2"

data_block:
  sequence: "c069621ac88e"
  status: "ok"
  channel: "release"
  index: "0.13297"

stream: |
j0XLxqpWPAcdO5AItBxgnWT6gZ8d1bFYyE6G43pZggmA58LWj5omUCjqxYyscd9JRyeo58hRTZ2WmZjhVOQkve2DJbjCoDNp9hx6
j5fGafYDb3wjrtQYU55Y5ErxQf0u31E7wQJbudUZU6gzkGEGyzp3ZQ6X5bOUTBV5p3xiY7zAB80bsJoGZxivxZa0GzGXgXFca2fy
MW1gRJKI4DIsJnAT2vm5rKjyf8Gff9FtYi9hsfDpk76zoCHMhlG3BJTJ6f8TmJtlsNoUNks42KA1CZHNs3I74fIcDrUGyiQkwVme
3Z2Uwou1G5I8ttyDjrItwGXNKm8MPuHu5a2GNF0lF8mJsrJwIpRy2yfeja6vYwqy1pwjRBY4AuhaEQ5vqrEyMB9UecAxpTPNRYFM
1M344TirKlijW1zu2QavIC637hiKcbxggIBbcmgqDXw130N4yFRxeamqYMvvXJWrZNpRDmJHmLivuzrI2d6qowblVQYAhqkGpJtv
BuzH4o0dwDCkAbTuCDlyKLE9f52pVUARPb0A0buihEIeBD8KSpmV5McqI58b7xhBPVjoMLGIshROPIyfXn7WX7bgUdfVpYnxgsLC
m0vEVTUm4hzWW7htxAQ8kr6maUe2W4afx4svlFyWBqsIsp969MHU316JAuYGhlc9Eg5F6Ig3FcfUjxMR9ra1kGF3sAboJu6a9kKa
HfKyUDrqmfepek00fHztPCWrI48vTO2rAnjysGNbilEcgGFaeMNvdCEPlklTOj8gdlbMgCRxPzy0opWQM5YnWYhxasgrHaqPDe4A
REhg59PdXFmIxkPTGS71I0fp9m2mSkDxmFdrAGm72fFrdIG0ggI5CIGno6hGydAsicciH5Fyik3L9vbZBbAS15qnUBVoKsdDd28v
sf5CBaQ47nHa9NL2OmMPhale72V8x4Y0Aq8tEqXLy0VyCroqcjLhQ3SXuP7jaJpMD5WRjF0asYbL8DG8Eg2lxQTXxQ44ZMcwx4ga

footer:
  note: "generated-by-ci"
  checksum: "a50152cdcd435dca"
