timestamp: 1779594241
sync_time: "2026-05-24 03:44:02"
version: "5.5.31.523"

meta:
  id: "ID-7edad76b419b3d36de87e0ea1b6dbe68"
  encoding: "ascii-safe"
  integrity: "b7675277e020c685"

data_block:
  sequence: "35d534fbca19"
  status: "ok"
  channel: "release"
  index: "0.14512"

stream: |
BYJ2iYyh7Xah0eiwmM7B7rfXzKIYbQodtjw3ckWdtGHdYhYcoIWBKAuqFpoZ5MItSTY7yHZN9UPviQ4Iv1BdoIjKghIC9tgerhIF
f3PrEJYHSYZUlxI9RN9SDzcPv5s8HtBEm4hCf2aOjEMkCIesKL6vOtpcLpw9l7014NJjZbIdk3L8Dkd0iKWsuk0dO8G1lwTuj0iH
w9LAI2nSqfJ0sCaqOGFviohfSGmGuLiFsBkeH9emj7buI3Px4PeKV6jNOBqy0hELzPczyws0v8K6bPl0XEZQNOq4a25WeCMTl3Wh
WDRoHKh2bcEP4RRjVzeAwRKVBmIJF1QtibDSoqgWwQCC1c2QsSiLE1SF3GdEMJpD2Zro8Nku4Kt3m9iFqlM4kO1T5tR8Ib7hUuLs
saA9mA5kaWqdDAo3RklMPMYc8JZL5kEbZuYaO1D7kLRrMxQ50ZIs7OMOGMvoJ1PFsiK62MCqnZ1qMziR815g3CjtZcxb9vBngDZv
WSV1ruUevFD6yxsF27z668P1Y0sVilEUKAE0zny2WbES8RUTZUxcttX86eu2RduYfqRMxoN9xvNmQAn2lD9HCcCPQ18HC0ML8b7P
tKohRl2vXCTaZfivKjoeFAH0JONlHppQfcUxpogpCfCfONBkg7T09RuX0HSDBJZEtuzRdX6UrZJ5zgdl4SLLLS0T5H3CUTjBMqla
FsRJrEPJGdQgyhMsURCjJSVIqA0MQ9v8I8n31jBFR5fMSKFO2hh1xIAck8cvm2hc00g55A8yhuXtaZKcJsBICnTNCAc3ZTtIzjpX
F1aJK7XLlNYFZSkov1XWpBDNROofzpxheo7wGQH2iE8GiCz7901BLmR8xXU4dDiIsKO6mtnMyqQXzxjVfvQ0tWhms2MFAwOrMfKQ
InXNsmKyEXMBP8oLzJ78yicddgWlta4D1faRr26OPidButORLD7rD0J5sIJVK2NlWGbvCpQ1LtC8boOmSA9fum8YfPdUzbyUz41K

footer:
  note: "generated-by-ci"
  checksum: "ca7cbcb0f6bd99b1"
