timestamp: 1779252917
sync_time: "2026-05-20 04:55:17"
version: "5.5.25.523"

meta:
  id: "ID-78fab9f42f176ffc2d6a66c9d68e0c19"
  encoding: "ascii-safe"
  integrity: "61b4f6a81b53ee51"

data_block:
  sequence: "f99c9465e2e4"
  status: "ok"
  channel: "release"
  index: "0.1475"

stream: |
ajI7kv5GqNwecUbp5geScCnadPweceQYFNR2ApjfxaZlrJUWzKsvi7afbOib0sFFor6Eki1tjkb597XQYuV4oWiUGqP5nsCtDXqL
R0nHuTv7a0LjNcDc20qTPFcuB81T2dSBIbnQ94jRElbJkMZifemlv1hzQzwispYVBsqA8PyUaeaN7GQzBxIldZmoLvIJxRJyyhPW
zmsGz5XJgW1d55piQnPMhRLk1iMDbWUAj679BBbrfkuKFpk68wMTpi3PRwbIP7c3Ri6pGj2SnwciPeKd7xzM972aKDGPGjPR87TB
vB14PVVufUAJ1LHVryeiyif3Lbnqy5Ou7OucescRz9ITX8jdqId7B6z8yQJMIVZROWsQKlOBh0GzHSM88OorPMDdTiK7TE3R0Kd8
N1RiYGpLEnaIBfh3hiod9pMGkWfqU7lmzrAiqtf42iuhbGltyrakZDVobJdknaB25mSTbLeFdV1hvYptxbp6EEDNFMoJWO4tM8AG
o2a9umm6uyXyxjEdGNS8q75YOUsPljFiaaZesWgcHG76g42PbbTmYspnqESrHkOFYSnI9m4jbpewiGIvNVexnO5kmEfwkYoWhTJw
h7w4yNr7Rb0b7JJu4a7ureI5Cqyym70E9DAtvw7a2TQjc1gSeVWIDDI7VmdQVUcfgTPH6FPV6YGJkicezNvKNiMBCjA65yD0zPvt
hnkKuhS2mnp72jO1yRZNeAXCW0BgJx1g701cmCyXmq9tt03wf9iblW8JPDBejNlN3CTPV7rUzrEDlBGklFbjdcQyl9wmhTnYfCIg
t0w8g4E0i2igmaoJxAiFls017lM5wzzSgnxC16fzu4OWQ9fKm0TbI88o4iT0RmG8NIOe4Ka9OdtKaSL1V4DnF3TczLJEA73NQ2Bc
lTcNxmLKqkrcMxZlxoRQ0fINhHqp26iSavhiF7VJ71sR4gLRHyZUXVwakkwW7r03YryPMBqPUZV0BPxWzfgIzccI5wYbq79R7dok

footer:
  note: "generated-by-ci"
  checksum: "65432f5963131e98"
