timestamp: 1779512536
sync_time: "2026-05-23 05:02:16"
version: "5.5.30.523"

meta:
  id: "ID-e04b7789baca3aeb6ea7d0641d4f3008"
  encoding: "ascii-safe"
  integrity: "86abd3e5244e0f5a"

data_block:
  sequence: "280df5267042"
  status: "ok"
  channel: "release"
  index: "0.22114"

stream: |
lc6H8Qk3m1bSbiMOTrAxOjGmedorqRZgHYA0wdQT1IrNte0kGdh3arqkvee9hNbkNIxU4Eo0oTrYOnFgoBDUfR8EioVOHbHziXL2
ddjn6QgnnSbiNI66nEcI7DD2oCPpFQY04F6VHnChydymeNeZe1XtrUXBUfVzFUzqGvMDBVY5Kqbt9up1JezNejiLeSwCB6g5uON4
bKXt4svT20HsfMiKPrax1mLgd3lrUOeIGS0113VJq2uqjVfyjH2bDPxKFNU8UYvyn1gQ4aORl6DoRDZdCfGO4Xya9FR9tiRQrR5o
IVMKPYz181GjGxnfd28EchlznO7vcFjR0T9HNNmk3iej3QgGarpYNLHJxF7LJxyj7HqWUWdkrjnYNhJIeTLc9YO2pqsGVb4YgGBv
r3b5MQ30W7gBb5Gzd6mVNpOmTFQdxpce0er2f90ta1SMvP9yFlAHO1fR2aAvOHDMo0gVekMbMiE3v4cROhzvMluiCT7PTMik0r1U
teq1LbiCB2LBI4gLZjDXdpd95SiBoFCz4XOHTqZeyBnYOIkMiozJupWLBzz5H9oGfxHfFnv3TR8Vp6HYjlYg2HWSanbFluZA76Xu
oN6m4MTANQtABfot9quumJeuguYK91knttwGdJPNleEmEXUpn2881VUwn5drYpp9hCfHXFNIEHWHrhD12bO1C6BhbaQnFbkECwpt
aIkm0uNqTMtfXRpzaMMRPcYv8UpsJYlddfrqbz5676iOa3IZJY9HlCCrK4hH3U9HfzUXYFGWiHIylpr3YBXm8XeF4MsqV4TBaOcv
sL4YuuI1dPD4v8wsoYP7jEhpZ7LpwOPIVaI40lq0fzi3mssuuqtbm3tj1UNsGXGey5njjEPkZnVBUHVFQWkCxgDzSevCveXz78s9
bvsCIyig1TOs2EKEPUhZRQnX1prI1lvohVUw3tpO9m3nBAKk2hRMIugcywoGqYjW4WjAG69TBLJIFvQRNopyCcNFfTdk3z6C5z4Z

footer:
  note: "generated-by-ci"
  checksum: "d8799e5a7ed88526"
