timestamp: 1779339422
sync_time: "2026-05-21 04:57:02"
version: "5.5.28.526"

meta:
  id: "ID-ddea1d82d87fb265878dc7daec146d9b"
  encoding: "ascii-safe"
  integrity: "ba6fd4e0a319f073"

data_block:
  sequence: "68b9dcb5b311"
  status: "ok"
  channel: "release"
  index: "0.18541"

stream: |
AFcKonNM7gMVQOlCz9NAqkyw1KTRREMCJquSokL7ooy3oa1n4i5876RbWQISvszp3tm8vdl4wU2n57hbJD82oHiiUX4oFXYYSGNa
Mvs5WXBl1IyDDwG4ErBOdDLIHEHExygLqhcnnDNdWSAduLAKsvLl474XTKJLGNgBZnZvGGMHUGJCciNsHvEE3PrsF9eN14dU4IQT
dQpCKrgD4AGoPpZIuwEaKcf4oLGngaiobf0JMO9AaGtypY1kSWubj0aAr45Fu3dpbJ5YEM7wFTinPfLVm9slm7Ba1BIbb12h3zJd
HAbzBhewACfAf4XeBvekxMCm7mY9pRAVIOg0vefZO53aEfkKm7MUi3t28kfYU0TdNM8a5w3EoAwSSyf7iXOTuy2GJTYoq4ZYPklU
0GrTNPDya1VVtiSdSKGt5Hra0nleVMDVx5jcOYy31ncGZFbzy4W6RuxmLf2c5ldXzhq3TE4g5xKtOqlBUdbcpyfI5ZqDZ7QByzul
UOaZmOSzYEz1Q6emEFAyTkMnITqp6NGZNvI9HexMFxRS3yn44jSghTlFi9Fny5zGAu21G3rFvvLlZpDleKxISmYqRvbUwRchdDbp
JZbrDGfmk3AA9JITuXqC99ky5UDreRwiWIOIMC6FndKVXiKWisw1iqt9Y0Irb22w2EubyucNvXrOHe6OO27YzXWiz0Ma8fbwrdDy
1qUiyfC7OQoSIDCecmM9jek8yiUqeJZFOyKohwtuCPRRvHBaMIGK4JQJDbUlQuqvoxnRT5jCMFIZRkY0lBmR4gLvVSNHCK7vMczE
EyfSaopRZIJNPBJvujtDZPs87xohN1KrORQc3HF9fCJuQ3SP5A3ucCurlNndno30IVpQ8Co1E0FaTq1X4IeHcN1DjKCSBKa2tY3U
Y0RfYl9GFQylo3JozRZtLLrwDT0CFtJC8yUUBkup3wb8IR2VKqEyOqeI7fymeYLffp9Ne5jd57mQMVDQqorV21vxTFYnvGjQZ0je

footer:
  note: "generated-by-ci"
  checksum: "ab867fc69afd4629"
