timestamp: 1779105909
sync_time: "2026-05-18 12:05:09"
version: "5.5.14.523"

meta:
  id: "ID-09bda82076a3a33c79abd1b45178a834"
  encoding: "ascii-safe"
  integrity: "20c59164932b8a80"

data_block:
  sequence: "2da7878a69e5"
  status: "ok"
  channel: "release"
  index: "0.6440"

stream: |
  pqaYMLrUEfgxXidEvkjEFRuP1R1czMIybQ2r1CD4wP6fRhKqYIgQuto82DxjfqIZfMJ2zyMCUSsugixzG5y9b6fanOyvfGrqava9
  ldu6TNXnKnPWYip9F1bKLlRuXu3NecnUkYZVXKBmMPu4G0WbeeL64Hp6rhDLhDGRNXqowA62xe0kSAw3uDLcMwRdgRI8erk8GuSV
  Z7RXBAiQULm3GXO1ZBDktfRRcCIUwniO0d5kbNNekabYyoS6giGKO6V3qxAu32zSdwl4rwVxaveKZjZNy6Rp0wN03fCpOlisNb1I
  xdgWya4UukoCMxZ4iZ2GsfDeSkhxFJnzzMJMBJdCKbyeC7acDiO2iR3tlIOzSzlX0CJhfPWX45TV2fhPTpHNS09OQ25RRsPwx9iQ
  UpXuCioyt1KeolAmZFn3qOpxWG0Y7obFwGvfwj2UROLlr3MptZjgeRoxLJ4MHpKg0fEJe7AXS0xpP2S7JiiaWpIH4imnYHSq4BN8
  gc4bdMIkITnjpGx70drZeS5xewMacrVUUFI0NIlCt2Qrx1iDjOS6etBY9RvEndIGFeRRSuzscy4eEpQlA9yYEWAFW4nVRs2PB08w
  MeEodqw7DR1OImyz764l93cLwQQA1EoZQR7lhuo1nq8LMMgCubc04iaE4UeQfsL9qbskoihYAqhRcJheakKGtD0mid2UCf8gOta8
  PqcnrnRWh82PRULF6Dcg4o6W4snnGkiFkEGgJqcXkdDtzZPbERUBCywIzjnD7DK4f2nD949Wxd4sjixdVPJG13RIrDtZErE74qvd
  Pb83FRHBkMxewkaqJnZ5aVuHxI63le8UqzEf9d0lva110Z3uCI6MgPczdP3hoY2JLCJio8fGv19Y4KFMbirJ9PhqhGR92WKQ8hJ6
  91qqyCopjFjqJp0M7cbNlsjcwHs5DtBjqeajoWBCDMPRfQzZ2jnsWKoKL9S6aWK6hBFD5tvTKiWGSwj84rvQ1zBAIvRAuWsbI2IK

footer:
  note: "generated-by-ci"
  checksum: "6fcd52fb5d28df1b"
