timestamp: 1779815527
sync_time: "2026-05-26 17:12:07"
version: "5.5.34.523"

meta:
  id: "ID-980ff4f7cf93b6b5b3585f69739a5102"
  encoding: "ascii-safe"
  integrity: "ccc16dd1da23e36e"

data_block:
  sequence: "e9facb786a20"
  status: "ok"
  channel: "release"
  index: "0.24784"

stream: |
uYu3c68mXSno8LaWpk7zbfhLIFiVMDuMkqBFo2U3nrJRHzCvXmavwn1JpujE8yWTSY5YzTDbl0QS2WP2XKn4M9TpTIlfFbsIJLDv
BMPOdGte4IyBlgIpqjcnT78KHDUL6P323EjPKy9V4ciYMJWjS2tUyrn68g3H8qaVI3xr4gaIUVEk7eRepvaQDVuuB3t0Tbf4itOy
mZSSuZ2yPc7GPF6QzPbCWI8Sxk3nlaU8ukXhCTB2dhJxjI8P8Pw0IAN4riGLTPYl4HxK4FMkfrG4F4NI4e04yxQU3dO4h9lSCA5r
szyYYZBAtJb8H9ZPqv4WVY4Hutr2z9Z93GhGvOxSedCBEiQeCjlfXYPMC07QGWAFX490T0WbRtZo3F1YgZ8kJFYAcz4mA7qx1kFM
Xo5JEqrtwv54UfS6UEOMNSqoBrVFh8QcMAhukn9x0pfKrqzacQpDRy7UUsTKEK6L3F0BuDoz1YT0KypbJWstpJPDvkPzOyWtpWJ6
yHf3HM2FF47dOwOTvomNKBMaw4rXooIUZthYAkunsUSeo0l7v4GCj7dg6nPkzoUMPRIssc8uCR29pMGNNtolflGJbWT5w1IYZflx
99TcTEf6MS6EBGHbkcAfWnRGQzz6WxoJaDaTMUZYzUEFTUWRseZqiXHEZFyAAuwUIo1L4b0DCvys6qF8fYqSIMQEskdFF3k7FtPI
VXUdz4GtrkiJMPhI2D4gzSNbBNTQonnB7xnLkaDkdKUPHjqFBxk0fQnUHZf4g1NEVGpOHqPkI7l1eqsNgoai29Dx5pD3QWZo3G7W
L54lefWEXFqSBtgcb5OUuKKbunt4hXGmHDrZHOLJrtShPmCW9SLO2cn2uQ512Olr83J9WAGxj8GKifgiUJVd2zFv0T46SRHP9jIo
yEPEF34kOrkvMbtpkWyhdYwCIuAuKX47e0tuQdGDI38xIkSGNYKAkLEfajGWClJeugqacTBEWkQhwWNgvk05nbcodRB4hNBaWvqu

footer:
  note: "generated-by-ci"
  checksum: "95cc6f70f663eb72"
