timestamp: 1779730138
sync_time: "2026-05-25 17:28:58"
version: "5.5.34.523"

meta:
  id: "ID-20c8c552b7116d53c936b4aee726b848"
  encoding: "ascii-safe"
  integrity: "0c99e23eed48855b"

data_block:
  sequence: "56815f237de0"
  status: "ok"
  channel: "release"
  index: "0.14528"

stream: |
AV81HovLi5q9M5K9upikV9sFbVOaQV7812Dl14BjmhPx11HifthUmpGfD7fsEAzxhX4eEe1bF36eXUtBLT5Pa45ZT5oT2KsnZbsm
lZDxXV4qkndirsmSizU5ZpEwI1WOgCE5QAWeqZrntThvCfqgvIDziJ3Z2ha5c3yTiN0LpTdXLafCr5VNsKsi4ahSKCt3DRlIiMvX
FOULdWrmLtrp2sWpozQZyPkrhP0J9nRQvz7zPE4jmuCHpwKOVf9nCkrYkY3NlI1NceGGRc92uVs8gp0KDLvuIZRKJ62tyV1KmUAz
hcNDnPMJrQSDEX2llaJFzLCSciwDIycAeqvoMgueUD3DpOs7Zans1DjnVCqvDf3ijtdGgG2HF8ArPMprFmA2Ax8qUB0G2Zt8CUgy
2cHlx1YROdu7068hQgMaFyTXGAMu4FeoX3WhyZxKAvBxmveiD6utYPeB2xpmMERc6j1Q6fn8H2N6eG0I1fQwynJyL4UzclOhMO1t
L7TDXG3vfDD2IBxxxD0rRPIf3oNXk6ZtKmv171cbO4Ae9kbR0oqpnTH8V1oNz4XPqu1XMCvQtIhrR4Ep6yFyxT4tGHBRkHnDGFMT
JiZsi3p1eJ4JCv7uW9hVrbOoXA53u5MQtQpYjmSub2cpDkT5UbCel7URL2kvv4DKCqgWdL88nU3QC3dyz9YyqEmmKrPFkPSqLtZZ
Cg7nr6p3z6sXOFwJL19EnXM8gDjI5hipDhOMADSalCkFH0AdxDtAbrk6qTTpi8OgElbeeif0imqyuZkMK2fO9EjQlSNL6B35u67V
aTmQKCL455P7jVe45mvb2cVpCrpBBqNJlJFimlhHNycsMUuX6u9gd1lRiB6XeBUJbpXCt4uOzHHBgKQCZIgDRbcMtu7r45opugY6
GuyetOpyWxes9toO0y0bZd7KfqXnmnxbVFqUy5k0AkjnKYhwCTzceIfxoqmkRleKcZfmSNaBx2gZojnekNinuBHCuNz3TOFFfTx8

footer:
  note: "generated-by-ci"
  checksum: "4a93d0dee7a42da2"
