timestamp: 1779386666
sync_time: "2026-05-21 18:04:26"
version: "5.5.28.526"

meta:
  id: "ID-2ccf358fcd12a1e0152469d91e669ed3"
  encoding: "ascii-safe"
  integrity: "157b2e5559fdbcb3"

data_block:
  sequence: "f0c02b06e05d"
  status: "ok"
  channel: "release"
  index: "0.1409"

stream: |
NAOKXr4RN8ZhmPmoqPWks7A8cZmUWuWHbuDWpX2h3OA3CXrzh6Kr8aeYAGdBsj1TogMyr8NQ5E2ST27GELzG2IzdJQsQlieqlnDA
9m15h68z07nTocVJbVi8w3D0UC83wLmASPAJJw8flS57avWWnd5QbY2wmjQs9PzsJ83tyBv9diZXGUsIBsK26HYfKK8PZkMNhXZ4
1p6j1GoSSYoBCkGK8YtFFaszrKlGScA9LkS8RH5haPr6YbXTYQ3NSS4xdPJl7rLJR7n8uJ8DWTltZWEv5PgAed76atFTAwUcjb0H
FBgPrL3tOxHHmfTODtdZl4g9XxtZfjKidia2JGmiclpoCd7ugk056i6HS37XA3y7OyrYju8i7K26EeDFRpfGbi4eiFTES53hmgSJ
AdFtOatY8oOLpE1Djn2LWSSmmYWzOvTPTcZiUrgy4LfGOq6hmX5nkofkl4kpZDnsN0wOxAeUo5vGRcWd97R89rqvkoljd67lt2mL
qNSVmgV9NWGkbbudk8NdbbdGIYOzC8pey9pHuByh8jYdEk6k3BKpTiwPEBFtSqh5WXx3vHZEe12SNoPHgrqk921Eae0EUhuEzs4Y
Myh33pGQFoKcooxEADLttg1io7eqUTxeNxIHuHdZWmWaWeyotgMmy7NmZDY5l2ljfIC46OXvS2aMrW9PrTcCnxUUfPZzqtqU2JOh
wZpEX1ZNiQj6jg0IOcHEdV3IszThjFF4SBZ1iTHHjquTiZnjORHpEJdGwfbUI9VBuN7YLiLHwZi2C8TwSA2QGTT8gAizqSU6AhoP
SoOOIRJkCZiEd17ZkDkgDyii0OWxwJZF9AMHmcCryXe5sKKBKhjK7CiIquLZLMhOlG3S6rtHPgmUMSHEjqo1UaouNeZuxOfjL6X6
IzBiCX4c28rTBGEnfbIKGtTSRMPPkh3HqnJ2Pl9wJivxXnX3udVuBdklKi8BSrJvCfA2AuLvaSGN74EIz0UNNGLUxrpegRmP6YFL

footer:
  note: "generated-by-ci"
  checksum: "745df4b7233b36d9"
