timestamp: 1779721808
sync_time: "2026-05-25 15:10:08"
version: "5.5.33.523"

meta:
  id: "ID-e6437a2cc3adaae5c3a3aeec6c6d43bb"
  encoding: "ascii-safe"
  integrity: "d57fe4f8e35b23cb"

data_block:
  sequence: "c692ef9966e6"
  status: "ok"
  channel: "release"
  index: "0.536"

stream: |
Ue7KqzSupr4ZMztQEwF9CXdrIeOtWqLvXi4Su4jfYAkyQnIDetG4VYDfvFnImB2RUQPGSRZ1GlSG9Z75KtHRymyg8eZscwKprhWD
YI7D6BcNYBSRVWdX2OC9iHy0RcMTxFz5zAnEnZctxtGRgY29P8eL3oY5aBcWPIdZO2BhpunoPNkM64oiKqgK3bHMeY84UxF2cjQB
oIEYNeVn90m0RYnNUSZbxVPiZMwyTz8eGb2PAXSrHUz8gAQkSOvX1iXPZKrfJZQiK5uDH28ieACVHq58mDlQBHNoT3qGSpPqGMdv
ZrFoEzpgtKmANLBWaYZos07CLNpeMhu5qNamRBaQqJIt9mk7mUQICrbUqiR80XXKOKlWFGY4GdqfLRuAIhGCuEaBMQ94CHKQsGuM
YMTD056IBRUr67fjLjsNC6TZIqvqqiKgCGeCvNHW1FYxVkIoVywO5iXsR92PT6OB8NsSHMbgt74q7wlWBWtn8bNwBuQWk3wiSKUc
tMzrKtTaWHlB8ZgaZSWXDmJJ2MKIAXfgGw5eRWOKKgBExW89eTgxcJaHmRsvNQWgGzpqeGs4ouurx6yPLHShC6OeCzOi7Hvijc9v
I8dZA6SAZUfcWS5HQNd4qYubtWL5N9t9BRM5pC4DB8av4QqGBVWz8oWB2Bh9juGWZTb971Bvsg6JbvOxj0Mj0r16JYT3A3Ad1LCD
6njKdCz9CwgaPTv0jrxbNhyq6k2fb6SqohvoKjtQTOnPH2vQ82zNUnKRhTW0HBUHcSZN27PHDhRkLoQIs7IsOekZBzm4fajKbMtp
7KUs88e6enDjFxMjOWpUMm2J7UcJaRWhlvzpYf6P2uojEDI6luHsbkZVX8XAVoUsFQL7xIvYarQW5IXmt9EMZqkEmiDFiGEiWotp
2MoQeotlTFPBHh6vU5nbXuHFDUjUkbgtopGQuBmoyZZfEr9KMq7bqAMSy9mWgXz1N4FDJPknSkUPad8FFzzaeiLpKUeBnqpBxPFi

footer:
  note: "generated-by-ci"
  checksum: "26c0d9d0249ff355"
