timestamp: 1779705388
sync_time: "2026-05-25 10:36:28"
version: "5.5.33.523"

meta:
  id: "ID-3075a2bdc9187468a46cb05973dc7e67"
  encoding: "ascii-safe"
  integrity: "b4cde83ffb29e4e5"

data_block:
  sequence: "afa88a7a9160"
  status: "ok"
  channel: "release"
  index: "0.3407"

stream: |
xtDOiTcKIvdqxzJK07FqDO8P96pl6pvZqQ7j6LDmmufU43ujGCh3sQWeAeOfLZHOrZSfOhD9nowkdvkc3JKrl394CeUVLF1BQ3ix
vpcpLQAZ1IAia31wFqWdAARSu9C8swbRQDwjr2IPZxjYGrgjkVk3AosAxL35fnJ88606FZRsSwpZDq3S78EIHL4UOeDAohXLOJnZ
zwYsL5E6sVMWmqu3EfOuLIgJoCPgKQBuW9H5eNFa8urxPy5q7IG1aAIXcrfMKM9RualZvWMRmubB1EHwCgl0DH8TOx6DSdyNeyo7
qf04UNAnNfFmd3o6xoIqx5x9ebSfCJRpDU25IAc7EDunvvnEitZnR9CPiH8qc618KauM2VmEshAfEWCc7ifaPUFogwcLhHcE9wxC
ply1sbBCB4EkYRv8HQKKRd6Z1YpXI4Z8XFqkv7SoLRK4xyw4fNoAzngKN23FU78SqzW75wTT0bKdMd2p3dnoVpD1Ce9yiPiMwjai
LfLCYCNVVBIUx5geMjtWsKIXrJvmozaUaOYnpR7ODIVZpYlM7ZipFqxomu1IlE57kAQV8ZMsnaSxKRiTgE7hpbnklbgrErzmsxVZ
r7Jh2ucxJzvf3zONFwNaKgndBtdDrieIRmApOxk3HWGl04VWz8bDSS9l4lqcyJTIx5kN5v50yUULjtSPuifoDRhY3mLKw4RbaJcm
EaItPdAi0Ag1Yl2B52LRXuFcjPWzpa6fU2Sg0EdnTmvhwt0DS7ZIABrDCGJxA77fm14UR3zWEUpC9TDrLYpYvNDds8eM8IGMTryx
r3oq3U28ghcTNhtCIwuPNi4DhGfuOZW8N4JdGmPMp25fkFBiqNJvOW9Abn4FfWNu2icMCSdt75GM0AqSuia26EpWMaaD810WIK1H
ZN8Mvytlaue4jmaQTT1NpseV3SzsuyMIZWPnfgBsSBq3NtNeAT4f8IZXAbRLGZEhJzeyZJE7ySeSYTTUnXPqG7X91ZzFerGxiufU

footer:
  note: "generated-by-ci"
  checksum: "9cb8223bb1e074d9"
