timestamp: 1779723458
sync_time: "2026-05-25 15:37:38"
version: "5.5.33.523"

meta:
  id: "ID-2d6b63a4614f0611d54ff4216861248f"
  encoding: "ascii-safe"
  integrity: "5cac894213c72993"

data_block:
  sequence: "c8907f5bed0b"
  status: "ok"
  channel: "release"
  index: "0.15746"

stream: |
qAkpCPxoAec0QGi3eME6I8yN2m9XGuQpfBhhJwU4y3Kk9WIm0x5YgptoUvwz7o1mitTKnN0225JsZcv2HK4hM6mIRIZHuW14tHly
DTeR0Uzy6j4iRZaEA9ZyjIxwd5uekpx8Gf8eCCEjCziBLKfzVlTSWKJ3oxDqvkM6b9FmdibYF5TU7TKpblfyl6oK8otyK4l15goU
ja6Zc365EYSLgEnIO7oqxy98DjbW2Y77PFsAfwBwcnIHbxLxNbHTIwFnH8qZXwyFmioBgqeDC2luGGFFSWB0bhRNrxX1eSJ248rn
XUb2qdIKOeKStCkRhH4CA6f3Zr6WcJlOQkrqRJNaG71rJUrwipgzm8yz2AXfKC6VtuhvjYQR3bFqzFx2fRmWWPohXxJCUgz1BqZG
za1MdrQkqkXn2yEEbXF2VEu4nnb8o3SCoERj6QQsmSeL7J2XtlaqIjicqvMYbFdPVRYPsgmc5MDmdDqNf31X13aECmfWekSsqHTx
559lAavXCfiue7BYt6N91r7CLMWNQg6hdwdEghZLPlbhYNcgT3DeJFhxumrZ5OmAF0F7ixy7JgmqlDMvf5k2cbCNKVSXpxQk4gyE
dP2zAFf6RpibOCzK6kQo1SkFsD1lBSNO27YKw3NvodTyEv1xTaXTmaL2pEobjFnGcp8RGAmIEIN7MbA6o9iW00tX0GYndggzGHTU
Dc9Jrg8jMleZxa5cKXt0125vZ4h2YO1jHE5gGQHiQf7g7ADkPonw6660PYsOXZxEkYv3cNs5SY3IGg47O50HgojxXq62eT0nA4r1
F6KE0mSGz6J19ZDgMRrXuZoHdfb5blJTJWCFIro1rDlnqX6njGeNGdnLYCTJ8U9wEap1BDexsRSMl9G3MwU4ztLNl8WNP5Y3uqnf
Lv6YPFmkfJPPeK4TXpiYdbVIAatr6GJQ99pXjb44voU29FtuCncOoIgUHHpa0Cj13evUPNbdmyfPJtUOj8v2edX8nZRVnJ2RplnX

footer:
  note: "generated-by-ci"
  checksum: "67fa1c4a535fe7d5"
