timestamp: 1779935030
sync_time: "2026-05-28 02:23:50"
version: "5.5.35.523"

meta:
  id: "ID-2af6ac7ab120f6a894c92ecef01809be"
  encoding: "ascii-safe"
  integrity: "44e9f37ecc384f27"

data_block:
  sequence: "139f27ae754a"
  status: "ok"
  channel: "release"
  index: "0.12658"

stream: |
c9mGRw3WDT0Ob5tE3v9qpWjKyyZUvFZ3N9pXa4d9H91XJQazDV8i31Rmn7BeDJ1RYfyMUiVkwYhVReaNeLSD7CYg9fCkUHW8d95d
NBwSZGL5hYCnDR6WftKili7giVCM6ki4YWDq3TKtr9UmlriT9ErN0JdwQ01SCAIKzX9QOYp59OuH5aMcpsrKmPCROXP8N3BlljHb
o9z9bF5XDBIwm57awGDiKqEbMUhpNTwfrje8VcoSX9x3JEPk9TVRVhY98uGYztL54d00PmMNcHgyD8slKiBwv0xqHudDIKlZdOVD
qwkdAlWE2MWRwiVCA5j0dpQ5igihMBabF2JVtiWon079afuRUCgmD4ed9xwM0MEIRniSuyV4Abc15qIbVDfYoASx1CXSlMpI1278
YlNQraU7s07VTLY7vBp6eTUtXfZb26jUZnqXfvNIL2a0gevEhl3CTXwCvuaZ4YzxHfQpj3TBwBsakyQCJQCHyxO0ntZpSgT6M5K0
3jF7ndIF3Mhd6vOAWNoIIlXPgqsagqEriwwRJpDVzWZQWijRAFVVT5HAl8QeY4E7mb7UYAQutxx78bZ8TlzDg2riovPyBlWAcsBe
glE116XiUprLUAZP7odb4924E9xXYUS4nX447TJqzCBpUVRXRaBwkO1dcbHFcrDng5RV0a9NZtRG62K0hDd1QHce9j7JmVdKFawv
pwVUVEYvNVmkrMRESj0kY2JveeaP85YO7KUI4VP3YMzXlwpBBw4gzybB1lMxHeUuFsfqsyjfVZ6fDm2m96LambSBnmCaMOmXnQ6t
Vp9Umlt5KUZBd0dJv32d7rnWCXtcHhhy5QewEvHgnMtQwcNXk3QwsQlMN2mzDAzOFOy4nX4PcMFdSOz34btHkRxU43JTFfXov801
oB4eicuz4ljLbjJNFa9Pj4tdCVO3xAoYhd3SBKYV0AmhbaXmkGEC5n4L9EeUn0NYX9keLuQHmNdwLeryC833oAH6sjKRJK5oA1lA

footer:
  note: "generated-by-ci"
  checksum: "ba1351951a968578"
