timestamp: 1779905972
sync_time: "2026-05-27 18:19:32"
version: "5.5.35.523"

meta:
  id: "ID-22e5373e7d9ea33270dad61d1c72c51c"
  encoding: "ascii-safe"
  integrity: "e810937b476b61ba"

data_block:
  sequence: "3252acda5c29"
  status: "ok"
  channel: "release"
  index: "0.11111"

stream: |
9Mmny5GxYwRrmKpJTkwkc2q39F8uAfIuPjUqk1Y4ZQMlINP1QZbP3KJ6vCGFxqJDzSyGAWZYsrX7yfA1yDFOjHCT0BnuG2WA8QQQ
zwokC5sjndoZP6KM7MY9V3MYcMspiXPsfHxYGCN4Z4ZW78LAvh0o5y6xt64So1cOzhH9rpaQShXqszLz2QgY6afTBh9UaN63FKhs
JbQSpH5mMk8CHvwoN4URRk3ibViJlNrIphUUjWY1OQq1qJknFs1HfbLxCxekmCjykhhKhUpDBVOwPk5GWonA939YwxhiGBobPEFR
V157gGi7smvjAWzsjuLQA90CF1UQz3fpq5L1vwCCD50AdMkk8JEUShDKG7kjns2KRbvpd9GzKlQYPxzvfHj7JVkEQGiId5JXyv5j
MvxPrgCAn1pFMJkPVi0mG5x6ewftpdM34ouLEl26m6X8GHeYkIobfuDTnHT7mgXuwJ46abYkRHi3KP48yLmnOapV4Yoe0DCZcu9T
SQ0jy63giYTJcuxEf2oN7YqoZHf001mHm5wNYIInv5ZDfim83jWNPPxjwOYCOBhc7cWock7hpGis3oReKkq2L4ZnmRLUJ6DohPqu
8tEL0sjJiZLvSGQVRTQlFscjQp9VLmQp3pkEnQ0PUxXP8eUuKqNPSQskKNzbJT0vewmo3abTMEcB9usgMuPo2JcMn8zQeJOyU6g5
R6cBgV6ferU8124JynLAnksBj2mGhT50pY28TZSxO5M5P0V7VBB0GEJVcGGZvG7UDPgd5Gxr5mgzWWeLm032o6ViRsnosmK19B39
G7uZNwHdyV8zCKvRBQjHVkmLgfnem2Ox6x0N873VUTTKXAF9HjdTJSJHD5OPMwoVkGhTntrr6B7qNHAGmaYtDO3j8Zta4029T544
QjNUtMhhvbWZz8GPVhUsuryWAWLX9knVG970RbBfEz2Fqj6LrGZ5cusyyJPHcj9lktAqrLjoB6RNxAqPs8XULGWeKduOcHA5JDeo

footer:
  note: "generated-by-ci"
  checksum: "daa1cd19f93d9e4c"
