timestamp: 1779544744
sync_time: "2026-05-23 13:59:04"
version: "5.5.31.523"

meta:
  id: "ID-19b7a8e85a79b879114b14f4bb93a3a0"
  encoding: "ascii-safe"
  integrity: "5508ac8588de1ba4"

data_block:
  sequence: "bf3fbc1241b2"
  status: "ok"
  channel: "release"
  index: "0.29552"

stream: |
jNbZJEikSFVpBVM9LLWrB5uaMRh8CJwf2s14TR2ijE50JIZfr56PNkFZP7tqyTOy4anDhxZtEyn5bgEBtGIgWH3Q0FKpSF2Sry7z
Ab3OFM5r8g8JuSvApujCIj1lbGsBWnrfyEb3YjIizIGYqcXQUarVVdu8XUt67DnpAqLi9j36m5f3FHPBELyLeZmiOq8CQ4cxn338
VxTYecIx9wWhgwA0EdGXz6vaqekYB24aKshkaOiwX2asTBiOWNeCZyayqMfujwYhHOqiBCc16K1ZeWUQu8tMxEMPB1hpybCILXtX
4otdxX65ClGnt6fyhxdH0B8SSKXoGDbIu2aqba7uYuYn6gCt7dej6OxO2VStQdZXlPntQJyBRZysXsfICXCwHxOqV45TLBFeri9e
txyIHkcSRMlCp6Jht7iBuofczo2NGrgbBzYQ9V2QZu7cgq0udKlp8bXfW8vlcTgxN7CzuLafOpqWsBzwY2WyRjKewKgnxQyRFsFA
6uHPydZ6KOx23XZbhySe6vSsjbZhc31DCJIxyMSoYjhqMYZgqG5l6U1Cy42TZC0fM8fffnnzbTY9cYFConfzw9GT63RPU2l0Tdi6
MgVbTKUixcSmJpXPgkpfDtMwqtp4uTC0QNYPn9HczarSGHz4FGydyYC2J6vu7tlAznPv5oiykjxRS91cbQUbR4UQaxMgLbiUCKVW
wDNZ9nxJy0uNRmpsl1pYRGvg0hA11AQr2tzKFIBjfXoFAnr7QB088usMC9PgluGiKQ8hIxuhWSxSzqJ2HT1TYAcraqewDzAKVqfw
u4VnqPY2VRSUXT8SaBxgg1rdVV5k1DVZZEPoK0vbhPbhYOCVaYusHBCyMtSA7ee4onqGWTJvRojd0GkR72mqOxegBlaaOq9cwNBC
1itVvp1O5NgDJHNqh7HFTvdKVQnrviouqJ8ZY0NlQ8dkS1KrLeJUxRdQd8GuUokf0zwp7kWNga035inka91ot2RNDAXpryGQcMSD

footer:
  note: "generated-by-ci"
  checksum: "c6bbce06b1896b76"
