timestamp: 1779597401
sync_time: "2026-05-24 04:36:41"
version: "5.5.32.523"

meta:
  id: "ID-711dc11707799632cc58b854fcef0d18"
  encoding: "ascii-safe"
  integrity: "615ae192e1e28d05"

data_block:
  sequence: "21d91aaa4a77"
  status: "ok"
  channel: "release"
  index: "0.3048"

stream: |
sNDM20EYCxxN6wYpZEy47Zvy87m2ouBuY5zutBWRObBNHOXSBvWvjjZHmSaFpJynvZD8bKot5wW5by9pdNV8TiusAxJRzUi7xfrb
vwdlo3FW7Mi4UOwXbcPxgvul2b8yU6UQD8iB1ZIcY41vel3boY8XpRZxYZSUBgZjHqaHol9Ho7l6rVNlG1PHI7p96atBzROpO6RF
ev7v8JTqc1FmKR3Wk5nH0VZ5MTA9IhMeE6CKnPFRBCiGbi7Px3xMmhh8djThXCraOIdcajXlJvcfpyRqLzl8pJ4LWLEjGX8MUmF5
DUXlpnkRlvi8Ol8bP6RsGqL8BgUGKwzCWevyK3UaAOV1edlhnFAeIfGFM7Ud5FveZGlVy1cSl9HRIdDPNDmfh4SlAUtsAlLhuEJt
D2hUmxnLDenxmNX7TOnaNPNh4NZTyDSGP2PRC081KX8EAD3uCiSFabnxlh3CGbPKXnjmo09ZjWRslIwPMQGvUJS9onnSEqOLDgOh
kbyZNmqvRB4NnhsdFSptNdgTwzFJKDmlvjwq6jD2Paa2b5jxL6urmf8YXB1TgKkzpdOGeWpD2oEQw9YYe6U5lTPXtOwEfLirWcwl
0kPxFnbmPkCftQ18xvrDzPMJcj0HZjL0HOo954Hmxx2XKCTAOVTF3S1acJVwUuN8KC2nglh9dim0NuLUji5SoJxKCicME4KnP0t1
touGg1bHuooE5CAZv7G56D3VraDIsBqXbYKGgdRZcitFI1Eg5ryk6LzsjdvgUSMbsyQ66M1BjcmbuxAoJrg5NncTj8k0LSQE6FdK
KsQ5Q3jke1EBJsbVtjza4A8Mh3w7BGJ0vp2lAiyKIrovfIplZEexQbITxw9GzzbUhr0ocELsQYlQhpE3pNcrU2XkeY2qU7RrUL2u
VSQGqpqJ9QgR1aBZANYabNd3RuYK6itBRmq8fGk1XBJZZIw43TN4vV0lTP7qPc5YYUSeofj68xUROdQ1V8acmEkObMDyoNYXS3Jd

footer:
  note: "generated-by-ci"
  checksum: "7373654903fab798"
