timestamp: 1779644552
sync_time: "2026-05-24 17:42:32"
version: "5.5.33.523"

meta:
  id: "ID-075ef30f504d2bda870c1d621d77db62"
  encoding: "ascii-safe"
  integrity: "dc839eb490df0bb9"

data_block:
  sequence: "29a56902de87"
  status: "ok"
  channel: "release"
  index: "0.1690"

stream: |
nNe4OZQOPU8kdQOA1xIDWJx2CQpy3bOdeSnW9bjaoipIgwCZqAGagp4Pbikn2K25MiWX9b87fs0BMd9zpaKY5OITgRPc2dvKagkN
K3Sl2IjqHAZzfyY3wepX79Nqtvj0Qaep8aO99X289T04HHZXlE0hkUdV4SQNH5pHjA5TcN4G47rbcNJRwqErOIbRVeHKDGf6tCHU
WJ5MKakreD9bGHrB8Cxhtxjrm2ryy0gXZmsvFyfTBwSrq2m6jBB2wNqjQ4ZRVNzJ4SB3pJeguCGJRAvrsRuWJGdKTsbtNLXvCn8g
fMarui0cURhDBtiyDrm5sbstcZkIahWBCco1p2GtA4N8AMJmUuAlW79BrmKtef8OAVQEErXDDqbr3foME0sMHUnax8sO40JOUJME
0nqez8Q5omnjOFJs8anc9eEvqJa4v8Eacrq3zRutc0REwQAnooI1BWWiakUpj4qeBgZHOROoBZxsU57BmVK8osZPviad7Gj31SPb
NhgmQvzsKSVdm1dHIE9OnWZb3snOfUBRZdzq31FbBv6lFRIfV80d9xUDScRmJelSSvdzqrQ7fopGDMC49vc55ZZ8eFyfjSMIOPKn
3gGw310P831rlH8TgYPJ0y65gC4sORiTfLLET3EXOJz9BJsDC0xVNDYkepEz3Izt8jBFnGeXFTRz3mBJ4tkozpLIDoZqtTaXIBAh
it3bhL1mumb8j28AAIpVP9kNUhfDVgnuLUFxycqYdyd8Bgkgk3r6ZWiRGmikpwOShhPuf5Hsqt3uVfKPC8Wj5A0zkeilj1sl0t3N
e9bnbHZZBD0vfaPfwXQRUpbF4QedmErrdrY1TLtjXkEvF089iwacbEOcQQCra402WeOFYIq9F3bLJNdpOMbAGvpGQ8oVjGggxC1h
BldpJ8dwUUFMotlPjBHBWJJBPkEE84Xq4RW1jZZ2IXtMZfcRm2zVzCC3eGpoHYEDVfllcVk8lvfmd3MOYYNjnACtgpg9gamYaW50

footer:
  note: "generated-by-ci"
  checksum: "9be0b1930074e112"
