timestamp: 1779679365
sync_time: "2026-05-25 03:22:45"
version: "5.5.33.523"

meta:
  id: "ID-39b67f0445801315953c7917b0f1d88c"
  encoding: "ascii-safe"
  integrity: "d839df6a91f0e0f6"

data_block:
  sequence: "829e8f06fe63"
  status: "ok"
  channel: "release"
  index: "0.30148"

stream: |
QztLScTiodwsCKGfuWxU3X1FmkJ37DqbaylbMPiga6D3m4GWsLyNtTiGCHLkR59HSE2PO8gUuznN7fXjndCVu66IwJJJhKdslVYD
RcUTtUt6bf2gEm9VKNJXc8Kqz4U7ZFMcoYFEWspJ9YW3nnUkQYqXH7lFy6kNiO5oYVhMCsj4OrAimwfyEJElce7IDYtcGGvaa7Ff
7gIMZljmKJthQo5nOuBB9lwN9XI0gMpRwNFyOhuyPKfaslUkDbPDMj5lX36InzJ8kLhkh6K7WGIboa36uqCwVt4oPGcs4zZhCwfd
YB8Buzyp1zgr4Z2Zji53c8mIWRkxBBmuQJBXbeatu6ghhrN9bEPD4GzfZ6dZbrZn4M8mTriLPAy4DFxJDXVOho6ZWHKIrCVZogTb
zuwvz8OHe28tJKIa9uscApqUbcO2TxIAacsBpiwpN7DIufkVfmI31bMBtRCBjSnJjnhIFciyFLzgV7zDaVoqVyZLq2BGSKT8wT2v
rYsvqBZzYEHcw4kocsPS3FgaQHmhAoWPJT7jIta6YDNzJ5ClhX5OLCMgAsXf7XWZBeKLLFzOihgBJ1Ad0pRzrA3CCDZYhQCW4tBt
zet5QFMLUuN6ioZXQEDHyhCV9erKHeOfnjQ6bPjDPHkXxjIoS07k4AlWteVeik9FiO6ZrwptAjxh3R13A3fPVvosCuKeSQjTyneH
dlqnFKCRiR9PwhPlLse4CiHdz4i5GQ6pu3U6nWc9usEoUG9fqmF6hr1np7lUPLhXdBSW7wiH6WwrJQsqy3WCCuWtvomudEP7UtWB
vRosPQG4LERERSSrcu5LKNtygv6x1nNFTdlSR093B4Mt4vtYGxIjXPoKHD9ewBJjLhCVtXnwxgTf3VeIlewnOmaQyKNpGyLH5MMF
kafeZ1gHU5FOKY679OVHTQcHIQ2hJsVGrXxM3FxPpA9tmVGSIclJnBWFVYESrY9U1gY548l4pNu6gbGgy00yJVIfPHKz4BTLpAOG

footer:
  note: "generated-by-ci"
  checksum: "c45954979608f715"
