timestamp: 1779675039
sync_time: "2026-05-25 02:10:39"
version: "5.5.33.523"

meta:
  id: "ID-7f32e2f3c3f6617d327b54b2e36fc338"
  encoding: "ascii-safe"
  integrity: "f48e0ec4f3c22073"

data_block:
  sequence: "d3635d319400"
  status: "ok"
  channel: "release"
  index: "0.16022"

stream: |
XXmo4kx9On4CNNj2qirpaSH6Kj2n3BpXqx1HtQIjOBDlGnE9hE4UZKYyRV9SDQgoj1MhbiY6Kj9cy7j9CUCmO5EAaUx0iRZfsq33
OL6p04ibQJc3QqKLvgOKqu95w0rN56Axbns3KMElEjsuPeQwMNQhcGSG2BURIzZBbgdribAPYSHzKA1dckfAKFGPuX6xs5WbNYcB
5Glkv5dS3DEceYG7mNAsaZcFyZZRYQXh7uwsspVjdC3ys3nZJnsEPqP7pZUiOfDM4dSEMDvGQoVeVJQ6xV1mj9XaNW9hmVT110uQ
7LcouVRlfxRb2ajyqGHms58ynpjf3DQRBaRVYUhcke3oK7nUAsEl6mjC1YnvjFImczyIJRB9PSuBt0QFehOSStOW0tc4XI4J3EOy
HZzBjnjC898uxezzzMUXUJuRcXMN3hk10jYzomtgrjKLBKMBjZH9Cw4NV20xfcHZGKH1YWeNMUZakdKrzy8XmpEm7lu8k10uxSBM
m9dk02cqQ0LM98AbpRI0AJmsWSBmqZHQJ3Aql3fOXhTJW5abMB4rKaC9p531SBtXkrGRBPI9GcGIP5ZV3JmB4xMN6GdJsgHCOsst
zzrfB1Lnmmmr4qYy0zRPyr4On24Se7Il8Qv9yEpCwAkiqBJLL1nMORvc2gpND3kbjKpay153TnhoxDT3vQCFybaLkQBW3HEsPFXr
d0NXbWVPV5V0sMHGmCU9mGRtgcod0iMjpy1AJpdt2XyGV8ZbMPh2weJxOv813EPHlRZtoIR9QBZemuD2mgbywM43IVF4SGrJx5Sv
tkDffk7iZK68mr0TLlcyG46n9YwPFwSw3D22Izo6NTW0iGnaGzLrJ92EuDiW78VC8OEEqXPlKWWVgpZd670f9co1Tlpnv5A2fGnA
2Of1zZoh7RPuN6XnlIG6QEwMF7vg7sufUI7gjMuCLlRex7C0bC9otoMx2HfoZloIfdPkGET0KCOtAotlFkUphSGQFBYaTVXb7cuD

footer:
  note: "generated-by-ci"
  checksum: "6520d920da3705c4"
