timestamp: 1779365418
sync_time: "2026-05-21 12:10:18"
version: "5.5.28.526"

meta:
  id: "ID-1d8bc8130076820ff7fd5bfb0c1ee455"
  encoding: "ascii-safe"
  integrity: "0767b7fcd776afb6"

data_block:
  sequence: "a37bd1030ea1"
  status: "ok"
  channel: "release"
  index: "0.32419"

stream: |
Q17yJ6DLvSrvTHxxZqeRudi6VEUIIhgQsEEFnrggWVeh8yRNuUuSLcxOCnWDXpP82q7CGAGMfVVfwjN65fEyYTQ6nJui2aosBRNg
zRlcGNnWSEaXipuFan8MkoHZHhRQfJ28khNQvufZgpzz8jtRpnzXB4fgAXiDszRjhukHmy5SG5gjVx1MkIO7R8LZuZVcAQAgo0Sa
bKFaPeMCIUdntMVSB4tzV9VhcguEPMqSAsTrKKBA73lUi87CQJxCJldnNrCSsQzmTZ1QhNeoh3Fas3TurcxeWUObile77snvlT63
Hi9C9uvJ7W9TvOhXgJAs9eDPWM2GC6oEeoZa2R8kXr6jbUjUDBz3JwKpNj4Ro9HPuKS4CDnfHxagOBFrf3yuRlAL6fIKDH6y4MND
digrQhSxV3iSXiQCfkKPzNlqH14a8dqRa7sb9jgciMmGIC6zwpq12bwcjMWuEmPTPx6t5jymlk1uqKAurhbs99LcHKvFhQQRs88z
w1hkn89YIHMvlqwn5SX7mgKBffAmo6pV6rcavC4C63CuzpllLKkqJ4rPajgb791fTQi7j68XMYDdR2IHtx9Lem6uJHiE8R25zoIx
JDWHvTIJ0ZlUXiukglvWFyqtcHTq8WPPPB396EO3SuPmWCyI6xW1iwjWUBRykQeH5HwBrhGL6GBmtIdpgpqqBsSA4oC4nu7zRE9G
ibK2fmxTm9NB4RX9Moffh2P7YtiT4fRfiFK4BkAycvTSDazOCfIt3ovRV1JI0lGEm3LHUSKchj85aDzFyMnyAXDulYAsHdV0S809
Yf0LHGR81J1A8jg4QpntG89mgDMoPzLslFnbAlUI618bWivk8h10UjyQo7NLowtgfH12BzPNryVwrYHEakrwZbwh0bhp9rapzw5I
W0wH0AeFXFkyAZJIghb3uUfxZHRvYT1zQwlGRtk0kWLWLaeLumXpZZGYHT3Na0QyLYv6HA6DlT3sNyXQNaGbjzJDpY6sKu6ZCZQg

footer:
  note: "generated-by-ci"
  checksum: "8762a7c758557a5e"
