timestamp: 1779727303
sync_time: "2026-05-25 16:41:43"
version: "5.5.34.523"

meta:
  id: "ID-38893ab717a074604f50b6dfee5442ba"
  encoding: "ascii-safe"
  integrity: "7bb4127723810e25"

data_block:
  sequence: "ae4827b304a0"
  status: "ok"
  channel: "release"
  index: "0.27156"

stream: |
fH4VSIGH6QUmBqFqrmKU1XTRJZKxQd8SQqunBqIHlIYZ3UH4yVgSSD5rzAGRNeEtOH0xXAbqA6xLoti2p2ZpZ4GCRUCyIbuFgkk8
ZcIpksc4oXwLW1Rvkz0zAyyKEqlkJ7AGZ3FN6YviEelWonNQ4rqwqWuR4sZDuSZd1cdgcrnvkn2SW0k1kVHgA9bSYbgodYJswhMi
Hi1lUA1osooSr9w8UcRtLa26MsfaSxys3sn9r61sRCZzaFn12UF3SSGhjiVwxOIS5rUDP3BnOBtrdRGxP49VTd2jCsLYB9dJ1J4R
H65g6BlU6HhphvDlFk50hUHJJwzHNPVfuUkWgHfOarXXDj3zpJNI4yL8aUcqXkGcTCOZ0vAnSdjNIm1MRAZo7GBdWKmauc3evARU
K14xWhl7H4IjvLT5QliYxZdxZg5g7V3Kpz0lqzi8QB5XtrJGu4sYX5khR7FpeW5Q4oKILLjQjegiP5wXdS0hh8YbrlxdFR6JiWDh
jwoxMjHh6hh4e4LGSE4tZnb59tJw9w1TflEu9U92swzSelNzyj40BB3lt89nZjhoJgVoHZSY6ir7ohZ6uiLmtn3GF8a0qYfZQNXE
WzKECz4nh6FjCnoyWC656nl8gg7Lloj9HiUnTeX1SyhPVW0WyT16QwzTNGI2bZNYqHlORGuOLyYPYuwxL5mDgqzRxk5WQtw8NNcF
ph3XDK2qAyX0rAtM5QwfzUd95knCbhSpjAvWndKtGvWckVmXnqK2YzGWrKbDwHJzzI2492xSUx4FtOnr9AoQrdlku5tIawmD22y7
WTmJZggcpmFS8RXxUvFlyoW78Ss0I7FpXzUsrvQwoCzV69VDvnRZD9PQXHQM3YKAe1IVFrggTwBHXpkTSdtYhPj3PsrjyWtuZiT8
s1RJU4aIxHgllOCeXSuLO3cXNqpiAuLCVllYf5wSI3V9Ztb7oTf25U5HgmfjRbM6ikDMGKpmKNN0mfg4cIQToOdiBxhS5DW8zC5B

footer:
  note: "generated-by-ci"
  checksum: "6b8fe50d6861d9ab"
