timestamp: 1779289287
sync_time: "2026-05-20 15:01:27"
version: "5.5.27.523"

meta:
  id: "ID-e0fd4d7df17ec26e44e46ebfac66a454"
  encoding: "ascii-safe"
  integrity: "d30c55364c9b9024"

data_block:
  sequence: "00f4fa625dba"
  status: "ok"
  channel: "release"
  index: "0.23207"

stream: |
jgL9mrvCzAaZRxrli45DrBbBsAoZ5IJRW347WQ6M7ybFcQzF1wd9k7Vcup0PhY8FMEaSoTVgovrhmixbo9wqCU2KYEgxjRkut462
WbCigcWxzPdqHhD505K05BIQLV3JqbgYmiMZfAd5c4LY7hmucF83GV8NEnywkZtzFZdBBj49ecJ80MJ7pfF7lyJgj0nGqf6zoBhT
Z9nYofpT6Vti8QlCFFrsKBTVi9LaAi3vBOH2DyiImeMw0iVJseI5Rg7U6ty398iQrSqQ8g7XcXHD7PIieBay2MKazbCBvTm6fNg8
MnrvsW1vorXGM4FoIDq6SygWz1Qg0XigZugXHEV4PfridWXQo90XGqLx7uReOY9okLuFNxRcfs8svBqgw7PyraWoKzPmB3ipcKzq
oDMCGWMN47JngN1KhB6HGbdjk4zJVbpfpLV2w2Elp8o654f5zzSspwHpYuTVecjZ5KjnxC0FA1dWYm3F7JFet7eX5NgejfL52eNo
8gTpvPJsMtrQu4MnlaAXt10g7NBXnQn1IZRkmEtDr3w4YL3iN9ekKHAnUWauOcV6Yri1apjn7gAfh15WLrTgnflf7Gsx2NgmMf7p
PO4kxmrteeaGNMDkSDmI5kF2edxhFOeyrJJXt0M7NWmZpq223mdokpGVCnsKIZmvAnKVIwzNuDPKox50tNNV3YvkRXs2znXS96nh
DSbDgcfKLAzEsUuuu6THWDNVDjt1gltcYdVXkYGsYwE78g0iPUizhVNW12HYJvuILxmCGcIeBharc4X3A7ZK4okYYUpLeMsWy963
FZPJbYfwZWyh0KbVkUTmIbLcfBH9UmGscIprK9a1WffUkg69xB5CXhFFnSGKneXJzi1LAD8Mp4k6v6Wfw7QgmOLNI7UssjG6c4cE
TeDflOy4vynCbZEvxwOkqzKtAVSPaJRM6cuXTcdQDESfHDfKqX47AUcuiPsxWdhN6DIiAjZa5bh6UCBQKtI3WyZgNbgjjRKK7XO3

footer:
  note: "generated-by-ci"
  checksum: "f95643b3314c3c0d"
