timestamp: 1779528345
sync_time: "2026-05-23 09:25:45"
version: "5.5.31.523"

meta:
  id: "ID-a3a1522074bb89bfdd84e785f402f6a9"
  encoding: "ascii-safe"
  integrity: "e4d555be0b61c5cd"

data_block:
  sequence: "4f133296e1c7"
  status: "ok"
  channel: "release"
  index: "0.23384"

stream: |
c2Dt4zoSaG0USrGgrGMUEfR6LtoDzni4OGuIfAjIPVh3ZFGBYw5PLsO8eKHfAnSAvK1LV7my116SjM55cclVfwc4unvDieoo1W5N
oLQVsfhpSSl6PClYO13qu2F9asT4SZ6vFV2cWN0V34RWQDtbCH4Zzpq79oWgP74Pw4wDCPejWQabwi3t8gFCUPxAVwOQEUu9x7Na
S6JWxJAWsh8jmRn89HcQnhbvzRQTygxOmvNnRArCrdUJsVuxIn4mkkhXGEpiwjsD1sIoHT0Ud0ZAR2RCAgrTJ3bZZaWDKNdwaVQb
ufR9OCuDgag5hABRNjQW4gOrartcXPDKEQyO3qvPK37Owb1RPHeI1uchZeJFNJXzPgH2wp1tgLCxZvNFBtb2aCtd99Px6M1trgiI
OOV3Z6vPrZLJ01Fiwq7KWU02wTapammNymI0MowBI5SBYkKYzrCoths2g7pdGYgS8dobyUT7dT6NqYVo21ehdVN2RXnhP5akbvy0
WqIwR70Ixrb2YysePM8WP9jya0AIVV4drMcMtJ6posd3T03hevGhyJNzQLfBPqncCWmTRuFNxtJeghPJAtGRJ8uyhcSOclQfOcyH
JtGuHivSfHj4XSd0fNttLciswUPAVT71zULR5Vw9wfUQkGXExpc7Omj2u1AtS79BZIi5gFwqNN9bNzFvojYC0uUUcdP5BOlOZhrC
NPBvda5VJ6N9XXzLqk3poEW5lAqEEZeKPvjLte7EG1hqH9qJoagzgaP1Uo9BJjXggGPQpEI8Gj4DSO4K0gpDFNl4wE32eQODIDGi
W0ZktNVww5PASPIrEeMFfvCyB5vPmio8jO80XtjngvvHTZ7nNa7SS0JlIpRvbB5KEZHmaHJEbk3Hzmop7qFixpb1f5UPUEuW3N7M
okH0NLxF6N13aZTFeZCZgOLFWyBzd2ZQv0MwxY8YfrlAF1sixTpHD7EkssDr78kOgQq37SQ3A6sJDxpC8ZZVagDidJZEILG59cvM

footer:
  note: "generated-by-ci"
  checksum: "39def8376afbf8ab"
