timestamp: 1779524552
sync_time: "2026-05-23 08:22:32"
version: "5.5.31.523"

meta:
  id: "ID-d42d777a69347256651e75831b73e564"
  encoding: "ascii-safe"
  integrity: "9317bf6a9bd11e99"

data_block:
  sequence: "a8859c202a3c"
  status: "ok"
  channel: "release"
  index: "0.2252"

stream: |
zcZ1QGVA5cUoYtYJN2yYuxHOzIPTccKK5ceDAI2YD2yTcS9iT6b94ekvy5ddTNKn1wqtzYtqmPfC9izbBzV9S9nd8ipinsERd2Yu
grBCrpoaJyKRwXSeWUVmTHDWaziK9SnnHnSzhTRWGOHBZDzWfrrQwls9VsHtzroQCnLLXUFAXC0ZuLlNeR7hfbgwSHUIqh9rqV6H
kH8eMDB9AWbBAPYErX6KPBWDIFouECfHcuFz9t7yPMw1HrzV5whm3ntrSnWgM1w8aKiZLW7LnUOGdlWmQJHAjMLB6DF1HiLnh2OO
zgZ8Dg04v6KOvnM607whR2pAhyI9Wb7YftOECfElcIIhlT3AXiBWDjgYSQsbb1o8VhPMCWxANvPfz0Q209IuBplbmQevBnhwa9Ji
osxJlKXa1NxRa6qUvxEbexOZadn5KlUUvRcGboqDLxjVjSA9csM6B1eDyKeQAnDP1oPuzpwtBbuhRj89yAfEgUrvSREvEC71XvHL
8KwYyxGUTPryuQdrNSIZm5qYjyQNvAoBEYQUncE7UkDm68ReNtFklQZf8bppMePSuZUpF2ZNbAzUuXr9qRfU7L6D2m60EZoqsHAj
1HWcgRCaSK7rgd3nL5KmdSUkNAFQXcJpmgrFOTVrWrrNdsfq2vduzpMkeMQdQDeWb8oHXQpTXIzWDzVq9g72eT8cbhKPSohcCrPx
8mwda2l4KCUoozKSQxnWuvM6nObojv4JZ6Fuw8SpChGAwX7EXADdkZbTvNYYJhcUoJEAtCeGncl5YAEHKAiDHDNGYvUHKltSyNj8
7W4JVAnnI6IHyGwbfCevTOslMYhrlQeOmPV5JMjMn4SUH2JWNpxnfvgZtwsEIAeDV0eaxNXTd1yMHB7NafjmCpBRxaSeo1Q5Tl45
XxukQHjW114Zv1ttW53GDlY2SyGfujWH67jyX3zWkIxbVQPijvsSqAk60L1ataSEVMlhIfQLn3doF4ugrHFdqc97ZBGz8ymCf0aE

footer:
  note: "generated-by-ci"
  checksum: "99df100a552f4439"
