timestamp: 1779453396
sync_time: "2026-05-22 12:36:36"
version: "5.5.30.0"

meta:
  id: "ID-111ecd2da1c4b31e38f9438a2a350859"
  encoding: "ascii-safe"
  integrity: "bfef642d9f11cf2f"

data_block:
  sequence: "92b14e2384c7"
  status: "ok"
  channel: "release"
  index: "0.17196"

stream: |
l3kBorhYUG4rbcPTEs7bDdpn0xDgvr0OGxOchKD6oOODH5Eg4eYkimTo8zIqbXJFbeAcD6vVo3SdAcbH5mb1CMVuPHZNZtgjC3tz
MylR7xp1nfypRk4wbn2h1vSlC2FdMDhVihZRnDqfSN38MjpovhgGzfyCz7lMkGvd9fc7Ptqf76or0KFrzHitD0EwhGnewtg07aUD
fZXtjISiQodUjMBEPAVThLYmgONTbsDvu1YCQEuNGZA5SfXu2itXEPs736EzU8kw1Po8XjqRYd6uVUuEyTzAvJBP4lT77d1jGUc7
sFLXF5BX0O9lUqqGxIDXdnj6BUf6llrUtFcEtAPoMIYJbbMB7SwvmH72zKbFsMRQP6GAH9qlVVmZehWgfojhqSxdI62zEBxDpymP
hR2wJD24UbApGiEyPxoMel2bWl3VhYDVohHBc3wxxlj7xL3XoRZEznmnKDRz7sZEdYgbpD75k81TrY7VViTREmh0j4PwpXgasw2K
tMDfQzzH29O13NwKL8zKa7MszlWWiquDr1eMMykVCcuvBEpZIMTqPN2FySw1N6vkrUXuMORc5whp87HjtGNwWTVGj5g5OvND3YYT
zACPH6Ap4UmfO9DRVjWKHIPRsqDDL7oJ5aqlVUJiwrrpdHiF99V9ULgkn4vgWhadS8prehoKpBWzjYwuhfi576sxESVnk7yv3UoM
hqb9R8sXo7RfNtA1GBPVlSa6maO7yWMcplRgVeuWJ5K7776cTFKUL05m4cm4BxisZfITR3g2P7MiMI924TwyJAOVHNIIBDvIk19R
TXJMTXpv9A0jTrNjogVkZfMR8J0t64RJW8FxhBsh1lyvoCFHWOKkZNLOFFZIQnopnDusHnVXSRzch42lITtBW9TNehGjjZBldORO
4enrC7P3IfJ7ZS5fMo9NGrUKOhNNrINNo1aEqoAVJhTOTQC9bqjHPUgEptpBtU9ZqoUsu2DPMdYk4olWMh4ebG5JeFvc6272W0sr

footer:
  note: "generated-by-ci"
  checksum: "dc0db1b88ebf981b"
