timestamp: 1779905419
sync_time: "2026-05-27 18:10:19"
version: "5.5.35.523"

meta:
  id: "ID-36176fb5035f4e4bee080d503c4a0760"
  encoding: "ascii-safe"
  integrity: "5c6fc08d345acd74"

data_block:
  sequence: "1e8965ce2565"
  status: "ok"
  channel: "release"
  index: "0.28068"

stream: |
7L9BTkBgz0zh1CV25vpqKbOhpoci5ziGs821dxH6Q58byuyhYxT9YPRnEKakgpF0f51QSoEiC42tl5mSBLM1yUEqUVyY9u6rR0in
UpfrArvASpYrMf4D1o7knLX62b1CfgrtLGBBUpf3WubZxFBjkvZTdUULx1VU5W5Osmnesl3nEOUoLrf9WCVyp4ht0w1Xbx6UBtWa
zveSDDWuaTsUNE9fYYs9jdn6elutOWJgNTGP7YWzDoIkNctbnOJFURNF6jFOz1rKGcpXYL4murDkezhe1Y1tfXinnQ9p9G1uaByo
xJkymx8RVGhmDaOKLwE9Kc2zr4R5cdanONUS9XZ2m8MIu8BH2tD84qXzK7T2me1HbEfSJa5Ey852mxHu3EmeGBPqUQImsb5XLrfV
QQrbrFRm352qMpRCF7F1QyysAIhgMMmsSBviVaQquUktkazdJxGvO4tEchaIdEV7ZM32scitDGOm2B4Fe3xVGHBvudtjPOPS89D3
TJEHOgz7Hc3rPav1nAoyloYRAk3GuFMwz11fFtpbuY3Zb49Ej9WjHXLE7xLFL7PiRDFXH37fotCEODF7Lf9ZFkjMX8gicSdKPj9w
q14tj7Y8VoInvp6soz8MtyT5YMAS2nd8TfxjKdK7AuhnbzB1JsffdfHEvjEybNrrPgNaeKnqmwo9EN8sB8WhJIofv9lsdJyojICm
2J4L03AXwBDrYvFlHEjdxeLqzFWwHnDPExhBwABunsTbVJ99BjGXqZVcZ2ILis9q1pUHiE2VRBdhuDZh0Ke6qUPenOn97MuJ8xQT
I77JxfaturWcEuQSG9Cl6NBup4ZZ6Pr2RJTDF9b6lk7l0HdkOsyX1qbusPFknO2zSDTB7kZ9T4G6Z9fNHhhXl5wawQk6MxtWeBVb
nRdypwxMWtErv7QsuiYCsqjrA5GtUXo1OnVpVedmqcaBpFcUL1v95AsMPT1zjZrG1yaElOLRaIvF99RNUsKpfftmkxvTjPAcqlKH

footer:
  note: "generated-by-ci"
  checksum: "27fa02b44a9e675d"
