timestamp: 1779510343
sync_time: "2026-05-23 04:25:43"
version: "5.5.30.523"

meta:
  id: "ID-bbbe0075e6143d21bd486e81599c9b63"
  encoding: "ascii-safe"
  integrity: "367ef915792141f8"

data_block:
  sequence: "0fdd5c076768"
  status: "ok"
  channel: "release"
  index: "0.11786"

stream: |
6lxCJNMs710VFn764b7yyzv8K8EuxTtOgtuz5pSW2HzykjSl4MnQ21TL3EKMCe8QNcpEcENwOr9Lr2vnCxuQVX0vXyULTBqgBkt2
m5AFYS43nME1u9eJAzOQRLh2sH5RU9xkd7l9JhlPXpkbD02dW08F9yA3idHsKfjpvgjkK7WOksHG04PvIrZEAxngkv7IKrDCx3Xb
bPuYXRY3OfKqiuQEU087xHLSkXsr2G6NF00TUYtkhzf5WnYgWsWznIBlKot5hytJBfAbZeJpKz3mbL6kqBe57ScSPVmvwgqtQs9T
3NvVbASEJHrtgnPDSw5PkHPi4GO0aMva9U32tVmB7y7Gv0piz85lc6D9L8tTII6imavxbiVGlOFT6pWBNsosAcMJ6UXoaLcs6AQ7
tpbLauVwno8VapJM7HB2JZa5bjAr4fDzYB4shUNaPhPmW6Nd8LMir7zQFKPVXoCeYa6X01mzZTeqBewLwiTYot5l1z9cM3mzqihr
Uw5rp66o5Tmixe2Wf9xJ17EMR7arc1j3KcroeKFdHDBDkAHqNaL1LQdigtUQeKvfr1m7zQmWs25olIzx4ogg7I64NNUmG4cquj0z
tB5MBdcPpH1wtqrfgLK5chbcle62QDmLwKJ4DuuoCmaoGboXYybyqFVcyySV6xuFFW5lkofPgbLyYpsvLcwmJQ49Nu1d6kgtKyk0
vV0rJmWQAgSL93j5OwI6ElpIiG0wYDgh3716ofYB3gJCvlekPGjRl092igekoq0itudR4bVrGTYAzVpJFSh4wYpLts5iSoBbjTY3
UgbVL3qIPJQuJYaSAskRr03B5JzmCu3wuVmmFkQo8qsEJHdQBhGUK8A9wmyPIHmlM66tZwf2Lniy9tTLhYestchtHSfdXaOpRCW7
fdzaQk3OE7oXU762PrUxC5R8D5f6Za1XyP52AmGVIX7j7I3gqFa00WzqFAr8Eu6PiSbfR45LaEQok6jq6UuB6R7PMIzEZtG6BVcI

footer:
  note: "generated-by-ci"
  checksum: "4f40d5a76068a370"
