timestamp: 1779072946
sync_time: "2026-05-18 02:55:46"
version: "5.5.13.523"

meta:
  id: "ID-863dd8e0750e94f5d047ddf6c8814895"
  encoding: "ascii-safe"
  integrity: "bee321c4efb05f3a"

data_block:
  sequence: "482b54c23329"
  status: "ok"
  channel: "release"
  index: "0.20002"

stream: |
  8UqqrlGjR1lC93IZunVE8Ks59EtbcahyABbV8tMmgL3KRqgTrxl303PwkDemIIS3y0cUtVgn44ZpK38vaA6SwlTe4ZvsS7OkdnVl
  Tu3Lomrxtsi5Ad4Memvep6rkvlMLlLd4KiBN9e4L1gHQoceAL5J57rPMFb743CeuzEeI69waiEwzRjbQxuhlxHHBp21tY3hobDpl
  ukerWuOzOyAXhYBVHbqEYcC0MzkbVZa5dJ7168hIR6KTmK1PkhHuZU7x7RxAlBmCxQU4JrpZwV56c5it9jm5YNybwqxPAip0EGSu
  QNUuICDUIll0iAAKR9uqBconJUYlMgOUKOJBUD5k29CICkVdYQpUssqOZNT7l6qaqFtQDnNbQ6EOlSfHnTfHQ9U8Kw0wkCm2UNS8
  eBv7Uplk0M9V9qm1TocgvkjMgucT44M3Bw3FVHKjx9WhyJMcTclqhHn4d4p4eWxwmlB54lougUJL8ooSA6h2yCi1omigfyk8XTQl
  f8F91TD53ke4zsEUaQnGLtbjHGNfud0MWXRqux8DCyAyzwGtxkCvvFkBNlDqpdSKNtS6MYYI8Nk4nT6FhBzANY7KC340rTVphV4D
  mAbVhk2rYScKixzimS5oxPFWskpPYVReVt2L0JuP8nfNN5w93yxuZP9QJAPjKndeYWqAn2N7uwGYTwDkA2oO1k4MM3eu45MG79g7
  eiKj5IemLhLl8ZXzZJJiOZvVRC7rYjAGMD6Zru4bL7stjTQ248DvY6TuWTYL04XFsYSg6y3C8vdz4iRPRPYdY21igqBtqxxqc1kM
  KXehwiotFnzFuY2gukoHddVsz2bykXcVmn6dQknsoIPJj41jpXJTYqzENxg2eWNTzi5mB7l6wZjPMEIUE7VKURqJG19zdIHcdYGo
  rehdkRImPdi0NUJSVI4Ec5e7KzIcg7aXAih0GXd3u75j2t784COZvXFO8e80rEhPBEVZhYgq3ft0NkOXGMBJa6Ok8LhSE5x81fT0

footer:
  note: "generated-by-ci"
  checksum: "eafb53bbb72622a2"
