timestamp: 1779614027
sync_time: "2026-05-24 09:13:47"
version: "5.5.33.523"

meta:
  id: "ID-d709e6a88f54380f927601f204c37af5"
  encoding: "ascii-safe"
  integrity: "d84120ad6f8a3e96"

data_block:
  sequence: "08d448f52bde"
  status: "ok"
  channel: "release"
  index: "0.29226"

stream: |
xGTJwQEjWIjMwDMrDuJh5MXpNALRoe9C3hHxZKJZ2Kh57Ekvwa2DBNdc05H4fuEW99TgWIQPboXGMwOKgy1eqPMRxyuwd7GBKDLu
28IrGrmK7diSsV6y5VFkueOEG7M8oP4giCWcw9ptbeyPay3B99Kckb6Y82JugG0omwwue3rsbG0uJoJtZopt04sqgG33k1tQzldE
fZCjYhTlVqBHqxs1vlt4FY2c40iGnUTwrbJM7jwftxSuAzvi2szOpLlqvLQwKb1DzuBymkw37WLCTLNxRMWS6nLS0SF0xU5Nut2t
mBsiZHjmQJJgyb7JjKwQhr3P1FWqw5lDcyO3ybY7iIDnXjSV8fOpbMYyTwVZxe9HiWJMzKZ0KSkrOREDKCoaklKLAERJ4M9CKei7
d8uLHZPNvQFZgYJYZP8oCji47wMMAE1dPYWZib2zigA4Z3mpM2dV1LhQWFDcYdLeVpquzH96tlWQ9Noh7mBd8SDtx8qOOTFNwPMk
3yLBon0KTOP5v0WgVRm49cQ5zLXKCxZmLcCZGJEqfDmZq2gjQQ3dodcHHFMGoYsduFjHtKxRZ2ElEMsVvLVHLcQNDUv5nYTGPl9o
BViwnTYAz4DDxRQkSiKld1yR3aS7lxoZ0KmGHeK3C775FJHABlcWHxN6UvgUPdtUq6rnZWd0nMX3Pukc26mqwnSDSmx4VmcU9GOC
UUgzbP7mzL8lmLBMKSy9ldAhL5q2HQD1kUeBdbiB1IxQQIVSsAR7RF9wxiAeC2k98C93SsRARIxIyQLxqjZlUh9VPIM0i98obno7
jGg0KSu0R9PUjSYIf53thfMyuBFVhJIDlMLrRaaOZ0P8oH3JCyxIsIOkjaTfrGrjxWuTFlNCRwLVdTB42NYQpBNFt1xRXOcbDhnV
9jlZzsJAC4PnbvfV4iSSCYOrknJXlWS1ZAyF9OJOEXAuRHE1K1rGFaVlnJAsuLOYQ8O777gIS0R98y1fvUeB3bEpkdZgtR20fLER

footer:
  note: "generated-by-ci"
  checksum: "077a1060511a4d3b"
