timestamp: 1779645743
sync_time: "2026-05-24 18:02:23"
version: "5.5.33.523"

meta:
  id: "ID-4b4a9c5f3bead8b7425fb4b0b3447250"
  encoding: "ascii-safe"
  integrity: "0a821fab6df55308"

data_block:
  sequence: "87169fac8ffa"
  status: "ok"
  channel: "release"
  index: "0.23949"

stream: |
IZQbGAXmGZ6X7q6OvX0Sl8m6ol7Y4kSdsUbNFeopVjqX8JVa2kraMkJsuvp1VUDg6sLVwSrBdvC5LkR2KhBMMcWx7IoZhvbKFNfX
WKtcWFtvACD4SFdFVZq8WU9mjm6ZX4OgpmThs3LZTBDc8XoP0tbqbvyn1t2H5iVl27hbMYfrlw1AHOOUIq1iGFLdM2VVxyOCzwVY
9fitE7Z8ffHH0mt4VaWyBfGcQwgcYhTppI8UqFV9CoWOXgFHRA3bMAejdBcbWYiVJatGR6jGGlVLxPevVtwqBKDOmqZQ2XWoOyxP
EbbinUTZIpc9ya7mxe5Josx05wHdZUNLimGx934yRjRFGZo41iBzJKqojjTNqI7Pwn9GvWaBS0O806D6MErQDIBBjo6iemjnPmML
ZuDiDFDNUFyyJoDXIKzLokfUP6ImCSGJPFy0tEgatWO2DtLCxntH8whQ1LqRpuTIgWYkOES9zPBvkmilErDSktw6bnJQ7cALca5y
diCVvJsu2bhJnsAgSyEzkXvEYLpBozspNPCJf6puSCOMG9TBx8ZrtyNNI0WOSyVwMsCnEwaGfRNCY9Nfzx8c72f1f7aRGpk2gUmR
dego9Xl3Iw2QzPFGeLnhCtNNbH3AXhNfgIrK7xxOdkHAmgWcLeRks94gNMhLZkMWbDzBsZralnsnEQ3SGjpH1UrtgawOvHuQqeVj
o9SRWXEnDQ1Z8g2LciAgnOnJPeZuqbEsH59lYmvm4bSWkbyInQaoOCe3lJgMX1NqeR1zG1Mh6Eubqre1EsBmdEXnFIfdovSWRoyR
2tRcCvHG9svwK03jXFp72N4dG1ONI39IJIekNwUcEJGLaazP6fAMsVgZCXwZSkWYX0u9HQG8hBVaf5sKq9REJSzHGFQRmXiW0xzL
kO2BCZGMsmaXImg3p6hNfAUZKw5lQ6VrRiWmaQZv9MOq2AVOuCY6xYPyPabEBqEvDcz5VWFkcrJvB3u9KRSnBTJbr2NAbqa7oaGu

footer:
  note: "generated-by-ci"
  checksum: "736d4d6ea664d6ba"
