timestamp: 1779602471
sync_time: "2026-05-24 06:01:11"
version: "5.5.33.523"

meta:
  id: "ID-c2549437349e62203d759235d1173909"
  encoding: "ascii-safe"
  integrity: "7d2684504ebb140a"

data_block:
  sequence: "9ddca60f5b8c"
  status: "ok"
  channel: "release"
  index: "0.27776"

stream: |
SZrvLfrkFjH3ihAgRoUlbGGvCpJEBcbyqbkfpt7KD8a5kKf9CMaWKWeNBvbQ3NIdVhDoUHW6xqTvirLoxEDvKds3J1PlpbBde6T6
5UEwv87uygrqMVaz2amivSQPexOEAdgz2pu4WBGucaTwVIAJPozoUIZIQMmesabsCqEWG2aJT2S3dDXTa0QaxVOsdTrW3va9PYBQ
K5fA4FynwLWFglYrxUwrNVzsGJ2Fmam7ZtXdBiIq72YyM0XU0fiU1tAfFUT1t7vfFJoDMwd3L0ABGSWUsjfJYcLtoADmYw0daTPQ
UjpUf1zo7mfeONzRrY7yOnNfCGic06mWdewuk88vytu9Z4C6ZfDScQRY5zWcXNQTsYN3miVIMjan9TsqppyZlk6mNaqgOEhK5i3w
04tIDyXO9pjXMfRwnTi78fnjTYVpnd7UGLxW7H4nRK1mgJ7cRplPgEADr2x5uUcsaom4oDcQYErHCJCsNUDUNHjannhcFqtahUgO
cgMOpf6cBopYXTZ1O9ctRzSVGyKq8vTE1UGwVUewioWHQPl8j54XloE1xDU8tSzPkh60vw5XxsLdRzMe0pmScdA51yXBYlf34qKO
RVWe9LMeHvFYc1sC57vrFq437emjZa6xZfDlQkNAjFr4XJbSQBOUlEk9zeSHX5z5SBYZvALAvf5Z4TuGJMDH4sOldWDiGDCxUoLn
yNKIyngDPEb4QVaDBfKIuf3dX4JDwsysITcghpTgMm8LU3GhPwFHHzZSdK7FYPtTCA3m63k1lV2QHSALQJMj5t6J06cNIW4qOY82
ATubfI2eBwOfEX9EYPooBKuWCf34CCVHJvvjKY7gFydPrNaKTVpYWzHM5McbvcRjm6ufFLtt69CSBens8NpdNIbaF1wc4Mzre3Nf
z2uATGVbsrSID8uqUY50xBPGla1NYppobjkAW6i1mSlHG7207k4ADJMnM9IFNGaTCBvtB5OiguW8CMVMiG3AbVv6xTG8YYmriaB4

footer:
  note: "generated-by-ci"
  checksum: "6a37553b6c398377"
