timestamp: 1779960346
sync_time: "2026-05-28 09:25:46"
version: "5.5.35.523"

meta:
  id: "ID-7a1fb0e369acf3dfa96b6bc31858116e"
  encoding: "ascii-safe"
  integrity: "7357ac5973176761"

data_block:
  sequence: "8260e010c33a"
  status: "ok"
  channel: "release"
  index: "0.9543"

stream: |
nG7dKmqEEqM6JBQCv6d5aVdx4VZTsznB5XNAUUSlJ3zDjU3r21WizJ7xzhiBhpoYsLGIKYx1o8eH4xKcwX8mWzNNqNXg4SlmvOWR
MXEGEab8DwB1fCO2zUx9talD9IwCfBPdbtfYx5Rhjo7CNsjXZmlhyMDHkq84fsWff5fU9z5TMQEavR93okmRkydAzrp22hsX57Ek
KuasyeNJ0dxbSrO8cd1IIEpRMKbemnobuRxk3NFo4QShyY3ekODXaOklTfIUfIXCIIUDh0R5O8DHbh3ZQhilg0KDMnKNxO3W34op
8ZlS5Sh5KDIVl8FqhaSMqDNj5pzjiwLodFC3OCXlANnnKSVz4dYHQPemYdnFsd8txrwQGncp6hWQ8FQZZhZkUn4N5DI4U60Ur7Dz
hcZgJQGCXB30pZXow7Ew7I35FEfrCJi5GmQq4TLdpWpilOjKw3Rt6VHLHP1L9vq5ugGrtBfOjOEOd7UVlUU8KuNvphit9dbePV4C
n4KafUlnw5DMrjGmNPQ9tYxDRLGKO2t90NKwf88Q895QYw1a5lDfw1p83Ns5tJbUyblHY2ZCwaFxonA2bGoTCyi1fWXwZIGl24Ym
BnQjzXsVTodNexsnJYRrgGjdcnIshETkM5u3W89iYRyFmVomQ00fJd2tF9qgiLTgPHziqqtIqP1i9b6TQ5vUle31GQ6GMJJWZ2jg
QlJGmqvugvZ5OaygPaWiwVAqU6zzoDUpVCtWCNr5ZUlHjnBeeE3FoS88USb41HBzSibW8XAJPF1ZPzTWPsftaM1i4wB2f4BUulEx
y8KpxkYRQilxGaURiS9MRvI6Vtu9FDGsAHblUVNNEHQ40yIJsV2UJB0T3o5kQCfhS5lqLKV2nXNG1YTt3y872wegKH3NzPxlggHk
SDeEQS4liapNQtWcFbNbi9DdwJQ6dN7s0JB0u0xeSmSXOQ6riM4unsrzGEGRcMcYr9vRxWG29eWTw594g9P0XAwI7VYIChVUHMtU

footer:
  note: "generated-by-ci"
  checksum: "1ca6fe7bb9a56ece"
