timestamp: 1779389298
sync_time: "2026-05-21 18:48:18"
version: "5.5.28.526"

meta:
  id: "ID-9166fa598fcfcad38f665d591e976429"
  encoding: "ascii-safe"
  integrity: "1c76ec137d204645"

data_block:
  sequence: "ab1faccdd02e"
  status: "ok"
  channel: "release"
  index: "0.1323"

stream: |
7EuHcgVhLJVRtooTIo8in5ggWkRQxqQeTgKhEu8v4gzQu2SpWtN9dLeXDyFkMXnJccwSxUNLIlRmqqxbmUZXputCWxXQ39MrxtyP
xmHMmujWiunGkPoXNQviWyBDhVBv5xnbxQYNZRDG7RNJ7U4eL9j0ZgsE7DWhtYi7J1xyJCYgqRPYQkOIJ9fVgW9tJzCzWGbxevkX
k6QGD5YvI8KnGSXqDllpbw778SPeENDVZXWZmVJUuxFEoFona9wNLp3M1UhEUZ13EjBWyJXcJHpAsxEeYEwv8xpWAO5nq5h55zFy
4rhRBWHI2iTkJXyVZ7uymyY0gGB8XpWUHPo1Q0tW2jQADi9MdDuoLQS9YoXdMJfGZ9lr1xswRlxmWEiqHvGOQ9pgfKeZx0wuYiLw
UgFTlqa2PxJklTe1t94PgUeOusTVOE34MmsVpiKICDSvSomrGdB9vjYyy70022j9rTfqcA2NV5EQ84IfXlSDoVyUMlOMxO3OuNnk
3xkIJHE23orLr5ZGqtdgpKbQuVWyP7kDGmrCbmTJJFWs830NEojq9Cv0vaUBetBbW5lLXPK57aGNjOskr2ChmAZoErZDXQPRaP4B
xGrtYrmuht6miF4j39VKATLv6h2QLoAE4m9PsQqsiBPW4ecaam1T1pt1ryYNxTqyCjtKpPXw7tLQYIiDJzGcM92133fFIBWRPcHQ
qcYzw0yBDdvyNDtZKhHRw5ZT8YzWJpg1BpgRqHuTFG97iLyMEPvViT73cZhQtkqLkfULQZ8PVs7ZS58iZLfI4JB99L0CsZ6EtWu0
uZnSWMT8jN1vVxKtcynF6Lk4JN9eIRP418JRMLDq4QhcJNc0MAmx9lDmX6lav5tv1oFW6O3lFgInfE8S2TwVIql8EkRt76vZm1nr
B0bw28LX8CwHW3MfcLyrxdKru3ZgUpkGXaUhNM1HE4Gf8R9kJaDiZNRUTs1Su0tOoQQqEhK3dXjnG6ULJftDpwAqk1DYq2DO7XCG

footer:
  note: "generated-by-ci"
  checksum: "b99c19d1a1e6ac74"
