timestamp: 1779473056
sync_time: "2026-05-22 18:04:16"
version: "5.5.30.523"

meta:
  id: "ID-386821cc915a661a1d70f5d28e4e3858"
  encoding: "ascii-safe"
  integrity: "060552cc5d1f02dc"

data_block:
  sequence: "1a9a27045d47"
  status: "ok"
  channel: "release"
  index: "0.11534"

stream: |
XvWODvpAycT7VVvklcQIxxZBFoEzbeyTCRGifoHJwOuHzmA8cLljXxaVVSuvg2FMaLQlMyYQGGyIcLKoukxmn93Z0AdkDyWybA3w
MXVZxj5IeEGtLr8pgTb9Pf5QWxSUgMd6lOoc1tOVCwyBi3XSQwJuxvEu5roz3EcGst0bbxEgM5mFRXnhaG8IBkpudIg6vwqmpfvc
RRrj8WdYpv3ZmkeYarIMlu2T2bXMbjjjnQI0JeFCNKJasnPYIdKFuE2El8r0de8Fy51mnIXwWUrGCKPkcAP7p77fcVNfuuAFvaur
fHS0ASUkJo7XzF3Vlpg39OBvNAENou3rcnFB6InLKTsSQjbPFJFn75QmCYAv6kaDCKmmLtiLGH7u8DHIMyu1MSEd82fyhUBP6mBs
BzmgE0kt2tX3KKcg9RWZFD30xPaBUSYtld5rjkWUm8tHzhQkJILxHWgxlZdPADcH0QaT0oXTX2QId2YdWAw7kNXydtKtz4KLTNGO
QRo6AYmQItHxrdFqNw3fmCuBNQZxs6uNAuy8OP9GpxEHOqiCBkjaOjOxU2KOguX0vRAgOyl4qUKYCp5VOPg7DRazHtQpaenGE1JJ
GjKhwi4PcqTYuurqITTVzHYXBn4iIhodFU8FXm4fgKNxgknb4wuXoTho4TbuGTRSSXnkNqdLDRxyUlLHaBEQDrs9Ao9lYivj8BA8
lqcAwm34AXsNhyA0t2L7qHUn8lyQ9H5Vd2ry6cY2EWIUcf04fvn5cSWKJNGLgPO4pIV0ubaUJk9f0sKh9oS7ZOfdiLf24YS4XQUh
K228olB2sCQbklTnPpNaoYn7iwD8Pe0ax1CXIwfkLYRzf3GmbRPrWhkUpBMGBjzMqCKfXoQbZTjJpCpSeEB3mulOHn8RNoSHCAg5
r7k9hqixgxiRJ57FHTFYzWRaoEy2QpQ9hhOFk00EpIYw74tR6M8tIBMDsOIz6zzQlDITtD9Z1wSmxxEu4dYIgV4DNt0j5TISnZbx

footer:
  note: "generated-by-ci"
  checksum: "db769ca123a25ef8"
