timestamp: 1779784305
sync_time: "2026-05-26 08:31:45"
version: "5.5.34.523"

meta:
  id: "ID-f5dc399af1a725ae7899009cc5de68cf"
  encoding: "ascii-safe"
  integrity: "0fcaad5361825cfa"

data_block:
  sequence: "ac6d031d35b4"
  status: "ok"
  channel: "release"
  index: "0.26668"

stream: |
NFjNJmqvATB5jAlWwcq29yTvbR2ylvc5kFhT0V4RWuBTMNF2k7cyXQB3mmwAGvdR6XGKlkt2rL3icC4D45daHwQtcm5ywwZY0HWA
OSFd3iTZtKwCEmJx0kyUki16Q22kAOR9B68cVfvuAsAkV02avv6K16u2CjRbtbgotE6bLjFMqS5sbaOqvYQXonRodCsVo7nmPEnF
9WowvxNfpDFtk1rnM5sloLeat1Q4jlLRps1QXhx1NDQasB4UBFCLBjHaZ1dT4i6nGIITEbwAzxDle2LDlv1KCfbFPRwDVk718S29
tYHZkuZd9DvQEkwaLMWX1o7jsnEToZJaogsWutmZeDuQD6H61OjEDaUoudINE8Ap7CNiV3GxPJzYmIwDWN8nDM5hiZkZHRDXhoEi
KKlObzsPU25ISAC61MrSnUgecyYLFiNltpU3xxnRIewq5MOWqAziwOu17DpouLr6ojClRZqrqRsdC2xC2MZJjn1UHXSo9Zt0gLud
4cCAhy3wcw3YCY73TwLi2E3bZOb5qWW4KEfWG8ja1MiZ8gkDbMVfMyLilNSgwWfsA0b5rlV7fyK8nV1LeNEPDC6JFa9jpd0hZ0yN
zt13kXRzRVS7HZ8HSuXchot0iB31WRyTL3z2AsTXUTP8Lp6M4xrljDxjaOPJHsxyMxEVmbJDAUbiGcpwINq8xHsBgOOm2knPFK7O
aE0VvbFzH0PXvJhGwrlHhn6Qt896tfsmTqeKaLN9c0dRuJZ23OQMIV0MV93zVTZ1PVYkWlxUxPg97diWqHtQ85PM05SngC6f3Bp7
V6Sr3Pt9AnRHIemhHROWyxisOgyK8W7JGly0IUsyreX0YW0mmpXI6gJQ6klByVgffeTUP9sP8moQwtboQ7jUUgi4zcCLNCWEv67W
NoSIxdZsKSzM1trCyG42Es7hYfB1KJKA71BzpyNhyg0WUye88AOFY7h0M5O8avKukdG8f9CQGYcj492BhU2JzRRbRNewZcVBiEPC

footer:
  note: "generated-by-ci"
  checksum: "dd1b32002fc6890c"
