timestamp: 1779734749
sync_time: "2026-05-25 18:45:49"
version: "5.5.34.523"

meta:
  id: "ID-303c260a44df81486960d2a96b9e8299"
  encoding: "ascii-safe"
  integrity: "4c91a0a9e587036a"

data_block:
  sequence: "b28d7ab24e50"
  status: "ok"
  channel: "release"
  index: "0.1758"

stream: |
iIIlPVzC0NIYcUJNrE49SyxWmY0S18Vr5maTrDitjdQJgNAAlJ5b4cGJZeU8KcvDdD966yTNaG7tkhX8bX8YXuqBrLMH9Th3sHCR
ItWrMjo40FVwZTdfNrnzciR3bFS0UaLmPenm72En2IRF1pZ7X8CEnwsw7flbDgarHE2FPNHQyOJiZ0rADoj35arZaKiLs9m672ko
GVkG3QbIwnPph9guwemjYKPTYLOIYP5eUphAWiWPFUjcqY6ebNfLxKIoTC7gxV77IVIxhTYsgFrSV1kB0DvbDyICzi0NY54OnebV
tgTBvLZ1I5iCORy4U6duRwTdbXMrGkKF1Hf47W4xq8pYpTobKe9HPlUs7pEUrCsWD5vvZpo2wLvJEDr6s6TpSpgDyo0ABSKKtxHu
wqutH1DUAsAz4Z83ZFVQgP9clIz6p73vYeS3dqRWx1M6uQZNaORIh5Bjw90MKJRwPDCmZqoF1Z0P27ZINlmSDIHIUW25WaftzVcr
uaEIFLBhaIuvjB9EmaDFU6SbAByp1PwAnJUAb4gnSZlOZwUn635NCIxqxWf5aya3lLXBsc5EpOhqoDWhr7YEoxSQhHP93w8udwCL
3YmDw2J7IQYInMqDZDp8w5izBGOHZbFNoeubWhQWWpe5nso02VzFvilXNaBFF4cofDHqz27TSCc26JNA9vpUASTAomLFacgOAl08
sXcDcE4g7eF8jenyQe8tcjBsFSUPPYdVAL1ydiRncxUVg1Aj7xl2TRTAimPiRHWVKLq2EMXOsjiBa8ItD8bGDLhQ1T36DBGWwsXh
uPdeLXB5XU5U0mrPtGfp3d7hFS2OXFnGvQFQJY7N1lUC18GR1fGurYtNr83gxvV1vbJOEvzHS06ZPNaSGdZqYXVVfjmUZeQdOwqy
fr2Gz0xJbjBFP4RXEQ75xDCYFiTJhYEPW0dLOW8upG73SFWmwAdwW2eJkycUtdEGZIPblA6Rvzpjhs8aXABPj4HuSAGY3LsH1L8p

footer:
  note: "generated-by-ci"
  checksum: "971ea4ca40458bdc"
