timestamp: 1779851250
sync_time: "2026-05-27 03:07:30"
version: "5.5.34.523"

meta:
  id: "ID-50b849cc1fad00e08365d4153cdc49eb"
  encoding: "ascii-safe"
  integrity: "356c7d909444fc32"

data_block:
  sequence: "ed9895b75f19"
  status: "ok"
  channel: "release"
  index: "0.438"

stream: |
6MN43JEPTsW9ajNAZEm4rSkrztBpsk6yS8PEXrYAYqDCozAjO1dfh72t5FneZywCLohd8JtPM32UBP0S2nsWNPUkILtEZgMJEd6q
cG0VocO5nYgS3JSPuQ5qTe5Qrvf9tqKMHCoMpwrLRZ00kLau5x2beU71eiclQ7efECn8tJ1U0w7tlhJx1IMsPPntL49Z4AZ9i8v6
3z5gw2zXVL0S3JJNehTNdkmGxOOILK3xRaiXIVcIzE10Ce984OPsyJWiwAqvIEqXnhxb7zHEroLtmrqcNmh8mosz2tEZqfoZ4y3j
DfSI3AgnMu7PciHWeV1V4JNKh0alkrVLXixN9KViNp7TtsOx4ToHvxBvcaR2Mvx6HWpIcduC66Y3iPkl2PFQlx1eqVpoccw7E6Kh
iVyUtuf5rvbwlqzKKc1PjbFi72WZyBBMZg5gVyXTgoNoY2GonS7ZoIR1gJl5t4nvn3kIdD17WvwqKhUhBp0haml194doCdVQeBfc
W1IGvevB1cJFXy229khaRpfLhgzhD84pBVmkZgCvVkszoIpHnAVWvXaJ0SWekWJjysbFPL13d5V3gvcZmewsn92p87mV6Pc510vk
144jWUXXQ7MtSqWHMY2ZXNvWSsG1sonI7c2TVEwTvxHVwBlp1s3AFwKM3TfR1m155lGBrEKfVmMXuu9kO2BJMe6lzsWz41XXgf9Q
k7OiUyzPbwDbKD2l56DNasktkj7P9Oc49xsqjWXVwNdE33R7bMWGOHoCp296pQyY2XlOQcVRqlqiF5BHyavsUcPzTKepEChdFtpn
fvpQBokMsGBLXPkuBDiwu9NKnMoFKEgCfcHGeuSs0npBJ9F2kmnp42aYuUTt2wN5lvoTYS9wx8AmD70doD3lEIbISPGKb4qsgSQC
TPWu8OqyaWbHaZrbzPzeECJ4OtB9cTFtmwX8X3nCfpidTTxMsqSAreyK43vm5venMHhXkhLeJQLpy2ii85xZo2c6wnk5P1gTMV1g

footer:
  note: "generated-by-ci"
  checksum: "590055155231c7d7"
