timestamp: 1779016391
sync_time: "2026-05-17 11:13:11"
version: "5.5.8.523"

meta:
  id: "ID-4ccc645403d8044840c1770bef954fe4"
  encoding: "ascii-safe"
  integrity: "f0caec63bd043b4e"

data_block:
  sequence: "836738e8779e"
  status: "ok"
  channel: "release"
  index: "0.19695"

stream: |
  d4jEyumQxvM903WVgj7Vl1bTVF34m5QHhLZE70J2k5CzstQmdTHl0nzaIpTIHrJESnSwTK3dmqr0j9iRam0YsCCgMWZMQYiq2RFW
  9X8T9vKMKLBgFRez4g4pvpCjkfQ9H5YxqJIQ5YV6VaJwyloxtaFpjG8ervL9rcwVTYzg8P4JCghv6PsnIkeZwtsuwXyp1ve4cIfd
  IK3JAiyVFUCCUQWb54GdAaRI30dc7uuqcjHEkyxxDcaEchplbbmt1E2CXBJMfTlOvYrvDyGZtRnZaF1tsalmrkLUDEIGsftfWDJy
  tFBXq4jYiH9ifOeAyNMHpLtvrIR7G5HUIf6oHAweOvFX3st6XRBs9oQsfz94gO9xiDSQ3l482WO93msYZC6HN57rt8P8bjWBcfJl
  hvLkYApFvMafUfp3f5zz0zuacivTsqH9EmTNnQ1Uf01FU386VA7NqIxKeYz3vTclRHs94Yy2RW8IUfJvuYH1ZuqhofF3o5GkJlVV
  YOPI4ciN9QTgRalVSIgttdNFODUomqRZCtZXSyS5abBQMvICCD0MQy6JfnevPyChGXjduNkNbx82QeMtELuhpSEQjCz2SiH9TTM8
  UPwmg6U09ZYBDFdUwXWX2RFdyVTAEsJg16kC4Jc3XNYTo4S8Pxp1N3X43GFN47KRxF1BKwqNGRDJfpWTJFILExxV8mrrKKP1pmMP
  7OBlmOdE7Ag936PhTFS5I5tlQTRdyyqdKkq1wGGXtxTANqRgyVkEQyQl2pt7DxVnyG3RYtdSmay02VAV9kAxAUztDz1sGdbQB44i
  UbYTHV1svJcbIJWj2LFAwunjvm1sSjh5RxU5OzqG7YemHrYJYS2di46jONJVhaI1fmKAFlesAtm2q3JpgKqUNSCCfieZeruy8Zcs
  ixh7OgnQzXbV1t78E8xsENFlL3ehbhl4wlMhXJilpuVNXu4yJYdZVVunwORbKVRM3wRip8jTrfb9m3S9SB5dEHWpoOYdkIBl3Pcf

footer:
  note: "generated-by-ci"
  checksum: "2103eb8383b11665"
