timestamp: 1779542770
sync_time: "2026-05-23 13:26:10"
version: "5.5.31.523"

meta:
  id: "ID-d51a4b0d95efc774c652f6666b09e79e"
  encoding: "ascii-safe"
  integrity: "12179752b6e73f58"

data_block:
  sequence: "6511a66df149"
  status: "ok"
  channel: "release"
  index: "0.6644"

stream: |
3h3RXDSntmjYWDnQBPZ0ahNB2kWlP5mD3QJ4XyysVqsphkN2J3TuYdGcCyE85voBI0BcSGhAdoNORp7WYyKFm5zyjob7Y7BtUXvp
HAuSjip8jKmzhwtjxcvGuFoTKDpASaz3b1q0QDg5qgXkZZ7pMwh3eBOUYhYwmXgF6fgd8yF4VOqkLUAUo6vg2aY9kITfQMMg6OMM
8JKtwETZctMj9kFKLmodjIg25PW0NG7Oeqy74Gg2hviLYFfuFEmDNR5wtqEAumwtdxg2U06upxAxjdDmjfznKBLeH5MpjMmo5HlI
4WJNeBZK7mKNQbTuLGPCebJ0x030syuAxXDeNUvJpW5gkzxcYGloABjVD40MEu8CuVbpHECZvsPHQuz2IAO3c1u7dnhJiLuKsygB
gQEUFvFIcqDDMuDlroafgBAPT1wyUHQUNhziod4dk8WKYmnsJVnCmmy7nT3DlZ1vNPvoLh6QxsIXOMLLghapsrGTPjLpmzU7sBFr
8DNJJw31HSOFtuYsP9N9xPYSC1r5aguYUgiV46ZSXyuDKbpslSPoKSTSIW9j3LaHTOaFHpDrypN5z5m2KhwSi2HK3QDb4DomLBji
TGIFipEumoM71AY21yaGJBYgeTtQAgVUGOXqLDbLtg2z02p8q6JG1JSfj10b95Sha2gUntyW9qxpUBtoqjJLa3vHmq5h7vLT6EtF
IWkIaLkOOQixQYVkLkPspLV8x61yxfVKZZFBJDvbXGpFT95IdYRbJJthcFDv7c2zC947GfQZW6ZzGHJzGWKaCwnpVdfNF5QVDmgn
hKw6BISAVkp48MSvAktVGXF3OiijWQa8MInEueva0c5NTfWGnnUHw9DiCttsby01YOaN9D6S85RgXOUb37ZH8GxOJvBMhpObfSPE
fqpie7B1RdHJYks2dJaKGtueGiznahjkWJCWB71YrJJhIXPHRhcdjeiglixgCF4VAVygH46vU9B7gcNbfJ6RDycNvUy5bBPKhU2u

footer:
  note: "generated-by-ci"
  checksum: "d1dd155134481b5f"
