timestamp: 1779682803
sync_time: "2026-05-25 04:20:03"
version: "5.5.33.523"

meta:
  id: "ID-4c6b55b55f2d301b4479c08e0625fe77"
  encoding: "ascii-safe"
  integrity: "05fc1bfff0e8f329"

data_block:
  sequence: "9e9a767af782"
  status: "ok"
  channel: "release"
  index: "0.9238"

stream: |
LLnm83WdCEdLKnUez9JbLcnmMNsvmO0oBQIeRTV5INDHhTnJfUON1LcB1nRkwtO9K9tsrIG6DnyD5KTCMzdAZmBc34S6jOuqGbGH
bUowM9G3KhLJwMJNRJcvXybbkLLHD81KAwNm3CMEjeif96y5JbeiW7ArX77L8NmXR0W5tI4sZTR3PB3i30YJtjLu3Vw3IffAWQqF
dF2RU9JtPaEuSuqI0UMPKCBBmLzjmVXEouh5vtpRDxDb7ADh7lFrGSCsybUwqCSUIHXGQAbt2w5mjcEfXtORo43J4V9TTTBblULZ
hg57GpMP36j4CspFh3BsbcmG4jLGJDq1LWvGz2EDe5huhYUIauwuwW7B2nafkYCXupyn9OwabNJlBOEBW93blF0NQ00AeB5l9ufb
MtnHFohJoYqVBcDlFyeUHKcY0hfCzvsb33x9tCW8q1862lkVqe02A4888Om9S5O7F29akLkAjpi31zZFMmBABhz07Fv9bkHV20Jm
EVhYHZ0pDqf3WGFalSy9H116Jgw1juhuHgWsrW03uL3tBiw637m9rhFVZaE2lMoH20L2O05PDIBL6X39EzSaGieMb2GtLKPHfNFX
cXEEFzlOKZDShRHvpgc4yXxu04ZuhqDDKiAramsrouu2ExUCx28WUR3ZupxA89NCA8mHzZx2DO70VqwNLXTlLQWCv2DjIWLvAgLi
btPoJLtWxEnXwa8RQ8SSTPbX3sMwZmkK8L2TRMhsLTFWdJmxkpxykCkFQUnN18czmilOINcjValv8GXwRf4pHpHDomYoa0mEH0PE
Y8TA86uze13l3eTyVNdGBhXLpJpjbCiniiRRKQ8rmk6ClDBe3yr6ZVNhcsGPsCfJnKvZBey195Y3rYC0OFDoUo2Bg76pOWZePZHx
0lmhAjXEcQv9KeqC4b7lgvlJetHGpP2OFhxKMiOyneaYpu08Qog9j3nCRo9O0fOOd1A3hT8IEVA7GK4eGpkbs1rC48MQm76QkH2F

footer:
  note: "generated-by-ci"
  checksum: "e0610d88083f650f"
