timestamp: 1779521002
sync_time: "2026-05-23 07:23:22"
version: "5.5.31.523"

meta:
  id: "ID-3da43b251466777f4beff31287e83fd1"
  encoding: "ascii-safe"
  integrity: "14cc32e20d760c08"

data_block:
  sequence: "62cfe53052ac"
  status: "ok"
  channel: "release"
  index: "0.646"

stream: |
JsjdhuEwlK9178onGiyIrffTusxVSmQSMmwH8ePFJmB4ZMAxwNUzTJPpX6WVo3NuNf3y6Xiv0bd8tKBZrBRt3T9X0RJ6nshbVW7G
3AvZWRKsJhUL4100qvHWF9QfSVNmRUmvSiYZafgS3q6IhPVcQeBlxtvWqFjj412XNiRjVOSdgU08puNtwxWX8vbxhRp5l5CrRVv8
FZsmDpHlyJBM0k8X8A5uALnFaRtVuEQMXLpxyCrv2ZvSuA0OGEsEMFPmU5fsl6OJzaiqqAaf1xJQg28Rgj3J2WZGPgIFiCtC8k5T
vFjGeIv1BgEfrfuW6m1rvXtfu3PUgbZ16KoEmfkbV197zhi87sMIvaXuXmHg5hOPJbhgcVKxkp7uzruGMKkdTw1ZvkPaa1ZJwwWh
g9uKm93RQIKaOxV1RsNWQLSA08sWggsaHmvncJWgmAGGKJ7SL4dwKCsgMGcXMmRtr3PltKWYStVMVFYMRTe855h9MyhKWjT9E84S
LS8Yijvc1AFfLgIpJqLcQOOwhupbDuDbZ9SXx4MWRME158j9Be2ZaXdjOJE8vUDxEsjSv5lHCwKfe9IO8qCjTKRkGj270pCbeL3r
Iy4szNg3QZK1MRz0M5BsDeXmKYFHP7sQpYNNd8p6Vq53d5ZN5v9jNVG5FiA7Z9knByiXn0OOf5cqUIkOzN3Tn7SOj3IPwFsR8MkU
kF7C87AQbhd9KF9Tp46vnLNepgcaVjk2S0CI4It4YYFTz28eoaYfI4HqtVDUsYt8LZdRbpMoX17HlmW51dtpu7fdDaOTXMCDOM6T
5S7nTJaoDZ3OChMY1Hw693kjcSh2kKvBx9Jf9diYtZSvfXeCIZIrlc0KwL0B65zN4AKZlIKALHuslX23AruqCeHnMWFdynBRoe7V
XDsrTLtaW3lWzvWdwkaJbxMzEHD1egqamZ7chtLhPbyaX1FTrS2uRn5hgNckHdCBv5wZhlg7ZxyItvpztp1M17M4rB9XRZvT9Pia

footer:
  note: "generated-by-ci"
  checksum: "891dc9b24b7eb5cd"
