timestamp: 1779601070
sync_time: "2026-05-24 05:37:50"
version: "5.5.33.523"

meta:
  id: "ID-ccef890456137f458e1f9a4595250cf4"
  encoding: "ascii-safe"
  integrity: "0118532988054903"

data_block:
  sequence: "cd828f258d02"
  status: "ok"
  channel: "release"
  index: "0.27729"

stream: |
0DPXiuFIavvowzEKY7hUSWh3V3DsdgoT1C8QJnY1rbMMFkwtb6XNrCc4QAs0MbFqXqUue6w9PKkI92SrcJBHgr9lTCbDPkB4rvfq
fyWf29DE1Z88HZ5j5FBaaBacgTkVfNETRRCy9cKk4YJnirYmuSrwsZKpBdogw6BR6fnSuQLTnuv4VxYoSk5PrU0uTYdk4QySVkwI
IRkQcZvMwJsKza9IN1IaO94thIiydK4qNo7yGoXqK0pgJetU2l63NDzK0GMkOQp9CIBrSgtIyNb5Vhk4w85ddxg89frb8oxlor93
IEdSyMnqTkDNKMYnGPrf3OFmAjmfEMRhzuqHzoplwc4S80nGhVRlZF09hbvtaZo2bx7RWhR1zfflwdPIi2xf8Sdok7JMJvrrCTtL
kFLgBtJPcwQKgLcwTPRwA5DLBHUYWdk74vnmNuSTGfLPo0fhOd5tEjRTbzcxNFkoQNepVe6ed2BRoNmYHXI3MRAZ02sKgKFuI5qL
jRenFoWLOSzL0EwiKOqGMow70UQ2UUV2a1ZqXFT9VoGjDdBseT91J53Bjf1ectl7biRU6knJcwfG6fDexZguzA6F0Wd44r6bgwnI
QsSNtkS8gAuxuDdci4DJZVGJHakmngnwYBgngMnGT848txU7ztTgjUOPczFq9ONzfRB2cEkzPKKTZdsOICNr5pik6lADPZV0mTRn
FgXqjlbHWwcRSNMi4W7F7RXoZ2aQ32EjS8pib5d1HnUX4cM70A9Qepyr0qNgLmmbzQ47sKvHDOshFqcpsfQNFak5agLazi7T9Wga
IOqkpZbOcxqdPdqf6evyrRRy3kAAB8lHAK0hk2LVqxJ4YG5RX1xYGsL3ONQpjIYcnBZf3PJ2zIOtD09ekcYgHmxnFLDa3TRhpLfG
re0bw3NTnxO21FFX6ZCDyNmbmCUaGo8wbHzMBdMMjbuiSbROcuxTuZT27XK3duBvCbXyRH6RgBKUSExXmqGWeM5W1x2GaGXvl8e7

footer:
  note: "generated-by-ci"
  checksum: "5ba7e52aa29ba7f3"
