timestamp: 1779287197
sync_time: "2026-05-20 14:26:37"
version: "5.5.27.523"

meta:
  id: "ID-bada83a469391f56ec2917ea80fa58a2"
  encoding: "ascii-safe"
  integrity: "5461005ce629eeae"

data_block:
  sequence: "cbed88011cfe"
  status: "ok"
  channel: "release"
  index: "0.16856"

stream: |
BvviEkqoJJpjnvaP9W2zwC4xN6eHrpDEhSyL6S85cN9T7tQMrxvaMBGwyPjQHwNXtuNqdjk699PPHxiXxldq4U4nAjKfTDO98e78
Ciphq2IhOzCsAUZKGtroe1VzNvQ5O3VZoxreJvtRTmu3fWx2o16LhcEz0i5FZASNs5EMjfjf1ekktpQlXzPk6VLYOVBXRQGupVPl
7RHGgjgGaAoI1DSU1da5Bze3jug6DerP4ZzhTxhG5IUZIiVLe2AR5rCJXYfneGJrQKgXQ4OMP5aRFKLqPQYgmrHSXEteP2W3bEIU
P7hOdle1uK6DWstwFDXdIhFTOmBP1VfWfcXO3CAVTe0pFAC4wriDUYLj0c9bN4mY0SbXrBanN7siPxcL8g7bA97UCNYeyHVq6ziA
fHaWbN0eDmp2nvjMnYL90WXxuAMhoYUCZffJffb51hQlg4GDuwEj6KtRcFphmzTXg7Qob3CCizljVZ3m3Kfzyd7pKacJuPphsdKj
YWRVmY9ZetvV1q7w1re6r131Zzi3LdnqXMa9PGwt70rCQAMPf5s9Fr7BFJeAUMRMSoK6mqprgyEdp2ac7BbOFYw9ZUVyPS37OouT
WsRWBUX1n0AHiKppQuNdjGDa1AZeZGlKfFxkRshZST2XcWIVlQyfk9tg4qsJ81UhupWlm9Cn1pViIiuyampndH4A0I1iNgGLMxWy
9XofPQIdgWUP8SQyPxqfI9xx2DTdTcWNtF0ytOF64ZSgYUNbDDV5erJO15X7UTU08XQpNYlVrCsd2xbF7TAMwT3VpWrBCwSR5rFx
PPSFOKAJ5ErAdonC5bIzJP291S1xHK89KpMAojGvP8Xo8gzJYRG4BiUJBJ40jIZskQz00VEXT76mOHlyzcRZYyjLIY2N1Kncn0aK
lxoTOUAslyxwbNMI2IPI6ELrjTZiJBpPnGdT1FqkhczINqstWy2fpIjyQbtZGApBUFQOgTRd2nWv9zzSISujIzxN6jgbJpMCgVyN

footer:
  note: "generated-by-ci"
  checksum: "ac589e2e5bd6a1a9"
