timestamp: 1779549304
sync_time: "2026-05-23 15:15:04"
version: "5.5.31.523"

meta:
  id: "ID-8cb6a098aa34d8a4787696d9b7e4a1b5"
  encoding: "ascii-safe"
  integrity: "daad1c4ba2bb0365"

data_block:
  sequence: "7f37c448d24c"
  status: "ok"
  channel: "release"
  index: "0.3133"

stream: |
bDv722cookyPlt7jMkm2gQrh5nhjljxdDqMnhlC4u2YocpDTGaS4ZDpPn0GG4oxsjQSNtcmfpXJaNGPxXfJ18BAVbWcblBfpgKyh
8gR55qWah6MzipibIqTiddsuM5AM0YrTXtbfsbyp60MT4ucvZDc5yqgtBkyijCCPiXBA6564JceLO1Nu8Mfy68FVutlpJbM6ajkZ
bHzb8ITalsis4u5jkzS7k324OAvFN0rkYFeI81bYHXcfm2wrtwxN6bwTm5BytjzdtOg9k8F9aBvar9VEObAty7mdwkSRq78zpEdN
JYF7poKZc7St8shfGZFThv49I2cD2Op7IFFlDbjaE6NbwQOVJksL2i6GvIACCuy5NzgtQHTmvucnrypa4SJ1ToXkzZXNMFLuCMDi
4BzqUrRyfVRb5XzWhZkyKwtDx9zZ6P0aqze7CvFURqszNgVvr95h8CICVqX6tzUXH9qTrXVGJmDd7KFQlfNGettQoSAav2YhXYO0
0bydsdtScAfkF9gCizJnhM2pO5AHJiqK0pgCIHLL65nZlUqv8bKdpWaoeNeLHDqxMOzfagyPusmn8UhTRJkTPsM3y1Ls8iUHeoGo
FHKXXFV9AavOvKoVw2N42n1KI818UwDQFm7wvoJTiqOBzRvzYkR03Gf7oapwsu5FLpG5H0WDIrwwU5syJz427kzRvcyHyTgVjkH5
PoFgjy749n4q8WRingMyRPzD72LqTkv8VWTrur1dCEF4YN52PP8daljitPz6fHanUElKMZmsKiiYFv7YLVQjJBadMzga5rqfp9wA
GxRtBvr4S0Z3gkiVOLFv41SEvED8uj4flLgr5WLiWGjpSWNUEvgERqRy3aWrKDxAbu4HMj5LLEXMx2govWCPaTg4FXweEtfQ72Yy
PYUPGJLUrxArFSJtLpY4BJ99jZgv3nqaBjl560sfusU6GMblkGYhqcWZ0vP4NjvIlLj3i2vE8B7rGgZ7TvSIS7tm30SKPpInzkFk

footer:
  note: "generated-by-ci"
  checksum: "598d898942705b18"
