timestamp: 1779518716
sync_time: "2026-05-23 06:45:16"
version: "5.5.31.523"

meta:
  id: "ID-7f903414a7e49021084112df9bca466a"
  encoding: "ascii-safe"
  integrity: "dd4510b00656c2f3"

data_block:
  sequence: "ffc933f8b852"
  status: "ok"
  channel: "release"
  index: "0.21298"

stream: |
ECJI6nufDoy1E4jtorBjeVJMiTbxnVvILjvne79VMGcf08oGhr4KT0EprLlG6XSEuJg04uzzM5Shqx12eAbHxpbeyT9ZbMQW9tXq
fx4s3y2ztNhOyWguyGqJ4XSm352L8qizeY6tu6eOlxGBgH3qEKslUvW5CkSJT9vo73gjn1gjCs4rHphLUxfgp2azhhawcik2kzZ0
cH8rlvP9IzfcAbrRztnMjqhmSAoa9svIFm6f6LjZ6GqkmetCQCUpcQPEPC9UzG1aPEs6PBFX9HR9zVGbI6wLqQGFNrzlU5QIwoGv
EmWltanvcpJ7hHHPzwpH8GwCYP3797EhNj3KtaZk1YsJ2Cay1PDtWJjyCm9O70nnkprrV0q5rJ0nd3XkN0L6IsHkcjWxAaL6HXWt
zLZTE1yXeIDIlnyZaR56to1ENnW5FjnUH4fIKPCEcmpUlxklGcdq3rLf5nlfv5ghpjBQ5sN3qPF4vfPi5W57eX3kZMJIlGmuzNyS
hqSyImR05wWcz0jILTOKDeDISx85e8rMyPN5KWk7WjoNXVrq1Ao99g1FOYSSrayjfYAXRZ0M42zCt2VEcIjc1bJHOgqGsDS6eTf1
Ah0gkRgilpbB28aGdASozgtp2En1b7qnr2Lz8gF6Cc8IlFKj2BOXOsxN9HZ7WAx30XuIAFBCA6S3l6auo1ls2oAlgXJ2WePKohnU
1y2utroPed0txLiK6Jf3tSNWWHXcgC87oOE23PMfYFnJcR3AvhKoawo2yvy36DF2UTl9sEG2TLtQiF3OR7K35gEVAq3Aa0UGXq8G
FrL77WBccHjonJNtZn2Nf9jS02KvTeh1rKOelW5vNSQOQuDVfKaVfZ2RvinmF62Rea0wd5QPCIvxiNkcEOqn5lOj96Uivrlft6il
07FcBopxqCja82vJEUestjc1YzWOVDbCkbdxCBnAvnONwSDaZHTFHft7VozYVNDL8d1zK1qp6nZ3DnwUKC58K8QzqGYvGPH6mByU

footer:
  note: "generated-by-ci"
  checksum: "5e24ac7a7fa187e8"
