timestamp: 1779802324
sync_time: "2026-05-26 13:32:04"
version: "5.5.34.523"

meta:
  id: "ID-3d71d2807768c525fa953b22d8edb150"
  encoding: "ascii-safe"
  integrity: "e9d383756be15eb8"

data_block:
  sequence: "a71d68f27053"
  status: "ok"
  channel: "release"
  index: "0.20334"

stream: |
uLKCUCLXPO7s92OlGm0omNpzvVpw0jHiDM5wXgrOz3cpTibLLqTBZixgkdzFK1od3RK5itgxZpJurnEwPTCa7bfS4cnDe42UhRYf
Dnluu8I0doV8nrZURoVFjXtreLTGOLJz5R72nDRrsKb3ojMzOQxIY2InzaY8WBYGBiaFuwooCfBqIOwb9X50viVLx7tSRlZvlSr7
JYkcqdXP23Qzl0tJtLIRkygmV8iqhpQPvZEl6yY6irbSzN1jbNtn0pXlU37I3O5TM0ZUHC8soO1qj2BSjcQ7Lp6aBToIv6gtDUzZ
6yxIOhqy7LCwx2ia8ydRcbHuLDA0MXj2MLZymEisaF5EvgHO7H4FcF2PLdgh42a2L0D0Vlv19GopVbuIo4OHLL57CQvsNctdYUkx
4aB9z6mVUHSPlJmfp1yl10OYE82GuVOFbRFd4DukJFBbTg5AKcQpZQxFOkSLNzIgLGhPFK0FmXvl8O5rJJOOWOIyPm64zQds44jc
1R8JqSZaWdFxjJ2nREWV2Mvxc4iHLn6fhAtlcVLMtMJwb09JFviYdsjmclFqz0WlQ0aA7SdGhGlj5j8cEOFtujLbtdT5XwKVL664
2IHdCMq2rz9jd2gBxj5JeKA5ppukOjTURzdmqkyZA8tNF8kV80pdiKkY9wdiT6Ql1vQE38Yop0Ue63kw1qPkyQWnNDOweHzRhNdU
PSc2w9gz77vyRiNWuCmz7XP8ZIiaCPgKAawkn8lA4gCDOvhgW772bRGl2Gad7wAkrejYQ4Hs6abclHNISQhXw6lWTUVJhPA2v8KW
apgIksPYMN6RlEykMiVgTYfUVMVGaVd1564OTvGx6A5QTVldAi34RfiVZe9w7dCiOE9OZWlsUVLOHxBReUX5RvG0NCzgdBqkAFtF
Ksh81YcGD6ZLh076GCDjRYsV7XdNuvh2FND9TeGrzbUomGCjQpMy7vjXVQSQscqTneLV8WKGtMIWz63Hf7jKhr1BGC0BqT3YVo8Y

footer:
  note: "generated-by-ci"
  checksum: "7bea09393034bc89"
