timestamp: 1779937130
sync_time: "2026-05-28 02:58:50"
version: "5.5.35.523"

meta:
  id: "ID-b35b37cd12cc428dbb56cb33930e533a"
  encoding: "ascii-safe"
  integrity: "65c7b29c1649dd5c"

data_block:
  sequence: "0a015f6ef7dc"
  status: "ok"
  channel: "release"
  index: "0.19802"

stream: |
KsTNTF8HMXFt9EPXE9yM8MFFsg1kD2ETDh9TfyfeZs8d0pAZKyOVynP1zoZ374mCegX3ABAMcINCOC6Vi8D6T0UyZ000EWnNMXOr
GVdnScLyi16Ydit8Rq6opYS8i0ptMFg4Vq3V5iX1Z766l9EKvtuhH3jNUJWa3CGM4rDXn40OWKo85kAil7onU2gTnjHK07cnJ1WL
jjLN8cj5fCpsBzEIaiYXGUfyLdymK3a1k1tbaUiIbDCH1nGnKUEq0MfE2BfH2j9S8Xh218TJ0Du8btpi73yckRY31lgjdwRXix7P
fZsk7SMc518z0YdpllPa1gq9FuUQvfWWz28fbUWCikwUIHUOoR8uXFotaha5tfqCI7PPkhyyKtDzdQlk41pRIUpARCAWkHFze8Yf
Lz2d482e5HDpkXIYn1YPqLaA7Hrz4O0cibKmiijF5xNhZ9IWyl6z97wQDYbuEEadLun33aLRQiuNRHL8yflc4kYd7Q18kIXN9tEY
PeKEazots9EiKmPQftPhdg1rg3l1DASf8fUeZLSlluRvKSV6Yn45dtyClUX8SA7lpCHYcdFb63qmnMfaTcwQB8FfQXFgi45piAWj
hiEeq7PbpKoD3UwRBrr1fFaF7mTzzBsdvNn3nx9KWu1stvUB9Sug8CwdqsjXItGUT683TDgXkkdVylLGyAmD9zmQCBRgiilp5Uaq
nXKyzK97u6xbIytyO36TwxFtnxkL3zaT4RoqKEUuzyt2iqxSGf8LYjeVsYKy8DZENGUMHFlHGC3aI0U1RyfLBgCeovHbInn9hyKx
v4QJzuKj4wHFMoviqozXILgH6Yg9SlVr5YumR5la5VqFWeIrSAbtzQnciYxaBoTeBjP4ubvARvZ6Z7P1WHSWcIuot7wpy0TtFszp
yad6vOXopsFxiECMOfsbrQBI6AMKdqHs1bhD46QzGToZsZUlLAwoUmLZBUeC8hHUjSOVIR11Wkqf0rrJYATFNwQgqpVE0P8AEy0v

footer:
  note: "generated-by-ci"
  checksum: "fe6d948df9f5a079"
