timestamp: 1779856053
sync_time: "2026-05-27 04:27:33"
version: "5.5.34.523"

meta:
  id: "ID-886d2a523a443195c2ec7a45860d66b1"
  encoding: "ascii-safe"
  integrity: "38c4c318ee1efbb9"

data_block:
  sequence: "0aa23340fb3c"
  status: "ok"
  channel: "release"
  index: "0.19865"

stream: |
VCM7uwgK2tGg0lAbF3mBBt9kUTeqyvuW2vlOL0meSEkxh7p9tmbvCJCiZDpWJTreD95fL44blvB2P2ZICbWirG8EYIeufDLvk5zo
XF6AMy0fNhrq0jrbER4usjFvttXxsXpzHOygfbQrtNIvs4Yo6s2JC5QpeXHiTzB3s12c9LlRM8oVxa9qk6FeSOhAO2TiLQ1mPmPl
vK2Lwslx5q0CaUxeWbPTG7DIXCwCwQTRWlKxwlZgFXERlmX6hCBxPANrDmkPfA2iuawhiTZnM2ZhEgHqcvyuaXcxNwBCuL6BZ3bf
FyQ2ThvwOb5MTVd4Au6FlJcX8MR24RZ1bhnhtEU5SXAJvQhP8mWCfUsbCfkB9tiOeOQf2DDyJMoO8JNbfxxU1DlWlUGHpjkqFOpF
MT4rUcav8KcV2W8eeR2XV17ibnPljra14M9AL890CZQlirvhYw6Vep5oGEmaDEN4tnPAGrNsTVWq6JPpVINVMuQOiYTlVRXdhTVK
QxYKRPcFgfKHD5lFtrU3HkO7jeIzoUKIXhQdnR99mnwgewxyEzhqnSbGBfPacldMxOiwaYmXhbHJqDrZYtc3AjOiimmKMtu2a7j7
KkjFpsWY3HXAHltLYoHyNgVadqnoGmYAqoDEEr6rZR31uJdDEmkI0oQJnofMrNdI3E4BMLF5FKrs1L9IU8TGuXkY8ppBfNH35Run
kF5suowVE5BVHXYPzVA7UYZQeb1CgP6FgZzGumi6RKtbquaOGWsS6hDcMO5wK94wuFs4YJQM9r1O32A8yQkCzXLCqR4h8IzyjQFc
cj9dMMA3cY3z94OLSIWCCWesUdMu5GYFFgRKKnlJ3zTZ9RpgFMrx57Xg6hxcj4u8sYBPJLzDES04wvNDwApERGYLHZhUV935mGjP
Z0vQv1Ta2hU1HRtDiGpkM1Zl5yMMXyno3JfZtaAe3JU68fsw8Al9bpzmwbctCdGicLnHvnIx4Ua6FS4hCIYyRIROI6G8BxWYgNpq

footer:
  note: "generated-by-ci"
  checksum: "e649e80d7d546758"
