timestamp: 1779286318
sync_time: "2026-05-20 14:11:58"
version: "5.5.27.523"

meta:
  id: "ID-faacc79d250fa5b202da16e33900f53c"
  encoding: "ascii-safe"
  integrity: "9a771bfd37af819c"

data_block:
  sequence: "2393e0c416a6"
  status: "ok"
  channel: "release"
  index: "0.19395"

stream: |
jVijPJuYhMwM19TjVEuK3yrNGvtDYnzk5ixQMgRonZSp7ksNIsf3OhrTEkADkzdMghbKGB2Bk6tU8XzcxOnNH18Ztc1OXLFlLETk
oVQxMOOOsR3gxv1peIhhO0mWiJkKH2LPKx40lPGmQfQxQZwo6yutlgrEbf9tRLsydJieCAJecwHX7fgbhVLjqIXc22PpcscDybjE
J0UW3q5ZAKjHjHzZxivKn3H5ebeAhFpW4uvnBFX014AOZPAbaj6aHMBtd4yeAeebvZsVRtjvDx08cpXP3jHolIHIukXm4z6T3tQJ
EWmN2VmctBjuOxctZD0vPAADXZHRLZcyRwuGKgw5UiZpWZH4lhmUrQw8ibfaPjgUuibqxgsdd9bxCCuam9EF9kRYseQi70eWT8YK
Y4fIgOfGmTkl9kc1C7y5wJF4wo2hifKDKZV5PXOcFacrDGgd7ichlh7dzb8iZGO97avzL9Ubvy8WVtJquKRMtgA0bEiuqyUPl7aq
VnU71niCVb6wnoNBFrLDcja46GRlXa91kPoV549IesTDzu4CotUN8EQac75zJ5zbYpakArEOZvCrT4AvIDC6D01SryJQgB4Zezhb
px5pKxtSN0PCYVubJwQx85r7Q4aGidkPo58VF14tPPJwEOmFVbsUrWL7BVf1t2C4ZU3B7uAaogqwXORFSJ25Kur2Mq8acWxzeIuL
0pX4ACTG6i6Rf3samFkwoxZd8kuJ04f065SWXasMy2QQwOjLi4Sm5DPA5NisvDFsK7sOwBw9QQFFEBLfTTwX83KnxhE0SFxHwJ1i
RTNSEcLFSFI7S1q1mDZuAMSSPC6iJDkHaYBrCAQxCugOWTCXOSZhcbR9Wd3opthiwSRvc5mL59b3JsGezB2xrZMxTCWeCQcnYn30
4Q7w344n3tAPElssDI8mrnq5GvH9HB8aaKOvkaV4IbHB8h3WoQnLo7V13HcwBDfOoeNDST5XChKt4si9zLwohrb25jmcGeVHIWzc

footer:
  note: "generated-by-ci"
  checksum: "e5d3320ff34c6cb3"
