timestamp: 1779174586
sync_time: "2026-05-19 07:09:46"
version: "5.5.22.523"

meta:
  id: "ID-8a8b3d8efba00f6656aedfcd6c31e607"
  encoding: "ascii-safe"
  integrity: "556d60f936166b61"

data_block:
  sequence: "321a6f9ebd37"
  status: "ok"
  channel: "release"
  index: "0.11066"

stream: |
JEirFLjmqBZH2fQFbMfqsIgeOmUumoHKuXkJH0INjnOkrNZFLJRVxq8rbxZ0vEMp5TRDfx6jv7Ttv4EUumCYGpKTQsMaRArkzIA4
xwI2tKR00d8Af2f4aveQmHBbvB2AztOgEYT7c3zmIvy2ODLu3KxnQLUJSTOzilB8zngUArHr57Hq4vVVEFu6itNHJHK0je8nXmOT
kfnbeOWiP5xeb8u4vbQcn2qBDXsGrM8wUjhKnB74lPaFXgXCQCqL6fLtAc3706EHAImp21n1qkpCgkWSE1eCtDpsS0o4NrL73Wj8
ye6XNvpnFoGjH2zt2oC9CrBvC0BRW4nq2ZFnLyvbpb65xajN3ia5bSV3lqznpwywJ2UQDItpJPfXy4oN4lgXhBPKHHyQ9HS0INZL
BM89LTTxITx4GK7iTcB3eOgDBf8H0bMgughG3ck2lz1zN0dZ34TLuBbIjNiDsBR6NzBRlMq582YKDTbUueCcrco61unyOBYYD5Fl
33K0Eey8YHdaNdyF9jnyKm2mEQnSr404PkYMvRObMSzuE9Z8esqiGEBIsaMk1oBMwYUHQCRqQwVStGbkJyJodeWTvgPWdWfUuDWJ
4ufElPDlHywQChAXP5Ywu8cnwTcvTmkjHJDGkvaXpOyZsiVCiFlm1VQobzZi8l4Z7dlhytv5BHddGLoHianMNKfkUXhwb0wLkJyO
nQqB52x3s7MvPPxXeF6rzmC9cPuihx8KKOVbJzoXsFI9Nd4zCW0foSViJdIOMPzUph41b1VA6DKhstgEgxO8DHzimxQ1VLjXugNy
L8IM3qvoDbk9sG2zdqqH0h5fjTJKq4Ju24guhPRkJgPFtabNhOkxrRL6F8adXnUZRNkpRjA4AKNonmqwICXt5sPeK5lpVpnSTOb2
T1WlDxiIa4Ir6IY7Z4DJTRmOoYPwnOL21MscQ1mnMTtOQN68NAVpdiZ9zooieuH9yB8lDwdYhxQPcYswk4CbHWaSVTKlHHX1Xubt

footer:
  note: "generated-by-ci"
  checksum: "2bbcbff015710096"
