timestamp: 1779990086
sync_time: "2026-05-28 17:41:26"
version: "5.5.36.523"

meta:
  id: "ID-25c32e137a65adf156c597d87ce5f92c"
  encoding: "ascii-safe"
  integrity: "7c0087d01454aa61"

data_block:
  sequence: "b61804a6e6d8"
  status: "ok"
  channel: "release"
  index: "0.6050"

stream: |
SM4xPA2VqsBThNPk7KVP7OJbSBf1V1A4kvlwJnONtbXRQUVcNqXcy5Vb8zQs48XQyCpZzUI43UTNFRhFCMspMLdAsMx68L44ZQoK
HH43pI4zG3z3DdBffpFWlw54w1t2zFkOuWajn5KPV9hBawS37xzXuKoZYDMDLDmoI2KswJ1U9G8y509xKdwCzRkv7ZsLUfLAT2sd
32UhbE626li9X7IU8qtXLzoI68ZqNf5Ld3q8nsrP8FyPbNXxdxa40YwbDope14wcrGJaLsZOOYEqob2QEAmAQUcfc4caMFCRVAjw
5cseiPE1a7mGRLzWcYvg0T0ISCARI0vC75GoF2OrCG1mkkdkphos9holC5B3nvgP2x96uJBjx1IQXMXenDGcSWeLU7Y4ok9te0AD
xPnA1zqQuLhm3mqDHhdNkadh3b4VUFdwi3FRihGZBlMtK0wJDXzZFXlxMfMmJwu7hiyIKLSzQJZLYSddmLvcNw1ApARyBl1c4oEq
EKQC2hO4dVnXVOfCC9oeEYF1SSjsAJPLy7NsQxwfRo6O45YLDGtVwtXMWlBSUMwufkdvPyWlBLI8lHGLMEKvilEkf4exfIJKZcml
qwo7ENrz3OuM9hX8kqxpkx0AANmMEJVDnq6loNcuHfyWpfOsA7ZR35LdCvmWhvNrn5qT37jInBY5Gc9GOJH2EyynadgjpAE7Oc5D
89JuIj5XOJrT6buR3K0kaZiyo095YBGK5DONMHcuw8VoqWiyF0xcn3rEFm03Cciulh1R3r31bsHsPEaiw9T4RdqATcI5ytYOKusa
QhSW11WhlZPkJANk12begYV6aoY3yYBS6V6gGVG6uifqLyC1gjosy7UNrIg2JLu81C4SFVKc8xBakAHDTHLXKGRWB6StjXM89c4M
4bBlBKxnBXIZEnIVgWf1zIPjSTZPk9YSzXYimSF1QL6DisveWLUphMb8QiRSMpsuKIdvtMM4fi8fECZXn9k2z3Zulm99V3n6BfFY

footer:
  note: "generated-by-ci"
  checksum: "b9e397991fbd0587"
