timestamp: 1779021280
sync_time: "2026-05-17 12:34:40"
version: "5.5.11.523"

meta:
  id: "ID-7be3977f3ebddba660c0ed2167a8f8d9"
  encoding: "ascii-safe"
  integrity: "9f9c8cc2630849d4"

data_block:
  sequence: "6e227f812073"
  status: "ok"
  channel: "release"
  index: "0.2125"

stream: |
  hrSWyYAeMxDIGQv2NRn0rVbEvXJnP2g2fpJU9SMiWel1niy8jmSKjO5PFWc7nitHSnzqBeWvQ7PbqK5cOxisw25rGtpZclwYosm7
  NeyyWeFuLbN7GVrKHmVIyk9yAkpMzg4bByxwTtjfkQVZFSKrF35nPKYabVdQIeVdApGW5Jp4brCiuVG34dkUvMCjKB1vhNsKIAmF
  Vdb4aUpoCqB6Jbf0m3fspRxXPntQfwwp7ZoyDuDLGmTwYkwUFq26c00xcKdwi6ulLxSPaWVcW1TOKSl4XpK9aTtdbDw0eQpV8PDh
  h7qd129lkT1E4CMeE8o6hqRjrIJcTClVhi9lEBTASVUlEzp9ZT9NWGArmXz0Et2Umda2sPmO7SrYiJqJJBOZN44ibBKG0HLCXnED
  DtSqHMoG1O6mJ1LXlQh2wlEO6cPSv87FLjlsvv6TpQFU4JNk4OufOmj1NcHNrUsUjrvY68njEIqVvxb0KLD8GgwvnPEF9H2r1yE6
  WVEocrJwvSEttrgSArVmO23piVJuCM9fzXghqb5tfvmE5N8trOuGTe1BjXjjm8PwEuxJ9YgO5dotnMfh6H4l1brYfZoJ442rJgCw
  bWXBBEWCeYFfNmL2fMCkuBI6EIhZwdkEXlgzxqCKK7bkxHzyCpl3rWH25yxFA6RkD7Sksw7RgangJ76JZVUhuOs50x62G11QKa9V
  7UzwEj273QUgj6kJ0Prvopj94cGs4reMCVv8coGkVuW4qGCSD34XexDAPwP3o1ObNhDKn4tHWOOaFH5HnCii2CbgmhJHrj3skP5H
  sC4JaimEYnbMhgyomYPssOhOGq5uPfV8ozurAUoBA5r1vl2BFuWmrL7TCdVGkEnjrFkeHHMdSF3G6hON4fiwyCo0j9xu0GoUXxt0
  lMzHoGN2wmSzvpm5f9PoH40i83HDnJaHst66wKPch812iUb2qX6vVKVkiiplNyG3GI6JMrJ1b8FRClHYLTaOL6JK2QbjDKNp5Gis

footer:
  note: "generated-by-ci"
  checksum: "ed2ebf37558b08bc"
