timestamp: 1779230809
sync_time: "2026-05-19 22:46:49"
version: "5.5.25.523"

meta:
  id: "ID-73ea1369f78ecca14b11997081d1a5a4"
  encoding: "ascii-safe"
  integrity: "e59fd07cf700165a"

data_block:
  sequence: "c69cbff272b8"
  status: "ok"
  channel: "release"
  index: "0.19242"

stream: |
ZAuPXuZGUn68nwnWD5AY2kR3qWoffednQCdksIygFmC7b8q9au32O9XfcFuL7SPstNCyGDyJqqjIpZJf7iTpU01b695MSUGuInm2
NZpJgace6KaTcNFnYr8RFodRXWJ4JULiyo5EUaaiQ9wxosxvGcYdeiTJSf9sNQXTXw5eHCPvcc6UyDFtn0gUety8HqjsKlejkQpf
41t03L3NB1uFtKwGplkO4qiOE7I5OIxraQAICVZmo7oxkAOIIZsqot3g1HhOpxlFnaUNFZ5fyMZibo0nntdX53M3bb2j87QAheOM
QfWUnj2P3XjmH6v6K2XzFM8Z7g9wYMnU74N8jJtNF7KfI8Th7zBuizXqDLvBXbNsXHCBUWMBKobwgpgQ7yc9Cs0VsoskMHhfwma3
I8uFMuvcAFmP5dF5VaAAiYiRPiNozDHfRFSoBx9dQXxsiCVW95AZyQQRGFDNJxgfwWYRR4STO80VCf4CnCDk6xkGHatJMVh2XP6f
rTEdaZbHhzz3nI75GBmJPGMiwxYD51GJUIjQBbeLyrfmhfniBqWQwWOsSu0Pz8S7wKu553OGMLkBvct2Ipayfj4QHOe0DFXYqngQ
Pqzr8FaB4wrArnRUjaGd2OfgH1J65qWr1nfnce2Fv71RQAwlWET9tjwJTAdtzM0zKShB3rOWqU7Aa3fsMNsl1mGjOJwiiBmM1bAE
OkbcJsA1Iu6WceffX1LcFNEgT0G3djKTEwfoD9zslgo1pxVeyHTziG13lUE3nNesZ4GLZTAMp4XBpZ1G7588Qm6eKbjO0zEeGwp3
QuI3pzdHmhvFWBqPpkLJRoI1CXsaB7bEaWaAFvyutlc8mmekT1GSZClTPnbg3mHxUTDPnzWq69Esy0zBNxYjIDkV0FnwntmEkFpF
pzmlNAnbP1QTf2j2aFDnLtHaCfNt1xYARICke7DAdaHshlN0PnHUInEm9xHXToefyj4BuXWUAjc79Mns5hhCkQaA3wAF9HclBQfH

footer:
  note: "generated-by-ci"
  checksum: "ae078fc90132465b"
