timestamp: 1779281857
sync_time: "2026-05-20 12:57:37"
version: "5.5.26.523"

meta:
  id: "ID-365cf76bdda9d9cd6cfe8cd2e5f35fa8"
  encoding: "ascii-safe"
  integrity: "96b68fd7b13c77b8"

data_block:
  sequence: "060107e68a9c"
  status: "ok"
  channel: "release"
  index: "0.5000"

stream: |
YDSDZRAK8fqViUwWnakBRm5buqPyU5i6NfRTPuGk7T3ndetH32AoDOyWEu5cx4idP0vxY537whCob7ECH0dLZOHRLADT3HGZxWO2
1gMzZtct3eRBDvofK3Eg2NNLXLnQYGd4DCPbWrAyjtathjL1npzlYBlDDfixCLZVtSxDoyrgozba9jRQdLRDNmge0mefUpwbdfZm
urObSWl2xYBy5n4UCiQkiIwuQ48O2SWspkc4fOIg4QP2whpYIQRMx2JMzRzhl1Oon1RJ6DVfj2y0InelYsEHf5y0RFahP9X2C2ii
QJNMITiVJh5pOizOitZabavuW5qcfxGLxJwGE4jxgwbR6hcMqz8tOd1rlZoQIHpXcKOve6ZjljyQ6WgMggtmegfpT9dz8Rb7x0mp
BViLJwj94uU8zpSJ6T0Hj6mdUEWrph8ZEJnSzb6FI1VJukZUFUao3JG5avVmsm5SaL4Qqf5lwplc8FGwgQjO3R0PGsVgjXppzQe3
tB2i9Oizn0VDAFK20OdIzgnoNn0PcgLG6HXokg2Er54kJEMqFVbMHIJakwfnRzgbMYux3sRvzadEuZyjRlZSLPjb21wEn7rfWu7O
4P2Nw8dGbxTTvROZmYuLKqtjiWkuYnwIK5Mjm9sUeqVBb4nGjtTXUPaT52pC2GHz7kGSYB3UHSJPS0iso9mfbjuRBVGtmDBxsHIu
czRULtNzqownLFlPaMwpkdV8BXlHKDzBOiPOuL0ajkP5F7xwm4eUevz7ZsO2l1Pc6l0JkceV3dEwCAMG8HR5Mn66EFec8AzsGG5n
p6um4LPLypyOS3WoSc1eYMtTZ4tCKzyETFke9MmIlwW7M8fPrXSLPMycYe13p7x9nY9f1i6RlPbNnLZ78yluv3ANjpItviFti87D
ji6uzTLS8xO5naRiW5OQmB0zuBawNJV4fASTrhBGi3XKZl4q0ADAVUXYUodHNKBMMZx56fQaHBofO2qkInL96GzKwhffZmAjNXJG

footer:
  note: "generated-by-ci"
  checksum: "aae04abd8f5e9bd4"
