timestamp: 1779375331
sync_time: "2026-05-21 14:55:31"
version: "5.5.28.526"

meta:
  id: "ID-3effedaf3b07df3c287b6d710ad851a3"
  encoding: "ascii-safe"
  integrity: "3ba960cc820f21ac"

data_block:
  sequence: "e5ce31f9eb6f"
  status: "ok"
  channel: "release"
  index: "0.31030"

stream: |
tEUENCcU6ZZlKqT8zxay7ldVtjBdvcQh3e3o4HrOWf2z3of6nQN1HukiN2MZNv2z2PRjwjOgEKpY7dwCl7wQVA7sHT0C2k59xefn
6pdMpHjYEC5TZl8zJsVPSSAmcxN2JllBUNgIEuSBtlLNd6zTCXgPC3tEgPJpw02AmH9V8sY6634Dn0BI44IIUxzCVN9NQdbvblEx
CoNDGWJAuWeOdtEEVXaDQP8Wj6egLdn5WDHIVukGDbdk3sHcIXIJ7yvjr4HVnmuPM6ko9RIKJQlBI7wRUz6B1BJdbnN7P6XEYpdl
hLsHbGJBYQrn6E0n9W86PU3rEvvobkoHxaYlyddgg7pcj9rdAyYFN5m09uGs332tMWkmCu3GIu5akXQZw1DYP75650dcyxvgrxMW
meYO0XMPg57Piwxivpl5IEsUnVI3Ln0JTjSY26sDGDHvQZWqJb54IpqH64NyBxZBwzEsgLtLklgjVKThxQc4fQRU8gWdLAoOBf5i
bOoiJ6KrOifgeoqCuxNBlUJueNg9pjGGDfQxFLlyWSpg93FUih5GjF50MuxwQXK8EbMb9IwQaWOzQtGdYBIpJ4l77bWkPuTxoi3u
1JTw1IiVXbsKPhaUe4YkkyPup3xRp7ZCeYygjWl9WWht8TjcrdvTJaleuvttllHRiLrRc0lp7IsUfbytAgkoKanIOuBsyaWXOewz
74xI12TWPbQeU4EqOJn6LK0EFa9kXCAMgKxeQ79Aa7ZOpH9oexFTfPdlydGTMwdHpZSW44GY7atfrzFEIJVC4q1SD2URZlt48VjD
NXPRK9tVjNc8CydVixbTdTG0IfhOIxQD35mFKxkkh17m7RQdOOLlhcBPXmUn4hQE40OQRuXh0YtbXlXYUbik4LXXKavpgeDT1bys
5AnIZ2PeDyyb3ckeYNIn86QXasgvj6TBDE17yeHdU8GghoT9w4XHFv2owbyPk8MCOD7akSKaSDhcmiOcqYrV2LinzxxdlHK9r4l8

footer:
  note: "generated-by-ci"
  checksum: "d10668c306ca3cdd"
