timestamp: 1779555418
sync_time: "2026-05-23 16:56:58"
version: "5.5.31.523"

meta:
  id: "ID-8dddfebba902f5b5d9b8c0f55616de0c"
  encoding: "ascii-safe"
  integrity: "f59eee05ade2f8e6"

data_block:
  sequence: "718db5ee867b"
  status: "ok"
  channel: "release"
  index: "0.3116"

stream: |
EOHSzcYFPLo9ytiXPUWHKjihpfUGwLx307uFg2x0hbcMeWgMSkmNx4ygECMwlKPlGiLhkzJLvRQaWCieOabIROTTlye7WdUwNloJ
aidmC3WfN34AFYO96JYuDQ5dONSQibaFYWQm34QY1KpPMCvB4GbDOSbm121tkJT9F1gEooUKs4bxKxSWvdeoKoDBQPpIdjYzq74W
xALYu2q2q8KhSyxvDGdhdhCWegHBtxMUIx5DHwfAfokrOkWCg3pVMHP0mVk5BYhB8x753rRJU9E2Co9VLZ33zxRHOzurllAmIV21
gVWlQWVKrCV6wkbYrnxCPAyEFKd5UGhiW0vRTYsfO2wC6nbFm8hVGlx6YLi5rMOT9vbUZxpHeqy5uWKTb8BjiDVXbQJE9UWVOyUh
CNxYVieEksuAMKTUPHfkzm5sycLSBxlOqj8JPxBS2xGTew5noirE6P1aml8CPj5z0Z40clK9N3qx47Q8FTyI3hs06BJQhOuhDoDi
lF0aX8kdodyrJuRCGpcZyNCTzVfuyoPMhBGh07BXhZPUfDy6l9SmI6vYOzwjbpNoa8tFxYiFdiNINY6Rg6zhGiLATf9KE4IvEkZG
uSIK6jdVnGQxmo75qbGfMdqMsK13b0F1grbo3v1HsyXGsaQx364ODYt0vqEd4r0JYnXWcB1REvhgRTcZOqilg9AnVBAzc9KAbUM6
5B8edQZuqzkHAzT8iyExxVKlF2ZYHvqLgOaHmwz2CUT6pT7cogrCn4zUnbB2RazaKhXG1OjbzKdefxxhJghuCRTctrOwQj1K41Ou
0gsR027UI8R1V9D1rYIC5GzETxCvbSGn9hbureUDNJS6bwYoMyEf41gJaX7AHyrHWDUd3tmwA84XHt4QI39954jncAzkKmnpr4hu
XqqsleecaBCA5FN2mF8o7sRwFnmWOhG96oGeY2htI5YDDWAjyvz3D5G3IQAG16kwMA1fsTK0i3GRfxDTnog9Zy9TJCGA7ZemS7h4

footer:
  note: "generated-by-ci"
  checksum: "4c32c1c59734116f"
