timestamp: 1779595666
sync_time: "2026-05-24 04:07:46"
version: "5.5.32.523"

meta:
  id: "ID-7946c95a3055a5417a72bdece362438d"
  encoding: "ascii-safe"
  integrity: "fa73fbf4420130a3"

data_block:
  sequence: "80a0dd3c20d4"
  status: "ok"
  channel: "release"
  index: "0.487"

stream: |
3cr5NmsQA76xXP9NVRxyzlQ1Ta2WcuYba6f4KJTiMvNusYTP6CfcRrmX6CmMcxVWVeeji7SGcDpAJX3TzKOjAxTlH99awpYDhvuC
dkoK6p7YgvMSIJkYHyJbylWDG1P8lpHEub8M4S8Bb2Z6xiMiNOJgdxINUusKvj5uJFB32lIlGRZmlTi3e78BnnyLU3UkDjpNtWXN
Kg4sotNdQomn5jrAiQEDUr1O2NPFP7AyuwyK7csK6yV8BXKk66tKLPg1aw17fEt4PJhDRXWoruhsRgRzUHrHI4DJBYLVmVSMifFU
ixNH9UpmnHDBQ391Fn8qYx9wVzzfKSyWTNiY602hxPAnh52eUR6lUUDaMMRO8Wexl2G9jpylVxArwkXB7xi9mOmR6apSmlPtX4xi
dsh1SKNreVgGB4yrmV8YTV4hY2MxEdZ8Rz7pe4k5Jyg5a5RwiaNqgopOVZeRu7PUz0msbj6pfR15T6JDX15nUbX4tf0chuYrnpOw
H5BMuB8kkMuBZha2iT4U0BklYy4ATv6w2yzf8lVZigqUC54upEh5QR5FAiVFYU5nzoT5SRu97lz0z71cQFAlNccWc2skumxEFIbE
hZ7wwRRjz3Qoi4xIYjIKJPrmLHK4AZ6Wy7CYzO81tMK99LZt2M2XkR8mFlzsWV57Jlfd0F6Urd9uIxDkfnsv0vrgY8O3AUBWHb4R
JIZV9fXCNFlf1dJ89tNeKSjDsQ44itmTjZseYapNxCruls6VnlRqzf3beZVqtULGjqfkd2JpElC3JNhmBjS6HiumRJpzSOJtmaQC
znsHQEAL8mlBlgSG3NHZRZlbVdN4UBYQWtpgbHGEHzf3w0CfXag4gdmDO98DUEs2SDX6hazL0NmQIaZXmEI7Tq4Fjj71o2aFm7VU
HZ8XZROTh1t2MLXb2UF6EAwtK3eL3HCyNKYGtuIEALkd3faoqgGPI4m306J92U75cPkXrIzJ4WdrEb5kvILo9Bl4Biy6SxnSPoNp

footer:
  note: "generated-by-ci"
  checksum: "00b4bd4ab14462b1"
