timestamp: 1779513336
sync_time: "2026-05-23 05:15:36"
version: "5.5.30.523"

meta:
  id: "ID-1657665ad53d740a9ae37c005ba2ee1a"
  encoding: "ascii-safe"
  integrity: "582b116b4c4110dc"

data_block:
  sequence: "f32b6c954561"
  status: "ok"
  channel: "release"
  index: "0.1656"

stream: |
tMbEUivsSulYSvC8vZlrH10lfgyN16RiQnY4UhOVhAMUrZ6CVZ87XITwWOMTU7zhb6m2XlafSJSMVime8Qoa1eqc27ltN0JbYXnR
1IMXx2SSDD0uT8C9lETL0eQglWc9weQy4977wqh76hAHdgNOceZfcvt18lF2J5pb5Bo4dL5Q3MyYL4NItIhENWwf9oaMcDLOSine
raeTUwymcNzQogUBdf1OMGoSjcpSqEcV0SpysyCmjxNWMSDqkR747gSlSBEqRIq9zOB15b9keA1oNyC3Qd9uFto55uaIZAZbNQT9
ooKMpURjDTQldfUEB0wiXSRF63VQVQjWaP7nTkLwXd7jz1ATuDrprYDIrhYYJzsrsfNE2NTkdKW3m0Oq4gBPlghbMCqsqzDhm092
fOiKDte7kJj4LrPeJhCchREsOIHDuhLTwi8wAISUEJW7gBmZEq2ISB4by7YASmMLKWkQmbh8UjvaqMv953prYLwrFj8HLj6miEeV
aGMcYhGuQGDwOxt8cvkUQhJpeKRrUzGh6ltTowxpq40vmd9txh2DGhY7LBZiazPLWoweFJ3fuwiPJilodl96JoUqHsOmntfXAKmv
UnoB3eb6g2DChkUm3VHzOPoQxY3bm1AamECfxMnG7shpgbwdWGrcE39ah5cdRarF4KKt7qFFfCbBF9l0HrE4CPreFxMzGNZH4DxK
6nSTL0b9jW3eWH6HEh8n1HRXFF8gsvy1CVlv0RSzjXM2C3VZr6la9CcpvovXOKuMxoraxRDme9FsXD7vceg4KDsBkQP9jC9g5ikK
d5dbZp4JqzX3SxkXokiomUHTiwUq6Qo32JiYpAmVLUfw1BlyY03IPGOwkyl9YyIZzbRRjNuRbJ72MHy8cOAqV9dM5zECfuZPWthV
omPguIJF3Df8ajDXaTk3V2qEbnAR8DolYKlykoh5yb9OpAhA6MAhHWnBMOoIGhphvW3JgvYO69eIYkx44NNlQQ8QE3GXwmMEsbKn

footer:
  note: "generated-by-ci"
  checksum: "ecd62b861a93d432"
