timestamp: 1779849311
sync_time: "2026-05-27 02:35:11"
version: "5.5.34.523"

meta:
  id: "ID-5370bdff1e221f160530063ce8329d96"
  encoding: "ascii-safe"
  integrity: "ab0b78134fb3bfc0"

data_block:
  sequence: "7ec124ebe18f"
  status: "ok"
  channel: "release"
  index: "0.3666"

stream: |
dQXOrG2gm3IhwgrTdR2CRXuwDnwncpUfixkz2tCxitssxRnWb83bWxWqMkt1LaeyFbX6k83QMmG85i3SMnf5o8RFY6FkVzimeRd1
L9Uh1gH6xbA8ehgigsTaRsiDH8xMJg6caPwJPqgoXOa28NzO2XATngIbEAw1bIscd5utEmHEPyR5ZihHG4agOL0QSjyCOciDCuIK
vVOILLAbRBOJpqWHPefHPjXTO8mIsTyXWpjsRhgkRUhuL8l59Hps6jPUy6z3NSR4tKOjeAp0r4MXTFseNNfGVSkKIvrfY1lT1VlP
8jLslhLtq0WwUcIWchS9HcbXaeWCL7IaA7Km3agp3eyqi1t5b4g069wAbp1ay8P4foppIkeqiM9DwDkOIKVyHhZku691tDwZUWVY
8Z6HF6nta7Cd0bA6hk2HccdoG5I2RXDyMKSfju6KCLM9L3x6WM3DfxDDqoVUPmKp2szjW3XZ5p6JQvSV25fz0kmwQwtK36di2tSp
wHvMCyTBc9uEW8COL5EdoaZWtP214Lb37Bj68gM8dzBP8T4VN49tI20SKuEopI5DghwgctUvQtO8Hek7lGnLlb0EdyWmC1nWZeKj
belytdnSdylxjboRyrBEEjoiTrwDDGn0kR8b1iCqnygpniJLkqdRtKUyfu1NEKvpovj5k1ghHGJavxSdhxRm7Hwb4D1TOfnyKYI0
rNcorDOyNAcxXoiSatwXILpuyd2b8U0XgL06qZLkekB0p9SYhdEX3sq6PK5QYAlyt7NoL8Cs1CQxHFtv1TmlaauCRut3ZOSqPbqm
MKIHU3eNQ6fuRbVI9Y384Qg6IGHhkOvQ76qovTCeBxA6kS82CaAqyyLzdGNHGd0cyLRKeZMAGunYsshy0OOkp8molrW6Cu4YuCIL
frZJ0oSD1qshaqaJxoDfVQtUluY460Z1klGHXgZ5XpwBLBwTB4VNvtgnwno6UImVzR3rgP25V5itqi79xVRmYqaYn8G3FmIrNsLS

footer:
  note: "generated-by-ci"
  checksum: "d232823e855ca63d"
