timestamp: 1779878056
sync_time: "2026-05-27 10:34:16"
version: "5.5.34.523"

meta:
  id: "ID-93cc34b9701177d5f32ef349a145a42d"
  encoding: "ascii-safe"
  integrity: "00a10e6afa8fe445"

data_block:
  sequence: "a1eaee9d82df"
  status: "ok"
  channel: "release"
  index: "0.26978"

stream: |
5M3JmhxN1MZSVw5iKt7emPniSDbuGbhDOeTBtIaek0A1JrQ312r9k28DnM9HYpuQtusX4a77767bjGjKzuys4kQ8tc1cmQX0sCj1
ZFKp0rq291CRcfVc5zbso8QqItccA5wUfis3Py4v4f5U7C7XgdH1Ah6rEHOC58WLDKQp24EZLrt5QMlX7BxaNpy8zFC2vFl3WaYX
FlGjkZZcQcFmzc0P5V4GHAYXEPBaaaG2XTQyPHlQaTxiVw69MTOgaSvVybL2lxiZFVT2AKwZofCTCQwGsttvM6J70b6eW6JQIysZ
1a5HaiweYhtnnYxBaf8k0I4YdKdcHFsMo5dC2ydXiTwyHpWfJlBF9UWBB4Ei2BYtO2WNO91mJ8SYOlcBrBWvtT1jn91eJUyEUfF7
x41nZspV2b91rUMsuAcRXWEGUy3xwdLbbATVkIlMaL1cXVrbG2TX7joxZMDJZbGLcwoTxStn9pRYHzTFCaqo2E92P6JIWikMhff9
etI85268opZ46J5BFMnhlqGLuaZ0jgC0nbqdxgpPJiU07YaaLPv5JlDgympp6NLePIIxFPI5fZxgI1XnLrym1XtdYwZ4nusRU8LL
U5hSSw2eY9I7i4Pg16kMIoKFDeZrdGmeR1ESXXybtwOtaSsEq5UHpeZgNi2Kx015xL9jgwyyattxU3sCKMXvGW4MIptkbaN3ajcw
ZhfHI2g0Z2mXvScHBythH5sEF0FP2rqCaO8ttjt8ulKfFzPMBEzzxGDTpQDJ3EuRG6KgAF72YDQJJ5gaHND0oIhU6kgRjZ8fBkP5
pYhh5hivdkALAdonJ2DKnbaSs3RhCLZCFHfRIiriSyzp7F9JbrAKtTeM8nKZGDmGuwP4FYC2FR979BpGUClajQEhMPpfrNVRJQvb
EzRUm3Wap9svR60stKJiVS2jU36WCTPQnS34j89tAWylWPoZpEl9gWHcMvoN0qCFGv6ejDLDhpQyc1ToutvICsgsDtqjyVe2jTfw

footer:
  note: "generated-by-ci"
  checksum: "da679facba9b8f66"
