timestamp: 1779514544
sync_time: "2026-05-23 05:35:44"
version: "5.5.30.523"

meta:
  id: "ID-a839a81862eee5530f289e437beab6c8"
  encoding: "ascii-safe"
  integrity: "057a052f08b4c3a1"

data_block:
  sequence: "e12e0102ae94"
  status: "ok"
  channel: "release"
  index: "0.11275"

stream: |
tmjn5v0T5aUv6YgKznUNmUqx0Hc9TWGAoAmtonqg3oMI3BCetUVaTgpVrn3I4AWndVYRdwjXLvDew8TbQ5TaVo4igDe0lNUS9vzF
m3yvuIHOYakt5pRNYyTO3iK6I2k7MCg4QfD1KfHP1EEEGoDNVBHREQ6uFDNBD7BhR0ypaShrrHNnPuxc8hLF0mAKlyo9wiqWQLGJ
DuZ4X64IYusd32XFG8Gva0DEbNFFbagwJasPaqZ77YHjB5hYD2kjKFp5FUA8hT3GBOq2XLGgHak8a7srhgdr42EPRfe84NODptLr
2B9Y2d81iQx4adz8KFLUr1Pbys17L0Uj89PxbRmgXPB7OA5YVpp1Px9PbveUI34OTkJvhqiLKKUkBVeT2zSdMkfx5WJmfYiiymEY
K6RuVthaFFSdjKE89yGVLJGlcSVBf078oE17HPn975yBt3010vk3Gs8Vo7dRzJMJj2tgENTKXOtEH0BgkXd03WplicVl3c6bu2Bg
40wAkUkHafAbAIzJeZnxJCNVQ8JOaV5c57n8WgQuqfJq20wqiLLrFQiMkpo2IhRHFp6tVtqilB9F4BD8SW0FhdGpFivBklgO2T33
ID5hM7xiKdWFctyELktIKJHkagzJBP9OBGRqtaGHvt65mwHiYjpet26FUfmZFQUWyr7FKoSgafh2IFBYYhVgTBlcQhFtYgaKmOIN
cH6OdTRQj7inBwHsUQ9kMoCayhpKd7D9e1QkXRlmWU4Q2C91y8YK6p86WCEICi0O6rSxHdxjt1RuxqOPDMgeZ6QGapnkECjonkHM
rNmGcuJgzkEwrZQcqNpqvSr4IGtR2bHeK2314fjndP6CNPfaSmTipOHqKtqWct1IezGNcQdYincwoCTSqBEN5ey6uNo0sLSbKxbq
AZFeUAna7nlnqKvlzQOk0T1VNGXP9DTQlnttHs5eeyGKPi9uo4sltqZPnXIFYgNq0EU1Lnc0znN3AgVR6DLjJokb5WG0tWb1gdHR

footer:
  note: "generated-by-ci"
  checksum: "798fae3a28941f79"
