timestamp: 1779532930
sync_time: "2026-05-23 10:42:10"
version: "5.5.31.523"

meta:
  id: "ID-45199c435507402623997aa13029b12e"
  encoding: "ascii-safe"
  integrity: "37c2687aa1b44689"

data_block:
  sequence: "648caae0fdec"
  status: "ok"
  channel: "release"
  index: "0.669"

stream: |
Z1gFpJSiRLTeUodHf2j20330SiII55jD0fUQUCKXukCw9La2kG3JL5FGyRZRTEECnRdpQc1RktpWHXz3ORZGIIqX2x1bGsL9UVFE
qLsrVeX1k7pAVDm8z0rZNLuGNqGELJzEh7kUkCiNDTHoW3qkdttHciDBtv4YYucjGIfZQ0VwugFSQhWY7zvKLyl2zyrW0iZXrw3A
kxEfOOTAaP3ljJyc6NATAWst37naklkaq6Eqgu0I3UW44pRjv0KF3S4CmMgNDqaxviYLi36B24TaV336WTLUmJHD9J4P80xk9clK
9J4Q7EYNQ32kBekIMPvamHiYQ5JZKv9sUppT8iqHq8y51dsKWRewSPLlURGry3newxusGzQgJONazIJP59wxD9gqq0rwMFHitAne
GEQbyf3SMwlLo7TJCIIxUCacIyNy5fFiRTnVrweOd8u7piLy609AE5Q1ACFPIJ94MBh8inpOXY89afyHkMlnpU81R6QwPUTRG7la
pLBUC110LXtn0DCIjb8gfx1a3KY9ckt3DgYDKqjpNOAAy8dfuAGzsHmoQCx9rJjY0UPirtjV02CGbJ4iRPEK6xM0q4ffbKBJMEW2
kFMgH89AOPUTSF5IyGuwCxxFMkPRnoVmrLumt5dwgm2GbZvRGYZ1moUqtm49x77r1CuAXEGOjP5uuA7JulHs8FrPh9gRiKtuaiFr
FoBQtMDAytHmYaHDZunc43slqquXJhDxLL8qsliZTP5ik2MjHdXAd2aQGcZr5wewLQyURmldC4AV1P3fOsl2OLvURepDafDAFpsh
P8cRNzAiFJ6QPRhgo6wMkC3zdAzjU5JYNhx2EIzac9VjzpCDAbPJcFEasvaohW9OLbdHn0dQ53sKBZ1KVeyCqNUmMoiIKz2FQzBs
1jb8Gl5lIAJtkTqphmBsQBvmxurOkc30S8889BKYRsuIyq8Iy0EARrJtNTKsvYlasbcXzcD9K1SWt4QrVLE6JTBcuIZA0wGSUG73

footer:
  note: "generated-by-ci"
  checksum: "c9b1ae0bbb3a0d16"
