timestamp: 1779616990
sync_time: "2026-05-24 10:03:10"
version: "5.5.33.523"

meta:
  id: "ID-8b41d4cc464d26f46e11e9ad91513c46"
  encoding: "ascii-safe"
  integrity: "33ab186cf3eb7fc7"

data_block:
  sequence: "e060646acb56"
  status: "ok"
  channel: "release"
  index: "0.14746"

stream: |
lgjscoMq9ShgXkKcyMu17noOljiAmN31YhWWKsy2Nnlr4VmUThsKK5BN3BLblrWrAUkIX9GAkPe1eBmhh9oNkEY8qHsSIMOQLkWk
rtheI6reCYdRt3FUn6wLcJBjdsylZHMYvkP93gaieeQRBkF7SWKtdJ1nzjCI8oEWMvn3aJujn5D9uNiJFinyw7V8pCUyxcN7kOnW
lWYSgUfnHGUKisSyvOBrhzBmzmLjpy9ip0emH1t0BYAA5tVRjMCiGZuFNSUrYiB06l7kvz0PyQJk72f6DoFKJdeeDAdERmXvZfVJ
QWIkuSvm0WJmFK5uwMIb66tsEDMzLoJIa5u3p3EbEC2aSns5UqsBtOgG26B1WfUNqTeHDCHRSbzW5ssXTnZjI6tAZ205UF5Z54Pd
bnMDDiPKaIpA9iycMHGipHOdMvzsg2yYL2r3rgPQcrGSkIGe7JBotbZOuVuzccHmNbFbtazv57p0rqdPeslKQ2O2HVmUoo8HEQAP
sUB6zDgytY986bEjPBmiQkroOMnRrE4CVX3U2e2omDsZPjYj5EmRlkisZHen5VkocW5bFN54JfmcX0IoUNXNeBQOjDmvQAAmmyv8
GcZvvMon3OVjvM3O3tjoDA82gKmSUF6vrNpYqzWwg2r3iJAs8UIMgKLoINlOlWk3n009BErPYLufz0DEL1lIWqD6EFemREw3yp8Q
a3ffFBckN1oaaDgmpMnhoE0jq8F1egHo680c9wjDzoNglL6FWHAQYtng67Z8rfAyGrWn4vGoseshEX5HTE6ZBkhIQ1xMn4pFlVUF
AfiPotjw9Bb0JsO9qR3unqyGJo0K5TyHWP43Ch5dNO7iBHtmmddwNqhb4CeybUnhowQHdqBhmd6be3745Qj1rlIxsgQpPxnKyQEq
Ya5uEKyweo1uZAUwkMrUNrNYw6BIRSXhmVVdyHty68qXzMpoXRPLsmaU41fQV2od7X0ZFwYU9FHMvUgmuqq92rIR7HGsKwn3fAGU

footer:
  note: "generated-by-ci"
  checksum: "7583f427c311976d"
