timestamp: 1779537037
sync_time: "2026-05-23 11:50:37"
version: "5.5.31.523"

meta:
  id: "ID-c0cdd0a34a9ce42b690c76b662532827"
  encoding: "ascii-safe"
  integrity: "add2ad71a87a03af"

data_block:
  sequence: "614e173a5955"
  status: "ok"
  channel: "release"
  index: "0.12069"

stream: |
zLmNV6uzmp4AI6a1Dhq6vSwgS23eTSmH4oeKWXByPAbwd0wbhvzENnQNeT9jyX3fbr2QQxHeFPiI1ObSLDYnGr7eYyL7YCKP1SRL
D81YR5K7vDHq0HgRYerDXw02a8ZjSmtGwY5VlffET8DYrfAfgWD133zPlZfLSvEY3Ryqm2FsS0nsO1fglptyyV6bDKffKArjxQdi
JY5QloZPYyXhUghdopXNx46z1QuEw47IxPZe9Wt5NOB39enrurV2xBXhM41UfIfGH2oe94B3y0kGb8RboufRDjQmLGDIKHqoO7aX
lmLaDy1INzuyRWfqdwAJbTY3ZC4fDlnIgKDgRUOhdPcIue9AdVoi6yUafKSYEzNDlRpSSdzTkFtV6dP1Nags86WAn9voaRvOfPf5
b2qmi84GAm5RreSiieGkstEGh9Ah1EKGBAY4OvUgd38ehKMYtcQ25EAl90vOgiyO7WuCOJWIKpUmYnm98PJTLY8zD8pPc3cGSsV3
dqBlSax8MogeryOVAV7lcjufj5WTlcudM9qaEhk2H4a59Y3GnMh98C7jdY7j0zEP1cG6izUfFasjH7QL37vFhM07pW6XcmfPJ7pA
KFlADrzRginDmqfkEue9npZMuozdlB0nM7CAdK2aZ0QD2U6JSGmJXcGJEVPRIfWVFLhIMLXKmRTyHLGuRCamkkFPsVN7CiMo4mJp
QIc3L0tUhei1qXXo1OEFJ9MCGppITpWAMs59oHXea6fA3VOJ63dN8qWVjdbE3UG3NR4dGGh12TewRWxNqP8p12qgfI627dDCRA3V
5P9qm8duNoZb3WQsi3hkhGdbmjhDaqf9QgkTgmrO6n95bVsjgpIcZ1ZPXKpuCvW10tDkomrLt0enYiueXB59K29ZuVOG67tcSoKh
yeWftP0KSKoxFsxQsifh7NYRVwgRzDhVUrrlKovhsGXa0eIHiUZkOT6zYOtdU9O85gpeDHY2RY6lp7wQcGe4Pym8JH6aStE7hKFx

footer:
  note: "generated-by-ci"
  checksum: "4027eda6ddd1e226"
