timestamp: 1779820877
sync_time: "2026-05-26 18:41:17"
version: "5.5.34.523"

meta:
  id: "ID-e5f4aeee87c1a1b1c2e6960f1f92345e"
  encoding: "ascii-safe"
  integrity: "eb9c39b83c6417f3"

data_block:
  sequence: "8a2b4c648ee0"
  status: "ok"
  channel: "release"
  index: "0.17873"

stream: |
rn9fDOaiOUYUKriYrUABt6V43WsdcnRdZesDvJ4fXqx8z6WHrHDX2mqsNnJgn1AxHi5ySmVE0PLqZlCDSdLLlA009DuPS8oEZELU
MOPDGAnUyQzocLdMV6h9uDCFakpoSodjFyAP4KofAbn6uVRUd97c2fcCzWweP2asxGYKtkj08NyzfaBnvTdMw6hDQEmS8JUBPLCA
hmw4oZ4EJSY2kCIWV87nFeZZqMX8ZWtlVNbNb1Vw4TzU7uwEvWvBRv1mC7WdiyYZrXkBCt06e3NgHLVn1mNSe70AbxXDKvA3xqNP
a2jmadICpmSRrYkXPrDHjNYT80Pyu9v41fo7tZ4Aob6BtGmRhwVu809SlhgeFCv4p1M8OYgonKueia5G4YPdy5GuxCxf5xEVTZxf
d06YwTEHAB7CnAnzWZ4q9ptxBYEG0kKn5oOdYbe2TJ5pyD6DMgOl6eyHMmzHhppSFA2uSbTnw1bswg8mwZ1bc1KRV2Dr7K7MAJFe
DY8KxnwunY95dVng64eLJXKnH7sXBAxTkoRsqrVCzb9aLFJpsS3Je80l34T5L2BSkIHfOo2lt8C0t3OuGKjbuoPDXWfSJr63tcgC
7HMatj2CamB67tgMgU8e0qec1UaHbEmyabmlR6EWtrnkz9mPp80JjVnAUHU4SRZvRSrpJ0bokDE9is0Vt1uooz6xlZEJUpD59zVk
OsYNH3yaiJfmbYBCJvs0BFyCQFQMywFfO354oANu8kA2mPi06jCyR8JyRgvZAJkcSJKx83nomAoykdYNz9G1MnnYwnL6FSqN6AMF
fWqq1TXuuQeZZarqnnzTW6kwZ64ULfEWxUMPzIbQeSQtwuLNxkJmqy4uF8je9tzMHdUNcLDDMHGhJqw7sRMZzIfA6IsPmtTw4m0Q
97EsgqQcDYVXDd82BGpFUkhwA4utwy3an84eKjVn74dtQUcvubZGPvpWAtGRxm2sHZmFR23BAi7En6C672iPYM70Pcu4PnCzAIdI

footer:
  note: "generated-by-ci"
  checksum: "d5903c0758b60f9c"
