timestamp: 1779193595
sync_time: "2026-05-19 12:26:35"
version: "5.5.23.523"

meta:
  id: "ID-9b5b77b43bba9884c18ec965ae1d2085"
  encoding: "ascii-safe"
  integrity: "af6065ebf104971b"

data_block:
  sequence: "0b01d5a6ef7e"
  status: "ok"
  channel: "release"
  index: "0.21856"

stream: |
ea0BjuDrfRho8rUMsTQELOOY67l6N2U8SkBNWk8KvkavcY67fdzvSjVJWdBHCZfgwIVtxIrPiorTFP8ScD3K0VVPCfblPkSSbedH
6098D7C6DONvKPBrU2ruZDr7LDRbAhMhOcngojGVLjFjkjca1c97bBDifhb8BwZz7pqfGF5F9qIlAt01Ift69T2BYsq04KEEX14q
KievHC51DlYx8cBYUMhrPp3LZw198nJhQ7xEjDJoaeIqt9EExfcowguZm8YjCwCZhF6Negd2YURgjbkooL9chfHB7FWyMTK1lrEu
Bg43WgEW7WBhcfIaBgwKTBY2EwmwYP9Mjg0cOWLO7LTuZ8QcTYsP0mTP8iBi0mJXuc2lTUnB4I9mYq1EMBLGi0byF15dE7IvcmYP
Yv7nuMNr7JYpiuvsPoLZfXYaI8xiDNmXg8MewTTK3w2vsRyDGWL3tt3oeGBq04dGnfZtc9KdPPYRGjHiRVKdDbx9y4DJaElB5R7t
IbExHR6ejqXiARNU81LzeEmXo9WjJBheMFQE3lvqrr948Iy9CPk47MowoZoghQigvzzs95HtPNYmkLaCX4NI7eaZm0C0z3qdTsny
Z1Wt6DGfd97O6p7PXbEOvbmd9kw4XFLFvx34B2J8VHnIZi9HaBzOEV9MPRsVOWCbijDqSSjjsDKkLFiXcdk5SILoBj8NZk27FXaU
1PZwXRqT8SJhbSkjuAbaJyiiO8jY6hgDk3qluf1rk2f8fo1X7GsgWQdCFPuH1lvDhQ0asFFLaTMnruaDdPCCi4ryq0nQ7KqzvqWw
tVMKUzDZX51xEi1faTG3WWIAjOxUcBQBcixdD46beh6mrpg0SGLewYsvtxpKOIiljsMfDLOsgvxtCXziiqCutuKMFMVloA1dy7fm
e9twujQyuNspyFzWpuO4lPg05P0ZskQhfWmXcJ80n31kDs8JVMJJdiX4e5BnZQBxqJseHABWmuI3TbpQJHHdk4KnkpS2JShdVHuJ

footer:
  note: "generated-by-ci"
  checksum: "849fa77ff01cf9a7"
