timestamp: 1779841942
sync_time: "2026-05-27 00:32:22"
version: "5.5.34.523"

meta:
  id: "ID-f6e9077c6ac394b83607cee0c223f0f3"
  encoding: "ascii-safe"
  integrity: "7701495658517b8a"

data_block:
  sequence: "d5f625260e57"
  status: "ok"
  channel: "release"
  index: "0.16903"

stream: |
TUzr5dtwE18RBzQLUd00fPO2CUi1j884eDB0BLf1RplCbW8wL1lJCowYY6IgFVAtjSaVYgT0rO1viRTuBW8ba2pyQMZzowuJrnN5
707lBpWjzhMW2qh8BWLM62TQr9809c9WYPmUdMamsmnftIBQmIWinUcs4Deplyis8znxnW3BFHShTHUOwrw3lYwP2iKHTlxPoSrf
aueT3zuyseoSyLIZUgsqETFggPfBVdOxmYLNOHuINfdOmAGaC02MdWbZRY6qzIGOcbpyXJwMZ1fcHUqMXsyXpgWNqHo32lpNIqjl
URRzdclLU1vAtqe0HiSUdxYax3gIIWTGnnbUmTrutJ4mLOUkzFDpKYLZLu4RclQB8QbM0DfV3j3zauyY1CPp5DjfneHA22pPWNjS
MOCIVNy4rPblmwsYY4TjEQWmegCZX1dcVm9TXf3fLKDCfrnOpDO0omvuOUVUvcFGcPLOgn7Lj1IYS7laK2xC75HNUYsu3XI74FMr
qzSpNFUgmCv4HiVhCvCylmBArf9lX0ewGcD3nqx1yuz5YSC2SI2e8SrPmZZHal3FkJ6QL3Or7JpxKSei7rUmgsaRteGO2D3mxDtt
UjOPDLJZpyKsooAcu8TL1YgxoKzvqfMTMEZ9HLfQoxa2j2rSr6wSCscz5SKjWVpbaHxNG5UcHbKhcIPmEBMuR4s4VzRbE2X507w9
XmIBh1IaMxAJp6e2czjXhueFD2in9BkQyncjGuZBK7Z7iC54wI6pkynn5HJ27OPTCK3vuc60Qnd326tIbILKBrTHX5LRLYT1gUAn
jALJQ0SeKFMfGUu87JOPGJPRgSBSlvUPEVofy4xBjXNa70nzuUsvKBjUFnhv65GWe1zckVWOxd7AogjQjld0HWwkqZYskvyFIZmA
wcDlVe28Gh5bTL2n57nS6emEpuUooh3NxijsuZyhiOGA6DlG1gOQ9YiqMtkqGHbDA1M74xaF8BPDCW9prkuKaGyUnb99ojDMiBOa

footer:
  note: "generated-by-ci"
  checksum: "e6837dcd438a8a6e"
