timestamp: 1779169810
sync_time: "2026-05-19 05:50:10"
version: "5.5.21.523"

meta:
  id: "ID-1f1b419ba72344420aaf497346fc7570"
  encoding: "ascii-safe"
  integrity: "b7345f6399ece283"

data_block:
  sequence: "818e7ca030a6"
  status: "ok"
  channel: "release"
  index: "0.20315"

stream: |
OGxyLeOaGaqRNQKZJedwCh3ZyezJf1TL7cdRBiJGMgV6mbmMupXqv7mUKtwIIZFxILR4qCZTqVZ0lJwvtoOUEc02FLWg5YfkVih8
o6luL7FIxMPwZmVP3YTtRYdIW4Eis7nBt0IKYJxNoR439JzZr55tI1E0l0mLo1oLZ49tITBZr2lMQ2qWc23SsPqiw7E4fi38D6nx
IClz5XH9tmVQHEWP3UGXMv3z3fAQXGQ64NhQkySCVEokD1OctXxiQ3XnEiAkYc7ndCFTjMDb2EeT1GF3BghrGniYXPyt1XVlRHNw
qGRGxNBjjENbebv64uB3ju82FerbZ69gARRUQh9ASSLeO6ejo6XRBewAPe7i32vev19MCDR4nC64BooUyeii0eir530s0kLc5aBn
SIyMbjtrOi19Go7mzgnClC7pUO9Pfg2ntb0XKRinZd1VbFlFpunyXX2V1mSP6NjGhIL3nJBCSuJ5qgDbRpkZKgEnHYuqTwp0hJX6
J0lrs8iWedEOEKxvEnywdX4JOSQeJ70pi9lCiX0hJVDd4MDFQtW9f7yVUto8u1JZPzXmi2skyeeB7YO2SsB0z88un8TEsL0HvkcR
J38ObdFCHzPTqXedn93wOqtLrgTkZeo5hgiB8ndarP9WdnxQebO5U6cB8nY3DL7nbgKKyqp19Ew6X8mb2BryqdKuOotQWlrfd8RY
JywbOSPOtC26yQHSMRAYa6TcvLaxVnxzQjuOyPptbdkxHuirxwy2Sxh6rbkeWAjJYNk4THpK9VtPavYYkjXIQn3kRFXkpVcjYqTT
R0UaYDRoYAsWSqC3zJ8VAKovAYPkv1vPsXjbtmxOtAYrnOwVxhEAfnOF3T30U9PyL0TngojRgrvrwql1oZLp9TGdtbFrleYV5PNC
miwGDSz8rnQEfSvW7ctytAkKVKSwZfvsTwqd95jYl1mXpqEcu8zc5kEmnilToLWkjmEmO7CnAnZVxcOqpULTYFcGonnHbAd0boOx

footer:
  note: "generated-by-ci"
  checksum: "ece01f9860f7635b"
