timestamp: 1779515897
sync_time: "2026-05-23 05:58:17"
version: "5.5.30.523"

meta:
  id: "ID-02b25285c232089634c7a04aa0fa2d85"
  encoding: "ascii-safe"
  integrity: "9b96cdb6ab377f8e"

data_block:
  sequence: "ea914edf4a48"
  status: "ok"
  channel: "release"
  index: "0.11253"

stream: |
ZTiDyVK1NafUINb5M2zKdOvNQxaw9cULXk48GUogfkRdjhy5PgKNKBpEJWv5hgbXlzp6da3yT9WDfrkPTk3nAnfS5WrZ8brZdvhr
H2AW13Cr4PxBGr4DXIv3c1YKZbcrEkBxJJlVrMJEhzD62nVjkyqDdFoBgR5XKHxMde8de4Elezo5WeRvGBxlNJCY6cAZRaL8szIk
iE4Rq1K5jJmUVy1Js0I3ZIb4vIavm0G790MtBFE13bIo6cFgXaAFTCWsCBp3oYkH9wFhbumvJHZzJFkHOzCY9JGnDtWLybDy9VtA
XrLgYk08LBfS8Ieg4Sv2QEMf0XZsO0vEjHXOVElHhT4m081CA6yEL906moY8gOU84XK6l73mbon6pbgbMbSQPpVQp4Fr54m6ovwj
3SRlTy0BbbWhju3NN2gL4D0Bm13O7AD7c7vyID7iEXmodkxGgquxShnSLHIDtWbhenePDXPeTmKS6FElGnDyb1kwD02BU1imwhaK
kpwLWG57Uv82Y4uCwv98gEEeThEDjQhTfIL5Wl3cx9IQ84iKVGWLbIBu5VWqeUgYaSxZsRuMQvF6gav4IrzjDoDKvLmJqQs71y29
Rq3LfObjn2f8crMvtbfRtt2UIAGELcR2tuxQTTAySLoLLOkhGgJpYpbUP3Mb6fNpHd75gJIkc276YaQGQhdur9lZigp5poDW9709
fXydnJdIUFxTZAjxhwa04JJfvrjhmvhEiy35Z932GHNRipdBlEaTXfsOyXcWqCU7F1uu7XVOglhy7qwdpcxF1a7RBESkq9ZjlYjb
hYTTuqvtGWvpRYvWAX2a6NtK9mphrYHroVKcJb1vNUVol7VQcYWaraMrI1V7Q0wXjyr0AGqOVSxEyGx7uwPb2oT2NVca2wCl4aUf
F1D836wzJEElT60oihiij76TihUVb6V975CLtZiccYvXEt2XPWiO2Yphl438Wp4ssHsethewqYASagaZS6kYJhEfIPzpJ5mYPdUY

footer:
  note: "generated-by-ci"
  checksum: "ee2203d45f4aba07"
