timestamp: 1779778705
sync_time: "2026-05-26 06:58:25"
version: "5.5.34.523"

meta:
  id: "ID-d38f5cbeea1a57103b276c586b373472"
  encoding: "ascii-safe"
  integrity: "2b1c25902abc12e2"

data_block:
  sequence: "778e3f3c0ed5"
  status: "ok"
  channel: "release"
  index: "0.15664"

stream: |
Joy2CTEi8E035b6TtusLyUInNPv7Qaz9CMiMXh0q483Y3Awr57hhzIwOnq9LKJFAUcJJqUK4xLlhYTpu7n4D8XVgza9AWQKkXPm0
ZpvfJx9AgmoT8705GkmD6aNzhRP3dqGEBUyIEXPOIAqdEZKk5CIIILxdYo0SzFciTLndqaWy32fGHcKkhZSMzScOgQMNbBwq7e04
EhFRn0NLUvry4N6ygMYU7Uvm0EzfI4OK62Qht4kplytVihKetVDNsLzh7A8hdQfffp15RGZxSkd2eQZgFXjQCMYIUOtGJMy4VJuE
jcwU9EFp8YdiCN2eS3CvuaBkaiXw1qf9zrt0DWA4xV0Ut2HYNHPmyNFoJGiIQEpFLY1KkspE69gnBmePTH2XYpgWM8OAprUgm5Al
FKkHxaRCVSfx3cqvXJKwLkMtfCU5UTn7gYpJDi6PaIhl9f7unU0xBQM6YmUYCOdMP2LE2Fs63Yf1C9hfYMPPUjTTdCApiU6zTHOV
1XIgDyaiZKvaxpB8RaKx6XHSmawGJk3FUApzy85GGVbhmc4SlUhJlepDlOeMHOqUuo1qwZWGIiAddzTiRNYaCObmQKxqPaDs1CyN
4mVsaJlVLUyD1gcNPrVeXvU024zwbv8xtrodKf6BkmDYltiZPudkiGRAgE9S6v4d6Aa0LJlpPtLgP30v8l0xbsXVvsUTrr7Cd9ea
39MqlrMMQyojzZ1qd3QQZV9gBPHwb6QOH7vqNU2S6eNZZlMP0aIQVgXWZfOVKzyicytGG3cBEwvMOZuSmaPqzcWiYrgeq9aiHRsa
kxfcnHmQwsk286rSOZ37YxujphG0hslff7Wh7SWYaKdlepEz6TRjFpjISCO5fgZlf6olkTpML4vX7NBSxap0N66mlcQtYhrvN6lu
mmclpHDVcP1EDJ8DfICnajbhzTlWNCypcrkqvZz50tnfdQqIK6jv0L2kW3zw8kz6Wj4ApoCh4k0rgQLCcnOhftbjTq8uaIiki1xl

footer:
  note: "generated-by-ci"
  checksum: "1f6f9ee2b59fb363"
