timestamp: 1779847170
sync_time: "2026-05-27 01:59:30"
version: "5.5.34.523"

meta:
  id: "ID-f24bc1534302cf1d1a558eea46b1b372"
  encoding: "ascii-safe"
  integrity: "792ba9e9ed6d6bf0"

data_block:
  sequence: "f16470d8db9e"
  status: "ok"
  channel: "release"
  index: "0.31565"

stream: |
oC15N4pUqO1UqLDlnEPxv6yipuLQEePZZeR0sJrQOTNw4ZFiuUPt7QMGTf6hK7pxRP8xnC07D7rzIrh3mnJ8wQPYag1lc8a6YESU
5Is0HEq6gajrtTi95MRUzaP3er9DdDlUOjSyx1i7hWVThapqJM6Gad7LcwhrYkyWrGCXyoHIRF6vmqujLozOix9PjeG4KGaWY63U
O7kmXg4Hzy0VsSRNLSkExIwCPml0AKXzxFpu9DDg0YkOmSX4WOcVLsytCfpDEr1qZJ7PO2Ja9UHivROsxNJgoxcGkAyEoUDKAuwi
KRC9NULNCG9qD4oTJlai6BGijfWovNIhRYojd6QAUbDedpQJIHZ5QJ1yiycS83Yv9zyEvAwVFKOJKjQFnQLiofwjntIlHi2rCJu0
pD40BtKt9OuFCTY1ApPWYHzNvzJ6MFroV07bjXjsA3jZjwHcCUBDzPWKzSN6M17HIPHdFDxv19hLcoumeSGfK9DmLB5XiWq3DFLA
pII00C89d1BEfeq8MvlnDL8Nqn1okhzL0WbuvzDgeQwusZc4fnKrGqcAPIh8L2kqDpCjRq5qxkha2vEzSPqMPrBBNLjBexEQqijF
Ke6jTQeOBSPGHTX5eeCFXgGSCVGo0uELkgU9pczlX1z046oZu7jerwgv1urMyglyZDkWnk9EuCzoac2fmuTYpgMkyzLxYXXYuC3F
dxjWqQpuZXHyb2BkbZ9ZGkPAuVo9O3r1xoiM2KoKvZZbwP7fftTFZYTLFybDhPyqUIXPoGRpeCwwP2rXiZWEzOzQgBChWz65dKx5
vQni9cqInEQ6SsA82wVlbT13R2wrikmCMN4DsDnK4OI78GG2ik2pf79NxuvskfersmPQSaxPnm3bnjna3bSIv9X9aoess3aBe2cZ
5IvzuohmcTor0tG5j0SL7DyM9oBQRxKvRCcatuhKYafyVWUpzAnFrRTqYQKiEtjm33z1QrhEDWrDr2tZW2yxLQ9m8l99AfAswXb7

footer:
  note: "generated-by-ci"
  checksum: "27d7dd752ac62e11"
