timestamp: 1779931783
sync_time: "2026-05-28 01:29:43"
version: "5.5.35.523"

meta:
  id: "ID-d98ee0d56b9b0decfeab24b3a3ff0b67"
  encoding: "ascii-safe"
  integrity: "2b29069824aebb56"

data_block:
  sequence: "07104ecf30ee"
  status: "ok"
  channel: "release"
  index: "0.15975"

stream: |
Z6ZAhDq5l7lUHmoOePddAtyCzXnMT67P7w2Z54vvEHsub36G6qVMrPOdQCWk2NS2EueysC4KAHhzJiLfkN8Gm8tOVyN4PrHPTgsj
WJzRJwXpXxIpnovbKhkbTcTxVOu8eNzly3Yq9MickmhaQf2NCM5jsc3fWQsRfB6r9gDaF5a5WOZfshyutpxit6A9N98lbHeNDrgY
yiBPxypFh1Hr7Gw6jPCCW8PvOLzZDYkY97E822D4Krd7ah6SjSkvTwHx05y7y2lg4v8KeoXCRzyFHWR8KAwtcMp9Wio9YmLHFfB0
ndWZha8uO0M8s5aBGI3l7jmr52PxDpbYlgpyjEg4sS7n3bS3Nxk0DLzwnUIbiJZcLT91wCimsOKDzuepwi0gLZ1bE1gFj9NXrEe0
GQwUmeXx8lG1YaMJ5mrUu5fn1LmfvDxESQsOfxC11mBqUFJNDO9Fn45SixTQMdBcvDVk6m3FQ5UOtG3qIxlpxRGLSoKr41OVBoIg
Z9K28jkQkPJWjnyZITvlfEsEbZjV7sIs5Rk7QOPmIaFoLBVmdk0bq6iI1LWTQAGroYwEpygFpHvuM7JUCUQyq1vtqz6tybrMEbNz
k6mS2rhILUUrOAC26uABQJ5Dgi3CEPKAyboSt1KBwN628pI7bcOaucK0L3yIb5mbG4LhnVssLptPJ6bLzjZC1SdXD705cw1Au8Vd
41IamyORn47g6MkYBaK7geGmVJIK3R16NiWmhywG0Ita2hMwGcR2wZ0vK7OhTYt234HJk2O4rjlHz067rC3U2E4mvSuEqJs8H9G2
rRgEUslhOc6Q1gc0WYIIYcHbsVHvfOluJUxiq4rH50bBNcudfellwpcehWKQx7uaWI0LXj0JCw5MXe4rVlcT8JtH46sX4BgxVhzx
Xb5Muh8BDTY4XQjaEcsOaPPFVj7VpVGnQ9EoeJb5wa69oU3qYPkPxKCAWVYLzDiSav6CpaA3uVLkz5wUrMWbGStVuGR8svaeOQH9

footer:
  note: "generated-by-ci"
  checksum: "ed4bfe212a29264d"
