timestamp: 1779630815
sync_time: "2026-05-24 13:53:35"
version: "5.5.33.523"

meta:
  id: "ID-42ce0e1905d4d0ed2fd4f017fdd0c3e0"
  encoding: "ascii-safe"
  integrity: "fefa3fa97e5e4cc1"

data_block:
  sequence: "257b619eb87d"
  status: "ok"
  channel: "release"
  index: "0.24681"

stream: |
FTePEP6GrusKzb3gDepsdE3Luj5jEaASo5hLPpaTXcwbWko3FRGD1EXBtFTJxopKYZmhsBLuo6JHz274PNeQltBjSz5J5GHBxi6W
atW1CWfCZhgqrIDcLW8BEqVs2xiCI8crWmeyOF9EJrfXL0lsKL6pL7VCmCbbDpy57PJKFM88uwXIS8egkeFsgqMQalis1DSws5jS
yqWlEn2hxQr6twVT2fQEzUEYFkJQngPHbQXOd1RiEx0u7B7MvOs5zfLmxybgNPUDRZvRjueAKkuC1kj2e3s8IaTYw1Jl5xpbkpC4
L8ZjtYalcEAX9v8TydOXDnYYvTGOvL8FrLyXP7Yh1WTzgFXxRCRnRCaNNCZ9eiKhl87g504txKM4dnvKjX9W7UbgpCIbcBoNXWTf
pgYM9eg4nl524Ei9GJtQv05R0BIf84JCHaS6Tx8tRLf1gcBWHb2i9roHpQzsRwWw1VRJts29GTJkw8NjhY5no3XryZd7iPlHUWFh
MYShChPxCFFa0M2ZBmVbClQTwpFedy5hwwyvqebvH2qHFgfr1nLmRIJ0MD6nztCUfzauYh7c9EiP1H0ZoFX3uePKDHAbiABVjvy6
sR1EzaYLJgMWUhQjPb9cCzfJ2B6is8rs7SJID6htfzZX2lfwNJj9B436xVMInj8rlgpZRGT5mecJG7sfnvnVsIsA1rDOSpA4Bz69
yCCXiUTQqbYD5AwOptqEOkQAreaLIIfWYEHIIJl9cOI3hy5T3bGsCMLh0luNjNUtjSbChg3m5LQKEmQFvfPFTw4nbEzCcFchz1Cp
YekAqeZf8MbiwMMApoPhkNcBR867WWTsj8TUrgrjeleBIRSnjFhNYF6I818U1n05of1tGDr0pfPcKGLbvWcuAqHMmzbQVVMMK79q
UiTGYzcfGvQKt8rZyewuWuFgorDbmuMxC8Zmc1csazfex4mrhEfe6KBaNyryW6keU4kJ2YC6Btb0RmEI0Otd4sEoApfz6HkHadLf

footer:
  note: "generated-by-ci"
  checksum: "0817e516fc5f22a4"
