timestamp: 1779591238
sync_time: "2026-05-24 02:53:58"
version: "5.5.31.523"

meta:
  id: "ID-95600308d0d911b314719d57c4433805"
  encoding: "ascii-safe"
  integrity: "c10c824d3581bd29"

data_block:
  sequence: "dea2b45d2937"
  status: "ok"
  channel: "release"
  index: "0.1005"

stream: |
dYSfsHpb4IGtZ1ncRWSKnvaKCiCnogZrzbksEySHBDNEmUbOt9eBKRk4BArkP9pHZkss5NH2N9JNnysiDVjb5nimyj15PRcREL8i
QzdqWKAq8Re8mKVpHUaBXDrlnElORDPO61vFtSFhJkvQIuhgLkCrwxfiE5Z5ZMaHjm3MhOjM3JSkhmNNpktIxwucRWNFZlqnZSFA
bLQrGBXRJmsd3bo0KNWNrH9ITggZQnolapjKmlJVq2wr7wjliFkvsUUcAE5BjK4OOt8iQ3yjNIMWJfwYZ5z0186DIriHFDeMNqnH
z6r7K8b0gaQHXkVcDNmZAchohwYy9bwpfdWSyKVXOAno5Fg2osyNF5a84nsvgOIe1oVX7h8hG6qFOTDn5QPMjDV3a8mTTaxzyuoW
PtRVgUMptbVIG48ViUiTrLVepFlPQHVJ5Md4dgs19lZmqUrYR5Tcif7See3Gx90XiQnB3k33qKc84RjRnt5Hli0uOVzL7k8xOJlt
j0FN2wlWDWZUgkcsBnibCXC5KZXARQvsBB4bBi3DYFkMXjKfq6RQng1SLK5RJprotCuKDZ7YCSPj808nssD4VZVYjYBIehSvubV2
fTVTGpcxBM45Z3wIjoNF2hUGsDw4k90vNXicAUuNHj33V8YZEDN1bE1rUoJYoupeQLSGm5SNQzy8aLB5C2BBWVpQEqYrAJwlFJoI
1XdbliKvr31Z2jlY5HyaYLXQ4aycOdfaoKALpWp2TSF1qKjj60puvOJCJkD3CKTBuKZgYtkftVV9MyEw0cBDovGCv9YWAah5f1Ko
FXgEH5j9PrQ988FmQ83sO7A9vJxic8M2aNfZm3yCUqycFEM6gwawPfM0BRYGe5FQsA6xJWZwXX4VbIGgxg3KFKrcEhr8O15uEEBV
SU57JuLuyLOJV7kjImvahB1kaPaoVVE5vVh1mTWaxiHrDsA4nFVkmgPpJqhdJjUxj4wTKlmgUjgnU6UclZ2GKmlDbV6jtZHZN81J

footer:
  note: "generated-by-ci"
  checksum: "c4c8594b04848c55"
