timestamp: 1779511999
sync_time: "2026-05-23 04:53:19"
version: "5.5.30.523"

meta:
  id: "ID-440917fcbfca99b648648fc6c3fd4339"
  encoding: "ascii-safe"
  integrity: "79ec07a603724fac"

data_block:
  sequence: "abeeecba8aeb"
  status: "ok"
  channel: "release"
  index: "0.32536"

stream: |
TCpLO0wc6uGMlaoAJ87UXCGjlIySOjpLGxlnIWoeATrBQKmH0C5506GDfyXsbgD4tZLtP9ONaz3psQQxIxtJLD57aKqQaXnqlzHi
sQoUlLrUclLoqk6KqPVKZgsVV9LBAYbzMSPdwv2wyhC61RvECLpKU6yrxC6qdSfvxWrcyYG8EuXOTOQW1MXQF9LjzukAqOLWosyT
cTM1bHbLuG5EG9Dq6Ner8HiLx9tASruf2kFUNoevbMOGr7LnyJnZx2sYEEG7HYuZCgnwqMc36S6DoLw7R4VoaXPZ1sDQjofLN0LA
KrhMZny2BKwWuCWu6gqbEIYLgLYFOMXmlZT478eP9gPNydSWHTZUr8C73J2E30Hp0Dl26zz14w9yZekI3KuYLqaUjXnOMd92PqXe
dpXlP4jbZktSR6gLBlumVuqwOAT6XrRbDJhZeWmw6Moh5eySbpDFKef9SR20hEBRE8AzAHvbwtoKnKYQRpjYCCAnVewa58SfqUm1
yVqm7LgXsYHzAsPLbdQDDY4WU9xGyZ6ylS91LJTYunPUBPrQh6OApgwwSlNFhnI9xB4xuVCdMNjHRnWrkl5njS1FqzsZCM3sl4i5
MRs40EzlzE02Rzpqm1zkoqpdI8bzqpdVhchDxXcuVuXjUh2HjjranXLNy8hQC4xG66P2dpCkRtP9JDfi70vCa4FLHW4SHIrm4BvX
zFPnBEk9rbuoxv0iwvGqKukI59oo6G8PHrrwImziAUszP6uQ7ND6x9L1GR84bjkYFj2kwMFmV31iBMqNKQuCvgakcEYlKjcZw4uP
mbfBY1yKXWfnJYazZf8ac0J8qNzQwdxSwvSPOMvARlzNOeoI0DkCkCJALhcb3gptMjHxgW3fzD1pNYVuhUVsjPoLPWYIxyIiAUdi
bXqiNdzXi4XD72Y6nctPWAolVxbhx77CpFBVb06qjqfPiHUTS7Fl5YRRKvysNlS4AZAq2EYdYBPjetP02OcOmHhmLmsr5jiCfeOY

footer:
  note: "generated-by-ci"
  checksum: "ed0005796c5e96c1"
