timestamp: 1779675856
sync_time: "2026-05-25 02:24:16"
version: "5.5.33.523"

meta:
  id: "ID-aa4a1ec0897fd1cbf92157112f56e86c"
  encoding: "ascii-safe"
  integrity: "26bc54a0729ef622"

data_block:
  sequence: "d7a1ec05d2cc"
  status: "ok"
  channel: "release"
  index: "0.30742"

stream: |
j3tZGJWlxmIltbi5ee4VhPMOEpkCZ2eH1sMD1KesLTaQHqH3iEoc8CMLYsAncfGGhzPhpXGTmYiKls42EV1VMMu822JzYAQYcDcD
l9qUB7Jkgrob4OTVt7cUBltbZpKHWMBIcEvXnNdAk4CHnLefuZVV504g9bdepEfiiwRmvBIlg9KdZYjK4bRwyA9yLklhOPJxrb48
fosNG99o4Nmr3MPZ4qvjWSdr0UNwUfMyZHoHyrMO6UqoR3hzhnXnmtViOeBANmTLvcZIpJi4VdTcAwmQMr03jrpDanovoPnUI0b1
Tqx6xwNzWLbJiRSogrUX1puvrZa5mL0mXeyX7BebaXrcMqiENJsWmlNO84HVO7sVqwZmnNAf6eT8LqlwqSjLCtufdJARRAWLU7v6
Cq5doHnanBk3y6eROBLP4Sy8YoA6W0ybWCfYmbjYzR4V96W8yGuiOjXTkxQc2PJBAnjD7DXOwH3cynSCov9up9gKWWUswpuN9KFb
5z3HE1JAlsGFXmVaQ0IXMvcDTM8ywPUvvs09rmjbZ6PUClZxOc1yMqoDk5FSZ5BCh8H42YqfmTl9UmlQMUZEjjj3GDs8b38BySiT
kxq0ezd72JaOS6YpZuGTFw29EL5b0gGMMDKy3y0WcV9jEvBzExLTJIpNwV5HPmVZOY31WssY51sJeneX5GxUOWeGECQEBEvn1dQi
hY1EwERebG6ghg9oZOS5duAqNQg6x6zmvqWPtlqL5Uc04gWRYGE0fZ1KeLFDAgngsrGJ71nb555mgGcztzED4zexjs5UgB2GeMjO
LLilQHvdSpNm37LBkvSxi2jQVbmq77vToURPbObmHAQZVVUXhIMEohVtmgPbqYOV6IKUR7YY8eOML2LuZbroswEVbwNPw0XLNLbQ
ohZwjT4WZhBr1BHthDsnTAtDaMBgtS4o1S6wSqAtVZOHK73gIX7gJnPLPdzYARYIMMxWS6ipBjsjxa2jM3j7WVXmpILt1jxWBdOG

footer:
  note: "generated-by-ci"
  checksum: "dd9ef3acdbe9fa78"
