timestamp: 1779293968
sync_time: "2026-05-20 16:19:28"
version: "5.5.27.523"

meta:
  id: "ID-c610efe6511238acd0222599d82ec226"
  encoding: "ascii-safe"
  integrity: "d1bcedc23cc715b9"

data_block:
  sequence: "c2e9e1864bac"
  status: "ok"
  channel: "release"
  index: "0.1538"

stream: |
zJt56pPtdrxsV00FclDRMPnhMG3zpz5uERp3T9CMKMAB5gYDnlnCZ1ptE7We2sSPVTvCgXcZsiEqEdNCrIdpIODp37AVIokJaRBA
dbyzIfSYg7wHjckWVABRckPgTDGWV0lHuE7CW3KWbQqO5KK5eF31QyMKlEb5sI8gQB2nxsvw8CV6iwu2Betcx62TfPVErjWo55rA
bg9IirGIHY3ZhaxTwlwUQkGum8UxVrTkRw9RXFGgS0nvpKkoR4Wj4NtqFidWdgFrNRnhIdKlpIUJm867EoZDYVyoLbAgB4cxS1Rh
y3FR8qa2A47szKKpaLdxlMH9uGUSWcfv76C0r7XGzOPvvsWO2X97ZSb0qoqZMpRAz2OU3g1NXtqerdZo7qUQOf6xt4EArOg6ywnc
Nzh3EIzs3WYd59fZM07SjLrBFkhDXglouM2UrTTCJCkObaLXXjKfW21tPNn1e2OX0LgpZsdyxN7F6daGHg9XZUzsbiY4hwW6DoqQ
n12P7vSDJjGo7UZI4XyND5Bff0cB09mpJFXczdlIz0SVT6iXxisE8NEEc1PbTg6pZRLo0yYTNLbcKQRcPR4evWjMm7GdDcXFUrMc
OqPFB7nVCoHZRzQ8wdwexdU2L7J6qed3TnbiMjXz5Nn3OGsIHdaR7731JfMsoQfHluPXqdu8kvrXqTdkSNhfzXb72MwpJKgoiyqG
Di035htjByBMN555WmQZoV6HP25AmyX6cVAzvMcc1SNYdhLnKmcKifp48t8tDvVCnPLjc5r5oaK7kVBcOXxOxoxwvMRr1wsgoBeY
C92UveEGI1e0Tq5psdU07PvoMX7MhmW6I0Wxx9xc68EKLNh8s2zL0T3noAjpEwEe4dDwW9S7qkZg2L11gUZbyS1XZKWbACrQpkp4
zrgYn0ksjkBZno0ABeRcZawAki9twz4qLVIkzhGouEFNJZjqPzBFK3cNaLxakr1XkMJVBPfevZo3LqsTFG7Pyx7q5k7rVPLKLK5B

footer:
  note: "generated-by-ci"
  checksum: "2845654dd64574e4"
