timestamp: 1779903025
sync_time: "2026-05-27 17:30:25"
version: "5.5.35.523"

meta:
  id: "ID-3bee88cfefaadcd94ee47497c400a1fd"
  encoding: "ascii-safe"
  integrity: "698cec55359f5fb6"

data_block:
  sequence: "dfe9d4af32ab"
  status: "ok"
  channel: "release"
  index: "0.18183"

stream: |
2OTs0ffDZFPtRWMXoab1iQbrSnKh81mNdzSKhxl9PhOFkfmzDizGTJfoRXf9USPVcLhuNuz8zqFkahfMAZjaZnVDjSxgAMG0BMhu
tWnkUYhuJleUwznX8j34XPbtBDquViJuDlvlb2d6G0tFHouFo6r61xSbaEHjZ2I6onA6FbSKW27SFj9nm8diq5mQx6tBSlZtJRn4
0TURxnhehE0DZRGe2cFCKXkdTTqJu6swXC2B72BeG48USFgcK5l5zKQDE8McQvIrNSSJXkKaOvyirg4xkrjtHhiNttQm99bgM1rA
P6vMhUfe8dTvsD1Jadyz2F36mP2M0k9urwU5MtsrmOgqax4UTAV756p8LwK95FSsFoMblJFaBHdFQGCt7uopF9iYlAYWuwwxu73l
071KAf71Qv47afuzE1ghydARIHYBYunPLNvUPMvZrEqCfmJtLGTKie97di7OxFA6XX76OBEo0Nf457AgH76giX1aciBJJC6HURds
aEOHazRx8LrQnXR2uun1rJO390hFUFX2Id9UMEdpaph5ljNsoP4dmJs4zay6sXq68a2qdHhn1WIQd24RGh42KFZzZDMQqDnemC6Z
OzxWsa3ozH9rFZz4URTBK7PIhj7MunNGHQk7mYZgALuYsS3nvQ88CY5QFXD4uzcm31RLWuXfojImANy0A0P4a1Z69FUIR5q4ixPq
Zpvt4C9w6jMwdXWRgONgBwy1vKGQNFCkhgFPfmxo8aMSt8a2s2aY5uO52nEperSCiI3CcUqyZRlzZwGoOn6NvQ8xR9GuzrTy0HlQ
pxNKxFr3Ua0w5oxecQlvxE4rtV9ws2rgBQTBXa5xjKvx6kP5DtBjhpPRb6QrM12PXq5SCdLLiRXV5lKH6MmDsDm7FuKzvIkj3jVD
lB8fGbnigZD29pilTl1GHs32u7enRqHS2m9jjykAzYHXL7t2erVADLBRAdYUCTrnZd4JuIaNUjD7jVeH11erUIWWif1nfWiUhe4u

footer:
  note: "generated-by-ci"
  checksum: "a04d0673f0af0ebc"
