timestamp: 1779038898
sync_time: "2026-05-17 17:28:18"
version: "5.5.12.523"

meta:
  id: "ID-f1d2aff990ecfcc10c6230453e852a0c"
  encoding: "ascii-safe"
  integrity: "c2e01e28ae76791a"

data_block:
  sequence: "484b01fdcaf3"
  status: "ok"
  channel: "release"
  index: "0.7776"

stream: |
  So92REsOAGC112fgP3c3yCOQsMf7GU2TNxaj1lkNIfJBi82UugYlmjnEDd9p1Crj1Dfj4q28LlGR7VsL7baHU26Fp2tz3gteAR0E
  HSXjP8twF6IAPpLlySCAofhp5V4pI3FA1cI4GU8tkZiXHrg6x8gVUuNqWrYC4VUef35PEEFGJV7CiSPOX0ZgjF5aFVUnCVk8rjqP
  PePaAcg2QmfaXlg1IZ739T0cGyyCVylB9SBCsBs4uWxDHNKEEFTxQwhzIa8cACJ8Em74IY6zSwiY5VJ3h3zVWcdpmJXjdUqygdHp
  4A2fruERomY1CGF2CX5iUInBI16n18xYsjgcTExrNPx6c7xXewMhRhXYRd2eLPG0oy5gzBUUIRViJqQrJkc5I82hfXZmt3td3z8j
  xkCDVXy6bndS91OALbhnLwtIKBP7rAoILYHNXKEtm42SXl5l2LSTcN9IKpI3g2o33g3NB5ieC22NywIVehaIwanx7rGHw8T7aa3I
  Q2RITBkjey2LRt1kAcFCNrB79i65AfiDR421XeObibYYisifeNMyzdYh1Hp74r6JZE6A055fVy0BEUdsuRBrk6gxeRTWieSzmHPr
  FBrLXoCWGPFarT408H8isEutChIH67OY2UcvamTsuvs5tDTJqMWDjUPb2Vjo4vT13vPVrA9i0wB3YlqQ1OKDvaNQy4WUrArNk68j
  d3xu4UMio00hRoGj161fMT4PQyR66b5Wo2lU8apkGiYfCITIcocLGgc70szahVHx6mThAUWyGQYF4qAaMCaQQEMISQnOvJDmIE2E
  oaeQnurc35ncR7R00LWEG2rH15KDjTCx00cRKsnuu7IIWJMa3Jg7gTF1xFQ8ii0ygmVBeNSjkmZGTUYEtGMEopdEB5dcxg2fyagE
  NizMtR6qcdnJiMUJR8XJ05Wv6Tbeu1E2lS0jk8KmSbsrvKFchRI9eYMbe4MJ9GKbaiwiXGaduhdrqOcXi5dQZhkFPWcUrOA2n3Iq

footer:
  note: "generated-by-ci"
  checksum: "313036afcd36d265"
