timestamp: 1779204491
sync_time: "2026-05-19 15:28:11"
version: "5.5.24.523"

meta:
  id: "ID-959bf275ae414ca41d7d5e52fdca8283"
  encoding: "ascii-safe"
  integrity: "fd3ea416369e3098"

data_block:
  sequence: "ece4e63ca3e0"
  status: "ok"
  channel: "release"
  index: "0.3985"

stream: |
N98wrrBpc7IIYMN6fgjlyAS9i1lgrmi7AdzeKhOtlr2LNX8M44i29OD6oZ2bKYrlOEVXiZRbWe3prbWeTcgw7zRguFkT8qwXUD6A
UKEijSZUcowehr0mMQewSp64opE8q3Cw6gjftAKgtjrnjJVXoYry3V9E1qi7ZIY3JiXseCQsaPlkoazOdHnJciG65U15nBxmS0sR
AJaMCgLKl3GXPZANdb6YgxLvgAc2eviVkbGRDUMFnpJ1Fr2VxtACUAVJ2Vs1QKrV9ErrEyb6z8C98jXOdtKq92fGopns6UHvOtnb
HZZ9gq8GLeKp6Gyzck6W7rGhkg2lK0VhnaP8QoK78x5eOctV1cLdPwYTSvmjOLy9039mHXZ4kFo6cBtjo5XyXm83II34UiC3dHXV
1XHJ0bUz0iguYwJwnrHqgFZb5gRi9V0vUWrbIwHe2Q3dQAUMpQRDJ39tO9u58L0tzRhlJWuhfeHxRkDA0Jmb00cVeJ0JHT6b7iCc
DsrCQwnpdpK3YdmgeKpKP3Ddy5kz0r9eeUUsr8P8FkmE7lsjYfI8FWIDBSkRbw5COWvd7r6lpFKN6ZI5mh3uIY1rtA78weSrUm3g
n8eA3cEh1j5CZtOwlSPeK24poz92XEnvBn3ow08SBkNkknttALtWAh4WDR6AiC1gXtL6qLiyIEObEDYqHqh4AskNeh2hlJi7Nmhh
OjSykSlEglnlatLI8HXssDnj9NdtEAuIYquvfFK7bpLocVPNZ65GompP4Lvr3xYfGedafuajCBob3wbj9E9cZ0Fu8Um168L0zzgJ
9zz6FJjhdHABv6FzsuZlUB3jr1m0iHla6JzelNz6xvgVfjM8pdBKMVVxlrL4LqWsTVPAYEfxz9I4HQowIX1lyZ7zPYHHLPAnFcWL
I5WUwboBwriV6jGp2wF2DRJ8W3FqV7OWsDS2gugPkBeRH9aJrVwUNCREKi3GYLn8abwXv54T2lAIq0tYt0KwBVuCiXZEaCGygaSq

footer:
  note: "generated-by-ci"
  checksum: "06f763c906e5d54e"
