timestamp: 1779413902
sync_time: "2026-05-22 01:38:22"
version: "5.5.28.526"

meta:
  id: "ID-4b74038e5b6be0aef4412580932debda"
  encoding: "ascii-safe"
  integrity: "f90130f9a1db996f"

data_block:
  sequence: "b6295eee6a26"
  status: "ok"
  channel: "release"
  index: "0.10537"

stream: |
EqQxUggfskP7iT9ZRZVoImhsPGJUSwrlJ1rITtkU7iZrDYiXenOnucUEuUMI7YRX6frx6ylxnjGjdxD8klsgOIn1UUXEnoXV4tbG
ePDuUGNMc3D5iA7ybLKUxDPD0ZC72ZoXu7AUBk28m9OTnil9eJPddx0KuF2QMFsf9ilD0k44Pl8mrqyprxNJfd8RpWobwjbMnzGd
KaVe2M5ysLE7O8BxmSZhqYq6XiCNheHwPvKmNZrHc4flphplUd2m86q1Mpioso7QB5JXwIMF6Rux0IQ87SHhraeA7uc1ifzZIbCO
afdPAikuzuphtNyXLfrVxQPfIlcVn9pUVyulDxrYwpf5IRfzSNkv2ukD75unggD9NdqRJlYPmmY1fbFXmMSi2MpmsxCY1lyzYs5J
8P74gwxgY5F4iON3BN0hIMVJWN0XLdF6YfsTY4WiMHHfzHSDVq8NNKxVsML2DlQgiXhwhP8XG67c3ZzfEa8zoQRpeFwTehU8TarN
JpHcDylOnkc1uRoPiMU2pHHAtkFuLuyyFviWByBNTOuB8mzXbh4HhRhLxu1BbGfniCB8ZEuJXWIxzfPCZp3ZCswR7xHUkVLZ6vND
u0fStjlTdjB0IqhUHXmwBuqTCTjx88ABaEOWGy9K8W0TwCVpO8gOBl911Wanaj4PMXwx3NftRpKft0xXilUabLjVnQv0I1hZcvVW
PrA38RJqVmaPHaGLkile6vdVmfsd6IUkqTaxoaX1AbO0unqx9lieMMBOW4KOnMi362Gh6OVQyY2m5u7ksBhmRpLbwu5WKBSedQzD
iPoFCmEBImNKtXJZzcbwitG2SQaxs9MuRAlFf9TUnZTaupy1JcbDGwK57KrUycRfU4umhFpqEXKjVJHNFoOHnUHwzPNzMldYyVZ3
pWjSv8TlHXmyG3h170W9zN7y7U9gILqkNPaGk2WD8PCXDItfzDHQxWIo6AAEidahSxdsmZJwojx2I9KEeK1fq9oP5Ly9UMJA48oV

footer:
  note: "generated-by-ci"
  checksum: "a08463767ca823af"
