timestamp: 1779966628
sync_time: "2026-05-28 11:10:28"
version: "5.5.35.523"

meta:
  id: "ID-7f98cfb01bd447865d500a63c7cdc8da"
  encoding: "ascii-safe"
  integrity: "430bc7f7a91f8043"

data_block:
  sequence: "f5d3f9061928"
  status: "ok"
  channel: "release"
  index: "0.6422"

stream: |
WM2fsCJJII10sKjPAXeblmvefFeNheGfqHV6Ivbxufa9hmps4NJUPQEkPI5ZqnDlhRATvJxcEgrofcRyjWI6pAl3hilmUZ8N8Hqn
91t6wuHlvd7nX6T48GjJ4mgnnWxnJTJFQWveHNsosjK6SyBTcnRbWVkhJRARLgCYIB680a1pruSm65n1WENK29wvSqMe4xSDnUtu
2AgH4WjsJREdQmVucwAMHSiNDD9nzKvdh4OKxCZMLWwDUKDChTUpCSPG5AHP554KnfuwOZVuJIu9APdEgIcDSLSXVRDtf3aa3wBb
mhpi9ktY5mg1c0rv9sQhEpSEBxee4fX73byd7yWsehMxvJXS202ddUblhZ7P3QKAllJqaIfAenmg1UemwxyEZ7nKUOlUqfXX10JZ
hnsiwLyKJuiujGstwqVSixWo5w0r29aGLVOZUfg14mv5rhD6HVihrhPkPV3EdEkk4i9ygM71YS6sOgHdr5W4VuSVfoiPzCWeQUW3
QJ0DQXxqJtMvarVPzAblv99yizwTBUJNVzmp3xzAxjdKn3GBwdW6OLRqjleqaelQHVx4U9rlRcN7c5dyykRbwahaMlbsJTanhHNl
RyL86EUUMh37AZpUyaELozxw5ZU0IC7uiAyJY9KsGKakLAgHD60M9vX8FtDqdznjMyJSsf849R2gQwTwlWU67ug6cEsXpjGqw6OU
ql0wsiuJKp7CHicSp2DoKL7ihN1lMarR6WdbeSBct7crOabpVIaOfQvK0s2hnyOm5EXTxne0wuy9aGYGbcD2V3CQV02DuswvM9Nm
ad8J70a710ksWupuSSCJrVhRPNc03ALQXZf8THn6mSIglyzi65BbjwLMCapGiFsYlK2UZ0qFa0tAq85dWHDLcyTnVMxj83dxqhu3
MnpzmVdZ1a1yeRyaWSb9eO6hfldo9ESwJA2jDWvAHWNMS3NWBG6SrnYaHoKVl5XzuOmsyddDs84daeNwgsyt60sa70At1Jm7nkpm

footer:
  note: "generated-by-ci"
  checksum: "4fe2f87e1d831be8"
