timestamp: 1779379729
sync_time: "2026-05-21 16:08:49"
version: "5.5.28.526"

meta:
  id: "ID-909190efa2a7b40e29dac025dddb0936"
  encoding: "ascii-safe"
  integrity: "79c71d7da552cad5"

data_block:
  sequence: "f8c52611f459"
  status: "ok"
  channel: "release"
  index: "0.13866"

stream: |
MxtXjiJOkx44AevbmA7DZkBx5Gu0ZxMfq2DAt5P7ewQUzypGZA1C2RggUz1CTbHqPAiceG4fPvcilF9gbVdr07iA5U7N4WtYPU91
aoMzsyZXqtqcUCKFZrOtEkLZ7MuZ6dewr4TgREeJ0u2D6IRwBONduQGATsG2UTFpLWZokKMmSqkiVuJbZ2bOQchIIL0jbnJ6vAaU
2NJRd0ejbzmTeLypwsqy3nDHm8J0oXbqa7hz6pspI97pEi799lS9UGnWbSCvbD1UB36sUY3EYgXGxFoZQxFDg6IkjVctY7UYVPY6
4wFLaofOis2RO2wvnBklnLlw1hu8sbwQnEGjXlq81ZBJWiG6fzl8ZclbkZzn7OAku3yost8I4D9E0ak4QZf3mQnqXClyLL4P1YmK
9QBpiiFysmwYUcTRGpTnJHx0EhiFGS6OGGLlRQWXgJIsco2Zxb8Oo1990YbLCYgYcVqVo7daoPyZkHCP7wMlIUWX1cAcwh3W8Mcn
zLmWRuozIN7KQRVdMV0iHkd7cJjD6VVKcSRxuWPNndrCA6Ia1fWUJ3AtbPXmVjdbDXU6MBTvQrII6QqTJQD6JW8mweUxDQ4ZVEW7
OcsIvw7hezUal762LJck5rFQfF1DFSEhFdrrnEWMMqzr5mZpUqSRMjMMl6RicZGbhrQZCI2zgpDqhUf5CoPl089gjO77T641S0vN
XTbIrPHN810Aiw5PpRoGiDxUukSAHLkzMvjuRKGN8i6jnznVbzjNn9KETOWH0Yg289PF8GSQzMs1I8fsluDGIYBpjw5Lbz8TmVMY
Y9xhSdFEvmrnHF6GfhkTBIiJwI6xIlwOhz6d6YknNyY78jPvmWBY5wcJFVA34YU72pIkMaDgTRBrNslfiEF10adBSyksPhJvZk97
OBxKrz4tXOf4Krxr7Va0kStDQWKPdzpI2LLvmPIummMpitJJwgj89XBJan91CNjdAfVQ6dN5lMPXtTh05BFO0PNpTiP1FOFHRFkm

footer:
  note: "generated-by-ci"
  checksum: "cb2d0517f814e03a"
