timestamp: 1779769045
sync_time: "2026-05-26 04:17:25"
version: "5.5.34.523"

meta:
  id: "ID-82fba71de714a365ebac2a9b01d05fc9"
  encoding: "ascii-safe"
  integrity: "b641ea7f135378c8"

data_block:
  sequence: "348a9003cab4"
  status: "ok"
  channel: "release"
  index: "0.31106"

stream: |
Dh0lKVYiYoKf4QQIrxpTuM1rxpqz0Zdv92PEAV68oSE4E4GbQCJ5WAPe2W1bsW6f3D4pyu1bEAcvLvF7842Uz2IsQVHqqXPDJBmh
pFLZrWU2uJHLkA4SJo2xQod95byzlyCbAaG8XIUvtbnDOFdnehE9PBsuVPGdmGXiu1VvF8DNan6wdkhk8gFewUcdM8jijQEJqzz6
bCNw5WOvdTmWdTCPCfA7dICPCRQvRwWdAPqavQ493oKdS409QM39ixutf8EgLoRWedy8iUuiWDhJae5XcsrDBSKHdKlLghGh0GTk
i3OFfiBVJbGLvSSbrvfUWqSpN68WDhycS8MQBVUskPY4hUwsb8huHCpl3iWdkr07M65qqPvG5fuxD2DbTDwqLlnXv7UDrQpD4CiB
ukS0qnXKaR2o2GHceSkVYrFp8ppmnmx6CDjlIkSzbkMwyPoY6iBOjLORPhSZNwKyawPJx32sOFtnYb22i6uOrdoMRnhww9EChxu1
u4qDz7J3k13O8XrLEa9F2IsNjPnLgaX6NZhvfeCPWJsRWJAktl47QcN92B39F6aWqeQbvJcMDf9BT1Zalaqpi2SVRl5p66LN98zs
UqmVWnjNHcokmBhMRcAi5pxWVSlfumy1BL9AcSirewJFNhs7j7IF4EnD2N1MtZHlEEAg494Wps3BTjJPZdCyqMOQwhwvuJmAWSKw
KcXs6QasbPc9kc7EYdUw2NaxXA5LJaP2K8IXvTcuKrRdd48MAxFq9oEfYQzCVU6s8vYVCD65oncaEt76eVvED8REKkG4nNKL9Tep
3JTl8S2rfna0qXqK6Iuz2hyalZUx1wDM1janAEACIcmNPStipRJqif9gu5TFeSeRszunnh1aET174JlYLrxGb1QC15UoS1hMYBXN
7lTz86PaWsNmzvbCJRXS1ka5uILqhI3OxYE4A2ocPQWOdeQi3KWje04F8WurtDBdy3qgS4ciYTx6w7Wgvb1SIHLjGhDsHr04uADT

footer:
  note: "generated-by-ci"
  checksum: "bfd98393fb698ae4"
