timestamp: 1779475886
sync_time: "2026-05-22 18:51:26"
version: "5.5.30.523"

meta:
  id: "ID-e16f4d42abdcab883385f647aeff64bd"
  encoding: "ascii-safe"
  integrity: "43c0ef59d8e3cde2"

data_block:
  sequence: "c459227ceadd"
  status: "ok"
  channel: "release"
  index: "0.1815"

stream: |
XG4ZkoZ8y4mJQyYfwd7PFGM8OGhHAmMrPA9eCTX77nyKC5yl6oH5AtUmgBswNCe78HvHBFT8jByPNVbBCo7K6QjRkxAeHL4m4gqR
MJwKD6A42NfiMKV4IE0TPt1wPAeVegJcevAGX9tFKpWVFq8Rk6sRSS4hFjf2tlw1iCmKGZs5GL59LX2SkH9f8WwFLtA3IZMFh8ot
Hgu8I3PDEVm5KVzOEQkF8Hv6nNoS7lF8cAUK560V05t6AlKORcSopVw90P4kZiITNWdXGocZy9vBf4Ry3SiyZCkS2pPkPTFphPt1
KieQ7PvoF2DwrOycfOvwHK7gKgeTq5LetqYId1S9KKsUKuN8noYPaQlAtpkM7dVgQZzjKIUMFyWPA3jAvxcqzutqsYQ5NYXtsMgz
fhSIfxKF8p4o744R1UbNYELNn5D9A9aW58zXOkHxW6o2xEikcEaEc70mJ2bvjkkMvdsgEKoWco6qYjnDluIC8mSgvdJLbrfdxcWj
kKXdcmItZJg1Vr2OgGJdpCBJ15LA9S7OXxo95tvF2RoIcbYoojUVQ7v1rjM4kM0soeE7Xlw2MnDcAwlUBByV5bonTwZEBAmvMOdw
iUSOnkIUGe88ZmT0iupKQsW7bV4InfBQskvAQWIaWx9AymqjKEpGNuvEYcSkyXprFuqGQBSi3lKib7enU4wlEPEmyShR3pAjMELJ
C5tv1kTBDu4bD01YgLYhMvjZ4qbtO010SUhWSKX3J0rNaMbyvctDvU5UgbQEjxlptyjydor6Y4qthqpMFn6GtBvd0ILYT4jkIr4T
LGQAe6aTh773GOHgoQt6BP9fp6X8Z7WbgB2fcZZpm75OI3rLA7esP6CQkSGfvfWoB4UToa38ScVSrBrMz4Sweb8YbMar72X39WHL
J4MBYwUIDItlXt2I1VXzt0ICvllPi97WkcxieiymJnSefFKe5IEvYg0ounRfLNzmjCc0QLTyQZanj1uTHyPQQTaW3lbcOmxqQFc7

footer:
  note: "generated-by-ci"
  checksum: "9ac9e5f3a62c5439"
