timestamp: 1779509364
sync_time: "2026-05-23 04:09:24"
version: "5.5.30.523"

meta:
  id: "ID-adc8cd456c9542c110fbfa0a525c1400"
  encoding: "ascii-safe"
  integrity: "7e35f58a270935d7"

data_block:
  sequence: "8a5ade767839"
  status: "ok"
  channel: "release"
  index: "0.9377"

stream: |
As2BYva5RlpDFAzQEaJQpRsiQDIAS63A8f4CwHtgNmFyekCZOpnMrL7vZrPC765pDy2pVT8iXY8hLYP92f1mOTvjalZMVfn6ro6D
fPCJnUbYiTVqoMSwbmOir4DltAP4IsvjtSVT6m2umQ2LTMwHQjc4QXeszj5SkfqwZBp6tFecUJdYxgnX9obg1p1ypc5WQErSKkkV
3t3d7w6bi0SCUb2o1VA0tfm8Tpq1SuBBlpwMFLFIJjiH48uS5uUGiNyvwPsPXA25wIt4vMfCeYo9KRdt243xrgBuS6MZ0HHu4795
ZEqI8nJ75upNGX9XMxV9iTswQER3g6tsoBxCtCy3TZHFVt93VUue7lsPjF4hGivfWcmWaFEdq8dbIF8Y9tHORgSCXcSw4upLjNHb
M8Iro0rRMBiM0KiKOumtNn8uIjESWhORYps96E2Y87s9hFvrYTb0tMY35aOVm6ZcDDzK2Cpdmn0kh6Cev0q8izVOMAJUstaosxcY
Q3y3MGWqZeh4nxETNeMhtDrXsk0CAqobGYbqP9OgGmPx0frkED7BuIBNjjCEIFU2QRFwckg193n7VWZPTDXvoFCBraZVnnRGlUKQ
Do0swXy9q4PFNjoQljeTZm0zm43wv7EHzWEwAO4C42PGGjpOxKOcBAkGTgSUGg0ebSaSwc4k4xIqALxaqHZnWWhvzbWHw7kcIB72
pGAMiP1lZwXHpS0WIjCYNFL0E3hWu4sxPYeD8KrDdFTHSWsPuoNmWQvN1cGRsRGSf1rqZxeChinp2McnBFHhIpKxO0Yp4s69NDw3
KWsVzmWgUlmNJ3X7odIlAr9jQwXr0K8U8w3478fCAwsdYOtxW8gNkkpn6Zm7BTp6CMc9C5AVX15l3lTww3N4QNIwpmjV9HdcZeSY
1WdolYSFCTJlersXONRJ7yV3IVCPZ3RZvC3w5MBHhsv9PxbkvF9tJxg9sO0aLfpGDMpByN6JrRWF2469b6OQG3bFzmtmAD6ebqx6

footer:
  note: "generated-by-ci"
  checksum: "ea7f38d1a4fa9e22"
