timestamp: 1779547141
sync_time: "2026-05-23 14:39:01"
version: "5.5.31.523"

meta:
  id: "ID-e73c5e2172487d7a3f63ac87a06ba74a"
  encoding: "ascii-safe"
  integrity: "e9b87e19115d6fb5"

data_block:
  sequence: "ed1e445913cf"
  status: "ok"
  channel: "release"
  index: "0.18181"

stream: |
ApUzjHwIa1hQrTwacfdPaMyvOfTT9rsIv6LGFv8fmqlnc4Rq41G3CkixE1jklqfHXPHr1Nda1JlmIThUdyJ3KHspMSbOXPsapuya
OfotZS2zndrCUX0sH8H9LNJqoWgpWjVFtTFzOkCAtKprJsnnjmE16VKjGB31xE3a57ZlFywgjwazchuVppMsVrrLI077MSkWpQ4y
E6RM9m5iHd60TGPd8jYARexwLIBDCFm5ZFbNkEySseRy0BDg5ujEMXnnDWZTL6fSD5YYCbyoByoDpJQ7TUQFxAzWLf8d4xfo7AJS
BIYHEoyU9J1L8ca69qdbl2jTE7BYuywQ9ky258wT9GmPyzcX0mmUT79DdwysVwAf5xX7BxOSZgXCyUDJv20otXfdaoBLevCs2ptw
3OkOtarmEiJG5Un5cZCWjPF0R36smXfDKmBnfW0cdZEYhEuPj6L0LifzDPrtYArGG0mnqDENF5fVabNTupXRHfSGFBaRHKl0fI9u
zx5UjlQ5ARgFCMerW6pLIoMcTSJNhlSddc1AtwXFovwWF3iPk07DHwsDmVMMLpvxVO9MvHvqsVV1VrKDwWpEHMH2IpFMKd8bhy1b
lnceqpK1PwJxE8IoxLCLugjKNv3liQAMqjAdLvwqxCXOYLG4gRJJmbS7hmkdDVVQqPuS213dUS4liDkVWvhX4q3QY7EIf1IKj9kN
9yJjQlXfVSBlKCe8M9fbHnj8GBsZeL1hx1GueiU4WpJjukHIuHIvvxYBoL75MxTurMQL1znBSwvPy9TVnbQZKXbHAcPgF4jMLkDg
LtJnT7NfJgZcz1r2XFgSoZ0d9TONMu6J2dIN93Qn431bd0sBAtWMfNKYQFH22d9EtMvpR7cDp20fonujx37fFFtrB2v0IugFmFAP
NYgNjWVUC5JAwWxm6YOWXj8GRaUPkejgvCtf1Wg3LIxfmjfQyouZfylGqWz9AtVWm0K8irg9qevsBGDuJdWPnfFjfhp3z62BzqXN

footer:
  note: "generated-by-ci"
  checksum: "f79167792390fd8b"
