timestamp: 1779552856
sync_time: "2026-05-23 16:14:16"
version: "5.5.31.523"

meta:
  id: "ID-4da0b9a048a03216a18a294f6af44734"
  encoding: "ascii-safe"
  integrity: "4d798edadd46df33"

data_block:
  sequence: "563ad14d98e2"
  status: "ok"
  channel: "release"
  index: "0.2178"

stream: |
bfj8EhX1vXn0sEuPGLIgOj1K0tcCEHGdFmImzSNMK9ilZhZKYObJoMHEmf4lb0cSoDgQhqMayE1ZL2fzTVoCQFY5CRfeUvjYZIay
TngayrZUL8MhZsNLIrNQrZFFTvboI9pfNtafJduylEsGDoXaOJnZI0LbgFEvEiBe1zkQgOVxdDcqXtV9V7SXIs43bI5qeRqZ2jFl
OO5Vwgs3SLdFRz0P4tfOVrYot4iZQSABizC5v7OD4XEEFtqW2jz5A0WnwoFdrrzWJbdRxLiJSrMzog7v6S3mMIuzqcHvbHDPTEVF
sRraZ7dRbKfUGcW5Vtz84v8Bq10yt4HBZDv0XSQFPi1L06cbhvtzuzQt3GEp8ufRi5Kz6wAXa43zOcx5TQ0cf7sbU1N83jDLOfEW
rqpawjslmdADGO1t1vFjsixWtPpMqI6rramC7WmZkWQI7VpNNcsXuhj9Z9ixv9A00cDOgZGXYSLa9EfF2gX6hvR0oP0tZf1jrm6l
LR1Gx1TxZPPTXg3EgDmhjWDgKEcylSd0WRvZBVGs4u46gw2YQFy1D43Q7n4vyuGu3zpv2JXZyRkIJ5hAYD77bezQ6PS7Qiha2xX5
8HXYO8BTFyafc0jFhgwT28Xtjj7sGdqk8HwLq8RSl8KoYKNhzPJGfeb5QBbNfyVjo4TldvBMgwjTL7SgWiNNGWy0qusQjc7GlvNH
IqlsfKKCwAudyQzYCbqKd4geQs6sLH8R8OAC8W2QFBcmWxzACXo4UKHvcd4Ic6s4mPVxESw8RXY3dmHSQJtVgmdsYaHT3ROQsHMy
ZrlX9r6hHfYHDFHBSCCaR2Xiem0pZjEUwjzMEoF0EpuHi8zhmpHhDdgc29BMNjkrBGnexnU4BkFIt4kryGDNj6HCuMWaSTraCGGI
Z8l5nJ1A2GpTHcENdc9pH8AddeK7IFnFZbaQtNate5uGb9fyXZ250tQgwHg8g50n7MDEUQAifs2Tb0faSX4blroUB8zB6faeoRcf

footer:
  note: "generated-by-ci"
  checksum: "aecb74258085bb09"
