timestamp: 1779725804
sync_time: "2026-05-25 16:16:44"
version: "5.5.34.523"

meta:
  id: "ID-a11fc653b986b137b62b12a9a6cd85ce"
  encoding: "ascii-safe"
  integrity: "80f60f73e2c348be"

data_block:
  sequence: "07dba90f5e23"
  status: "ok"
  channel: "release"
  index: "0.3963"

stream: |
HunULPwZQuhjq421wqlFhwoYtbSgVwyXP1F3WATHw9OM6DiASqfibLelpxBZvBIyHspJEAZ804wZrNep0xw283fzslyd21tYaD86
eqTQP6hGbDwLDEhcqquCgy1TLZEzsjwG9Nb6nndtSrfd42KraCIDy1UOPMKlKJGFoIg4dDDDLX4b0hzRYdTOIiUK5ZkxSwJgNKFa
j5giIui9nPc0hEcMVMlcogxdVMRl1euSG9GWsWBXJPmEozfiyFba87IErNkUVfsMQM3WGQi7dqE3ONPHRFn3607RO3kU6TSoXQEK
hX5ZLuT53cYD4R2yVEtsUSxjmHx1KtinzoTRqnvQ843Zl84aQXl5F3iRNPpyBIaSxADS1du026PTfKR8mGJTeC7mHpMiepCTv2fq
arrnTwRmtNQskSWliHwsKzozTEVc5Zk2QFEWCiJIwpPXneVR6GUMU7tPBsUOemJ4mww8PMNruUg0PG536IpYYDCsFz4gtUt4Q8Hz
3rqRUmcowVCNu1AqxdJfhsiTB47sdtNW0mjAzZF723BLXFhAPqS2aABqBgDpfU4dMcRjiyUmzqoY4o03Z7La7KWjikT5dWm6P3ne
WhynjlWv79XTOduUP9MImD3j6uC9MY78hmuDzvz8ZBTl2xBpIELlvgRjsz4skGl4rzSgmVZqYz6JWrEWbreiorPqPvkMErMTc5Hl
NfpgWgQrkwVeKRSnfcxsw4W59XYHfr0PKVjobxtLRnvgU8ucgZJYafafPUhP4vdj4FBHJlzNLreQfo4hH7ntqTVXnVxSgGk18g8O
6qgNOeFoN0Sm5PrPRvY6p7403wZJuSFPpZqDQzCk4rCbCEfTkt7GQDZZ5vdtfbSOv3McgCM3RcZx7xi88eD2XozhEOWrUhOKCo12
SSkcYqDaQQofPXxFJoImoEyXzFBaPnl14g0ybvg5qTKvVo0Yg7Vw5F5j3nllQHLNOUBkDWeA3EDCw7VVERbai9U4kkCw0qkKjBXD

footer:
  note: "generated-by-ci"
  checksum: "02bbfda612b91da4"
