timestamp: 1779285436
sync_time: "2026-05-20 13:57:16"
version: "5.5.27.523"

meta:
  id: "ID-a5db7ed952560c5daffb0a5e43eeba16"
  encoding: "ascii-safe"
  integrity: "ce64d40f33e56da4"

data_block:
  sequence: "dbe58940c5fb"
  status: "ok"
  channel: "release"
  index: "0.23736"

stream: |
wbebY51ouOtwdltDfLoKM8mvdWbnvcVcEqaxnnbMDqpsCCDMgJs2VZb3WlUNL816Mx0Nv8nqJBzJaAGOsavDQ4xTncjXYTOM0DNR
V0XDAfaoD8104MFiKEdqxtZtpk2Qyu00iUe2egVXqD6NtrOPoUwVxtacJ1FVGGieQkkmtBlqZH3zz79sGNfsBkLiPPSi6JDxMRGF
l7n5A9wXRtiQOHkk6oLhku92GTD9fkmtv8okmLua664sPUVDsKrsJdCi902iO3mWv2ESNChYKGUDnAHyB4rSGEWkwQt1ejjsHmp2
YILUbJX4E364OQkD7i5w9W7zl5vYdw6RBqRjVhtEBWiIPN3zsat4bYr7zbYd9ckLWmwVcBbxaGHxSUT5Wi16Gajs54d3gXZU0QT8
XjrPFlAUJDjWKAu5mKtIlEP8RF8HWvvcMYUlVy9fWGeKqdydyde0QfJaQ3pnc79EVLILQbSXvDi6qw3Nvkvl1xYzztklfmzYC3ia
ZV7EYmDR2hmtN9UXN7vfkR36xK2gs1XBrZstEwYATCthFZlsTlGkfgrbCo5eXSCrGJjrDidMM0Hix9BOF8QnuB8Lu8dugC9u49SL
gswq6ZXbYQn4glgvP4JEyXKnrlVm1EpS0xn7g578lPEgCV5dDeGKq1GiTe0fIQrOHYmb7O8GBMUxWx4V0sBZDlbZPAo9Qursoyrx
HTqZWpSqMKsLontoGlW0f31ABa9eov9ju9zi50HfnolfiW95h6VjQAT02nj3BIbL4IwpcfG4KxVNVluYuebu53cUfmvdKXT6h6N6
9BJZQ7g8FBqSCJnTNhiJask3WAjwV2ti5luuYOVGciF9uHfWQYV4VXsH4MZCwbBhepQcfPSF8TzG1xkIhSbtllcVB8yVq3eZ3GFj
OukMG1cZfro8SHK0hXRvrhdlo6akSjiUI5sj8OxqRkLM1hntSI1jZMoY473v8b6jNm4foAw9pOU7VHhCogD3mGAVZ5pVVlkvt2Dg

footer:
  note: "generated-by-ci"
  checksum: "8ebb0676ca300bdc"
