timestamp: 1779519548
sync_time: "2026-05-23 06:59:08"
version: "5.5.31.523"

meta:
  id: "ID-e56a68590dcc5e04a5662893a0058511"
  encoding: "ascii-safe"
  integrity: "08f4e563744fbe23"

data_block:
  sequence: "ed2702cb840a"
  status: "ok"
  channel: "release"
  index: "0.31557"

stream: |
imndiUySYjGuvttieVg7ZMIcXVB30cVkMBUt6Qy1xUfH9vERs0jcokVhuARIFXzSQaw4oarcqo8DcmPciopCuTuq0YkRjnUbAOcw
IxsrCwkaUlXTegyiE3gPqB1zUEqtCsSWw2ier8z82pcW4wJ9a0Z8A27EgcScUErX6huoOdLsv07FNKKKdXYiiQCrudzhxfsyJE05
zVBY08zXmZY873b2i1SOWDmdPvWDmH4fSy3lz3KZhciIouVIVUT2c9DAhmvmEu5fMkL9yujy7TgQBrUbNWVv1YBFQb1IstScnkix
5nm0bVeps4pI3gMVZvxUtXtlDgyW9VIICCsIoGcbkyWoG6jsE9F624c72kxEUfNGionmXBQeoXrpkXsfJbRziWc7NBMCDz5Koj1I
sY5zZsN0f8jePdyYSpwWp1JXDJBUZRplnXD56gi0vEmrZwzU2JNCencFGGMzywCd0aksDYJtmZYDiLDExAcsQ5Vuw5nvsqrMrnXG
wQSkMdLHYdn96p7y34kJXtXsNmxADTgD5JurlI6kwKI81ApsTNug4hJXJQT52ox1bg1wgvTq8jRTjE0iQwjrN4RuiV1og7tFDrLR
mKaaqPNpQW8YOsqgF71Xsy9UdC4Fjg1M6GRodLZUCZqnUp1FuKBOoc9ybSYwnYazjP1w0QOWvSQqLrS6I4XGvsm0SvoMEv9CdOeJ
hl1JGG5Nt0iYoq5HqihFXWapFt4mgHDol9uAtdHIqUZ0RxQFm3ouUJbW3KhklrrkIP1tbXXHCwKLClDBBMop3bmelgcUQeqzxRUR
UAFNm4GHmoyy6O55NZOahhbNo4RNHMKiFyztIHot3WIo66YhhpQMUKDqEXyNzyCZZiChzHfDTLANLU4tDT6Id1m3BhNh0VUAeX3a
rsuFjrZfNmxoYDXaXk5mgixoUezdn0RHM1lYuEdn7sXOCcMFpimlBcPvtEj04em7oZlKnSyVTYhdxNytQriI2GOhIDaETXUoLBxX

footer:
  note: "generated-by-ci"
  checksum: "3d4a4dfcc108154b"
