timestamp: 1779606350
sync_time: "2026-05-24 07:05:50"
version: "5.5.33.523"

meta:
  id: "ID-9f399446e8fefc54cf07660c6f3d7be9"
  encoding: "ascii-safe"
  integrity: "ff999a6ca3777624"

data_block:
  sequence: "220c2db1c451"
  status: "ok"
  channel: "release"
  index: "0.10214"

stream: |
VhmHIDvdnVgq4Vf99QGIqb33TW6GcoIlhWCN8TV90CammU5yR3p6dJhQ3FjA0FT7PfSI7PTo5AIY7bpTqtp8GnceBZYp0Ry2mlY0
eI6Wu17UlLwXncIsCoCTclO3NI6W3ijvDDgD7kRU4ISKH0KcIBMmr7asg6XRP1zPgfSOfMrXzaxW8F5IEWj5slXGhA0DYQza5OKJ
GQ3CSKOImow6M4hAmUqPJECCiNsY3RCSCvDrJlCD7JdsyWCLG7dOY3ula1emNsfpLYxoLXZuL1u7bBcVFslDvwsBF5lxFGprxWeq
bPWYTi6xNKE72Vrt7CsuZBk582vBkX13UruT1Wc0vrW2PffTcEErBBaS3wKPTKrfHvBsyxzNoHfwXtuhkuzxAL7lpdQR6vpkFYiG
pMV47B6VPMvPYqTF6pHO2uS1YJymLZUCgVHiM5Mn4xo3ugnU0ZOUOhNNGRHFnUtP4hXOdxGxmZLx6QmO8Fsy1TQs7Ttk6Q6rJkSI
P0znC1c40unbWawAyTdywXNSGxCCP09GncP3fIJpGez1OSfTahrM3iG90WKQ6RQxlCitxyUgYiSz7Lq9FKugKMPtJniFLd0OnuVb
d9rTMaF3X8Az64jUZ4x1I3RIJXqMIi8Hno2vX2ZCPpNbrw5XKTm88KS2pWSCXGLgWPrl6mpQF3461FFk3EsDnXEKX1ZA0196q0LW
jJQ1UlKBcumSCasqV4c5gj842NV53jO2ZGk7MxUGzlhDLTFfn5P0y5dJ83u3js3aW4aRSeZcWqBBFIDCaBDpIvGowDWUM6pw73tt
hqbWo33NJJwEuxRFxpI5JMOBZylH2zlvVTezyvKB6jMxlbj9ixamfbuKwm1EZ0trWXSZu3LcCuUYAdhNhAWvbB62mo0lFS5qRGLD
ptYPVqLC1DYVFCd2MNKtfsTVDgUO3XBcsRQ2QQLjtd5OUTbBEgMP5tzG0fO29tfCsuCpOi8L63hkdShhNwHcgTn4Zvf9sartkh2a

footer:
  note: "generated-by-ci"
  checksum: "13e05058c15095c1"
