timestamp: 1779507994
sync_time: "2026-05-23 03:46:34"
version: "5.5.30.523"

meta:
  id: "ID-f0eb33b31bc292d8e57444e38be2fa4a"
  encoding: "ascii-safe"
  integrity: "210ad29a8d20c063"

data_block:
  sequence: "5e4350c6f1e2"
  status: "ok"
  channel: "release"
  index: "0.1998"

stream: |
MdsI9jhKZExbwROk1GtmkGUihBt1YxNCq32vItmsFiQz7TMNCXtshERbby29WVXbE4XEo8zv3nal3ZRytb2uw7dKpgU7Sat3HiVl
tVKTiwd7XXF6OrjVsLBdGWsPOc38fTtt8N9zMEML6r1cQ7lmovUkROvsR5wlBHrxEWnB5ou0oIB9nwIbbD5N9s9XyYu9SBcn3fQD
rKdGAEPipiE855R3pvFcFvd0N0eSlFL5r7nMcGYJHGk3H2B50x2fljiM0JRpvu0kleSr3KbkwKMKNZY5vgEDor046FE8Snv3Tnyo
TyqgzFHjcGlEDUrsiuh3MpoMeg0GqpJQ0JHkGSjC27XlqfzIeMtwO8Z3e0SyBTNXfLDzkeSBZ2usZpnnNBUnd9aBgbNwkECBtLUJ
XHMjtqiwO7J6d6s2G6CX13JKEVG0UE2SjJOFhD98tmj2VPEhUymDuz3WfLaktVVm1VHXR2jiOgaJWqynE51pkXvXVsFaK3y7g4Ko
MX7n5yqwHHS32o5wQz4XkPcT28e6UzjZbkP7MID5zG2YHdIZBIO3uydig2gWR3KsKZnLC5ig1TwMlGexoEhA2AMPpcO5YzCCtvFE
PNbV0nnRgPlnq3jdhMnoqNbvKRNnRlM9HHRqQNCE9YJKsSd1JqiLg4Q5NOqghTZlOWXj9juByPsLSDD9ZOegiw9esrm7X6B1mvA9
JmQpzM7AK6icDrGOd0OkyBVLzRvAWfwN9ZNQMlden4TKEJyTfOn6Gpc39pB7049DucDmi7u5Vh5NMr6oRcZeIstioMfpV1doohTb
qtSKljqcmN2h81Y1OZOYQ6jTODw24uJ4q4f4Zb7mSojjkDtZaMknXdMTNl99ErMvgRvijAOy42ctkLvHIXxhQwcswBi8qZB0oC1R
AEQ8SvF8gDWsvraj6Tna4dHPJmMcXdmbn6u3HygDdYf5Sa13x3JbvOV9rf4MzAGQYXFenNdUSU2UEDz5XZsAKn1xhbynNMdIZhuZ

footer:
  note: "generated-by-ci"
  checksum: "0ba5c4ee0d2f49e0"
