timestamp: 1779610588
sync_time: "2026-05-24 08:16:28"
version: "5.5.33.523"

meta:
  id: "ID-fc2d24b047a56932b5f7c33e9492eecb"
  encoding: "ascii-safe"
  integrity: "6d951b95e5ea7574"

data_block:
  sequence: "595ba920645c"
  status: "ok"
  channel: "release"
  index: "0.26033"

stream: |
rOg82g2uy0RB5BAzZWO6TNCsYwGsVIXDgkRzqThfA7ImrtBWf5zJxyezY2yUA9HsmPNd7oY2EBfVMOfG33LBqjg4cdNGiOBrbCHD
zgCdEtXqnyH3ytysiLYjwVMdk6pF8km5lGtlH5LbmwvB0uMCz2aDLlqN3YlRjmN2J3P03GUcGexCjL0FusXOFcPaeIGC5VEfkUAs
V3p4vDVb8NjXFFTFi6hEyWUQn5z5A7n51fr6r3Cgy8tfRikuBlqAZqBjaPX6vgkipTXhLUiWQSgeGenxqkY8hkLVhgbDGDukEkMS
399ikmTGDMWiTjInIOLfXbS9r5fwpgVheME68g5rsG9lHKGJzCuZvc2Om44T2qK5o4oy2QxeNMM3yfpnCrcfTHQntpez4PXg2AdY
gQFbuclfUnpxJeVfIvR38Zx5Zo4DkxPVCpEgOqRE5Z5zPsDbuheQlCmwhO7uQXbXFbU05zFhZbUva6Rx1qFL8O90viV6pHP5V7gM
WiHXeVnGBDsnl7XpJezsIK6Eoqx9ljpQuSfBpjLNrxpgt6k5npcDHjhS0K7p1cWP9IxCUWFNfULQB0BABEb8xdxAjtSbYzff1cyf
52qfKV9Jy0EOGQQ1QMjO6LtKw7Rnp9vI2uZHNjoaJX9UfOVb9MdM4sDDuPS02v3PzeSFCiKvMzzetoAG5dlDHAWuRnZBGEVwt2mI
Rf6pEGOkFLPhoTvsAWjLadB97lfdJ8tuDf1YhCWRfB4J1jYcs56nhZc0LhV24X9vUYKX8CXquVZtlgRGESdPS0CIfpWWQoluG0PG
XujdiaBn7W2xrV4SzoAETgGjWNZXkozVOPtSG7FeM0Y9LAzlQYqJr1CyEROqZlQWCmMvLRmQED7cFeTyDV2Urva4g2vKhlMyKbC4
BoGHriQHJMOV6YoXPGqzT2231qW1FagcRUGPWWNOQF4t2XJK2wEUNiSikyKneHgDjkSCIDXTdJXUytggUbTuNkY3zthJ3IkctP0K

footer:
  note: "generated-by-ci"
  checksum: "a9fd928da250ca52"
