timestamp: 1779110149
sync_time: "2026-05-18 13:15:49"
version: "5.5.15.523"

meta:
  id: "ID-d3d2c3150932718bab16c5fd49e4932c"
  encoding: "ascii-safe"
  integrity: "9baf3541d0973b2e"

data_block:
  sequence: "757881a42a22"
  status: "ok"
  channel: "release"
  index: "0.3356"

stream: |
  yED8OKprxTt0XBVBdlxsdHelV39k6XQxadqq6ClijyxsSSGooELLLUqyXWIGt0QH29wTMsBW9fC1nESqgFU2VfjWTS6PfWBRcMD1
  Ok0WF5T01XxBjvWt18iRoHy7NdhAQ2FQXtypHnfrLnWBy8WoNFnADJpHOhGFMDtPuFL8EBgylVbWJ2qOogpYwsszYPiG1cAHGiiI
  wzyvbrhiLpnAUUDWkNrIdBwCUanu0TVUkClmC4MTqYJ40Ws6VVWvpqMJzTjfJrEJYTjsdyvbFTeyuwWkqQJXAP9PmvsyghFbpsRp
  s7J376YqYwW9DePU4KZTUCyWDdQrDkni2T3bMCncmU31qS9xgMXfRjJ3TLl3tQf0xzfleqDpMFoPdC1jFe4VqnKgq1xZs1sBfiQ8
  G56l8xnyA4YVgsJgUZcpwAl6OJ476tJa42xfzIhxvNxwYqksOQdUuiQLFFI0WTpOS6rGjOhWBVBkCxoynxlmiz2cxIN9Oq6Pk1kn
  tH2MOCCOOQjdyBTKTU0XApwHi5PmlzaSWQxvt9NyCJNnkVbhw4XqGCHR0qLjq4fKWUQ9qDq7K6s6YTQeAVpy59Ede9GpoTUroUkw
  GC3HFgcfwvlPZoiPNoXJeIYtGG2EJZy4gX74muc9EXwPcFrVAMY5VyvYQyq2cjBo0NjtkIQscHRR4m3bwbXVuNFWffBXmwlXggHb
  v64hQ46h2QGUg4nhoXFtMZz05MOzB5dgh8yHeMiW8ihT4b3tM8YQCbrBPPk71KRKBZyvv9D6nALJjYJEwYrwJ21jKTjFVVYxUy2x
  H1iA979YTVKDZK5KWAoBzDYwMf42UuapVoYdvmmaWeDvtsauBAyHIcqdlsDrmwMkeITcrVr8zORO4FbXVhWLWhXtA3kMU68yEWpR
  wh3rxBJJHTAqcbOE5EH96n2KpbtCojVJeeGgLvUq5YAe9Z7hZhcJ7qRnm3P6eP9XtpkXdBMcwud732ZS1jyJQmTKPW3IBO8hAeEZ

footer:
  note: "generated-by-ci"
  checksum: "bfacc221b36897b0"
