timestamp: 1779285098
sync_time: "2026-05-20 13:51:38"
version: "5.5.27.523"

meta:
  id: "ID-862663b9ccadf212a86b89a5cfe42170"
  encoding: "ascii-safe"
  integrity: "47f2be5ced5a6174"

data_block:
  sequence: "edbdc70bbf29"
  status: "ok"
  channel: "release"
  index: "0.31590"

stream: |
1hnzQZuDFRMH9EwDfV9UncICNCoRQZ8wBtsEc1ze5rQmDGEkaLUGfpRjH1VjAC5AdQMC6nFItnl3zQo9o3q1RIUi7Xd9rHDePgcc
wyMRij7obZnNkUKb2JEpqDsqzwOTxwpNBko70IwzPZO6hKQvf06DdIzsxSDvqkzYkMgfOcyVqShxdqdO8NqLqe9D9yU8Xy9frlmV
iso1pmkrkA5qMkyTIbVhCoWF6PhlknF8Qqkt8JOdOgrnXSDYmxY3roNf7bHNgztdoxxfkCYJSeBWMhuwBXnxJ9DDgkIc2Yf5U3I1
D9VuoBFWkUId8RQfDyRuRFhFNcdzjWaBOzdK1cWvsecbEW9iF0VFVqJONfoU2bHk64nUDZI6ebBpGZdS8QFzGtuLPZ81YCTC4PAH
msQQbTiOsPbTk1jMpIhTBh9B6bQOTpgMEBTO03OpxvVQo931wFVPQOgOXsETiE9PqeR2TWuqrXHS9NDBYgMV8TFX7ZZ9KD07gwfX
mGBn36o5uIL4HEGCX45M5wU4XE0u9G8Ox6DHJ6PLFP804aNQA0y6t2xT7g4hnqrtNd5qukUACM5fsXc9LnyDEsAXTZHmmpPTE6Ri
A2Iut9m2RWaH2BfugqHIola2hOWNfosOuKjJt39WaqHzLqsHtYgAUMQna4trkYiRjxYRR9rdJoYpUifyraSZa6s6Rf87BdwlGBUL
DZVyMivsnLsF2CDJRvGCYOIiL6hfY74r8Twvuii2dRqIi1YC5tM1bY8cPNfBDIVQzQlo1xm4C4YyrYgIxA8iauiCecEOxpM2pozD
I3VlgwjgZI9tVxnp0YaVhiYivz6cv8nX1ruS6AmJ7tXFl9NhAYHHhUOvU1E5KVy4EwSarwlaj4FlpT8ypzubRd2CydzPcutGSu5Z
kL3ykEn032t7gTc7HOKhf4acjkVfMSSYVWghRnHjZnOaxKisqkw9SYiJXgVZ060ILBFlClist8X5bYR5NX38eETlYfzvBt2hSZH2

footer:
  note: "generated-by-ci"
  checksum: "6035ba1cfd634a03"
