timestamp: 1779899536
sync_time: "2026-05-27 16:32:16"
version: "5.5.35.523"

meta:
  id: "ID-952223b9584f23e95255e4b8a2e618b3"
  encoding: "ascii-safe"
  integrity: "7b2fe78a6e102cdf"

data_block:
  sequence: "c1d10930b40f"
  status: "ok"
  channel: "release"
  index: "0.189"

stream: |
hxOQFvDZW4Ch03fC04mdblIX4Vxr1OVd233pr67rjdDE6pjIDgq8wmEDRuyT7gu26gF2WXszOVEGnKmCkSI50zFmeZTlNW4SfLI9
AVMgtBVHSUVwoxSxBIcDV8b8OdObWSPNvzc49KuL9aPqaZ4Rk9SjRgUIZVBSENBYm6tJInsNcRnm9a1RIBW40o9P5OwgIsjamFZj
AEKDBqxtjXc76cWJGWFi7zzaNnlPWaOKecjCB9ljUPiGk7qpNJ2jDlyPs6bEGrxTCvoFIYghzeBxjmunSquPeLcP2GIY5eEo9B7G
YziFPJVuxMy1iPU5fCzeU8WpUUxh3Nad5w0BVQodrayYUzOEtn3JO8kMaLl20kNlm7VB7U021a6dsqDnYnjel9wmdpWNLE0dB835
rvc6f9N5livR3XoM8n8b69206cslTl2NB8GEUOiatWvGA9aRg1DDoT5RWd4t3eSQWW4m0G0p9HhPtHAZVR4cFfV3KG9Z3OpyrWz1
ZRsLdNHDHKuOiclMaK5MIjIfPn1FLZiWOYGAUSKsmHf8RU9gHsPhm0cajCcgmTW8QLtyHJ6Z8kVHUj3yt6ARPwy5peV6ZZ5FgAmM
Edtv3irfGhp00NKdlLjZTWpl3HXxVpohrXDsSGp0a8sVLVIb88h0kqC8LpmtcBxiVc6WOpCEtq5D9IiSc9WRH4MBUrTFFpTnBoaz
XHeui6oI87fx1bo4abNNUuETiRJouJpmHfipqHYLRKNRR4MQnix6AZuoaxS0UAt9mZ3G9s6b7hNZwI793Q2untOnWsuUhCT5qeB1
UrvoHjFOJ7IQZgnjC2JrjxXzZVHufiqobLuP3OgKpMRpLjH3BWLt8tTB00W2su10ZAF9t43ycIQOzIs8FBCMg3lG5lswBUIGTWoY
lTueS9SYU5JgsQXpRJlvCSI2EG0Ug3eM2qiM3BSfjjp2U1IKq1XUEVU6kifGBcYz63BD8syPOJBdxUzxy3iMYZlzsaVIiAljSAHx

footer:
  note: "generated-by-ci"
  checksum: "982a14ca0b47106e"
