timestamp: 1779171717
sync_time: "2026-05-19 06:21:57"
version: "5.5.22.523"

meta:
  id: "ID-c0c76c5f0492dec30934e98dbcc1503d"
  encoding: "ascii-safe"
  integrity: "5fd30fb5d163c332"

data_block:
  sequence: "4ae30e94eb1e"
  status: "ok"
  channel: "release"
  index: "0.16576"

stream: |
LHuT8Wf7cId44Q687whDveroLSXgMb8caLAv4FWV9ERW1EkQ5tAXkhGAqeJOmKAmCDstAWQM8ftD4gxJIGZ89NhIUc7kLkipgkRL
I4DqHTwLFV2vplVEG1DveRoioiZfyhpR1tj2OunbP09DtkgiffPQDITZdQlPDsu1bZEIo5bm8DPaV54BIBSsITJJxt0oyJ5V4x4y
NqKLjmNsLBt6JLk2Wpm93jojufWwr80uSeEwU7Rp9xmdMSb6WZOOxR0uhL3LWjNgZyFiQtykjZcCqbnfTYB5DIy3eps0ytuLv5Ge
IODooyYHFm79auPFU5bo8bF8Tussmk7z9nKpPuWBgDZSGgCiVFTn8zQmfoj1NPnGr3bTgJMlLNAV174VJiJuGuMhBqUcG9nOyhPf
dKQZlI6PH4i4ZYdGGx3N9nKqXdBf50iyhmzQ74UyhJo7U4V1p4BhCzKUAVEUJioT4uS3IfPEI3iKace3ceyw9rQocO5pO6vpbjve
MIGiMmRXUZVp1UNJ1TcUYSy8Q6LeIZLOXcnlo6bDyxLuQIkFbpJVKC0XbenGYuOxCWjHdrCBr7gdahaawPFhiheyRy0ZddoAI9U9
VjgmEv6P6j40VexTQHaAQcSaYPEWY2ofNO9WMdrDcbGkHkKGyvxx3aF9G00pIwvCPaH70L8QjPS5uQtDRFiSfOMq9Crk9JLpRrb5
vTw628A2QPBmp4N4YqdAzK093SPiyJnQhaghtyDXQ14hPgRWEWJYBI3ti1grgOVSHWvq8LcBwonuVbnkt76wvckSDKUx72bZFTf1
MJ459sunN1AAexZvaPS5jgYkHyAy5nXlY7zzs8PSJ5elKuoI3qL3k1dxAGHPoD3qlsnVDGOulUte1HN2INz1pv7xAXi5XTEfIyIn
GtVJOPuFU3txv12Ucj618EWmRt9lg4IlUbvbcjygafjD1deSm7zFjVZenpWsShyhcZADgGuXOSpEDEfi6lFIeYvpAZmcHVQOKPy3

footer:
  note: "generated-by-ci"
  checksum: "b187a23bcada249c"
