timestamp: 1779733535
sync_time: "2026-05-25 18:25:35"
version: "5.5.34.523"

meta:
  id: "ID-eb4cddff4360ba9eeb50e9184028ac2c"
  encoding: "ascii-safe"
  integrity: "bbc82e919065a1c8"

data_block:
  sequence: "49c4741a4932"
  status: "ok"
  channel: "release"
  index: "0.6721"

stream: |
snhzcHaSPeFPGPRFDFU2TiabBK65DzGiS8J8tWE0lhhw6c3GOSikiDAfzWjIk3Yl29mUHE4ZHrFqsJn166Wm9KUG2FnDfgj9FcgG
Srq8tRqRprNbNa3Rfii0FZurUyeCmnKPiIu04aTXBRGxlo0z7VzScLvq6bBGRZ4MnqhcK89m7khBotKzfDY3Hv5BCybMGVmLKqwZ
tLqzrxIaIQwJVSYMDtCMmMbUI0Jmtsj39vmKukrjcryPLfHG19J1QHeAtICFHAuMdhwwpmbMB9frJRbthhDq5wVuz2B9AeXzH2SM
SWLv4krfJgJuQj5G3AfjAXteoTyIdnGQPVauJX6BRKEYAlxsf8qF2UgWRmwBeFO3oFPIqsWj411S7GWG9KALudbNUdrX5IFtiiQW
279EnauCxww5L1zEcfEVFG3OVubVgsxZsE6otwsKz2209qwjttCus2ACPHgXxKlAMJBzKcrn92sLmolaNiyslb3VEvhnZblReVpP
0WG27rNT5198sbTpYQqPpJiln8ppcRqJkxdzguTRqg6gPpdmt8CSb2Xq26HfFTgR7iwFfP9Ko2Zyeis6rZRgwF2OzmKjfik3KCBs
aZ6Uc21e9LdUsGK6OhSdkdrzGi5EdeiR8G2gcqEpevwS5zLVCoVoYqIi1ltsXrAdVPe0BSeaBBnR8nzq8vaum0uiAs8Hh5ndkRCg
6xo8Cj5FqKNWfBUzql9Ljnuhy158YVTH2e0C70YgCKKRT1iOJLb9bNOSVrMQWyLMY4eAOyqKOk4bRJucU44UYcniOM7HZpGHkd0t
bO0isRQZu4Wt5C2Hzs0bt3Xr97CPdTOcGC9tUUaqElB7nklfX0UptpRbpUMAZcfPJ7Vsl2BRI73iiiEAWmjQSUbt4iM9do7kBPqt
JT10VsEgxREKQzYQVIYKFQ81mNswTPYB6QI2mTkOiHKhRWXE6pGUeAGvf4qgjYEQgBh2yuU9bfXIKZI3ZNpCYBscKUXWWGazwJew

footer:
  note: "generated-by-ci"
  checksum: "b82f3c3d98a5cd74"
