timestamp: 1779633541
sync_time: "2026-05-24 14:39:01"
version: "5.5.33.523"

meta:
  id: "ID-7612a268e32e318e3e22e4fa27a4e1bb"
  encoding: "ascii-safe"
  integrity: "a2a9dea48ad10e21"

data_block:
  sequence: "d4aad4f8a63e"
  status: "ok"
  channel: "release"
  index: "0.2536"

stream: |
oBGhjY6KQGQQ9Kc3VwlnZmqz4SO0Ym0k6zcICwFg9JNh84Ld50gt4XI5g77uQivokLAIPZmrqg9lGWsCjgeWoPhUVtaINzNV6afj
HGeIqFUkxgVRIVhHjqmznF2m3rqAX0lYNCqpVSEz1qwVOcoeO8pm4vc7fp0bVxLUBS41bS7KUCukFo9qSSHxgeHsQgQVIBa9rvKF
oxm7NRfEp9oDYvOItTbEqCa2N0dEyAyi6GhuQqW7JYCMpwmAUd0Euo9UzkX6Ip91DUYgbrT8zrNNWMC6NdpXYqDN5i9TsNVKiVpd
o3Ar3qplpwZvvEdWbRLAQSvsrfzrh16vPye2vmzBXWfd9MNKeSXQAZq3s0XOzFe9sogGFXvxGn3VKdd7pdWJC99ObTLiYqJL5cE4
NhClhUgc3AP8ne86DC703uW0UbKAXDtU6S674C3MfPxRPvBaAaiAYlwWhACjML1bDh9DIjNJeMBbSzfsygpUJJKHcmdJ62dDpjxd
i7N9cy2jdpmbTVJoSn45zxoTLlThySE173wt2cQgt0PdZ1ZPsx8A7SMhohrhpRMHk4Gcby9GSZMruZkDxH5wb9h30NkBM9lw9hhy
TreffShEUR3wHtd2m2S1HGJ6rCKZARST8vCm6eKgvKmgeZ6dslkjFY5fQwjdhnmFPVk4XJ9qUjQR1heDLxKiuaturSfC5HeHpyfj
mzVwfhjKrzWsUSrGFfPvTzW5z3AlfDvKlSwrIkjL7FX0Dhl1M6zCM5tCWoZjHDmbdV03PjxFi5Eko5IaIJW66MCWoeNf36WaY35b
rWtLU89YUGA4YlTHPCXmQQ7Cvph8C6Q3A3BdvzRk8VtQEXRLsw5V8PaiRuFnMDdeUXyTtK27VmUlg1vxkOIrDhOW92dX2cL5oHE7
RSCI6ZVjzpoIeyNyGKAEst2F7aOh03bTBZ2lRztrKvaNt50oYaz4sOZER5wpojAYJ12aO0U40pcAgBbDvekXQpoOuGh3zN8gL57O

footer:
  note: "generated-by-ci"
  checksum: "87224fe7b7baa416"
