timestamp: 1779642593
sync_time: "2026-05-24 17:09:53"
version: "5.5.33.523"

meta:
  id: "ID-493fb37e185fe5b58178987e8865c157"
  encoding: "ascii-safe"
  integrity: "15652bd45d8c6cfd"

data_block:
  sequence: "55b7b8652c15"
  status: "ok"
  channel: "release"
  index: "0.16891"

stream: |
2jA4g22lm9TmLybJyVfoguW3hM0s9UCjZiMaethFuZ7kB3TqcDp3H9v5jUdmElMLM7LvEsQYXHd3k2WipfmOBeEPaMu91kO1uvJL
i8GLcwUTbtoEjQRmi78lMuAtjucBB9foB1PYlp7KNjbzwSD9FgdnLiL84CoFESBWS90KWb9Ea62PM6N92qAV8BhuxRckGCiQp8jW
txIiN4AJT7I4KdRsJmJmgwJnQ6wC7fQVdGoKYIXmrXSTeJL6VHiBqS1oaPNezHLdRHvAy4N3rXys2KdVsvtvJXuCuraBqoTG3E0t
z8s1TaRIetWl2ISYzN2pfKZrR6zLJTcAHKP4nFaaUDG7rZQEd09CcAvtI6tUBsbo48kzcCgkHCZmrYfGfc5rGi1Xu0uovsuqUQSN
Sc31iEaR0rCqg6a4FFfjPcf62hEIsh80W07YxeC715piKldZuWbTXuevUIEmCt9ARwHFVwYJitXQA3CMRTG2SuTyOpz9GfzY8Dpi
3rUqpVzCwrKrFUmB1DR11zFM27oYv9rPTnnwNVXi7KMnC0joGdeqjCefHsms5M74WXJ2sqOFCAKwgLPGSRg6VTftqqDNAb7aFD6p
qEEyLgspyRoQOQMeJxUptQINdTfifGbeMy7dmvxF65KUVlum8Ss39BuATGxxF6pGG3aQuN9RZb0AIalGrSuoF7bd1UstqtQ1grCU
LbpjhVzDgmSWMwPxfcBFbRiqn8uLjsESN6Tm52MQS4NDGxzk0zJ3uyMfI6wC0cokBLEA642cY49FxkaHU12q0ENtwpMg8qd4RGkt
VHSJOdj9WlgA5xO30Eab9Zyb9XKN5uCwNzNsu12fxb7GIMuG9CmBz88G7OivV8qlfLuh6aoB2rQ690LLRSxywhaXRyzsmumIGxP0
mIhYsIOrHWerFYfe1244WVVtu5YFrNVCTnP55EP3wNvFUa9UGq8cm7f4LTAuPwGqvMaFU20zhTJeIVMI2N91K8NytcJaTjHYWB4t

footer:
  note: "generated-by-ci"
  checksum: "31950fec7f78a2c9"
