timestamp: 1779811372
sync_time: "2026-05-26 16:02:52"
version: "5.5.34.523"

meta:
  id: "ID-53f9ba3b31e77a0da73a5464b508f8fb"
  encoding: "ascii-safe"
  integrity: "9f420486d373c7c8"

data_block:
  sequence: "02c1a38b3fba"
  status: "ok"
  channel: "release"
  index: "0.31883"

stream: |
is3OxTSv644kZmvCDsDNHAPR2SJeTGpNAKTfngZdW4l7vPXCdV57qO4oLytZKGcl52RbaMhCWCGNc6CTfAvL6KQJtzf53UECQM3v
micVGxo4pNjcfrcrC6tYE67L7JlQo8urCEGx5paqgchdNZhVEgmo50mxeFprS47Gubnyaj1htOvw0PZbysDICp4CR056VTkvduKw
7Lcb7n3yGLQhW9jQjGUYM0aXO5wC65c6v1UNzhQIgEwI4GhuDrRp0Pr1VtjUW0ozkEIj9AJnBoAVoKqIEd9jlTXud8fLCFmXMsWC
jQW8wpldLKUKuhwIMkl8TqBHKCA2HuuT0Soeeg5cz3pGcZVMqqPDglF5bpxomINZdj999tjY0AnEIWK5D0PW03wjMwtKEjnkpDdX
BC9nlZd1I33FUJgJpQiBz8MWeVffRF5eCzzXkTwnxoj12gYHyPT1q5LVNrcctkrmsZjmbmhnH12bmrIqz8ZbojWUwV0DPhUYiapE
Hz4jniG13a8riHbxqUYXapjYY0QJWfTEIHx23v5VoQUCxNErORY3oE5PJX3JI1CISF7zFLviDKd7UCSQsaSn3hkbykh315av7NnP
0CQ5LVY7TE3OCAHwQojpag8qCbdOxgxorsZ8V9HNNjsL6Iu3zX4GizJgZclSEbyo4G6Vok51kk72iuZSmwtWPEuwTdOx2ruc58aD
pByHm7lPRHePdNLRTdwtSI7gdPnT9gbeo1hqSZiEvEIvs9ZvuTRKI0EGFc1XtzErucmFcSgmmT6fqH9AVO4lTorSMpmo5RqqbaIs
bwJ6PMXHOaBno3CV9o8l8DFkST4GizWcX5So3NwPWD1az2CQCd7TIJngx0ziskhLSaDGgqorOPc0jJs84W0rPMKzlxJ80c0JHQPv
MEmaY3fIuHNaDfvS7Qc2vPsvpkPKgVU6sU4YTybcEasIQcN1wiVfoSBkSG3x5vVztOIQ3GXqyXTEer1VQc8fkVaQKMC8duZ8IsQe

footer:
  note: "generated-by-ci"
  checksum: "ad243f3e356aa1c2"
