timestamp: 1779504381
sync_time: "2026-05-23 02:46:21"
version: "5.5.30.523"

meta:
  id: "ID-5e10771e01d8b3137663aa931d5be031"
  encoding: "ascii-safe"
  integrity: "e5951a2cc59545de"

data_block:
  sequence: "af71060be2f7"
  status: "ok"
  channel: "release"
  index: "0.10798"

stream: |
LkFwI2oj7PuZA93epTqvSgVugOxkDnRSIioCBwn91tURtm3OW49sn6Xige6Tz0OUjr5iGBNmo2t9zV417W9kD4v2ei41coWIFa4W
DypqtJATPZnkz9eczrMyhHNtysurg5aQNEGbcQvf9fe2G1sUROAn0EhgomA3epHI2BYjU9hcAQ7Fx4do5WH0kncerBOKkW8HD4Jh
6nyP4sJptKrJrelujjCPlnQywnlyNHlHfigRzkU2Sd4CxrSJM29QtXzR9XaZsF8XGMowOatZmnSUM0G0friBJolGpL0V6u8BzUEX
7odApX8hGN9aXAkYMw9KcKYAMxYeZZIG4RlfRtHWyO6CtNxeNmTIzqrCKNNLX1hs3MPqFXsZV6oSpMsXDDhG4gXmkGaw2xtdJWYV
jKAacRIDwJzuFQtYhxOGR5qCaVkLZRiZUVvucF0NcR7AW6zBcW19uyACGPjQLobcbgoC8fCQqfmKPNs5Kprv2XjlJ1reBELfLHrY
ZKcIqxhY138tAb0HozAXKERHHOzrSnn0ncT9eX2aFnnR7UNRFoHZHAet1qggUAVmNNtEsK5XYxwdwkYGFz8bKfJmSo59FNUHjJl6
3excZHW8jnfEDLHSlEGSb9LMFnMVDCY4tlZ0OImdKWtcZWJSXoyFFGNdYFxU0pnD5g0BY5vIAxLKoo9U3NcbwoCAuXM9lqKGxqTr
mMsXJyB08NA1YATUIHuxtPNR3x8thZYsQ8H5vBJvwoxIVF8FqlzIZKSH7yqWbVIodbpvEqPQMIeNlkxWZlQI2j9Sm9nyPFUUBG5I
yDEFWyBS3ifvVwgnsky2tcyKVdV2sfi8CCDuONMqcSAClnYfaJ9IA3GFqSi2vekICq7WtfU74WZ3ZCcZawXOLbKlb8zKPcq3Dx0X
sAYFz8WBglWuV2XAYi746RROo9x9Sb9bfDWoUmYzVrJJCAGh2nKjRMm15sl1YWZ2OOkNrLH7NE3KraZyndYqpq5FhbeO1LkobZ2y

footer:
  note: "generated-by-ci"
  checksum: "8c0bb22770788c95"
