timestamp: 1779725019
sync_time: "2026-05-25 16:03:39"
version: "5.5.34.523"

meta:
  id: "ID-82d886fba56e5afc1c262fd4e402ebd8"
  encoding: "ascii-safe"
  integrity: "7a5523f2cf110bb9"

data_block:
  sequence: "ad9fd7eaa779"
  status: "ok"
  channel: "release"
  index: "0.29712"

stream: |
UqObNU8iLZKYYcM8n6tDWQ1eojB8u9zx6jYyfzrNZjiP0KrgP8jZN4RD835c2vkIbce53tlIYne6gLO1aAfOiRwIeBNdVc2uX6QU
eWHKbjud3bJAls8jrgtPAvB5OXOz7Xs2FD71SMz1cfpe0jWX9JVeR4dv8aIxCheTjV13MaZvOMPQlMmXotF2arLsG7rDL0ost8nE
VHAC3dQmsdEjFi9XXecTRG2ae24hYKArsNK7RZ2N48mULZZF1GKPYSpxbchijUNGlhCJPyBJtT6ycooEX6h2pwmZT83uKvnMvAva
zUwCdsdSbnTVUldU2AqbLU15cTqfHNFVVnhRRGD9EG7za3gxah9Xt4XgkxIHE7vDz8m1a4WZN9hdYeDiHe8me09jzHgeZIJvZnpI
Uto0K8Z8kDnQ5kTXWSkVJNEoJeQ4ms56Cr1ZDNDMFm2rCywrYKdRsWC3PqQDOGpyIfIaqJzLB3qRJUZZmQzkEJtCKY8kmN2OTAW0
RIo5K6xIn0sapjkYcaSJHTNy20b9O5Cv9OMH2EZ8RkXPHapIrpqJ6OVTtpmkGOVw4JM5vAGBkqgXoXKDor2jdZME9PLTBQoFAUl3
wHs3KflN6IzreLn5trv1v3hEzMdiLpP5iMVWZeiyA8M4WmZZQixk9hptOhyW8ownse5HSN7dWx6vXDGtIK0u2fQttJFrnvrpGhuw
StnWNsJGLMIugHAIjYfwsVKdKOSCp7DPfekLRFw13GK14k0QDNnAZ3GgjPZqnEHm4Vqeqs0EYYzCpXZ2DNYfyyHsbiAvwhuM1wPF
yxJ3UzoJsKHLQSFcM76dYPA1NyBxSyNBcEzDljm5fqKRw13pgWoaqNC0DEmOAjnc1fkSQm9UqoLmo0bRIEeEkTBJehEzYwlMWBhu
A1GnqsrrTf5VW6v0hRkUajLbObvSVCNTWcmuVZjBQuFGWkKdYz9BwV2U6y5fHgDKwJrl21OlN34YK9sLdD0RuN5S1t4J2YNjsdJd

footer:
  note: "generated-by-ci"
  checksum: "83a8b06af82d32c0"
