timestamp: 1779606138
sync_time: "2026-05-24 07:02:18"
version: "5.5.33.523"

meta:
  id: "ID-83d1efb244d0a0d630e080ec89ef8c33"
  encoding: "ascii-safe"
  integrity: "6567f8579dbf3103"

data_block:
  sequence: "751799493d9a"
  status: "ok"
  channel: "release"
  index: "0.10422"

stream: |
LuVqqzciWaTLmrP7JGVlm210ez5Kk06o3nHLXhanic6BTW07gTQF3j8hirlVSN1c5yAY5ld77PlqHLIEBFp1SRRedOF35FdFgFU6
8XWtpisZAqqqzYv9ee73B8rvksFkTKWK6dxIqhckYNbKtZ8Ltt5nMRxfFZRpNqm9RKefVo9q03jd9RGCVZf70bWdHexD4T8RtaMg
ts9ivD15ncZ5skTaVf8RMe5FexGMBerRXgwPvlvUQf67P7yLR97FExrY0XavmbI0ASFjQBcBV9WQ3SrjllO7bZIWiIwZmOlPzSD3
s80yN1t6rlJcpewn55BismMnXjxkQtAvAWd7cpezRDrtleksKblLsBBD3xGMIaX09XPkyIMrSbmghj38iuaNmNxban1tCk9kPyj5
AzGfidBwldfteZhw7ggldaKid7puDu9bligHtWi5C6Q8lSTKAmDQX4XahZTPlLGpTldNQmsDoORRzGGda9OTcUA4GOpcH52FpLqj
6L26R6qM3Qx6vbktShRz94XwrQJcxglLtd7VI9yANyxcRjRkbIL3XqpJ5JBQgszUIwd2Ak2Id1MXMmyy7W2FEmyYEoBDXi9mZzq5
VBlhzArPhwiJbqD7xu25JajfG2UYDqRi3sr6svsOOQiEZun1I49MZDlCZgFHWJ6wwBzVSsF4bt6d0UutcudOSq5PUrRNlflLOMCt
Mg7YLqjHOyq24rjeDiUlp8JrdftbqtxcE4nyjbibsF6q2TMs60PskxFXDsVGkyqdqwurJaVbla0uEDwkgWTiTTMqM14rX4VuZNuQ
IlyKArIXiOMxLVWvtZeXD9utqNDZl7ztK5H0ms14JGTfnUyBkg2gdeKFenKP3Oom4GAST87YXsQR1aITCu1bwZsVphqKYolyDq1m
U4UmclUBBzrPDTMebCe8vBV7UnkX2nJakUrTKkR7TgvWExJD17WtMzvhQXEVSMXZ58HwMPOAE2Xfnx4kWcyYxYb4dAqd52XpKzjR

footer:
  note: "generated-by-ci"
  checksum: "c8bba80af01aa7eb"
