timestamp: 1779524196
sync_time: "2026-05-23 08:16:36"
version: "5.5.31.523"

meta:
  id: "ID-f027664e69d484607702a0a2d13fb9fc"
  encoding: "ascii-safe"
  integrity: "2c79b76ae65edca4"

data_block:
  sequence: "d292157eea3c"
  status: "ok"
  channel: "release"
  index: "0.19615"

stream: |
KTlHqyuztSoU2DMN6uckRnTQMfjuBpaUKn7HeJa2fXJD1PgtaYhwDjPiddQEj6ssVUI0RCq0xohxB1biVG4QAUXso1QaIYGAbXjZ
C06B4OEnZTerzjZcChGrGTElwx7AHtEd0vOVx3RBSdMw01xARgPX84jUUEv266K8OS5AfpogruFZwu5c8JznNUrigmU3QJjUtVcU
rMbIRJtTSZkbV0vqs7IywLmKCfOBYb1qsX76FSFx2gHQP7ZBJqXBtVodrYqYn3rDgcFfhfD5sxSfMRwhGhWAsYBgSR7rJnefilZJ
9GRneZ3Nyc92zRI9gaMYW8irQSHEra17ebvi5AbgB9ZSKAamvk9VAjJOE9txbKhOOBz8cO3gUaxTEhcWTFRhTL34hcZsPGwPPmHd
V9TcR1i1jAXNEShv0xdtfONMiD7DRr5bOvKB7qDfAmLCE8iyr2VeNXXyYOAmC4RUxO6lFCr6MT8E7uoukZubCdSTG48ekQUG8BHH
PFWrCrsO3tofCb7CExziOKzdArhZ24hhvZWzqPC2ferq5Qyl2Yb8Nd8Y896chSrs2Ly2W2L53PjbajnE1pkW2ZPxOwPeQji4oD71
4pxtaUwFPNqUkwXMlZRUJdlCrCufLUpXWcRC6YDRzlcgb2Hveq8MDrNg3cZSZFZQF8xO3pOraA8mvb4uFGhfcayIp5MdBiGYrgyJ
Dhbt80ERDFEiX24guWqdFSZ69WTKQQEY6WFSS2b1JYof5cXGDEYj8OkckaKN1ige5JM0c9coSdiGlnK0XOqXw4iqJ7ShbT3WaRhD
fEnwgcjK4rYUIfsi6Xp4jZpjanImKNhAPZdls2r2rXtLeiRb3wWDJf1dClH4ilJ3xGULHOjkAhgxVMuC880feum72CtQTvQehowv
y55NqlRTqEgzwcpHlTsFZVw4sM9Mpf3mUbtI195jLr0EYmgbE0n4wyIDtSS36yBoC72kdJTNKglyod2cmHcFyaC5tybbrNQRHllw

footer:
  note: "generated-by-ci"
  checksum: "5a099d212e24c003"
