timestamp: 1779781966
sync_time: "2026-05-26 07:52:46"
version: "5.5.34.523"

meta:
  id: "ID-0f649e4c0e78fe859237fbc4d15a2aa5"
  encoding: "ascii-safe"
  integrity: "b602ed3da429b35f"

data_block:
  sequence: "b4a6c6408b6d"
  status: "ok"
  channel: "release"
  index: "0.18273"

stream: |
ILKTSBpOQJue2G7Pa6kD9BovhGKzli4xNsiCDLarJd87Ypdc1g4vxLAskMyhjcxsfcis4eTYeUJLOQEP2gZXLsRogWeyrwxwHbwH
CouqcrSD1lTvZJokfjwjm6wL5tOYqdXZnW87QTRj9r1sA2MEgL7gEswEPeKjsUcTVXHTFi2ruIn9mZAnH5pf6OGrB5iSEhf05atQ
RysCb3Yv2kZ5hNBeiOwGRBz77U0UlEDn5mpGkaqAQG4ml0TwANimxMjm0Zwq4HvFIvjjS6nvl4XOZM3fOzgZMNepUVcbJcC6drKJ
THWIMMjWpY9t1b8kphtfx1ZxEoCCqyX6tfkmR1DS8fUkhCdxTCyJh38x0qcS3B2OapOT78LtqhhJKeFaAchwPblhyvWpfaSPjRBM
VnbcSUlsFfQf5r8iSAu7G8orxGPWDffFK3hwbe7xUIwhe2bn6a8GpmihO420TnkjQqSvxwdoj1R7fzQb77qL12NHcqxY39MMmsre
CnJtY47Uq7ON0wgoPlN5fJvc7i2jvcDMNaNFXuBtCTafgOMbXAdTqgrGO1WlVPu9x1OotBgOrJXRzfPGGYpgrf7awiCkcLomkQPN
3hFEiog65v0K9gJFO4xiLCcNZC3n9aMku7bQMrZxKlU1fJYHZbxaND5k2DgfLL5z6LNbrhRYKfjbvJkvSvNCPU0m9fKtVgmbaFnW
g9K69u7x9eQbfDgqJhZ65Y7kbOcdmSuoyz0qATZWyRIgMYv84pU4xXqcqgEjd9nhyobZuJrj5u583laRxRQrvAjFHxwg7dtKQhPB
T54OuhfsbmhvQUUr22PSZHIGY7nv6cYuR9s1tPKTHHZksQIw5mztoPCqbkrSXJZ91c06MJu8JVBxZDwLCLcL46hshJ3GOWEogZSD
lXhVzgFXUUmkAsqeA0c1HooNi3uObs0v5XITx5msp1WbthALyWKNcgeqJkojujclon5sd8bWxj8hev6qx635AGOsjjHfTYBwB5uZ

footer:
  note: "generated-by-ci"
  checksum: "bd47d8a6e75b30f8"
