timestamp: 1779348761
sync_time: "2026-05-21 07:32:41"
version: "5.5.28.526"

meta:
  id: "ID-c0414410fa2e1445f0224071eb36f2a7"
  encoding: "ascii-safe"
  integrity: "e45904dfbf62e566"

data_block:
  sequence: "0a7597cc1be3"
  status: "ok"
  channel: "release"
  index: "0.31843"

stream: |
AjYqtx0udh0ORZAZ5QtJ0c1X5y2vSb0RiTPSs4yzeoivkXTF3MKFeXFqfBUJvp8uCULa976tbPWvgTgVZeXmFANQyzK4eBzoOsRQ
Yq7TcEGWbW2DPz6YP7dVfl22upVKsmVAa3kMx4d2s9nXOVdq102rtJmKtJQf4IeKwe6xusyVWaMhbuKmQ69PzANMpfEYCp7pdhsy
xYKOaWowTwBlsAiHMXAooGIUhoxJDIOkbsMvy6q7sQSGW2b5GG5Tm7I11JQ6TjidkTEOK4CfGH8l4T18t38a6lMRi7IzURK59NRN
9VdS2TNiHA9uyb6fADMGb8l3qXTBjzj4x1QsGptTQBL9hOsO9qR4RIGg9KSURqQ6hmgiQtUBUU2rwl3f3dsrab7TsAdWEvgmbSqB
rN9bKvePTFcNyzh2YFU30DC8jg2r09RXJtSlXBwKNrj5aO0pt0AcpXwWqesJvMHZdJKioeBhu4GzvrNo8UnqTrIoYPgYJfTvySAo
mNklw6pwkiQNnFKFIJ1Il8fzLlvB6MeUMVSFVQD2Ds0epJVbbKNnLMwsM7DDJVAuvvyPnPWAWFo7zG3G1fPpRgtdQ7VeUnTdOCHX
oTOA6uPX7Sosi7PnsRldUQdVhmyHxX2H1ugJjSJ8lxV51UdxCaslguQcvDSugeIvq8bqgWAAQEuGKoNQBc3Se7bQy9l2cC84IWZm
lYM7DMxZtIaxp47NPPvi6B0PfEWCrjxIMH9NOU9Vl7yMIFedDiez4H2Otoc35uLnrLz8KHIfozR6F9NQjBj2ckMveYoqAUX7EtrX
O3Tz97ScxNuCoI1WnSpgL0puca6OKtMJBXGvcSiExmCGaA3tIGcYdUELPrpToY4kNediZsepXj0IjJoZfYnzMHH7uNmSS0WdKh7W
JIh6MhYoXkE63WmCQBebDzUt9zmY8l12JL6EDYHZsGBS8iWSVgioV9wGVJt6GuZT6GpBJWa3MMEseZq2uhdylWrHjiFR9irUMHqw

footer:
  note: "generated-by-ci"
  checksum: "68dc38f08fbea73b"
