timestamp: 1779603918
sync_time: "2026-05-24 06:25:18"
version: "5.5.33.523"

meta:
  id: "ID-fc3550bb380255bbbfaebb2838030275"
  encoding: "ascii-safe"
  integrity: "f5af96a6a3f03a9b"

data_block:
  sequence: "0a4f2e0172f1"
  status: "ok"
  channel: "release"
  index: "0.1406"

stream: |
spUlyZGRRphtToNQYxWvLR3l0opr43iRonFiksrsqJzIMo4e8kRmbwerpO917PRafVECtQJ5s80YwaZLFBEU4GgsOjU7UlpYhvh0
E9qMFBDjqzfWAV5SJwPsHldcFy1fEJfwPfptYckelXuhGcnbAudoYjpOeQpOk4VrAi5awAtFnZMjDtGaJlceHnttNSfvlmv5aLPB
rvkqfaHgEiiFBaDGtWD6rINHw7VrUsAQ6XJmn77dRE96a2qCEACACJY4Vk883fGv0qmqMZLjRw9DerX3EMImKJ7kRFlHAUTwUNLQ
HrQCa7NzRUmYjjo6iikJT5h1zLcb0yzJaIihsHVuVA5hpp52ygmEPTOfkkGTFMQf6ZHybvMFZxKdViXTvQBoXiArZTWJ4ifaIqyK
PWjR9jJDEg04vRkEcBt5cUUWmflMEgiToK00yj7s63A38fWDlMSujt13451jRIbhrcDrWckErZjSIfoFb4jNXObjFU3GnZCqgXV3
VLkPw9pDjsbBW8fpYYEE1zly48inpyCJdpFbstAqdkLVSmePxqSzjQ8YNoRm02Ix9pMZ8aOQnj2yYEMxF6pATe9c4wRe0v4Syp7Y
srFB1YAO1YHN7TL4dq81jg5PRTXLqtbwac61tmmMJokbAOaLPNwE9OF5aNXjGMnsXORzNWTL3xYldtGJ7MiRoTIcczRL6c8ZGaJ8
aRGgoydQyJE8wlZbqjEPiE335WrsSurFa53e6SXurWdiaMBjsuoHUW8tdHujKENfrvAsALVErvECudGqRsVhmBVz8JHMlY66EFJ2
LMchD0nUvgzIxOTxYvQ4nEipz8YQpK0E2TMKQy8O755DBdjUXfnn4dA86UGpE6IHydGpE5mFzOH8IcVgrRTEKvighOWCibeYmlkU
ovj9sl0RbZRwfCoeyvkkBAx4FRfiqZzvGtpg47ptEhvmYLkg5KbwUXK8h6sf1BT7PhUv2aA5BnnytmplTH1nHvyPKuF0pJQhG3T9

footer:
  note: "generated-by-ci"
  checksum: "dc9fc164df85a4c4"
