timestamp: 1779713957
sync_time: "2026-05-25 12:59:17"
version: "5.5.33.523"

meta:
  id: "ID-04f9f6dc02d351658df3d04579f42725"
  encoding: "ascii-safe"
  integrity: "84b305126aecd670"

data_block:
  sequence: "e61befeb19d3"
  status: "ok"
  channel: "release"
  index: "0.738"

stream: |
BtU3YSOVQrSR7FS634Mhv0kpFeSVq4n48aWzoWpCSpyJREPnD9zGhYlRp42hCh3GQRuadjegvZHYfQLWYkvishKjL4phs8kHvDKC
401CaorK7YpFOvpB7zAYsaGuBOY24GAQw12q3vU2MysjPX77A62jM0rbgKo856E1M00bcB5HwiLx8gT7pCUhx08ndIpX8snHoL6b
MiRVySizxV7QSiRuVEceRrde0iBa3Zag4gXgQnzFZgzZhP6P32I1qjUrpE2Xfys0ow1U6rMBD6xOwauKXh40goyWXashcxbrlQuz
hfgO6gYLB9AJNHHe83d8C5tV7aUXcMThQVhV4NuJqXT3sQCkIIvtigCg4nptkC0VzMMdym6eEErTfxrj9zBUGKJEWVEWvWTV3y4D
viN3ocVJOcXuwd0c7s8hTzW6lWcoGUEdGWfqUSuvDNtJlaeMTQCOph1VBM1U7TaJOAcJgNCz0NALRtVj2rgGAyWemmXEP1SRySDB
x1lS35K3N3IUNEuTDHo5ZR9cva6XrPGh0tqB5Zjad2dZwxBAxsVpyc9rVQTAfb6y4X5gFMBkxTPTEcOfMQjOgUi7NxbFbGEuN2w7
n7lZl8whAlRPrjG6SRf8UO1cW8sbHXM0b4lcGEU0gpr7bHyrp4L33jt1TnWpQbMK8ZFh6jYJTUP1h6Dp0k94jqcSpb3EZyuPlluq
K8I6IXtHIE5eY2w593q4EgeZe87mc1FntZw7FXF634OiaLesuhjLGccm6afojUx4CrS8bcsowM6ELONOz4nmVG3kOH2Wh7xGp2Xq
Urk7hxgEsOGwiG3kfQu5r5Lm9zKEAaOXp3jyiki9JbDjGoBbVDnhu82o8YzwiayVXvjw4vzysHm03NB6Z6ypnYlYBJvD0qFKmhcK
TnoxCldLfKeDpLIZqxZFqHPDna5hgYE2ocj91vZ0br9t4P4pGJOo5UeHwlI3PqPyT5vyiPs3Kd2NSv6ZbABMNc5SscfQEg9nuPfK

footer:
  note: "generated-by-ci"
  checksum: "9d6d5a8c024425ec"
