timestamp: 1779615362
sync_time: "2026-05-24 09:36:02"
version: "5.5.33.523"

meta:
  id: "ID-bd8b04cc54f8cbeaf30ecad80c19ccef"
  encoding: "ascii-safe"
  integrity: "698b043bed0cd3a2"

data_block:
  sequence: "460a26cc7ac0"
  status: "ok"
  channel: "release"
  index: "0.16583"

stream: |
HWDGNX13LZP71VoJCuO7HPCkd7nm7YiWYKu2qEfi70jOzmJoQV1m2LOwIvSoMUq9RIFHUBbGDfUpkKBUvPUVFyEwR3Z39Js8TR0x
TVHYMn5qDZLZzarINFlluTbRAW5ILYVYY5dpGy8wHOLU7JmJGQLzQbzGujkCr4Mk08zqttYG9ZLuwlT0jMrhWzMaBWdxL9DYBKhR
JQ3VSz1Cl0Zkz5UJ7uNSuG9FAUflpROP2psCtOX9m3yh5BdHvg3dWaDYDEHmOYEnRauQENCiNvDlpvpkxX03M6htqoYHsaS0tdmi
AyNXiHyaALk3NjQ82Ht9ZLqsLbJmMMBVRvcJmVFKe4aHDk3YZ3jutqEeJoOQSQkDIIwsC45vXA94ZrdVS82Lg5FkdbNPJMb9s1RM
OGjnMop1lcsq24P7Klwxt6KXLIb016asQDUUULLz1xsozHEYpTDslA7FIw6UR7gEusep4t5fE8tBvUizRzOg2vFKxOYPRg3vkccD
M8TcGIziOPoa38erGCjY18lYgF0zh3483L501LpHEx7BQFMmn9aUGpaWiBTLeu5SFihsCP9i9gvoqOw3K1BvCyA7vftrnjDL0HlO
UMzyHqnxvNzkcRHMwS5nz4shxNEJPvsIKjDarrKQEvR6kdZqcr61IKtcFzAC5mLGkaTi98N8prfJezVVkP732KQ2R2SoyNgWxc9Y
UzhHdmPQ4lG13Xj9wkHjcweUA5pM0nC8yeg1uC097kbSihaqcX8okC13A4KukF43SnZroQqcWgiCNyfNu2MBZ69wkzefsy23gQtR
LgEKz5eUHmtrs1cjZ0xaWEUtq0UTg2Z2yz8Cd3XXUHckSYsRDRaL8kb2925ysCorYfU7gz2rIDQeAWd27etQeT6WNn1CMuSVsEJM
DKpMDuFjq0VBEuzW7jKVO4RRtFgLGOPxVTm2LU7SWYWQ2n7jB2HKhzJmdJiDNpoEDpjTlGZ4Y6y5iVSda1MSkE9f3HVt9GEo0dTT

footer:
  note: "generated-by-ci"
  checksum: "d541e04891269c3a"
