timestamp: 1779941881
sync_time: "2026-05-28 04:18:01"
version: "5.5.35.523"

meta:
  id: "ID-f1b1858faccd0dda0749180e6a681db5"
  encoding: "ascii-safe"
  integrity: "95aa51d1fcbdcfc4"

data_block:
  sequence: "37ce063b8248"
  status: "ok"
  channel: "release"
  index: "0.16235"

stream: |
ck34TJOuGzroJoygx6F4FFJajmDebzrPkFOFBBJV4oW1gqlKEMVcLWTBPb1hEyd4PnijUHsfA06eHrMcH7PBvFRfqhXvNJRmQa3q
u6tHOWZ6H5Qszwiu9YHhz0ektzqua0pjlMoZOv7qeV1gtKaZDNCufISzu35Qgl0HOYzSixGC7fIpjdAo8Xg4HDAoH9UIhUTQOajG
QvfJH23u2fiScUuUzb4P9iQIWy0EQF77NurDNRwVKYZFybBLd15xEJJLqYxf0iN6Yr1S0Fl8lYttkWncrbvz8LKZOm00UveWYkpB
LXjcSYYxjPZzIpfMEbhqgpq6UHWVjG9MJ4rBBwHLyjMs6s4ErmHtrE67hzKLlQAF6Kdk52Yhzwws7blVE8jlkrhWN0Bv4gNBrhsG
CzdHlPhG9bOu6c0iC7LgyE6kuzXIPkPYBMWelhyZxV9F480K9A8jlQfEzHUA4PtYqxYqZFKR3Yzzjw7i5DZKtXSgpoZpZZGHcRSi
45MocYoAAuvmZlZVi4DyYiwyNVg3qu61u2h7AJLq5mM1dqMckw9nDAaxZ98oHiUS13tdA1zmRcZjuP9S3gZKnGpJ5y2hYvMl9DNK
vrravcjTnc5MRcVkq66SPDMCtclRElEYwPjeGq9HWjwaokdUoMNrt04rWyCARH7g2wsfg13jEkb4MxHJCTi8mUU0XuzHVwE8yWX9
xAwKpbOmK8vBl9pcT1eKjKSDUEqVobJkMWv5W1QRE3U7TRh9lwDYjylqOl1OSeUvRkHsgvkI94JSPICeB68G3LVvviBrtf2SSy7e
4lVoWmIhZUv3jhIC59aCkLnDScTcJcPPpSXrynjSybMj4fWScPtMQbeNdFp7Owo6cx2QjtskxIU2RWW13tQtsSOWvcdkZvB6hD4Y
mwfCPVVnj1VTU7wEyrPppUVOoJwGi5ENqc14DOCcFLJxCt19q5gBBNhpVVorgBIyjGE3bAnUTfevhsTAu67MfcA1htI4iiEACwsC

footer:
  note: "generated-by-ci"
  checksum: "9cf25e565733e2db"
