timestamp: 1779754781
sync_time: "2026-05-26 00:19:41"
version: "5.5.34.523"

meta:
  id: "ID-7649022a545e9a5d8776cbad32e7f338"
  encoding: "ascii-safe"
  integrity: "9898781ed3c18ba1"

data_block:
  sequence: "049a7e4d50a7"
  status: "ok"
  channel: "release"
  index: "0.775"

stream: |
OnmYN9z8c2C34uaMBZaGJi18x6NGme4EcdmjtsrZZOpbz5UYIM216smFFHQ53mhKSR376E1oBpGoqMThmA3UDkexg3eDSeXgJO3j
u0o3GTgGENqVNHGqMl6R5lsUvg0JzLFDgZ7IEp3UoDwguoPHcKPxT4SpKk7dkpuhs4oRtNVuzDvvCHFH0jrkCMerEOY3u0ex8Sua
eK8pr3hOsd7HDgIsD4fUDISriHjOHVazn1vQSBwmRUtkLk257KC7QjzGp3YzpKW2TauxpeTuul3f5TVD9w3lxlGiFFO1AuAIgbir
BcraPkdreTH1hmtCFVJ610ukcDgXpKNp4PtwxRnS1vM9vQrNEMvaQQKfOFsUjRptH749eoIAQFQYL93xylTSHdoInnOr22M4pG6f
2bmiSeD7qFgMpGCIqCrghk5oTV0wS9genmZpoVQk5Alo6FVcSX1btKh7JJdy4RO7sNctgkVrtfxCJsMbZvHx6gQZ2xQ1h3UgMerF
kZGvTKe9s8bor2skthUVE3N51A0LTLsbSltcG8RBSfWBgmHFgbiOnWCilfrH1Up5wQBARxjy9guJMTvwigRib4FJCL9EkljOfdLS
onnc6O8ntYDitZSHZWra8EKoEfZdtm70Tlz4O4eDumujXHeK7msPiDNQHwZ8ZjkUIJJGGadZ5DM6UcdOdRKou1xzclSoKjx4m78z
81C9cfL3TYXRYTsn88oJqvjz4M3HsdflbdWC38q5zblGTMklM3qOxCVEveBXGI4hqu1vPc87ByLlY0ZOelfG4bRJlYgx5Els2IvR
xv51N22uLiy9PjWGegqn8VTQ2D71cswTNQqPzzh0rd6SLpMX1uv7AY763DC0DUl1qYJxhTTBVS66sJIORmqFVB0P1JgYCDwwROEb
HdS55zlGfGp2XzJZCC6ziLOCVEzwr6OGcgCuUAH2R6zp5rth7eYAATnF9yA9XgZPObgKf9taLoGck76KN7pJwztbciGOGPglP28N

footer:
  note: "generated-by-ci"
  checksum: "08b0b230180beac3"
