timestamp: 1779249523
sync_time: "2026-05-20 03:58:43"
version: "5.5.25.523"

meta:
  id: "ID-ca1c02dc94799e691a1aa7f1034b8491"
  encoding: "ascii-safe"
  integrity: "d83a7f57c00451a0"

data_block:
  sequence: "f6e1d9b41053"
  status: "ok"
  channel: "release"
  index: "0.4064"

stream: |
0dDQQCIEWAGrQV6H6Iy8dL3ilwR4eANixZB8LVJB42TxYYihIYACtbPOc898ukPW2uxE4hnsjmmiUoJTlHMnRt7XN8l23OTDPbnC
Ca1tVzvRE9j1E2v7rjYvPcVJnaLqb8YyC1sUbaNAWWExasiawvmjsHImXHqfl3pIw7hfgesV1RK7atDBjTCz5bOdH5untNxyoEnS
ErM9GvvzidSxnxWGgtnzxqfh53gy4yk4a3r9fBhLsj0VkiKFPtlclxMUIMG32pcOVB3IWA7A7ygR2inX2O0pKoNKSQYW7HR1Bbn1
vEUTn5YfNPl5mf2vShtxKLUIYO1U2Sd2u0h1hIZWbh7X5S2irs7oTU8EUSAsmONKC0fPW4pB5c5l20PSrPeYm8Rs2zjZIXlRE1YD
YzMfH4DaxRmh3nUuGFyq6rBhXY9m44w73D42NZyq2rv2YfQuWdeWFKp2L6R76OYrVxOljXhAITx1H902lmzxwSKKhxRSjrrHzXXG
Kil92XKl8zSeX4tcSbBTkESEQNVUyLB5DmdEziHSDbaVmg1I7qpwZDg46saI3tvU5Mb4cyiKk2jami6zN5U4Px33tSVGGLQWwMWW
u9JEE3CxZoEOfDRLHPn4wxTJyuiDp9O9VmgvrGZPXAJSgnflugm5WQWjE3zHgVqrnT0VAcvtkfzso5y5ZoEYvmEw6Z2dmDYjJPjz
xL1FpThm25b52TnA8L7P8AXWc1HNehEzxvf55ZtRLeiqIzuDyvtigPgrk7VIbvuG83YnH8oygoNebTZTHNga9rNONwXTGbyztNca
mNp3LH7MluTUPVsgTiRmYbl7s24y9zu4QweP02oE5OJXMX443cImX4Za43J2lRLJddudayKCqbBB6IacGQBxVXfltKetW49h5PZY
YklVm5nzWpOYvvtSa3gnnCuZNvqVlT3CAE5EBwFpmnyYchM8syxOLcmgfIMrwHuUS4LZiwfoyvbxFA79aeozmgHP60dbNOIEeRiq

footer:
  note: "generated-by-ci"
  checksum: "e7f420ff51760eae"
