timestamp: 1779256112
sync_time: "2026-05-20 05:48:32"
version: "5.5.26.523"

meta:
  id: "ID-4af53d58f6a238d57f77acee43c89e86"
  encoding: "ascii-safe"
  integrity: "e1acb53f61cd1b51"

data_block:
  sequence: "25fb06b3104e"
  status: "ok"
  channel: "release"
  index: "0.1348"

stream: |
OUT9LNkjp1dj3EEp5yCEB5KZcvlyGG6fIYU9x1x87y8UTn8JMGwQDRL4fOHn48qypj1d2Xm1G9ICMCEQqdN6pFYjsu2i7onKhmN6
Oouxsv1JIeOSIdRPF5nctM5MCtoQHXKIx79yWKrENUKRooD9LHXMFBd6mgHFKnFblrL8OXSm1tZwNAG1G6a55I2MJ0EV8yzByP2F
gWkg0jzJ5YZwsv99WkiXxPN9xA6XxthUr2BGCNTjMLcdr0ND4SIcE9eDnYeFOJT0GfQvL6DxWFo90oJVjPaVCDNSjnWoLlUsfEl5
YFIdBOv4D7NaL433cKlkYSGZ28v8CW0nrgr8h0KR7gezBE0N6wjzWXRb5uxhMNTg0dd2fUoMBXaRdtiq0jCURTSssmq04XP6UbcI
yJMiWiHUfZMVYOqB2AlHAtTCI8dOPJk739aB7IeX0JDLH44Amcd0B3cjJljDusSgIqKje8bDphHEYDxAH7ecOpF4L9DW63T5TyNJ
aWeQxOZQ3863uaV9UYSvhc3ERVowv39HThND2QE61J51xM17KKjI0aG8Twp8aU5PVpaiRIEntnClPXItNC8tFjaaXHKUYkB6P9xu
UA0BCfJdnYpkEzh63XBvEutPG0Ggn9e10EXR3HGukpZqynnqaFq9HUJSOZVStW6ssVY2KYhakDFIGgteiuVZTZVauraKDn5ysIuZ
ddUn3UblDoPyJco0w42t86V7jrn9VrfElGXSZYPRmH2AQXMVxX2Wvr5rqEZ2oqS5ljLhIlCZC5XoYCtShk55tcb08Rg04r6Slqsl
0z5IjA4uNwfKRPXohEjRVWCPeNHy0j9g3EASB27oXhImUn4wKLssgxYcWl5HDzALG4rgmWTqmNWFUU7sAi0J4wlvPqQdOuZlSeeu
hwexJtziMSX2P8HjBjp8hgagCQdI88R4RYgkxYAvMqRZwvHf9pc5LPkD6QT4fteJXW5Sx6kKZMP2HcYXs0j0Wl6ifRFcvATDVhxZ

footer:
  note: "generated-by-ci"
  checksum: "99587cabc7b8b8ca"
