timestamp: 1779888899
sync_time: "2026-05-27 13:34:59"
version: "5.5.34.523"

meta:
  id: "ID-b06b5c576281c0aa5669e3ba93cc8dd8"
  encoding: "ascii-safe"
  integrity: "4a73e6780281bca8"

data_block:
  sequence: "f1a6f3ae7450"
  status: "ok"
  channel: "release"
  index: "0.7697"

stream: |
YKbXEBexSUxHmhfeCWMvEQdK2m1vMMILpag5Vd6Y1BprowAhbdCyVfLbHLD18E9ckvgK7h9zrniKs5yxDjSzZHdUA15dBzY3JXRq
n1UsG6uGJDp4rVKC0yoEbl10dyGp6ieXewN6o6vxnnmyi5igRYhFVsVffx944mtQQs1q7KuOeCa7fJT9SyQYafzQ5mjCRezcKbvW
6SqId0LE1kMJMASjfhfi8SfkS1KGZfTDsAMtESucn5dx9enkNWQSGY71Jqx0Ws8acS7FFxexyPjUo2q3bZ0RKWnLOirQHs9Fnhzp
d27cyquWEpLwzspersGibH4a3lugk2WCmnBHU0M7ToXBfrFe4i3dUDKDA4sYDabx5PqH9iJjJdCa6CMkgWUJf7YQ8aglUboroCkY
V3x8y5K6RaGqmePjbte2DP2AwRRVuV80lgTjCTorknjHmFa5NwZqm7meMRvTd2JZOGeqINEWpc7m1AF2t6dKLrbrzEih0v4oo8Lr
EQHGgt0F7TXZQd8cwwsVATyIFRxeWYl9PEjbimSuYt3u5gc97s4PnkvIOjmH4aTu3fXx38YfBfBxwM06SRTuyzaGaqPu0eviocAe
IQQEkVkqvanRxUn4fvqn3imYZEEvVDExStDOQsleRTBjsTa41MyuYHE37F9K9z0yJq8k9PQ3FUVba2bSeRhAd0DFTxC7b1iFLIhh
Cg4lmyyijFht3ebrPAr8mYTo1WUWFDWF1k9pEs5n2TsKKlD9eetbywILgIMMJuqoTFhySMQYbdHDUsTePECQUBWNp8eUadFVL7O1
LjGDI5IvQuy3WE3AxW3V13VkEeHnlPTpcLaOLFsAWhbw8e7gC7HRwlT56GzlUn3bERACv1hkHd9cbgbjeCd5SmTrutQIewZ9xaLT
YH0Chjo8vUgtkkI9zZhRifuyIvFGNBZ7abF2z0AuXxIndZGcxxMmexFCGdvihR0N3E1ZNCsNcWT21V1jOSo91VjNSbQ099vjbWiN

footer:
  note: "generated-by-ci"
  checksum: "4204a3511ba3b9c5"
