timestamp: 1779456206
sync_time: "2026-05-22 13:23:26"
version: "5.5.30.0"

meta:
  id: "ID-3cd4db29391b6ebd1ec6d3b1cbe5f071"
  encoding: "ascii-safe"
  integrity: "bf4d1d0ba9aea5eb"

data_block:
  sequence: "10ad672e6dc8"
  status: "ok"
  channel: "release"
  index: "0.3723"

stream: |
alJXRvB13zVMjT0QktavX4MfIg7qHP69en4rWG6fz0xUAwZnWAqNvkkQax9wSjSzm7GyLrhVAETvOr10wIWB3sQYqy85l5QEZnMV
iebcGLuwSkGqANviJ7NKaQx1LJSRCOeitErCWIJ7gYtHlY5ps514yRdHkngi7tn5zBzIs16Us5NxO4yQ6N7gNm7bNVQ2X1mCm6sg
iExiZ3uv4lCxdT3BalLg8YUgVt2uZ3FZ33DhDZdE5qE031KIgoeTQ3QpTW81pSpoM50D8iQdrspLLFak5AffUw9IVDSBtyPeuf8q
kiwMYkNXgNYMFo00Rt59IcVlehnujd4uRCvJIkPs7OAsTwDxITRvtpawya7Rz26WyM2zZ2IlvfJlWwVy8pOqwJDhkDXj5CoPplfC
qpyUevzdhSxaIeFFj1sQ6a0BH8sddBmJhFBEJ9dLXoVgqyZT31CDWjgqTuunAFirHToeqAj8Nvw0aXMZrIwA2Ms5ja6fZwaJXJiD
R2WYgBHD9DvU04JwwvKJzjI8DYDQ6dEMJO4L39znOQtnOGv0xDvxL44PNklLZNasAyYXlL1LlFZWWJbtA8xOSBEfwuq3PRCZpZss
sFRirQxhO017dWgplZndF3YZFTJLWEdzXufae2JeMZr4SijOMMVlf4mEVsOK6WxUNqxYV9kUYYTBEF5Us4IJa1bE6rS3U0OxKlNs
ETNC1YKb6Fx6O4biVrRUbGJjgKDpUH0Y4nPCTBdj2qwGSPpED3bgrnuW6d0VkaJDk6P9dVGSxWYf7QDcHa1F1LGvHdk4xHND7hcp
3lPyGyzsPlUGVaPHPqUEvtYLr12wsNGtgtXdVxbfae9QPK7oBjG8XxdKwwa3yRuxWMNI5GpXVftWNr0NWQk2MH4yMXm6rrRH5DEe
wfnVOuj8oDgl56Vz9P7wVruXSzadmpAqMmqWX0B8ip3mHuNZBo23S9qsx9Ak6AMuJvRFw7mWetUIi5sSxLXoWfL72P3lyE7vMKcW

footer:
  note: "generated-by-ci"
  checksum: "effa509c7de8cecc"
