timestamp: 1779981071
sync_time: "2026-05-28 15:11:11"
version: "5.5.36.523"

meta:
  id: "ID-b592df22c4b08f578ee452d147656b11"
  encoding: "ascii-safe"
  integrity: "f31b561a9f5562ee"

data_block:
  sequence: "19dd99eebfa8"
  status: "ok"
  channel: "release"
  index: "0.7427"

stream: |
gyWIHp2O3qDZVelVTQrWxD0gxvDEf6uS0XI83tySh5rDaSWf2qF1CpDAgBLmfDHaKGNJjsSLgu5yFm5KizMVTsEjycWlfOHEucSi
Y4FWoXZDdqqf5ye9f3dJvn5imsSB6JDhf0AUPCzPWzdYUaIdq5E7KxFDtclp8RWMUt1cXy55RqIUzEZZRatKXLr4x4KoqQGWaA6a
Ck8abmZlhTlUNTA7hI7RiwF6WltUeNx2Irkme4gUU4znFqffe7euMYkOFezna2aAYwutC1QjPAZKzg2xfb4sT9DLYZP10FWdnP80
HE5AiIP8F186er89qIO53XuEVv7B4E0U9wlk78FzsDUxeSC6356nFE2OzonECTAPRWeR9TYk1Qvjoopc1iECORI4nzIdxvwXD5cZ
M1y2NnJ4Vwf0b8LRkeaXphonLfkHPltq5knswr8IXKHb7xFuxwA8Vr8GMxLSNDv9N41C96Wi7NsBQN2ANl54qBIspVGD29r1CgRC
byo7CvyAY5BUBgZJJJcjWQAablP5U5ks4aszj35PgYqpeiFZz4uXOHoHDnjhFPOgyo6VxmqMXJlcBjqIuaE5X9We5A1LwYLRW1Ia
HTgu8DDnQieCnxMBUelB8864WqQJWbg88lPP2UFMAILYxtLriwj6s4TZDDKZk07IRGxrLAIs8aDUinNfXD04Gc60RA1FzfpoaJHf
c06oWSTZgQAnrZTrXHfW3AxplnbFNY4rX1cYWEdJvulYCsgbsswCrRIr4cw4EcDSj5UBBi9tLpJXNoxCngob4vSqZhk8cF7YsR0F
KyDLkWOn2RqrtXah38IQhDzZ1npzu81b4h63NoUxdib5glu8zIBRbHxRTJ0FjQYiR9WaIKT5j321imhd2Dbs6scaz6woc8lXDx4i
U3IgWlUb3a7FpOcWuM7AWhipqwWPbdViSUQ3k6R4tSDtL8MrKkEkTsTkhxf9uYqpswbnQmMzSECQG5fVrKxnE2c15Ct3ghw5iLlA

footer:
  note: "generated-by-ci"
  checksum: "8e9a6228bb7a0237"
