timestamp: 1779818306
sync_time: "2026-05-26 17:58:26"
version: "5.5.34.523"

meta:
  id: "ID-7b4cc9521c12f105ee7901ad0f83395e"
  encoding: "ascii-safe"
  integrity: "a8af663a453882d7"

data_block:
  sequence: "13cebc3b76a0"
  status: "ok"
  channel: "release"
  index: "0.8821"

stream: |
BS67Nh5jJtb2bHZgLnHZey2W8RwjS0QFjLYSia3xNgPwKEWDUiTAXltydvXHFCTtw25SeWzbfBbxzikJA9aajtTpB95XT1ENVRiE
BLI1IVztDNyPq63rGOc8c2UfKKH2lc3OlWHIFxFswx5dN3jzwRogFKikaz7OsUnophziOhh3NQ7DxJgSvfN3lX8GC9is9XA6Rp9b
ygwjkB4Fy763MLCtaqKzAdL2NgUWUS4DKOYwdW2P30Z7DhTjAvMHiGUfUcXddcGmReHoIikzlYPPw7X7nrol3kizT9hsNYEPeaSK
qBrFPZk4sbcpQCDCRapsqMhibhGAg4Di9N4SlSNVRN3HGnVYNUe3rT8HEnrcjIvMHaZjkpGpGMhjsmlcUnDXR7Xje1mOikPXZZgS
RSrEn6nAsY5WAj27An9dwCRqFUoM89lD0JSeLhsCy4iJJHTqbYcVUKALzuR1OC2wry9SuvrpnISqu4A2eHVIijz4MFUKtw762LgL
i4pFZE9wCtiLStB6lE2i98yIMC1t1IogGpZZcHizQCj8T4sOye5h9Sh2howhMazNIQDp4TzSrxhiPe56U39Kzp2ROaWYuacZDaHH
bspS1EBTY6HIXkPKDGettj7STYzWFbGXEoyDtJfB2WYQxJwoegWRBNTe9D5BpJFC2ra15ZDL3ITQTGu8r58l3eh6WFMboctnJeok
MzxfbYzDMileFhknmyMp7DW09lMcvHn4uwZjheaFBtvuHGvNA52dhGCwyubIOgpMxWCtYCjXwlPa3H65kQNJJVfh5tgPmCrHfXsB
M6QvIWfu2kTAsEGILHzwDFfmli1cctvj3Hv3l4jKtoCUdJH9TUwvaCYvcS4bZWhdnN5Dqg9iUVbuBnMFHkonQ4orUbaODu0FTIrM
wVWKsqrCrrfNSh3wiZCM1llUxrs8o07bWRzRFkYsjmHeEm0xNTFGdfmdoGynWGv5Gnd99kBWQBL10sIY47nA6LTsVVcngu2EJR22

footer:
  note: "generated-by-ci"
  checksum: "3fef9b32576e553f"
