timestamp: 1779285942
sync_time: "2026-05-20 14:05:42"
version: "5.5.27.523"

meta:
  id: "ID-b44392444fce1feb23ba175a73948af4"
  encoding: "ascii-safe"
  integrity: "f7c769be1b8127a8"

data_block:
  sequence: "fb7d391b737f"
  status: "ok"
  channel: "release"
  index: "0.10405"

stream: |
8BGZ1AWPHCuFsdlzDIEodvqo8sPRwgfIA6dUFqFx4qFsPD6G9w7X9r0AUps8vne9f1xiff8M4pIvRJJxDCI5jV1SSeuLDpfji6oc
JxWi07gIheMOBG0k8mOmLxeHBVj7JRdI3mvtYzx6J1tX01oC9lrF4T1mDSsuMnGiUBYWLbCyVOwtN36T2hgEaGqKDgqHTmhgYMoi
5BU42Oz41WKo1u3pmkV8PDsnH7MpIiJHe7x7LNOqKUOPLKqPStK47vlpZr203TMOccGAf3hWmoxpfXkQakMSFwVbXmDOb0C8KEES
SB5Usw19eZurz57k3bFmIAEmLWhUQJ36gIpCo7rvIMELtM24IAtkbalNAKVxKlpGbZDNJqFs3sVxPWY0lqUJNCaae9rXvIM8eokt
SABk3UhdXN4BL6vrNqWDXWbpU7j33MalsuY0zpjb1QciITm6Rq7RA8jvSJ4IR575ABZDL9H5GYSRQqkzxj2Teb1MUPbG1CTvUN3L
pHAJunmHb433wLWWA3SYVUeSeUh0LL2rdeZJEg6yVG2mTBfUfIVHYZf7Jq5R35xFqhRlKLBnh16OiaNjrQGpamhB1QbDXbePrhYa
uBrgnhdTwd0wPvVlgkzfw32QP5rZBTeGBcULl10ey6DZRMtNl9IuM1Jpa2zLjHAwAEBJhDfWC9cTgKAQf3Cb4plVnTa0Jo5sedqV
qhQBmEAZbIOErHpepowie5HGOletN6lvmIfsrgYXpUPGkMaSnC6ItDrCT64An7dcmJiEb5599G3NwQUfhL8eIpx9TGHKmpc9LrRW
OlumtpbIFTUmHxU9O5dqSs56b791VjPzBoPhYjg1v1qbWyTUKnfIgMSTlTu8M9dOdDAZjdVqztzaaXsEu7sIUhlnKVJ2X2dirv2L
1zuw376aSnKhVV2d8lrKCfyot4n2mks0Re9U2j3jK7NGBSipDf0uBdVy0ypb8FGDiub4rzh1S1yflRmGb31gDzp31o7UWfFliShK

footer:
  note: "generated-by-ci"
  checksum: "b8dfd6681235d320"
