timestamp: 1779809633
sync_time: "2026-05-26 15:33:53"
version: "5.5.34.523"

meta:
  id: "ID-ab65b352bbc133eb04f3813aadc051ec"
  encoding: "ascii-safe"
  integrity: "117aba89dc52712b"

data_block:
  sequence: "b190215f81ea"
  status: "ok"
  channel: "release"
  index: "0.32127"

stream: |
PaU9vPuI52M9zW5Dz8HajecME6gH0g0aSb4546VpCKF4mVtkuh3yhkgvfXipuoKLfYv9g3MYBHn0fTvh1O65cJ3nbXUJNHQq09xn
d1tmmL3GmdSg0xmpSrbFhByted8mQc6AznCXRDkKwWtiIcETeO9K7JFbd4nt7am2AuzsJEqPKIYygZq44erhhSD9jFP8KTmOnc6q
bdHP404zqn7ioOeEaDcCleVbAhxZlZHEKz3r4BFmcNPEHf4nSlTCCxHIFb1TM2fqcPd3qnThnruuOGAFAlHcnRLkL2TB2vkRltu8
Jvll6U9HpMroA1I2YHRpws6Ziqi1DIaDidmCgHK0F3PJjh9HesTuQp89lLhcbToOopj1dR5LnS0xy1c0bJqP95cRrbx1ntb4bRmC
vYoV4eQbhAPDhywquyO9wgZyiqNqtIY1IIm8wmP7xTieX0qyTHwZg85NJGklVwXdQw07wiPmjjwCGMWP4JJgl2YdvA5seqpTXtB9
uqLzUpfWqPZmLUcSmUsc4BTBBMHnnAqy98PXAPfpQhbbARKpsiUf7wrLVNj2AjRs3bG5xYcLAyd8W0OdLRhtL7bfjaFQbLr34ODU
LCB8wulepjBGEUMakAx5yRqbrZODxfWiRunkuuZb4D2dMuI2OS7gRq9yF7PZ6InFgFvbwzWU5xi9gd04y1ngOKwAFxpjkE7KQfrq
dw9J64YzPX7rhGqKhOG9UgLRur7t7b5l7DZwdRn8PqXISHtBpHwHiINtxBBQk30iFhMc4dlDMaOGsNo5fvOi8Qu41S04zP4QehIX
HkhZcJ6SsorX84182U9El8xov44Cq8sjj3Jbi48FdajI0O9ncYvr5APqUD9fPaS710rRqAOsMFKmPtoSVL8KRYm87vlJatuZlOUJ
lZLnRf9Zrskfc8cHKXoLL11QqaPb7JSewYEmUmWUBW50ypDlhDt4hkJk32pvKzrjfJEFcbDeRcwg8IwxnQOeuB9cYZIapxISS1F0

footer:
  note: "generated-by-ci"
  checksum: "ae9631e3af43fb00"
