timestamp: 1779198508
sync_time: "2026-05-19 13:48:28"
version: "5.5.23.523"

meta:
  id: "ID-28c3bb389fe9e0969c8ab2d0cc50bdd0"
  encoding: "ascii-safe"
  integrity: "e31266b7629bf43c"

data_block:
  sequence: "e865706fa7fb"
  status: "ok"
  channel: "release"
  index: "0.16852"

stream: |
EmBJXpWt1WM198NDBhxPW3hnIlQlx6aaGcE5ODgg2LoALozAMH3Sp2o03JRQvenu2I6Jvd7bDhErpCb7AvXwS5dHJEGQMkgG5UDe
ohwhtpzVB7dbKLffMNiOuR3ucE1gEdFiHyVnHCX8PNhHaxeLLk36M28iovCj0Er9IvkaRMT9mhuH4Fkaq9ZJdPPSXIbLKH3Jxiq5
GX8VHTXU5vfngAdDi3E63Y5elPGaYiRaeF4SDbVYLAaIUV4p8KmhWyRbVXjTp6OcOuHvk78enOHeBPnzgKCRNwe4KlNO7KF7MVbU
wcbDgfaRzMt2Cd0QQQHNdPNzH40b4WWkC3AbHke3wisn0G17MSAURTX3r2vYOsIb9fTDPvxkyP6g4QM27Nf2GsR11yaJVrk4N7Xf
L0A7DLxcidtmQZOO8NzE21fbYhvicH73KonS3758ajkURgypRJINao7NeVVEDb16BegqXWz75vcPmsSFFj6HijhRWnM7N60AkvYE
Gv4gwwKkeLuchnGj4iGbPIo5VATFOkQXkGVlIrjjYOI7M7PjVw8Fw3otSRobufw6wVBenHOBn229nm25DEUnMS42NCk7CQHvoyhx
PiG1N4Dahnk1k2tSVUz0lsZsb8GGTmojgnvv3Mr4TTI5Zi7LFLMYJryMWDYh0BIAJ4gDjqtYSRrHV6zSGHKKVVh2obx40zj7cdeS
n0S0ZDdLr1bgBM5BPozYLvEhl3iBjwYQ03UFbPGiDjAVyNSeKHKR54ucdr7irQDNyou2poBJ6NH41Dd49M8Rx8k6zsGdbzvNiz5D
TEEwzUQCtmI6dLx79DWGxBmW8UJ4QMagQpiJcPjXuXICWNvcW4SvpbjGeHmWLnH56fIJuH41EDFcKrJGlirQ2AcZatYYx4Mqx1Lv
aYTvkPTZuFNjN8jG9nisxKepeVAEbzMoLXjyys6zvd6emI7qB9jnJkYSyvhnHStOn9NvLnau9sQaGsQe1grOCO9ZpGYBCMbXF3t9

footer:
  note: "generated-by-ci"
  checksum: "5b203e637493d885"
