timestamp: 1779677781
sync_time: "2026-05-25 02:56:21"
version: "5.5.33.523"

meta:
  id: "ID-2f78962a18cead121c956645daa12dd5"
  encoding: "ascii-safe"
  integrity: "edda59859d23a871"

data_block:
  sequence: "b6577ffa6abf"
  status: "ok"
  channel: "release"
  index: "0.2358"

stream: |
2GQy1Ed8qFz8JpQ86brKaTLJQ1yaBZNUrfh0Ip1VITOuDrxWHD0nzWELGpBuMI6tKpUqxBqmEolAREW6f3JOoQMUlRoSsOfiHcGc
WqCmip9ddK0c2elvXmgvpWUVtDZ8XsRALr0h0B9ck1G8kFzWhlzdirx75uaQlvRgQkMczo23suba2kg8t7Ke3Dnt5pgs72Zx0Ibi
Gf5Ur0bwEuSqYoJcuybHeDwsLePgLgJwsrFwMp6fIw5HKZKAgHMTaEENmZ3YMdPwWrnk9qYLNRzUw9GEkAeenYYNH5HKN3Bs1Deh
pk83hDVhWCOwvij3NwYCeZAq9uBlLD19ynDXrqkOuE6oDkmoPRtOFvgV9ZPbORIxQ8SdZtl97IRomASZZc4PJ3Ryp5IJRmFblUr9
AZeTWyzsGDKRl4w1JBXc8XHGJdZosNIx0Mw41kfuhbZ8nJjhYv0Plm0GtkbjDFl5Sr2fksLE6uVR7gCd1ne54VKRGQrCgDmgKYbu
5Ny12hBqQVBnLT2H2mPK3ZEuRDL89tKvIfL6is9pZZHvwWpWclvUKKZMlw9XNvMJRIKu62bGVvl6f59duWvxQ5MIFZIxgfGJc3zs
GlPUT4RnpyyJ0MqTE72LvmHIKPkhPttJwzbK7BWC4v9omLhgCy8xxoJiFOHxGQqtJnp0xPTrbdUWZIEcXYgQ0eTPydYpeteQO5Hz
GJXxetKm3aNoyNOq6nOB7grhCYqAIDWlIjUeHfEIRti4W669B9z28DHG5pL46P47Cgltwjh2IU5Kt5ukicMKZmMZSVfjJPcKQqw3
T0MFzE01yzHFsaI0y7lbwnrwkM9gsAPkjayZTRDlVr5sKZ6PwVQ1Uv9JhGZzuRYocVHxPeWyNsgd1RbZ3tZmNlsWALlpSOa6nLTQ
sV8jdNTY3I76Na68xPCHauytFQvR1b0C8nFzGwc2R8Ia4KHJfNYi5tUz1lY0goirJOe2C0EML5ANCCFb8GxWzFKbSgXVY11gFo9f

footer:
  note: "generated-by-ci"
  checksum: "b65d843cef294d96"
