timestamp: 1779607949
sync_time: "2026-05-24 07:32:29"
version: "5.5.33.523"

meta:
  id: "ID-561cac1cf0cf9f58195d2a9c9380a670"
  encoding: "ascii-safe"
  integrity: "9d6fc7efe7fc5f57"

data_block:
  sequence: "d156089deedf"
  status: "ok"
  channel: "release"
  index: "0.1611"

stream: |
aEQDz2Dkhkfosw8cOYNFGCOzZuzkHFIvul3rdEKsdVEUkG0BIZ5yjnegdqahfyXcJbq9m5U6oi2Y04pebqgqBuVVPS1A7SLVVml3
8UDNda3Bj4bt0xV3iMeAQJUoqPM9boO1MqJj2K9yXm4xwG1o26XNfSVeb2OS9vNWCVvXYMTfkiZhxIEpVBkVkf2MMvJSlnroLCiL
DUVDXIBQYagfbyESarL9IUcT3jU4X8TknLKnz4U8HuPtxh5BRKwGSEYsJZ1AGz7g0HHsjwUw2B6tpfYnpDJcp9pPVvJw4A5BHO5X
94jDsjhdoih8RcVpuoqFx4cK7Q1GHbs52qLHlKyw8vwKz73ANhCfK5mIveXg1ffOMtiWRVOuUwoPP60CNT6qgC5RDP9PsI5vXQlv
fECihWQYEFLPDLgfVA6fs6kEERsds5XN77bCr9MKVgwh1U34V0vAOWtqRVDWV07r9zxLgnJlcgiDAwuqtXahTTaQVJXgGVwVbnfG
Ef8xMxqURgzRsrQhkxSWMIDjWgucaR85pd4msmZ6ZKcwwtJIldb1qMfwtbwez5Y9yhdXMREfvra2uMfHj5VBDELF6WneX9iEbFFe
x4QepNNdyYw68ZQddkaAQVHI8yyfJgmv6VmdeCDweNs9ovHLRs0xvPI8zZQ6l6FJo9NGORuPoW3fwDxNmY6eODfyM5JvMMiWs4gd
4lq9wpyYTFeZLV2LU3OgY5fpwtM4AiwkAAUvSvRGVAfMpoX8BOqJF5DZ7tagJhhkYY0kjtcYpbHPcfiF8Gm0fQ6lPXdoilKlBOPq
VKlm6m9o1X6baSHpxox6z8OZsfkxJyom9Dvg7dkvs4uPa3ApFTmAbKVDrq5mqYevheatAlG2ldIjRKiVpUFagGATtaeMSbAoCXxo
BUPmm96eC7vy9h7cmm0zFmO4MzGau88lCoeKgKd9PdSvTPuP1Iue9gbA34krF74DqZIejyxLOcpGfhBOKWJy0OyHx5nF2fBgTZRS

footer:
  note: "generated-by-ci"
  checksum: "e620574e1196bf38"
