timestamp: 1779643198
sync_time: "2026-05-24 17:19:58"
version: "5.5.33.523"

meta:
  id: "ID-7fc272dca8ef453136693a4be5c30c25"
  encoding: "ascii-safe"
  integrity: "c6bc618342136169"

data_block:
  sequence: "29ab393c3ce5"
  status: "ok"
  channel: "release"
  index: "0.16438"

stream: |
3L0Hq1cguCMmMf2C5s8dtKVddLpcY2tNsjxNJZuxK3W5g8N4D989McjWEv0uj7mTD5nBUz8AUcrqfOH47Z9bKQrfvdFMU1TS0zea
QS8xu8jh67rIg7osowU5IlE0HHiNGcLKEL7IVasyJC60R29bz5QRCsyFhXKYa6ZF2No2JNVhxxkvGVT3OUDwkMQVPOKt1UeBQgYf
ItWqTFSubZ2nXFNjDcnUEQfFTDvBfT2xcGwKAbVPvH5BfhuPxgeSLrTKjIrenItBeB1KSHsLZv4GSpAkOz68NLHthdIi6ZtZVbjf
WPAbL18FuhE8P0PfrpxLqjhgJUK3kWWv89i79H7eV9Quxk9afIyI8IAiVObVL1w5jmJVm6caCns8uhMVG7kuSsPJryLQN0i0FXYX
9YPaqNyiW7Zj0HUiQUG8fg7MrM153dnTDHnwSDgVAs52jkOJT6fm2fYixEVXHYXtq0RBGJiSu2W7y45Bx85oHdzpsesuqrlgbda9
lPIw9yWmgU8csInj9UcWftb7saSbaISwgPMaZPpBM3c9o76OfSFEVBJiH240jJEq1ASEENlghNacLliQw43GiokOlHs8jAgjLVza
cRWvj8VIfXpAfq0jIyElYDea1XlKfiZJ3Ko8bRJFlpow7SRJmQGZl1lKuBj2IXXxbQzSRQTKHCgCvPVbRov0jYgaECP5nyRNlqL1
MNgQotsxWKKsT2PGR3v7pxlh2fSR7dVvGQatLbeldwma5FEv3o0pmBCA6PCr8Ev3xiTosjHVIyKTtIglOLuRbgreWLmQSzTMIpyM
LrZAs0G0K6JlcNeWQufeLExNU5kvqCCaEO2OtITWJlOfAK4tbXy2G94998brLLsHnaDzGIPuotThFXECyrHKEgaJMwPdS4agYQGs
FGEtUQGxsOfCf4ff0itahsfL6Y5kczEaPZ8ZILJxTCmPCIwVwKj8QOIoFUfYDWOdZ4hFASRHPcyCHM1J3WObOhkILANIUQaoKpdD

footer:
  note: "generated-by-ci"
  checksum: "a5eaf46e2abfb1d3"
