timestamp: 1779557563
sync_time: "2026-05-23 17:32:43"
version: "5.5.31.523"

meta:
  id: "ID-7552b8312ef4db3f1a747532dc584978"
  encoding: "ascii-safe"
  integrity: "550234e454ac6b6e"

data_block:
  sequence: "912a9629f881"
  status: "ok"
  channel: "release"
  index: "0.11064"

stream: |
EpVM7yMZUxRJVOUvtJZyCIMG9L6oLzkrtjNDijZrfwIp64yRwfEb2r2Ks4ZcVzCrAMcBrAl8usBz18UtpsvKvknUpCUNGfbfTlTp
YDzf0J3zZnCAnBhzfp77KxbB1VjmWgJSvmJPR5XWYy7aq8dNFPuLW7B10isNoWAyFsw2muyMiCm3skKIeUv2wArr4SjygrEQ4wWW
kzPM1Dq16jdPvlp2O7YNdN9Utby9TEK1FyDLOzpZvcAKks6YcScojjyo5hlZa65JhDoLEJLqCNQWCSVkWOwvQDpQssyEPGjBWCLY
fVtckMwpKIS0hPMJmDD9GxJwy1VBpRiz6e1CppdfJ2SWCQkspx9PYHz9GRigMHutajYJmcNct7Ga3wo4XdJjCkgbDJymGE0xI4DM
XulmXO6E8HujTShHi08OrPvXdEmMUiL1wVyKfNHOj7RDS40rWo4hMUBgJjrwUeo92rDDQs27tIH7w33u6pljrmfZqNPkyo1nxTj6
pApWo07JSLH2LxkPDXIh3uCksLPxpKKjarUQSKtsZPYvrpHT2KF8KQUjuYctt0nlQUtzEZDp1TAO68GWWFYkmTCILgq7q4zuTbkw
1QMlbkytnGNDGbIDCJXy3aLbswlNOBXr7ocpEsTzLUCVGFQWboh6YEoSQmKegLRzV3cCyylgYi5fZt2OQ5ET9SMEhJgY5iC13Viw
zFl58ZXIyA1NypDZEMjvukcLAyxqkWPRENmggYurZRxznPoxwWLbQH87GLbopMNNZa8wBM56hsuqAGMfFXLf14xhnJXGKuchaPLE
OicY8e3zGKTqTRss9k68e0RNTkPUoxBC5YFLwRUH9Rjo1S2wm8qobhm0n75oJN5vTmsu5B38Ra1iaN2V6dqDZmrk9txJ9SzvuByE
qQU0nR31tpV0PuZzJiEUwgGXf6DfELLmLTXUIZsSRINb5dSQr5LrBlYbePWnZwclAFLkVScjfystRO1KnoHPpQsInDQfBThOUMgE

footer:
  note: "generated-by-ci"
  checksum: "604958bacfd3a984"
