timestamp: 1779113833
sync_time: "2026-05-18 14:17:13"
version: "5.5.15.523"

meta:
  id: "ID-5e81b53d55f05bd2cbdcf8c4f4024854"
  encoding: "ascii-safe"
  integrity: "6a4460040bce8b98"

data_block:
  sequence: "4348da3aa1eb"
  status: "ok"
  channel: "release"
  index: "0.3610"

stream: |
  6Fjp2UbZAw0t6tmPIigw66FmQ6gkHZdDeBcxArl0zONkF40IyNwezjh4OP2hy7WSfI9hAWR2RE1yMamDPfND6wiO3DlzPqikVUhQ
  arHxkFXdLEd0AFZlU8OYUfxLy2l7BTcEqHiJSIPz2wSaV4OxVvrXDYVgFvZdsh7EduChqOV1sKpbmkWcyI7CGsYA3xvrQn6j4QeG
  CNXqcScmsMbxYsinZpyYsx4EyNarq0EpfKeKSldF3pbBRuJCbClaJCn7D4fG3aECZ2U2TFsHZp7VCg2oNvAMjBU6R3A6e5hx8yRa
  748QhkLDLCLm5rCUN5V4NfNiqnjeBcL1Qi82mjdlJ8SxhsFGB4fHe2ZdXsunoe2jbHH2Cx7n3GUUGWbF7WDhKhK219tu9WSYxDtj
  0ij2jC9pQUanRuXI4QBWJbMUypVxToP7CueBDxawqZi96CD9plS2v9xDSbAr1srdjZlWnI6nvtawRcJILG51QhkNpOikFcAhmEHs
  k2arXghKOIQQ2ZRIRtt09X3R63nI07p6hhuKaUKA4fdwTP0qJXN5sWVYA3NlFhLfDxA8dP4VpqbJQuYcpuUpsC9YoY8yc9fQE3Wa
  9Z9gezfKWsEkxInVsdaMBJEvxvRp8P2twDheSZTvuPFBr9cde65QmpHoqWWopcCOHpLaUxsPbofagQZwfY0gq1LBQ9kKjNfQi1Ef
  53HKZaL09mnG1nAj9L5V3ikjNiXSP9naBoMs1jBZXC4DR0OFwJhyZzVZSktBJBFpYZniI0MX9m8EH1ZohF87zti4Dlur3CTFrCgY
  xZ8NSI4cMCGfMjYf8XuS7gLxaFRL2Ab8YxBCw30ielYSZKfkrh5qu4mJXWAUOUpHcbumqifd2Oy60ejKzuCNZTaCjCHI2jY5s5p9
  sZS0GyK5dlRspVNMogNCQnJFa5W6wJZJC92m8ZN3LJn4X3vqXvs6WggUOv0sHnBkvXPuISEmseUgbEOJqeNoIDY9d1igDCqXxs7X

footer:
  note: "generated-by-ci"
  checksum: "b9ac680e03560882"
