timestamp: 1779162079
sync_time: "2026-05-19 03:41:19"
version: "5.5.19.523"

meta:
  id: "ID-5677d683f4acec4ab082ecfeaee4d2f4"
  encoding: "ascii-safe"
  integrity: "e086538c362c3482"

data_block:
  sequence: "f442cc0f37d3"
  status: "ok"
  channel: "release"
  index: "0.5429"

stream: |
  ghgStq7l2tlHdpct6iwS4XJyEfYh5FbRieUTz7cDilWeYtYrHbhGAGYT0x2jWfdwENyxn5GS9V6GeapPtbruReKxswOE6OfFtpml
  qkoa0MfZp9E4TYNqhHLpmE0bjoo39J2DcnjkUxKGL29FH7A3wIRzq2THDRbPIVQi5jYR6dnrh1BUEwNp5XFVzdqTPuQTIuc7iRw0
  wxRck4R6pdX8KBXTeKSoPIoMFckZmGt6HqfIlQjIJqoJ9tr2eoAM3xrMkDTvu8WIP11HZUqTPLb4PjycvcVfLqAEC4xKSRhRzLP1
  QgVABRngoAsqq4SWA8eWr0h6kMkg3gBNMNui2WTVciXq6CQY32eg33opFyc39akEFeE62N6cWiOXNbFTIUN1AXGoM0N1r0hzdgHt
  H0LcZtgwYxSReOUWK25TS6tRZoIUzdt5UHiS2zLYiFJ0WeJzRsCDJPBk7IJxUGjY3vk1Lxc5hBqQin16eFC1SKTnFXkq9uZwOWxe
  14nrnPGYluQz8KVrHEB6ynHTXw5NwbB00YQIRs66Q6gqcRZzMW0uSp7rEVIBgR0LxWVsPJyKx4mtMxpxuZOIpni0OMaZA7mNkEOM
  xSCDov5anXSsN9va2r0Jx1R70ht3tI3kDkNGCIuthOUqCUvV5rYv2UYzPypUJXvujgc3FNKssqlPSsGD45i9JBifi802EEOXL60O
  13MOv9qgSk0L9TntS3ARJWMlLw3auHxG33qkKbemwSqSqNl07yefPTGMmRZ71DjJN0GjQDNGXO5PAj4WtXoKsbaJZCrf01DnMHlB
  MTaFAwS92BJVpmswa4SaIo5zT1H1TR95BJXZkne1hRg69Q28QgVlW8dn3tNT4lwLvXD6C0NkZyojZQHgx63WpmRBzRe3mJnqz3Zb
  RD8WUdquWCypOPUv4G11GF1E63i1DvOMfzIlw35kNPRskiPWvhwtRhsYwvma6zxPs4fMVhqrc5hAMAU47Io873jdpSIfIO2B95ga

footer:
  note: "generated-by-ci"
  checksum: "3f804fa992236065"
