timestamp: 1779710454
sync_time: "2026-05-25 12:00:54"
version: "5.5.33.523"

meta:
  id: "ID-522240e969a67c8b5feee3c5c9f450f7"
  encoding: "ascii-safe"
  integrity: "0c3eb3fceb23a02e"

data_block:
  sequence: "18592da628bf"
  status: "ok"
  channel: "release"
  index: "0.3534"

stream: |
fueQUuUsDQTBH4VTwB0rTaspwABZj9lK0YObppQV83RDolcQ46AFgiT31rCZa72mwzhOwmHjsbPEuHwKcAlYQ0TiyTWjwo5oOSdQ
7E2i5zW9euOKWLAwyOYvfLh0zcktwJDCej99WSmWtgVG9mYbDwdQZhxx748ktsN6JaDveOKQkgiZHfHvP7lmKje1GNZngdKjrF0M
Pzh8rM8SzzXuyvAZbLCNcc8QLDsV3htTlX3nnMp0ZPbwiRNmCyLXMEe4M8twKbyjCfqt6p9ucPsmj1So05OmZqZ3I7xhcQrYGcYL
ztunDAs8JTkaoK6MLj58Dyhm6z68fJJM9ShF6ugRLZX6W8MGZC8BPTCLRwGcoMLxMKCImRttlZsqqW9QYILDFq99IjAnCe0gOj2L
HiqTIAUrSd4qaXS04hdrdFhtZRBkDvOVsWsViEPp3AYru2aFGUXgmJlKqIFAdKUaONNTkXWh1nlS2MQH32vKClCzfmxSKhg6paUk
HqtYWSnRDh5rJHS8kKYFOvpEUFNDfhxTMFCXssWLukz2KtIWgKCVNg9bv0Q7HiuK4l5faiK18CHrzt05EtCc0FBhMArle41mZOnu
SkHbOu1mB2l6y7THL8fircdUvpsijRqaNIMTtnrWXYgm9rT2dLVLFlBCvzl78JoDWlMO2rbhVIEPAPr2KYiLvW3D9qoAg0EatV8u
n0CKxohPkGCsm91CrVS602FynyaZBYVCTgO52S1aRLOViLP5s0ZupyTnsC55E7jYecEfda7HIKyG16zVHXre4bqf2bw4E8ljSZ10
8Mp8p4BI2NQ2yCfYlAEI31hUnE3wj6YMU79dL0lOQGPTWp5PuwCusdfi8Ecg9YLmDSBnLZ8kRgUbiUVhfjOmM5RRTtmZYRsGIQhF
xFAbmgN45xcHaPH2r27PWGtQUeecKcK3M9VfFJrqCjD7Rkt718WZNSbWXqYLLcL3CslHiZ33PBtjUJGGxpansjoDk8bxFq8lyk66

footer:
  note: "generated-by-ci"
  checksum: "e187a65df1d4cee4"
