timestamp: 1779018659
sync_time: "2026-05-17 11:50:59"
version: "5.5.9.523"

meta:
  id: "ID-806eb8b98ebf089f1c999c3ea28a1e58"
  encoding: "ascii-safe"
  integrity: "cb9316add5e2308b"

data_block:
  sequence: "35a56ff8fddf"
  status: "ok"
  channel: "release"
  index: "0.22875"

stream: |
  XgiXxiDKG9HXxWB49qbdcWlvcjOyBTx9pgTEDPgPITq9T43KoyYujFLIUg3C8NHdPClElDQmQdtc9bhsZw01T5Ofh93TSbQQ5k5J
  xAAAZ2OsgV9wVwVv9egMyJwwXdQAS1wdeqC5fqkpnQ8N7iZmHXeyTKTxvTpwyxDjw5YDFlwOSPRi5pX7GyJuaoF4zia0sHvR36b6
  cQfTkQVMZXHahVchceIVImvuqs7O1954luYSi1C8C4CaKqyW07xcJ03Z2uQ2FNVjH74OewpTKh8qxW0IwiORInulRdpjv1BHoUMA
  TEx8YtJB3ML0P0OFyHyId5AZ4F53MQTVRtNqwSQKIzw9HC6wYw8BO9N1MbsnyeaFBMpBGaCEuS17mbESTPyV8luJ0Jeit97kfH5X
  tW2atEcgXgdkBJDIWeWwiroL8lpUW1AzUQGyXkgVaJCbgJf3uHUuDAnPEIdyYoJqwliuCgOUdi5hbbI3HD0UCerv89bu3bWKPmJU
  1vT8aqlk7KDyblxY4EAsre686rnOC1SNBkPXqYx8eeV7zHToQG0wAW6YAyrZCf485kMakTvSRIAZfkwa1XAEPG831FAC2AcYvGSq
  D6YIw38TMnKodX0cFNAbwGWyIIJKnG6fqH3eMNuWBH5ZtK1ivJfYH0ZaeTJK3XB9avzv7n40LzeAcx8AKCGuNfSF2k3ZhYNSrB8a
  AntwtXFROkkjKMfRuzMxhffWCVcX9HBKYqVByrUGMtpQT9l13foBFCIcjc6EDikaZwwkLNbJq0QNP18FmYkj1xKcEH1j5Ra3IFev
  gZVmfxyPRXuPRZlq5jEL5L0JtDTFS8XKv1mvmcT5mdWcZnxfMDPsUAr5ekedsipjd2HyJZT7IfFJVDwBk8BtthamZ5UlGzozWQLN
  nQ0mW2EpOZJPqlUf7vcKh0X80RdyFFQW1C8aUz11c2quTjJKXYvkvU4bNLR743RQiPapBoJdjpvfoWl3qCUMmzH2x8UCMz5l5LeD

footer:
  note: "generated-by-ci"
  checksum: "f025c12c6acf544e"
