timestamp: 1779642919
sync_time: "2026-05-24 17:15:19"
version: "5.5.33.523"

meta:
  id: "ID-f155fc21b464934150fb081c6e0fdd16"
  encoding: "ascii-safe"
  integrity: "79a66a47c8a56887"

data_block:
  sequence: "2aa07ad602a3"
  status: "ok"
  channel: "release"
  index: "0.15992"

stream: |
tXUFznc9TUYZpblDGZR6NXOOPVfQ0rSi7EaYosyScB1COHDp66gpUCMtWWPvLhAOMm8gjHHSslRpibQYXPbxkX27Gr4EAutltWwM
aG5FTptwCjzPiSJtHidaP3MTcOcVJRNTrTjznXL9JiSOTcB38OBPgXa5lsc3qrkbz4SgkAkGENfERVhQmSCMtX5tWCxDTDwRJwXw
9ssBB8kjZbzqtp70BmQjgukuvr19uyRrr4Kpebmwili26CC2puSdiZV6bNI6ofOw6BTIQ0rVMeIuFarLTgHRDhMbahGXXiM2gSni
btWWQia8fK8uZl8wlhCOGmB3TqDrnG0zs9Y9iPKqTOzWJ0C0aTvsB0Rmn3q6TKa3K3bjKyLq70QoeRiWTqMBsxryGOq1MhI6eZOf
2hpW7HJ8ky8ob8KIOlHmZCft8bDWlA9pwAoJXiz2PYuUZzWNNyepBRrvKntpt0Z0X9uKRICw8X3IgjT9eNZy3ARa1AM5Klp9FEhU
GnIwL4DYLYDfOxVsJtp9UhHsHzmYy5rBxqhtH6aYwgQKL91CTYRSLYYgWNs0cEnZMhrK05GgkKJIpeQdvBLQGo4KiFfuMeKWjPoH
Jx2Uc8tSnAYOy5j6rQTFz6ucr0u8K4ohyow0XPf3Hne5X74YqbeZcBWINfraCEd95ygcJuz3FB83NzQqXshQxlcSTWi93YNsXHt9
MmU1H8lTaoLgxNjBRPUlabXeMUYfvDtkVZQhoT7GJ2OVUIaF2ryi2CAIZPmJw90X7HGNWX4b5XEApo041OqPgLTyE0G7vOFNccx1
KgERnhvmCl9zo5So53lAVbims4mzkJPecbtHynoGUd09sGEeOPCfC81hpWPGN8wLrxzoQOVk3T34hxMAVUc3yMylpjLS7YNBHTam
K7NbQBHKqtD77aJ1lWRTTwRLQtG5mDSCnfoYDzlUlvGk7ZSqZLq26DOoiB6vTQsK1xlKNHy1p1ovrzFDLVAa0WZBgCYCklS2T0aB

footer:
  note: "generated-by-ci"
  checksum: "917ec9e47070c2fd"
