timestamp: 1779646800
sync_time: "2026-05-24 18:20:00"
version: "5.5.33.523"

meta:
  id: "ID-c0bad3c9f51e393791585fa0e1e87121"
  encoding: "ascii-safe"
  integrity: "933ad5e09f081e68"

data_block:
  sequence: "811a61f36ebe"
  status: "ok"
  channel: "release"
  index: "0.6458"

stream: |
jFdoJh9v7YbB0sUK02KgolTewyoiQHBSuQ3d1dcB0R2yBE9gksaSFLSHDEHPj8Frg9sWN2ETL22zQUOaVBiMia7gc3jdsv4IHzuK
iWHhCGRcCwYSQIGmOuxYmYt865LmOHIRXvA8avmspQXDgQJLVLTMBCdhXSnzcVNhNKEOgi5w6nkSDNz2JhanYukNjJrbbKYVzWPc
Hdf61BSoBu9tGO9WN7hnVwArLQJ3iUGIXYLaloDwz9LNdZq4aIODgd8Fd1YgM2LQIOVp9K6er4gOWvGZizzpgyjliE524JtjCmv0
BOtJT01ucA2klyEZVFtWXiIhaljJaZSAkcVfFZhakWxXjodiWv14YlnRImWAvIOm23EKsw6RIKorjrKY8eDoB3ePgBY0p2My1yMS
3EoxfBElk3WSC9CeEyZ9ay0RSrORxAO7bYkJMSpixpzRJMnHjc0eloaszywxJmowGCNIatbAVhoA0YAPqXi1ImdXV7FvuNBdNjTk
vtr5VgfmrPKQ4wJxE0aOmi4WZJfJQiJwfdh8hTXTHT4bg7THFTLLwKfYIXaYmXXEJlH29XlrOgVnss74b4GW6bKzWJ3EwI7830aH
klDqSZL40w3mkrst0wenvSNFm66qp9ZoDfLZC8F9BUvJwforO9szxOfsdk8yfWF0pWXwLsuSTC0zEmJdTcW5E5UJ0JQRa5kFRDRs
OTUFMQZxo8Edbj5u54V4QHhSEyEAPSVF9pQSCnBLiM5p2bNtiRCcmJ782a0YPaOnqUhxRqTD2szSVG9uoFIMMxupVKDNBZVJtKB0
yeEULecOE7ViNynLzgKCJL6ZFfxZG7fWUSQ16nyZtwVyN8Tjp8DEVRdbXFuOZROjvx8WyySrcyqNtPGmpAg0z5FqN9a0NuLAEK5H
GeHO7UeISiB86aYoOwJ66S5KyqmfjcWKkHFlwTSZpURnmAEG8tp1IdTrOlk6wH8M66sC86bYuN8hMqwQoQ7H75T1I1DzRd7pEZvz

footer:
  note: "generated-by-ci"
  checksum: "f604fa288fe36e5b"
