timestamp: 1779695783
sync_time: "2026-05-25 07:56:23"
version: "5.5.33.523"

meta:
  id: "ID-4a9134e2dc9eff3cc7b2024c539f1b8d"
  encoding: "ascii-safe"
  integrity: "9baf78b8c381fc46"

data_block:
  sequence: "5010405ab70f"
  status: "ok"
  channel: "release"
  index: "0.26526"

stream: |
eIOnUFURMfqE33fY8HiCmpTAOoJV84HVFWQWYSCKHgSwrDG2PK6QnzCPO19i8FxEggjEpDW4sV21La55Uq6PVZ6OcpbubVB3HjtZ
nsNDMcaezYLhn93SkvxgtSS1QlaB8wbF5qZf3YXlKm8qFN9pzf14TbTmXVLipvXTkmFRuIWzYk1gj6ZJtISnzFmZ7b0wpAJ76ytu
Ikhxgt27hiw5nxGb9IkFA2YGZMuFyYuYvQjM5qG8UZtfpd5aKCrNPzHHUfYAlchLvn9uipZOIQzSOPdD7XWyUwybDWyeXgto6f0E
szTqypCQqH8Z5XsZ8yiNVR0nvL79okpq6zpkIHFesEWXRxgZet5gzVXBu4tJ9Gk8U9zZlLB32N3o1M1Xg1l5a46KNbVuNBJYGAV5
Vr0dmomuDAfPAOc6lQQEkrVVEtqZPfsH2ukRbZK7VoEEP1d01deIdj6MuEd2cg4hI8nLm5YN9emWSgmkrAaFH11cCaTEIO1MHjxv
Q1UYt8Ds2RhtSKojFX1kzJJTynqrzo7PqD5CHMNyWZChcSqg9IVW9B4vDDAPtR5DOkX8RZ5hYItggbkDiYWuj9i8xE3FfFrlhKCy
MzdfShZ5BNMSIvzKS5QRRUjRKFfytgGcKEjVGecDIPvJeufGp0WHN5uVU8rWf5Szhpat8Ev72fuo5dqDur5wLxxwxBfV4ncBNMOJ
xLz2z4GKYL8EtKwYUiMag0Wh99X5PoNcAgco6eUnivXlJy3YB4HQXoyeopM00XJCWpSKCoB6mKBWndQstYA1mNGLt3jYyXLvoGE2
toBz3YiSxSaVCnZcaMK6aYdrfhg9CboDEQuwiWSdEekAXcrKN8gVMm4IySHbuDjclSyhpG4Cl07teWU19ssrKMR9KmJpMudCBI01
64niK981kl8qgOm3WbKf99mdILwDDDhcARN2a3UYXF2TBpKk98GTnQMa3UBKrtIVzli6Ezn2MHR9HaLBdLxjCkTqJAORgBILB4JT

footer:
  note: "generated-by-ci"
  checksum: "e534367546c85473"
