timestamp: 1779533652
sync_time: "2026-05-23 10:54:12"
version: "5.5.31.523"

meta:
  id: "ID-019e63c9413652dfc83f5bc21f89b9cd"
  encoding: "ascii-safe"
  integrity: "c3db31085f092a96"

data_block:
  sequence: "0604ec59b4f2"
  status: "ok"
  channel: "release"
  index: "0.4393"

stream: |
vfrWxgrOQQxytZLTSZ4BbbPAcnkAkjP7ONZsJXSkpcHOs2BGVw72E43moXwI9JTVonn4hQQCIZTIpOoxrjAyLK5o9t2YLcVXRESi
p5qanj6PmMswxh5PK4zTQ1fSZUDtosgc9IUOVtU2S3e2nX6vZmdznxmkM3be7RyFC73IledkmCVSs9rt2pFX9WJY9apK9bLKaNIQ
sfVHRtoU1dPaDabouXNhAHw0twwHPOyrTga8v7m1PBdybtQ56NpfdMPxsUrd9s0BI7iTF04hYFYMxferpWktIjjdb73QFePPpaY8
89wiKtJXqY22iombaaDTb939vgYVB7nYNpAgcevm9YcSzaI8yASUCVRKr0iMaqqxOCaxRzGW415SZcZOKf8WKJLzmAtMKxBvOG1n
5Z8u7KZ3pcshTLuiVMyt7pDVkeGPXS6wematWrCOejtwhIiM3OfKekWmvAz5XDgYoOQ2cCPMZGuYKQ3cHIwlWFDSzIi0ueWT4Ume
bctXfN7QbR2I5VoTtLV8M13gYtHAVpiAvvO81xQopv3IgS4pGe4wWwDBCPW4N5srQhmDBboOnnFcIGTTje5iOZUC7qoC7vQpAwRZ
BC8tpF1yd2KFV66PEqZgNb99E2CwIRSi3HfTVT1LDvKF9fHwpWBgb4mpcAF221mQjOn7TFfeJ2zNlUpZhUv7BBj2erfceS8mkBNH
iISoEIsNz5ZpbzumMwzvaDvEkWxToAr4kjABuVLULEYyknjWRqd1xvQa8ZwRGanCV1uphONg3pDPX2MqTgyounJpeNZKJiX6lW8D
9ADbhNyqYl95LIq5SrbJfO9Xy8PVY1bvByO7przUBpx8d4hX2k6mPL856WWUUxx6MGAHU1Fz6YCVkLsS2O6A0Dkjo39oiUFf7lIp
yeXITF2CGG7KfbZMkAfnyqsGow1JZeZoD6uUSG1VnPybx5f8DHVzPNkIujTPsLBYVovsGlGdMWrXgf0JmpUomV4l4qC3tX1UqCKg

footer:
  note: "generated-by-ci"
  checksum: "35c244480d0e763d"
