timestamp: 1779181668
sync_time: "2026-05-19 09:07:48"
version: "5.5.23.523"

meta:
  id: "ID-49182a7399f6d70d949292a09cbd5bd9"
  encoding: "ascii-safe"
  integrity: "e0b051a352ee2c4b"

data_block:
  sequence: "5ea2505a1b44"
  status: "ok"
  channel: "release"
  index: "0.29479"

stream: |
Dh4pX4Ihs39YY2IXuf1MBFx6LRTC17BkW0nD61Nj5yEg3ne6fgzFrw6MXhwHWsWfDQxCCRGvsx6U8Y4jYOQDGG9cottuaqwKtODk
SPaN9kbBlWHc7D167ntiUn9ZKrCnMsn21hFmhwAzCh1cgHmyYhdjm4oDji3UxDBYpINMzpHLxQrRjfYOhaLT9JUf4IT2jbvhFhZv
kvumhGAUBuy0E1fh8kbFeBK3xEfBRfp1Ahuy1Vyd63x9l1judh8tDgHluUBgCPerEHUT39KIGLNmFKyrfhPU8jbsRmS9N2MouLAZ
aMSMwjUDvW5sizOSM0Ij203S14XZrkt5E89TIut8hme4Qe8yHaGYuIMfxvSOhdSyVqfaoQQpDQdfk5AFFPWLvrUqS9KFXcjr4wdy
obD5WLJSuL9NOW18NgVSR3Mges4faejJ8PSSC9QtMX4ywL2ihFZd7JmiVdnKOhcP9EBH3gOaFBoxJCwNP6kLJB70q4TK3SlKmAZh
NeVJf00f6KE4U54Wc8FNXXjXKrwA0W4betipL80r4Nkjyf24ykFdYbrgXOepugfEiU8U3xN4Pfaf2pCdPbLEDDieBA0fb9sCdOdU
Q5oShhy4QTCXPZRgsCDSPPzoUUb0jz3Ohf0Cj8r4eLn8FCBPG5IephLRfpcgz76WwtVveUO3wXIJ4dljaQI4pGaeBZTx0UZVlaGW
0oRSWjZnjFtvnOiFurymj2JKh09x2MAH4EE3p6cTZu1LF45WTzyDggAvtCkfT2hjadEqXuojIh7tKHfMxg6TD0iQzyM8z8edFcid
ZHWoeQvnRB6lyO7lAh9V5P9HFFF0AysIQa7zULzulKpsMkrWkR6oooUR3zzHZWy8TzO8C1Rle6ARwcvKFK1iS7DmvhonbIdtPYOU
gWjCITz2r1jWhSCz1ckTWvX6ejjkClQVAL26pCgVH4ftT7ZSZFw5rvn8G2PzrHnnZ6iJBmAk9UmlOXb7ffKQTpbvjbh2G2B5nVAN

footer:
  note: "generated-by-ci"
  checksum: "b483ca5986c708ce"
