timestamp: 1779196925
sync_time: "2026-05-19 13:22:05"
version: "5.5.23.523"

meta:
  id: "ID-bbf5e68dd5e8d68e3c7e2bfddec5c8bd"
  encoding: "ascii-safe"
  integrity: "7734464c33927d38"

data_block:
  sequence: "a01fa58e5c7f"
  status: "ok"
  channel: "release"
  index: "0.18643"

stream: |
XYUq9efYLAbwQrS67y3Z2cGKPQDE0NXN4EdK8TMILNmZhViVAtcCfXOUt7gjmDCpVs6W0N0Gvsfp8O4rteZ61tLplL40po51WKJ3
aysVHSp1xNBXC2RQ4by6GZYCDWdfXik91IiW1uMh3uu4oylPFnzJ3TwxWmkPrHTCwnOFwSYvEQI7NJSwd4u4bMeUWUwpHDzZWUhp
iGFGwKe7wqU0EOOMmD7EHOMbVu8Ub42aimUGvhM9NALI2e3nyjwjalPORfszYJaBYY9tCPMozTS8jhXM6wCVoh9xoQ0m2kgqSXa9
zHGzZ89ZlksFZotfQweLJrZu52WcaFsTxhHQLuuthD7HpU3L8uyu69uzLoqw4oiZccbmUFi4pr9ZJIiCwofJYcFlQufD6sfZOxD0
A2EqSRjNZCIb6MOrcg95MR6MjUxb50xVwEFzqo8hbfMlxWn4VhCiRuSvQgx2U9n4QMwT3Ya3OUZZQLLoyaUQLGJQuYTQk7yiBVZo
SMPzl9iMlopjAaXNhx5GvwpBPfnGSWcSsqLc2B26p1VsXiGxWvBaHNX5FeLpub3uIYXgrA5jk2bWh2YgSPyBXrZu9zelfC2doUvu
I5DqqRU3Cfo6vXDWTxUCKSN3l9xzEgw4EOiujmDtT5d26clx1zumBIxE1gxNmIQdz9fEpTXzFA0DT5tuPCU1lWWIvTiEPTKlzSVH
dd8Ztftrz5snKHZn5g7b8p33n8CbWhUFvvRT0ll7F7LK5YBad5newkeFeF32RkmVfLdy7Ed1YxIpLPZj715u1CIryaDeanqWYLPH
njinzpNW1eQP9fD6yZOuOFGnltHRvIMn5ex6Sqa129TYekPjohjpYSgjkjBLVg0PydyGXXu25kiFivW1TVvC1iM9acF3QU47jVfY
x8PxAV3iYP0lQfpv8mpvUczIfoOChVo8UbAMSkBZbgNUP94DGDvNytD86UyFz17bLqnuktLNFh5TSDxHwQ2fzJT1mNsHGcL9u5S2

footer:
  note: "generated-by-ci"
  checksum: "b4e3766114069bd6"
