timestamp: 1779534159
sync_time: "2026-05-23 11:02:39"
version: "5.5.31.523"

meta:
  id: "ID-775d5312028fb999e75f34d9aaf3ac35"
  encoding: "ascii-safe"
  integrity: "55dbf54b84b4306b"

data_block:
  sequence: "f30999b9d37f"
  status: "ok"
  channel: "release"
  index: "0.23975"

stream: |
Z700aFHQ896rF0JOOesOpNe7UiRdBbl7gY34iUlVorZZDorOu1ijfJ7h9LBqBl8pBqq1uZeTHTaWJeLFPM4uo2FjZVHviRvpR90u
xd76r7Q0i5E3uNiccCof9XIVAeRr2vjcdUpmlSrpAZP3hcSKWem2TfT7wRPKDTnSuzNW2k6Hlm2wvrf0AqwUgyTjLv7gs60i0QkM
mb7qmsWe2NdhqfyJBUTWZDBnTie2pHKB6KZvzhuzDfEFZ1n8I92HRvUKuapNYx8FE9kPuDbmf6sKijBaWAP4dIIt3yf0N4zcLsLL
q7JSvIUR4LVtZWvWEzxhKQlHSv8DoxC7TaYTQZ4FwRmZo4OBnwGyOpG3zbV738r7iuQepb8GcMyqeaHXpub7UVqh1OYPL2fD1M9N
gZ0geYopGWUtxQzln4DcgtLDQNKB7lo6Pri7jgQguOunxHmOM5UrER2ebrg2DuuzS0FRLarkBAFLvp1hwQTy90sQCCzjHJe0S7Gl
OcfXF8B7dseyjZdQ551WlacrgrX6UgHrbqkZmVxaQcGEApZ0qCGXdkFj3wUtib7sVBdeFzk14ehWv2rmKN7hB3BChdTSIO9CA30H
ohMTejxCne2GkIDRz0ynmVZxcOoAtCnq7GBY4QHBEwVSdMGDtHWwWOkquzWxtXGjNFe8GS07OwZoXAXOQDmLe9tQuP1MSSiUbsRb
Qza1HvB1Lj2nzEaLeFa0N022cMMUM2JsRcGF3g79NLBre8bmLBOXxeobz3YjgmZ4glHmOl97u7ceqcfbkqhSSjyn30CMa7psInYm
U4ir3T4P2hdyVkyReUmyLsM0EF94JF3ov2Ua2izPZbc3kIhBrXIkPTPBdMhG86I3FGEhnLRl5iV2WyHq8cYR3nvfxH6oGS5NaTJr
pdBLHTBmWbTkEWvzxraX2NsHozngRjlSP72A5fLsvEsAlddsRC6e5KlBzh71IwEEsBGOQny5tZPwNTx1XfryQ9mi3vpRZxcWZ7gy

footer:
  note: "generated-by-ci"
  checksum: "a1c5b21a0da02ad4"
