timestamp: 1779639717
sync_time: "2026-05-24 16:21:57"
version: "5.5.33.523"

meta:
  id: "ID-625da1db22a2f51f48750b992e27eb10"
  encoding: "ascii-safe"
  integrity: "6b151ec92d6694d1"

data_block:
  sequence: "20a30ad06c88"
  status: "ok"
  channel: "release"
  index: "0.28560"

stream: |
zJqwtn7Hmch6vR9QsJkFnpMUUKV3vJJ0MSk4QqZVoqSVOOAmAZXlJ2KaRiEGJRaapXR48QAE1QKBBbCNWCTsdTeaSoCguN84Khn4
AV7I1ZIq3KggiUz2CEZDMn0fGpgwvd6jIrUMUkm45gPn8Fbr0xqmncp7sIJ0Q3vbU360CQQXZ29yovyqCW7SLVfHFFNpm5ad4xTJ
QxBVeSIH0j38wiLgEaN6tmBv1e2Jt0Fr9B38GRzIMQ1NSY3t00lDQAt7UhYVJ9oyezNOvjPOpySiEx8QqvPvgJqyyw6Ru8hgqiga
Kzd4NRUUeL2vVE4vfmABcXHE7S6xOeie5Hp4cQQDFAlpBZvL9IvqOuPuL4jOLge6JZZ0BfZvI3atbOz0XlSCe7UyWUVl8HnqCUym
m2copJ5jDCl9C1pd40HP5ErjL3xT14mXoy5T8L5ZOiw7cjiZ7CpykyryqoiFMESjufrNjc9pOO8gdt7KBgNi3PBzLFGLmcXQfj2q
bhVtzencB7WszKtonErTsdN8CrCF15FIpM294dBtb8hgg4LD33YS6RnXyck29YgU5EGnOnTROBk6o1dkSrxIhd1kk9os0Z95ClRG
HyYiH8m5AKSn7pTzEVybeMOmZrR6XK9AKjMCyflbvPMxe8TMmzTr9qx9e3pIfbmk8zPjHrMlaFpnwXQ4z5Nia8DkZKxUCnfKRLeB
fMf9TwadofoIORgY3Uet1G9AxMvsUAYPN3jNsIkGtQusyuzfBxS5ZYxmHNiGGYuy6gJNwMFILSJtEZnmghaTiRkZDkbsC7qNZUom
yMuPRhVmychintwGGmtxKCbP5cZLvGk57cdIYRtGSQLlstqC1wveL8Oob5tE3RZA0p0i1r0d4JYHBYw5IZEaYDcXQUlAXCQCamPz
lFblvEfqbQG3tf6fYrRkm58BB6nNRZb9TqYoTS1a1p4u9Mou4I8qbQ4xuWUwR4v40NLALNLeXuzSPGyfRLDTiTzqhWnju1zHEsPc

footer:
  note: "generated-by-ci"
  checksum: "1660aca742918057"
