timestamp: 1779764924
sync_time: "2026-05-26 03:08:44"
version: "5.5.34.523"

meta:
  id: "ID-ac5fb8c627b145632a66ba8c4eadd263"
  encoding: "ascii-safe"
  integrity: "3d57e0c2aabc5c5e"

data_block:
  sequence: "a2055f5cd6d7"
  status: "ok"
  channel: "release"
  index: "0.7198"

stream: |
oAvomInhl4hv1jsoLWggl8bGE8jZgOWTikSgC050TLtKNw5CRHG2m973Ow8bmZuoxsu5BeMaf6VmUi3FSpagWPQucftcaVkqbyA8
OYw4kVfPejzWI2E1fTHOnYA6V7g5aqT85oo9XF840QjkFXHbOEJAJ5IWVnzGny82lpyoEHrP5s3bGoCW7jklMeRW1tc138edWWOd
SWwzHnhfZgxd6POrqllOHy7oAvAmFjvAy0Qp3ad8sHgi9A6mRqWc5aJyhn4jq7NwA37XMw7nKkqc3whHdDLeDE2EEebUWCJXuyPT
TxRM5IAuS0B0gr4tL8rfpjaSFWGZfe3OhpR2LJdsOvURa691MdMUrnqaKVV8NYUigc9fDMsZUxgnAJm7fXaWuerzyb8Bx0vepTjE
AiUAwabZFhbgjSHXKlZDB68PiwcF65zswaQxwv91Oc5mcBkUxPRV1oxaeLq8IB7PGPPYkWwyi3OEuF8YO8HmuUUZp1fvwM4OO3oD
bKRDceoBSVLBweB5vrj4pr6EEcy5aMkTGMnR47NxKO1MF6Yi7hg1UMcGAdTGyuhudZapvCWsyuZACMqmaGer8f67NXFXppTls7so
YNPo36BBPBgkMsKR2LfOCHQc4BWhCFyZrVG7eZ24VPQD457mxsuvR8bYlFhCgPC3sC4gZa6OmJrk8KyYBgfY6pKewCMWsuPsZGIN
ULTxz0YfgGLKAbJ5QSySC7ttnsfuDfycvAfD5Y9sVX2dJNiHHQlXjypjoC1fHcptz8gRXOLb4paNm3vIREBnoX9hpLalI1HmCFAp
GC7o6ypDmIs7NbXCG0MpTv2vh9zNW6fI2UY2DBi0Kr91C0SBFrGgBoX1OqU6wSYKnyRMmtUSxWXw5qCgm7jRAjxVhxYmdg7a1Vxj
D8pZPmwEGNnIW5tcwcTGJIadLPfdh5w6epNwdk2jYPUi0udmO3ldR389KduJ3pzwl9jFq8eViMNY6mN9aw56rZJAnRcvQFjKGQjA

footer:
  note: "generated-by-ci"
  checksum: "ffa61a5562283306"
