timestamp: 1779891682
sync_time: "2026-05-27 14:21:22"
version: "5.5.35.523"

meta:
  id: "ID-98d391ca9856ef612cf2ced6ee0c60a5"
  encoding: "ascii-safe"
  integrity: "4fe97d4f1cdda89c"

data_block:
  sequence: "ee2fc0c6a005"
  status: "ok"
  channel: "release"
  index: "0.13751"

stream: |
Dyqj27UfX4hleB2XLjIVOq6A9YG0mnNzpFJEvC5waIcatZwrtAwSKQiTGNv06yi2ZTZ2xbp7UNeXiQOuscSaMlRyj1o9kf26hra6
CaoZ18gDkzREl3E2XZVyyiXpOAAf1DqNUtwqvEyIAoOFVgNJcLqJkZTiu6cV1i4tK60tVossqXoUpu1Q0zo9WZz0fWgkylXmpgdK
z18K4iZkiLyKeyeTWeGurDP6McqJH9q5EACEaP6fDIv3ShbfMszZAN4DPPLQNxRXb4owFry8wIVfJRmkVGdYczRWyKPSKDl3Pe4w
wNb1mVjoUiOn3Fxl4ecydvIlxYEmmjwIfyWUYVcd2Iv7FicqgMQLQGyInlQAaiPJq4fU0TQUgtEiMJn0YCgcjlCDGOIwercPvBJg
fNNtz6sgTTWNWrIQq2ubGGlGLU0AIfEs96NuFKEqRtdTBPKfzWHZzEMYyOoVWKdzFuJ3ZcxJSQzAi2gnTAotBtEBLF4hGAGxwr1Y
GsqY0L7nLeRv1X8ctVvJiO4z2oqxRRbviM3w2gWXWOGNDFNThAxKxOsS3Z5Oa9DWDiDs7fKDaCxbZZpb5u1xTeB5h8CgClaBGprq
u2TqXeMAboGYlP065pwg70IdKdpUrXxVf7UAhbxcPxYQ9sDaF3IaJgQKWVvJdzWP8d5ARxYzSBOKOAeo7KMhb22GVv2PZy2bU8hT
YddtSz47cThF76YKws3vTU8zR59GkjLzTZH7YlHzruMRbcPyODfketZhEpyxDbtoQzSqhe8p1KTPhW2YP3yZnIfgCb75thtZmqA6
p0oOcuUJnNhUE7m3eL9swCUbZDILCj4OuHrKHkF1GfzdW5umkjrxtbSZsXuxr9dl8ZI56YUpRL93CZIfU5DlRDrYPs20LquEJll8
Dsofky9uOL4aPU74F3zwFDDjhMOGVzehCyayUlAJuSYT5gPR5r5dGdkdjcb4nhz0c7A0VD8f7RwKeY5XPbUjwJbWWZ4CCIakznAN

footer:
  note: "generated-by-ci"
  checksum: "5a2c49f9f2f335e2"
