timestamp: 1779532385
sync_time: "2026-05-23 10:33:05"
version: "5.5.31.523"

meta:
  id: "ID-3ca57d20650047232ebda922ebbc426b"
  encoding: "ascii-safe"
  integrity: "585347f4b0030fb4"

data_block:
  sequence: "e85c2c3e0070"
  status: "ok"
  channel: "release"
  index: "0.31838"

stream: |
uK15gY34GLdLYznW4snEhkiGb77YlJZWvxGwasHTLAkuA55qSN2pWiAcvcbLKz23L6jhuhBd0SWDneoxMPPpeGEetAjKXI1OFA2A
kpj8JSh2qWcIVPTz8yEsBM0bETs7gwTIT1uKn5bBHq5FiBpdh0j5687yf3EDIUO0DO229EtHXbiM1gVv2Uk2H1Q9uWGoAyhAGlZZ
3Byi8WCN8NNJxB3JaYaLyay1nA3lIM2YK2uJIQjmdsJn8v1zUBq1TxN15mVZ2zskTMUqcEde2C3IAdbSZlu2Sh6Fp34ukFu23AH3
0Li6GvwrlMqATzSGk2zxc8JNKkygjMZcob9y6stfd3BD9HLBAQrtmzyTKXIPe55bjWg52vALucgSOGWcbO6AailKcZ2njfQpqivr
N3aeHK77Vw5FlhZ78atAwpxX20Ws4ntBGSnSiURieregXYWJSnoqU4eN3DC3UxthrBGtDekmDgIOvsZwi8oAq2IGBPiBFfH5o97s
iUhIO6pAkmzCDRBkcI83hJywUfGWshaDGpHK21yNJRKfClCP0RmDbLfKiLckApQMD4h0YNUjWF782HvrUgj2MmWwe59SmvG89ess
dzWHq5YO4tChcDhDoD1QLe16C4Pf2qA6y6PEvqCnvzYpVN4T6JOIldGVkvrOdUuNtg38QUlKfa6YQyOsbAjW0haNKTHfpyLmJj7N
JuA3YebEk4KYIWFnrbzj1XHukcRf6OBs1DUEt5N74dh4McRHDDTOVCAKVXhlyReSVnzMgsV19HK0osEkLFZSZVdKLCQlXDKFeDoe
I2Ptwjq2EEJHSq6CYP2W6PXicmD2tEC9itmzw11iRt08MTeHylc8rjgSwrLqWiQLfETHSI7TtRulBvRmrLIqYXWUvQSPgScoJ8fv
hjj3vFLnZVbRcrkP8gdFjhFWTy5HHHEVSxy3uzRiHf5RHA2sbXiQCTv2Dfk8iRGIjWBCoE2Yfbo0itdikmCrRjr6ZALZCAaMezh9

footer:
  note: "generated-by-ci"
  checksum: "207c327af20e10a2"
