timestamp: 1779560549
sync_time: "2026-05-23 18:22:29"
version: "5.5.31.523"

meta:
  id: "ID-2e9e907a5384d4d38048902b163bdf2a"
  encoding: "ascii-safe"
  integrity: "dbddac4b9a5abb14"

data_block:
  sequence: "a6752370c9f2"
  status: "ok"
  channel: "release"
  index: "0.30469"

stream: |
F10hpOmLOE23Ey5hPysMUg29vj3B76EOZE6HydZAcW0mCDUvxidPEfrFIMSaIaKvafX3FZJJJvcU44te1pALpXeao3hLtyYoA2nd
lmT4aberQ6Wl8JyxjmDPPaxxsPIainoNusnZL1PLRQxWmo3UfCm9KWurndT5U4Ytyof5MEyuuBx1Vz9QpKmxMCJaY2evLeXN09fk
iaOdRrkXoaxPCmSzhPaPr6sNtbeBcavUm7YyCDPEOYAy80niPkbwhD50K1iSw3JZ95KZaCywuXrma7lQqodZpLLymRCWci5heqz0
JUgmK2wEIKAdRNWnauo2skDuYOVAt1DfWOMDGA4HJR85UpSmYZFjUc1JvEw7Fmn1jGrU6bSGnWZ6NJ7W1THtNjCzBlJgMcGIhcWa
kWiakbOjAR5bMnS0WGq2YNvvpJzV7rEbZGanDZsfka5ptMukPQSGR5Y9tSZZVp5wcOC7tInT37shrkG1M5s47HzGhmQhM0yWbNTd
8iSHgGVL0oxAr6LfivbIN8Ibmvt0lO0pCXaIeAL8VSigyZqPKl38c0rTEjgjhk5mIrRKZKnxjxtGJw80Lz37U6YDDSAxMtEDGqgv
9G6ImKGUuBY2ScZZzW9OmoCIzQ5xYH4nXuIBoc5n5Tt9TBnbxXlsMNB55OO3BD4H5KNy8OmX1WC94Ttq9aPYcxKJvNSH13USrKR1
O7ZCJPuSUXSAoCuBAeGApguwvXGSxDJ7hrtcRtbXKDMza55A0pTZl7VpjknZnnb5nauR7CDk2fm8aW2Kv504Q6Pdl5Q6OQZ0PHUR
b4uqGHwFgH5OvxWiPvuAMN9pAkAA5TZGdXht7CygO4vtbrWNQVU37a9p26yICNjpf8tO0wP0RRTbZoURIjmpcX0Tjq2A0T4vk36g
CmMlurPdRrSOEMiGJAuNcJiuOLBHdmndmcgbtg1VMqwttJnYt2uGbL7ZcTiwcgm374Ih55a0zIPY5wr7MGNaxBhgSTqjcyIGxWCl

footer:
  note: "generated-by-ci"
  checksum: "0aed1dc8c0758c1b"
