timestamp: 1779643303
sync_time: "2026-05-24 17:21:43"
version: "5.5.33.523"

meta:
  id: "ID-21d1953105205f7c3c7a36c5feebd9d8"
  encoding: "ascii-safe"
  integrity: "d4683e2a0eb1719d"

data_block:
  sequence: "284597581dee"
  status: "ok"
  channel: "release"
  index: "0.4533"

stream: |
DYWlWykiPd29cwAA2gWLHeiaBWDLRt7K0iho2eQAWBLz3LmQTmrGEQkFSxt4NickNDceBoBo2jqdZqYP8Fhx0oLCJ0tAu1fHgrOL
52Wa178bkgn2pvwGJCqQIz3Wcsj2ntmvcGix8pRpOlO7PoBWjubvUAKT5w5hTj1ZZXZPa4SXycZti75rMuW7hjwcEMEWH3nCP0U2
MSu5BqwurNUWlfECeo8M5fG9BiYJVrFYEA2gT4McV7Z1n66BdiwF72HjbuA9Q7a538dc7IjAOVXKGewUuN8ttvCIadRJhNhU61v5
836nMyBb4z1eq2EdWRZxpFVrIbvO0E9MPjFXWmhXBFsxiZjkb4iIQTt2woYlpfdPKKpJZlJhLN6EreCaEW76iW1J0TEvWOPoRMdc
jzlQ1PoK4Z8e5cP9WKBnMjfZEu0YNgt4agxSvBs62Ex8JksgDK5zuwWSWaCzPoqf0ErsHYoU5V6Ta9NxB3POpuUhDX2r78uDX9II
ArsxbaUGQfu6D92wuaLtlHUFr5qKmi8nCS7qe5ZLbb3VQJq7GOY4pXPBYNqNpCyodMtfs5BTnF9mhjvHxLpAmBCWrzPsul1DJBaN
tpzSqdnJLYWleXtGCHwJ56Gteuj3q5uTyjuPCszSiMApZBDSzbtTegOxvvgVeeix8slWTWwuwDenGJqoNf6k1O5xVZfOdc7b51av
H8ipP89OI3uv0P4mn2YmawyGCLsJKde6nYazw5AU6d1jxlGiatr2JjxvD9xdsY5H0kuR6WSm5xrlYrvVCfosplRU75R8FMLVJK1k
KOw2XEQmeXtKfNdthxnSrFWd0Avl0E7b48jijuzbJU2Qnwlcvx3UPOpJPqIw1OLsgRoZJxoSCGIYunX7JEbHjTvQhnfKmXZLM1aj
UfrOSSbI5kOR2VFV4q6D5jbAJzQ8wFbondR10jvGl3AI9Ek8Hghm6a1rZzG0XmOTdxmSG5eFdlKkcsMXKjn1ahwEDSf6ncNhnwHJ

footer:
  note: "generated-by-ci"
  checksum: "3a9bec7201e0dded"
