timestamp: 1779541680
sync_time: "2026-05-23 13:08:00"
version: "5.5.31.523"

meta:
  id: "ID-823ae0fa130d75b1a2c69788fa1fcd7a"
  encoding: "ascii-safe"
  integrity: "cdebbcfa851a9473"

data_block:
  sequence: "2766b0437c36"
  status: "ok"
  channel: "release"
  index: "0.22123"

stream: |
QQxE6eYZcEKex14ccFIwqSrTOwsPEtoVEpPnZ8AKQzlkzyGUI1uGdkycgVrZ1KWncJhI3OoGFSSU1d8RGrJulThFp5qWXmj8bKxc
SGOX8HhhCQy08YE8ysYhGGPeeTC50QsHIpqTf0MF7RQXZFWkXaGGtm1TkeMLEu6BcmVqpvKnKDLt1dguSjtDYj0eRlS9Bz5bhbRy
dDItCyYd2uSxqXjkaHwFaI0acjXfyLjkd3Eb9s6CFeSaIJV8kfZFctXbifaAnDLmzsXrj96NTFXkZDLmUclZ5e5xHe27NjVtwnLy
V7OShmNgKGbISncJJcHxu9Txy80MKq0l3PGj43ezo0MRWlZWAQL5wzNg5lGvZHrn7uFL4erTrGwiAWKUoNyEOhXcy5BmqzfysIr3
LBBgKhXBKQMoavDIwBv4DH54igF5vzghNsU1kOi4Ve2ED4pqa9rK5q62FzDteEHgPjJtxHFRFnIJjNWeEhN4lTsJlEPEV79YqScq
tmx2BUuphLgns0ZcVtjK9kRgohu0nbkONXmC8rLQOwpgkiXFdW6fg7dfsZnuuwOJdijPBPRBCLIV2xJqbaAv8SG8rZcvlNazx51Q
hyqdA2aBC98boxp9A8nvhURiT8Kh2lFbA5KbwLQ3EtR6ZT5IfOQE7f78I8uGV8nMoDhz50nUQJs5nh04Lsjr2W71wlFod1dMwA8I
DDG47KG5LF6osjDCKyQ1A4SMjm6fxFIsVqmiApGymgrhFEgfscBMf4q8mH4bTrtOKO7iO4pHQR8rNUQwBPSesru6iAKlKidwVTXM
B1rZqqY4hhJQcRBwsZGT0RQPaPQrn5WnpTTFBarGWxkfdEEfSpx4OpjWGDSbC3BkpucqXodhfl0vXUxquxW5YbnTrsvjL1i8Qkdf
uxkRtBUUFHoqzAvxXJDiWvaXpqxAyf67yWqLwftYzh0tliLuH2MMX67l9PxobqSR8QyxmdRC9tpSmWs7BfWhJU8tXjNtv7wCje2D

footer:
  note: "generated-by-ci"
  checksum: "98dfb252db37736d"
