timestamp: 1779593268
sync_time: "2026-05-24 03:27:48"
version: "5.5.31.523"

meta:
  id: "ID-8e9151d119f3b4cfe3ba8a2ae025deff"
  encoding: "ascii-safe"
  integrity: "d9b974f91cf7959c"

data_block:
  sequence: "e3c6a573f89c"
  status: "ok"
  channel: "release"
  index: "0.17890"

stream: |
Nkm5hEc6PdPCFhG3eo13NsHufp0eTQeUTeHWNSkDNT3zP8ew6EVwXcmN4G5WIsjYK7J8YizTas3etG56AigkWtCuuqo2eeVwyzbW
yzYQx9CMtwfvNiTAUAiNlxMynzi6AUwFU4P80IoQPd7I2t0T6GMOo4LyrfMsb9I6ZvjbDfV0zJP7a9ALbKceiGA4sHRwB0u7clEv
4McalYhCadqyLVyuXVZ9883WQJ64rXslKBF1S6ldqIvCdPyjzbi7K2I1usNMOwWX43zAaSLrn2FAyELVY4AH1pOtiuKVtO8DnslX
VUaYlJb1ZZBaR6HEUMlqs016Cv5sz3FXbEA6pb41difctvyd2yR1LJnKUi8HckU9ca55M22QXizWJif8yAQGK8bABuXO4QpjFkJH
0vHCtDmXtPkJ31lHfr1hyg4zx6BKRGfFjfrMbvEAyYK74XrRANFDHFINkroWdKWmpI5M4CkNnfaDuRbnSFNjrdjprFuuWkHxqB7m
6xPm7Sc3IMIaRF9QD1FleSSeyp6r5oOsTMSDQrWvna9bGNsXLgQ2StjfARg6KrGR0ADeRqHeo7zJZQXyqkezhjkjYNDZATLncy3u
sDxVB6fE0KAB8KgEaGNkjvP2Rq2KmBDnfp1OlSFQzNLtEHI9qD4dMRgOTP9ZCmRmf2q38qvNVzheq2mxKmBRlaN3VRU8lVOSrJ03
OWv8O7RAYSfnEYOlbuQSkmBhiZyZm9r05oKZgzarXt5UCav4oLrrLOjMt4iLF5Dwti2xhKHsdVnl2Ns3Vslk9itXt47OXkCa9C4Z
DBVO4T7XuUi8AW0nAQJgQdCE5jf8IpzJ70P9lsSdQ1OalYkotHCmggTaQnPSX6ratuXgPIu4eLcFrFvwwcoewkHVJFoM3d5U3SkD
vMaNf38oeIYknd7WklWq6J7Za8IAgpjjuqMfUSrD4gwKjM4Wq9NLG4CRcTNRFXhd3fca8q90zCzjFWaKsUR7AdeL3txtH7KPAMFL

footer:
  note: "generated-by-ci"
  checksum: "43b92544084bf1f2"
