timestamp: 1779766675
sync_time: "2026-05-26 03:37:55"
version: "5.5.34.523"

meta:
  id: "ID-de699596d09cf0cb22b2136c1d6fab5b"
  encoding: "ascii-safe"
  integrity: "431ffbcfd5eef3d9"

data_block:
  sequence: "dfc9bafed1fc"
  status: "ok"
  channel: "release"
  index: "0.5710"

stream: |
FWQ2gUrkcknYu29UDAMaxf8rHKRYTonbYbwtCTA7vEuTQGNdW4t9rZqmkbuupyKJ9WAQd1gU4MapFKhDFMlmzZRxi6HBaQ7uOOp4
BU6PP1EiH35w7zpJuaSU4q6UUb0WcWyiOzK1xe4lDQRkUvmxkYOYMW7VGzRFS3JhOqsCX4o7WK7CwOjdSM3SLZcNwfpF6MsvRbfH
z8DYGcaeL5UIapdji9fPQIARsq47ofQvZOu7GJSbwZfF1yrFXowwE0edmlsGSVDloxYrDmiKliuUkXD6YXYU4vD3iOFoJcSNV06I
PGL82CAE2IIf2DJjW3P0RQJSNBcbLICfz8nuUlNh7YYK4VHsHjIBQqsqo10HfviRBZZdeU4Kae6WneW9f79Clm63J9CzeWOMCbiu
AuUI14X6Kc4Iq7e8T7d0HmsD5SuqX4TMarCGdxOG2OAESurgoitfhtZ7g7IsZkpMH9foYTExx6kkjwTzdKrvT8cWMEDNO08wCk51
LWOQQesogjKEiGnMMdi7GWigbWqvYomkE2eMAn1oV3vRhKo0mfdK0DN3eXoKzOvyFq2aoeuUJ7HaAhfxbWMLpbnq6qwaRbA1ivAO
j3LjBndY6KbqLARjK7GnVSWVHsEF8mL9oWqumzi5K0F3q9azxE53eKaqdmsHZJQ9oaVupjmDdoMzyIOvr9WHAOrZpIptwC4NVX9A
2UBm9GgZvpegKFW0wLKQ7w9ODyWtCLBk34C51OuUFUgWhFAjimwviujV0ISOEXfqsXtW2kEk6vMuiPT8MXgU7aktf1nQXH0XrnT8
2GyvZ0NMj4jT65MWXpK3SWluf9FE0vqb59fs8mSyp4hPSB905lXBx21DVrgGJIFmDmribKE3DcK3DMHhB9oikULFnS2LoQUOmtZ5
napCZejrZNGQpn5aIUmcbrTqf8M7tyTR8ju3ErYZB9fED5dbMTwcqZiKuDfPPNObw87yFtD8qB0P8RjZKPmizdpPzA57sKoEvF2j

footer:
  note: "generated-by-ci"
  checksum: "70cb44630ad099e5"
