timestamp: 1779612735
sync_time: "2026-05-24 08:52:15"
version: "5.5.33.523"

meta:
  id: "ID-1fceb1c1b247bf867f9f78e042704da2"
  encoding: "ascii-safe"
  integrity: "612466f4cae86d51"

data_block:
  sequence: "aebb4d8d8587"
  status: "ok"
  channel: "release"
  index: "0.11579"

stream: |
VMTToYPKJUFbJS0BQmk8dQ7WICOjCkKT6zIHjMyyWWqklWYtXB3ZM8cohtTBd1fZNAVMBqVEQR8Gx2KmcN52xsYccOcN6RQQT4qO
uIuAXmOL2ccPCcjT9VcGc3hbcMdxXJ1wOwJ5uf1Eysxr8J0u4uJlo72MrEc45p6sSj2hCQBNYZanlaDJO5tzacM6ONIR6l6aXu4g
80lVfkStfYjeLVPvFPMKfhapZHdr02ufvBZyQNYE5Gl5zeP9RXQItPlueuc8S13IeF2LqOTx2CvhO6DJvzBAvf1L3SXrpNUjONA4
kDZsYpczMsNAZDmfB24HTrFxK92n2ndxZP5oJGL4DCPlNEFaUnq23Ao8YosgVQBf8tcg6NP7T4QoDV2v1aHb8Y5rGqvWf8CRi8hl
oQQ10Rg1Epc1abZXH29FqdblkA7QIufo27OS9a29E9p0QiNYEawlRGS9PRpddI51u1QuBbORqZBtpYxpC8JErGRfuXjit5TGnnoI
PDf77hUTm59XI622K2MRIyByDYbRjkrxdwBSXhy2HrOGyMRsURnFjxmNKgL6UAUPFg5savmyWPJwg7ujV7f6ZMYX1OCxkDHQbfI7
9atZkjwySGmi5sMhVPr3lbMyo6GOB3LpkPzpI0EkcRBr4qoidgIVOZy5hX6C2xk394YsEkk8CAERglhvJThapjMh8o22Lel8bap3
1Q3lQtrnWRKw3qqs7XnKdscmpIGliZALSWj4Nyip5Xf85VYJQyYQyZXe3whuluxQOyosgwAgMXtZTqLuaSe659kjlu4Q8HWSnOL4
3VcDIwBz2mfsK1ve5fs0DURqJCh8keaVLtjBkpZbzNfQsxGwtiIJodtEvjgriNwnSUiRR3CEQFxc8RRaDMc9L9tiFzcpkCLtfpwI
bSWJV0b522GoEZ3ux4QZKMjowCHWvpqE3lddNnBOd8lzKtDuwbxTzgFLc6INwCjxEd0vi7UrNnztUjSnQaRSPoNd0xpxEQv9CDrb

footer:
  note: "generated-by-ci"
  checksum: "c32f8ca5dd8e8c42"
