timestamp: 1779718089
sync_time: "2026-05-25 14:08:09"
version: "5.5.33.523"

meta:
  id: "ID-2c979ced84051808b31851f56696952e"
  encoding: "ascii-safe"
  integrity: "dda82e8ab7defc80"

data_block:
  sequence: "522b58062d9e"
  status: "ok"
  channel: "release"
  index: "0.4429"

stream: |
Q60cvvN7arh8UFMY5wjhRkRT9t6JkFENVxftlekJjYolov9qt9TnD3EZ4WLobqqZ5UN0N2cyX8PTJIcUqkXme6scXILqDg2vYtjq
SIA3jmX0SJHLygQyhrIjuTP1eKJXuDK8IKicf5bghIxcwUn7QHhx2otaYIv08OMnZMHsNxUsm7f7gLODBsBCvASkIbQ7A3vIXvdF
f9tYoDY1tCLUNPkGIKMZxBOUAVv45U1iGXwpVkA3NFHT3vunXelS5OVrBxSTfYnNqwGzDCqvSO7BxC4Nj04whckZ2pwUHiRX3Jne
NQhPqqLNqf9tfi2MhkmquyU1XN9zYOsMBxBmk6uIRyrlm3GZaTneDWZi6LuiK3tWLtObISRdDjEUvwAqgkKfRLBcJ8c3nxOFWuOF
Edt53lC9LcKgB3fuuUguG8QzZXkIlfI8Dfj710Y8tvcpVd0t03nrEmnPSNhPZsGS9qekPuqCHQnMBbTyumOeFWjx5VZ9iFmLyy2J
ydwUHxKOksWK0028B5a373ddXZhCMgn9Z50VUJVv7BVzIjX7h2qMpzjJh1Gycd85REno5f0enWE5lZhCA2XjvQ1kGeBU7Jb1ho8N
mEPLqUF91bi9bmof8quT0081UxXOZQHEPgSaOjpCMjveR3v3dZ7cNMs8ctx3EylbUylYNogD56t3nK8TUxc8kclO2a8DyJoQdO16
Bca6EXSjQFEwpy44GpVhmqRFmvM2Gxc8V2JqoK3x80uuc8yUeM59pxrQQRBZEU3SBiX6pQPJzTb3tuQuAPTCfAZwzkaexRmJFSVN
EvhlEiOAwxwrnX9Xn0AbIHJNdRPoZqDHDGZ3fdVBpkoGv1yGcty2i0XHM8hnEYq3UPc9PSSVlEBio8NaHT3cs0BgrfNaLGnZ2Ka1
G0iQJKsuhibrcneOsqDh8HAAPZnWAWXBJjNlXcD774C92BoJH7GOeibcYwo4V9Pbm0Dhv7d6HAu1d0SU4ffQ8JdIzvQcYZ4m16q0

footer:
  note: "generated-by-ci"
  checksum: "ab3cf80a8f79c490"
