timestamp: 1779685678
sync_time: "2026-05-25 05:07:58"
version: "5.5.33.523"

meta:
  id: "ID-b5e77d8ddbeeb260cab3214bfc1e1a3f"
  encoding: "ascii-safe"
  integrity: "03637b821e82d5cd"

data_block:
  sequence: "311b5bb28f18"
  status: "ok"
  channel: "release"
  index: "0.5835"

stream: |
Py3ba0Bu6P8zLMJh5uDNQJxjyAEsZMhrjI2z6oug2Pu2itSEXk33Nz9ctFrQZowRuMfZpNt1zu5fkjiePFGq7hrH6YN4mGouPUJ4
kP4yHkfEEplEnxgzgcJep1HGLVQQG6dtHoCTEbSAWmQXPKTr0ALOFGjwHGjqAvDmmnuuUduel1QnPmaTI0zRZMieipuyLn0MRCs7
klfbXX8Ixleg3caHx7OCBWzFW1MlGGvk1Lvf0aIPRVersVXxUTmh5n9gZU8n3jxTQR90e1KdbG8I1OFR2znthXITcqUeaakHwqk8
wdtKolCxyI9CzJdVRSErOuFquvSovEs0whuXWpVvMoiVATe9c9QMZt989VLbJAs5uDx2Rlz0pQ3emw5b4NWJlo1IDy75D09iztEe
qQDrHg0e0izkjvc66E5MlagDxwdrSqHZxlcnhG941C1KnCcKyiShqfIb3KImmJomxlhRtd6QvVPbCSFQ1apVcnXOuN4jIVobgPZb
lBdq21T4CBxDFqx9Vf13eQdZ43r9sNOtym2D9f0XDN7VIuxwW71pTB4tHzgyC9ygLlmuSDbW53bywE98UDbAQRV8eH3uaipRYgi9
vFUa6Xwul3Q2wLntkAv42JmM7YaedYGjqjuLMulpJBqXhLtr2LKBBRoppL4P77Hrqn6snTGwsFtL9CHiL3xd6AaOPWVDRexvEECu
utuSHS9NWdod2RcgbHkwhmRMBA3CpsS1uRdylvQdUPIXfFgqRs8aw8wngWdjanwVZMXDYFYSrBEQrvvHJgFmPdJPZH9vAmK3ghHo
3LWo80va8N6ZVwwlbk5co7FLPc2fw4OLpOCbQj5inzTTf7YkUIykDbt8xUVpxyPRzTm5BouwBeDwIol7iv3G0Ko4DdhhxG1A1r8u
i3F7AYT822AhxudWiK3XqQdbaZEAl77Uh4V3NOheDviKLBF86oH0HXIGkAhPwCJ3UDUIkUs5bWTh4i6YOFVKY1EdFOyDWv3u0ikL

footer:
  note: "generated-by-ci"
  checksum: "91715b6a109d51b1"
