timestamp: 1779502224
sync_time: "2026-05-23 02:10:24"
version: "5.5.30.523"

meta:
  id: "ID-a7dcc622c1ee271bab88daa3c59a5aba"
  encoding: "ascii-safe"
  integrity: "34c3daf5398af70c"

data_block:
  sequence: "51824dceb433"
  status: "ok"
  channel: "release"
  index: "0.19068"

stream: |
IZyDu18e1daswOQj7Cj2n3Sn0doj5IblCI4w03vhIBdAepeVGqwTnfw0ogoWIqBXhOLuWGH7oGN261i50Q1H6c24oETWubkKm4lM
ADK8OhizHBr7vdapJrhgDJQzL6SJ8oFpjqXPxYA04DkVPz0h0hCKgoEkJmICfiP5jNhO12aIcUu2nx4t83AjJGyT0muG1bJwyZXU
YuBaJ3WjmUMPDcbyqYO6n7EGHRLMcFh5t4Dl30fmAWLUNEFHuHcHr8UnsHGFIWttHmezBS7E20Trk8E8NAvBlDW2wbH27P1p621P
99nFZ06oXAHIVwLbwvBEA7XdyEPNtq1JcpCJYpIAoTYKl6qKXF6EsMwTLtUzZoRiCXh6yMctRhmSUvzbW9qC5Qyh5XBrmK3Vrxme
9Xdex2X8jk5rrrRrms4WYE9ZcPG1AxuCbv28UU6IvfsBGMPsg27huHwX6gjpGs6M3ZPQYtIOkStbZMq2sHedsEQilvhPOSKO0Klh
aBsuTmIFQmRyn97pk6ASlPkFKaM49AVPg8TLeX8nUl3sKTwjCagqIJuAlwFUrio29Deah17JTL5CQ7OsVdbjVkXKxN7L6D7APPHa
6N4AptX6de3LzzGELYhHkKp9a1RoSabxrPNoG5PUNaLhs60BOSztTOFnaywEAPSiNMrHxQxu1xEucF8n431hhe4QTHNTKvnSHKm9
BZk7ntSU4wgTJyXIZ7r99Wvz8fMdrEV9iaIT9zQxe5WSjhYZ6JdaEanG2qkrStXLLwBCgGAJq5xEqGWvBbwHgAUfjr8avXlwSao1
G3GcsDY52c0pi73QMP0rwlmRdNnNAuil8d0uAz43DeUQIxqrBJ1b903fz19eEnfoSroB8y8HzVF5bDRAQvCgwGFTzuCrK7bvbkBa
Hx498Hz99VOEZoy5QWjyTfiqKv1gW6OzwSHAnSYnFLzR7ixlXqzHhj4D4uxGogv89dUhHwRiFBEwjVFibN5VpwNRgk9QGv7j7pQg

footer:
  note: "generated-by-ci"
  checksum: "2bbfdcb90889485a"
