timestamp: 1779759842
sync_time: "2026-05-26 01:44:02"
version: "5.5.34.523"

meta:
  id: "ID-31f780f2c8a20b0577c52cbda38accdb"
  encoding: "ascii-safe"
  integrity: "ba0f164ff381b14d"

data_block:
  sequence: "5e7bf28d6e88"
  status: "ok"
  channel: "release"
  index: "0.26944"

stream: |
i6Rl2jFuEQ9DAYoMfzbrtbnegLAMITMlsgu8y3lMdvWkVCkCgIiItEjPnXhqJeEwAjHhAqNbSCvVISe4tZhasu5qgzNt7juYgIe9
0UYtddBwSTSywzOZAWmzshZvk7qVzNvIso7BjnuItmLh1u81wBDlfVfD5WBwxE77BjzX1DWCFsNbtRkqVjV3FZqCWLH09aLNgfN8
qTdUVPU1jHFwW9ExK3nRusqNZb0FWSzMWdpIsK3DuuyiikcPIWfGS8Tuq8B6rZ6hmWNDt1cWTaPVUokKbw8boMBkn2TDFqlOpr16
UM1iD2krgg2eKzYJUPXcvP03YMhNFwPEV61fEvGd1bEdGe4j2e7eSef8ntMwoaudNjqCNFoogNT6U4tlH9mzCoD0hdctcT5LpJ19
poCFfkfXDp5JvKuuhLpl5mFVQJWwpNvZSmdnmUN5j5UAtEzwuSFGSML2FoXlOKQHSlH0Br3gYLI0G24X0gZ8zXQCrNknHc1fJ5WS
8vqB3c8rD5rQlQVv0Z3RabVOKnNIYskDATHK4MJJzLKJQRj7SJNfWxLIwFexKgbZNveHQ1GaJIpiOXyw2Cwh7e48dlfRrhDNZjp9
ciCDkJeWEWDzEMYEJoAUmXG8yxoYU2mEsCx25EhE4USAIYbofwkIaR4MFnnBdaxUsImUo8VIU1WLUMgZAJpUapYVDx6EaNdlX7xK
CEyRJnkKMpCC7svTUYLWFcrcZX9nLooBfHOsGQLUpFd2mWzunOZ6oZOiNNOLkv0317oh0GMGIL9s8HizHryd4L2Of3sib3J5tVtI
LfABL6AOuzv8GUFPCiRErL87FRM4VpQ9FBfkFiecfNxTH8fTsWYbyhkv9lXRijUAIvOZ4pHggBNKit4QM4WRQmrbhWZQVnxiNCPB
jCk4dfwl8XwZbZuEDZj2AbERunQVhnUjuBer7HUS4wohmFZXz13flwwAWpwZrB5kgjV8l7fHUzIpGeYGfULV41n5zeRjlzvK5EzN

footer:
  note: "generated-by-ci"
  checksum: "ea90fd1c096ee5b4"
