timestamp: 1779168525
sync_time: "2026-05-19 05:28:45"
version: "5.5.20.523"

meta:
  id: "ID-86d2034b78dd4e521445bef94f0e6e08"
  encoding: "ascii-safe"
  integrity: "04ce02956f7be756"

data_block:
  sequence: "713581f2e23c"
  status: "ok"
  channel: "release"
  index: "0.4041"

stream: |
yq2J7nG3Hvjh8hyvStNG8xzk94cUNDI0YcUzjyQUxEyXfgb38lJJi4e7SiaA8UsOeeCUf1ABM7KN1VbuSbNI6VOak7vA0Tt7KXQA
Ejh4ZWtrYOQIpSzSeqNZdRYMLBHhLXsS3Cfegsr75ZrDlrA2QYxjkxHPDsEvr0QeUDfO6KH35p17Q0DEw6LK4FPNOTnZ9OwrHae1
F3zoCXIhmzmkn4WXj5xzrI5asYRkLUd6txwYWaSisNCDUMPJHyM5TTkZRSp9BWwnl6REui1wlEB5ndrVtdVCmgrfL3nIws0S8aym
geta4FsceV5CEsKMnQHtmTqMvkfVWzPnv3CyipCdTnmCzYxvwaiZxtnv136G1NypOkdklkcAC1C2zIKtMsZP1NMfD8gw53bDQykN
tL9qHDAmS07JDw3Y02nLwRHSOqP4GM9lqglrPDwquq9GekWU1t9X6mF3BoJ5yrW8s5ooQzGOvM0ZI1Z9TueIWGEt7GKksXaxQmYL
PG4BZqPPglf4DdXOI1X4h5wNA9MpqqkL7fmevMELmBVIGPNAVrwcfExNCqxspVg99hP0BeWcNdooirfkBnKKeprbXUtDtNMxKExR
OCSbTq0Gyt1lcSychWYbbTpuENaGobowpXOmHvpA60yBx9SB6vnPI260olKiHr7uIbg52V19yxa1i9xfAnlfpcyKShXamDIYUQfi
pV8t4VZnIN9u3HLxzBOzeIBgCQV8Hit7cxcvLWZ1nnOttMBKawbvRJoj0HaOqwaI9don92xQ9juqZM4qqeOXiY7CiQVGNuRpzQY5
HVJHIHNkh3JgWV01ORxhZDCTuNIdW3ofd8haoYFONoQnNi2B7X7FmSZPB0XRtNQvbYn2dbbvurSwB3OxqzkIszQUSt8zp1bTYG7X
O2bnP4wJzxPLxJcqtDCLlqXWJGuvKxWb46DvWMbFvqyC99I5ullncv3Z1HfR2xWp7W79cx13dxRAaccIRrjlLyRKr43hHgABRGw9

footer:
  note: "generated-by-ci"
  checksum: "c22e51b19f93aef4"
