timestamp: 1779896335
sync_time: "2026-05-27 15:38:55"
version: "5.5.35.523"

meta:
  id: "ID-6c7514c2e5e3f5fd859858fec28199b5"
  encoding: "ascii-safe"
  integrity: "b1cfeb09f3e064ab"

data_block:
  sequence: "c76d12299216"
  status: "ok"
  channel: "release"
  index: "0.30483"

stream: |
GTC1qgqHSOI10oLpqhYlbRw6aEBa4IKFLWWqO8kG2yS3Szxgc7qPjvfRaRXJSQQhqEcPoLzm4RsuBjbHM11Z9xEq3NjclyPC6k6v
wJK4pymDmXxEpLJrWNkl8mi6QEGdRUeEeCP1j65DbOZSRzIctCleoEnNgiwAinVyEJQbAUI53lxlimUiSM9ddwD4waLDuBHGU6vY
za7ih9QHstae1XKCxNbZioSQhNOHiiGNC4Mq1HZDouRRDLpRCjZw5iFbkW59BZ4V1B7BLUIwADu7N4gb58yxrv3ih5zq1JxVTR7u
wrrB7jDUNa7AecOZYEaUsZlEeLKEo1Qp5Ss3FtXBWdjJd8swMneYsMQjJ5GGBGdFXWiquFi14NvoiiLlVp0bgW4urAuMWudlZhk8
h9GeiVyZtk9sViYurUNrx7kziDCnPYjgjLe96yYyKyqcmPpHtNV1KbvDVRVy4KJwljdZucW8N92dEv6d7QztdN3nXQEhPeeR9U5l
ghyTSViuZMcuUh5GwAzR2dAGYe9sFPpMtD6386XDy5ubmpHObgdDWJu0mVXAE7QsiFGgKIoPWsgRbl08eH57NNWbJThNpIpjn1Hm
R2R4o1wzMSKyo0uudEk9CfveGteTh1KAlhSeWMzukgu5JQ8XkLJcTufSx7p6kGC8IILqHxB1jPpapT0PK9G8540QVHv0Uu8A5Mqd
maj508mayaNnrKV6oV09VL0fXJ5NrtVK5gOs8QSVMz5jBXXIP5q2JZApZG1MDnetA0BXbAqnlX93iDPFnF8ALk8KsoUBDwfdsyNj
iV9YvJnETkm5kEypdIzRgO4onIzoR3XhlJn2iWv90wIRQn8aA9q1UQav3szHmsMN3PPjC6sROcqjArW8ioofF5glm0kDLj385Oya
MXKk4qidAVovGAAKvlRMh9UukGUUlRn46z6DQHdGT4f9R1QEBdigmsBUu3nEYuvzUk0JyXrfgtMVKo3SWTNz1dyd7iXbLQThm7Az

footer:
  note: "generated-by-ci"
  checksum: "f15e87d7f3d8bbd5"
