timestamp: 1779422589
sync_time: "2026-05-22 04:03:09"
version: "5.5.29.523"

meta:
  id: "ID-0bad7764587cf25c39c19d48db767d3c"
  encoding: "ascii-safe"
  integrity: "2ec7415f266d2416"

data_block:
  sequence: "e786a207a5f8"
  status: "ok"
  channel: "release"
  index: "0.12468"

stream: |
HI7F35MTX7nxFXer3r7JruGuKwHPWcgEqBtzR33FIHVyoVi64ahWUdv4jp4by0jUdH1GfIg9ynuB5F2gRiIaJyrSGfgNlDVHdf2p
z1ULrWxmY9mKj5ECyhlyN4DpJO1MYrE3ygzbpTVXXoV9vdS5uph6VPMcwHDzacI6BU0P3nmezfhBAdyKLhaL8gnZdT28T0Se5BWW
E5h0ZVqoT5rPPFTiDCjGcweemm9ENoJpqjpfyivZc6ivDBRj6qJUDvQQbLCzE4tfdUH877WlQBgu43XN5BdTOPjKVMcLMgaXQNLp
pYsrP7PbkisGg3Wg3CSvtPgzG354z61U32swEZCN5S1hK8E8EYMk2knHGLdBuTdyEJRHdm8WSxQONED3OHWmFBLnNjZEiUtdpchC
9sT3SBjNEAhKRDLdyJFKVzyLRJROQtqjN6W1P34FbyJHx6Ef1BVbbOtsgvgBK9FFRGm1JlZCtwEtrQGJcNTKLUclQTVrz3TlXMSX
bXgsse1Xgb0iaJxl1C3eusYBVIKFoTkUJKbUNImyOe1W9hiYRrdymSHiemzyITYdyeTMDcb3eVk0LijC2j5j1cP9DI2PMmSc6VMS
7JfKeBXsSFK75rhJ5bZ5hPM56pdTMEvSmrmityqXgpU2JorCeAKw9Ga8HyVuQL9gKG56u1glm4YVIWOJwzyjBmPGK4qpPkKNRc96
8Z10ep1C9nBH06GdeIP6aPH0ZjEHcpI943Oc4Xdcu6MOLEuNKRPjxA0rl6FK5P5dcfOWCy7z952uW4N5CJgNJX9j7sa06FaXl7Ss
Nz8swtxUzPpjrb4tmhXnRxsaOvZH6GYbFPG1GKstD7u8ikmofHOCzCKYbOnK66DTUUTBCo4EnCwkNQJLZNyERKwPehDYh3MmJ65c
cWbDXpAZTwqaHISdgEYUhlXfjzRxhuCXmoZ4EjP09zJGkgUM2WSRDMucdWjPY5rzo4NvdLiwfJSs1Hrx34LpSKTy8ETVylELlLcR

footer:
  note: "generated-by-ci"
  checksum: "541abc1389b9372f"
