timestamp: 1779762246
sync_time: "2026-05-26 02:24:06"
version: "5.5.34.523"

meta:
  id: "ID-5973ae7be967d85736a0f3f27ef1b0c8"
  encoding: "ascii-safe"
  integrity: "0f73802d93c58705"

data_block:
  sequence: "74037843addd"
  status: "ok"
  channel: "release"
  index: "0.16213"

stream: |
zXXJWcW1qvf0y6oihs2xaIyAa8CKzXDi20aeDuAKZH5QpklYRXIrUTmFr1C6snkutAE8OH5pVJIaLUSKDeJAw81QxeJRQgahvMXY
erKErSMefHaJRX9Kkx7a4V867fs6LwKIcqlzG7H6N9686EXdfZrfWPQTS3JiuLJvGt1EJEYuCRqZyIXtBL7CxDKizrlsJmkMaVu3
4B8rz5ZiUsafNqEl3zSMF5ZEq63Nt89Rm0gpsKmdC1J8dVUOilZ4TgL1bI0WE0SfH3m2FAVPIR80HMiyG1VQK3gjzLc0eMcNE4Al
t64D1698UuDJ8Q7gZKNQvJtQxtfzqGIPEfQFtXgdnkEHRyKkkvl7zb8VQ8Vv99hg3wjNkheC2AhbLk42UfTM7wMtHbcqQ0TM2J85
XkfwxflTnDuGI90k1phU8PJQc6IZhp0J4C1NYDoCCEwl2ug3k3Hvopoye5m7d0JXHFX3X0cXiViIrmh3hNy2nmKc5LItGXHtHwlq
HTJuZOAmqqICPbb7C2EhedKr0wFLcnk8KltYyw4MZJSHuFVxODaDtPWk6rXGAwgHcZjOWyu6j1KSWSJ1XdZmK8qRZQlJFaRACpRs
hadegYk5BhY7G3wqaxYB5ohDFDfoJ9kcl079VF4yVpghyh9TBps5B8cFPvBRAdAgfwWEXNNkgqUM5LNKehmSLEhkMGKUBnW0oUel
qz606JnF5a4Nr3MscF4yK9ndRTFdzzg5AHs3znPfIeyX7WbyFKcE64EI8JZ40Xw41HJJEaedHguROXGpqAyUHInEXIvn0fBjgoIq
D99mjCZe1X554M1JxHaMaeviYDgn8u8uNxBAAY7wiJsqQcLD9AZFNOn79fd2HuuJhpmmwVRfJEqpzU30Ib0haCqQpZ3RbmbylHsY
yteveaw29lhwyivYibwKJHDBqb5VelVh4vmbkxRFvKHPetKOkoZGhiGk2XdlQyvghBduHrgDXgXaYsEp7kJkQLz33WwN7inbrjJC

footer:
  note: "generated-by-ci"
  checksum: "b7a6236da67d2ddf"
