timestamp: 1779246464
sync_time: "2026-05-20 03:07:44"
version: "5.5.25.523"

meta:
  id: "ID-d33f59e6a0f2a5c24d4f87a4b3f31522"
  encoding: "ascii-safe"
  integrity: "a816ca499d4b49a1"

data_block:
  sequence: "a02ecaf9658e"
  status: "ok"
  channel: "release"
  index: "0.24316"

stream: |
uatfXIVpuI7BNEKG0NAsTUGkL5gicth6YhhRSrA6xVzwaYMJGRitJCILIjQISbdaaBKNvilMIs561JOCXZvbVaruJcuPe7pWpxTD
lJMzVj4L74wqhTcJWwjxjuPVE5PKMYo0SVAqUoF6wFtH99SQ7377sLtuJneceWSaS3ICUhRfkygRpKjBCszLsWcOb6dbDpn5oldI
xilh4lqSN1PJobdUzq3Xbh5Q264GdP0JCCMPGJsHuIifkad3SqSjq0t2Zi0QFVTIQ9t9qBHHiunrVmWN47JXTupIBnNNQd9UTesW
jfZlV3C9tiZkKDzClOHzdnPMz476Byozq3BhdIA1omEqNsD3dalC94yNj68HpWg1ao3AwaN0Q6XyWR9OOSTvRGmMia7NFgNMbQjP
nf85ymcppjTi74wBd6n69J82f5bGOM6dXGoTe0LRphwWRNsOXd0BonKRLciGDGK279x3iubxYQB7otNaGwqM7qaV3FMMJOtJfYxs
GncWXUXAfHksx2QPp0AI2HuLAKCC0Ypcqby9c1i1Ufkkddn7mne9BLzyK95nb1OZVi6FaxGqVuUDF20YQe3r7cYes8ySEEnyIqW4
nRi69kY0HcnU28MCDwbCOtURnLQ7WZUcpj94qzDbGTeFUVmdZGKfZ9DQvux0I7HujsKHZn6JmNmUpm2Y5DI27G5JlsPBjlzKezPj
fpxjJcKJCr85UCjB6gMfRP5B2vy88Q15C2HMis5t9mN5WmzJRHIb26ROdtKrMGJ15b5h6D434mv9guEL08nOUa8PSqBIsxv2StdR
1yNE8qM2B6Go6VnJXhb7GxN4iR8hxCbgrftpLB197NoHSjfUGnifBEU2HNVYv2pk1TiKiXp42Qi9N8D6j0Ebv8UU6QUozDxoE5Z4
LuMq9RKeHfRM2zDBaAEOhrP7P8GfMvNScFIZ9IepOgyTqrHnOszV1GzUT39kfcZjIpzqUssb3IEXTumz03Mophjdp6tuo8t595xJ

footer:
  note: "generated-by-ci"
  checksum: "d148394653bd37f7"
