timestamp: 1779816930
sync_time: "2026-05-26 17:35:30"
version: "5.5.34.523"

meta:
  id: "ID-2a99a15667564937c39ba9c5235aef3c"
  encoding: "ascii-safe"
  integrity: "902f3854cb7f0d37"

data_block:
  sequence: "8f0503bb878a"
  status: "ok"
  channel: "release"
  index: "0.2185"

stream: |
9Nxoa0ekJUQVFZfwRZ9gHwRbbqB4bM8mPwA3hId2qE8U0gw8DgRtDTlvwG3lZQLOGggCNIFegv1Ymh3Gc6ZVf7bPVEjfxuFK4Knr
mmR1acFCAou5H8lUFskSC2xXtl6OJ049RtBAiEM4u0Pi4s818MZ7RDIKpP1OMtAvA6yFMIEcc2hSw3F3b6q42bryUsRRunexHVXu
ftfinLqIg3NPaCXYJzKEj5pDQQdnMdHsMGtdd1pLvFxIWDxheGTLklk1USngCqLuhyHXDFIQ824yhsZ19OjId7TJxpztXgOAzSYw
Tk4UecPXhTlr3AIZDxN4oZE1r9PiFUDP3Ytr2ciykM1oCy4KhdZUtM34DThdf3oTKv0bX0wJr6hTPxFUV6U8k0ZQZQNgYjvAj2sA
hAY9IN6UURFfDXiLfN8iu8bUSZzG9UW8EwjU0htxQnraGCrnZR8HWshtt7KIEV7O0DPaOuNexjg2FrMC1I4PmutSMQcmfbLrNL7r
vPjEWdkPTCukI8fuePbu7CjNnoWUifs8I7ELqOe8QgkkL8UrRk2D7GzMoixXDOujeq7XO6tVucFNpOcLArZfScJwAPD39egOR6u7
0RO8OwR0rXrnpqb0pVYZWSDYlma9GWc3pYipiPJNJRaHQLCTIQVsnnRGp8Y6DLfEGM2ODzJ0JTHk5U5MtDAoO6srpXyjvKDRPXRv
GIFFzHMHkbkT8XN2lzTz06PbcECvKREHMyPtJ0D3CdZfF5c5bKX9BC3Gva5MQnXByOSg70ZXxf9vj64DL8u3ta3pxKqmw8mlhsj0
ciumxl76KntJcvQvnPlApSw0OBlNsXRMIP7rBvzQs8VmkEgmngo6pe1cNKjCJXzA2C6ohd4QbCTfDZNpD2VG5Ifgqy9MIUaDWt8I
4VGsd6MaMEQIUyxIYGE4UHVzuvBfgUsrwPo9lXEKeFKYD8WvIa515rncH8khgka101C7847rdwVngADoHTf9fvJPnsUwxpqzdP7H

footer:
  note: "generated-by-ci"
  checksum: "41649f61c255ff1e"
