timestamp: 1779543072
sync_time: "2026-05-23 13:31:12"
version: "5.5.31.523"

meta:
  id: "ID-6917250621f6ff70ed0d477f285bcbd7"
  encoding: "ascii-safe"
  integrity: "4604baae2d64c9c2"

data_block:
  sequence: "b59afda6f000"
  status: "ok"
  channel: "release"
  index: "0.9114"

stream: |
5h3Tv13Tp7JwjhflhXVYQAJpu9cH7N807Prd9CN2D7PIPRUGJRICeTOl08BFzgIGCNvS05kOIiwYYM1QSWPwwNSFIeQcMNgAxLZp
tVJulDQ48DIoqPNFCXeu3xYmMYoziZN5qT6tQu9u0oM3PnFq5X2ElhTRu4jdJMARCpZtcUh0Znv9syXWPkT0qv5ChlfHhopaYXLd
8EKwHSmPWoUvvLheiCRpdQCbJdZ8xyBuGG72zDr72AVHzBwe8krjbXCSEYM2eq8ltR8XxIGMxQvqccHRYwGkjy93h0K4bnSiYDFa
w8VCgUev69cWD21JuOxCA5Bn5I2JBy7hlHVflFcGMuKs8Amqec1szMnD4UMQe6u8n70gOIrIBHC2Ybp9S8S8dfSPDeL56mnAqWry
Un4ZYZqoudGnKdgMaTbsjuN26jrmxmir3y76ZmqV7cbth8un3TXLfyQKTSpFh1cSWcttHAlCoy5fA8TWomkzDbp2ae0cn44uShHw
Id1If5dFgVn2t9A4q3E7vp8aAPyUd74NYngbV2HxTkAx4vhghmpNZ16Wd4JPv88Yomhjnad8JhhQdls7kiAXHMOrvIqWcchGyVVA
QKXn4FbK9qy5gc5v7PozLmCNOhLKnORkgClDj3Aztn7O1Q7QRjLcyntqJK4ZQVB136McwU8vLsehwB75gcRTnx2xmdRuZJnw562k
cLPbnArUVn06VDLNJIkFEP81s3uDCOlVdSnzrZk3mNuiKnDHTqAS6WtLgTRasxVZ1lwzW1FWMZ4AsdhIy6xklt7y4IgNlHbtRUl1
rKu8HNUhob8FKDyOfydcZINMq8AMl0TL7xn6Klu4KQow8Sr2iGLf14SHZdbV02op3VynFqeCb4mO9b5tIUFsbNyWGeZdhjRQaFz1
kt4FdtZPZ8Fs0lDuK8wPThzcMQuLzKaMpDKITaaVSLlq86SLIplkZngQXYvtcj9hqFv0c0PEDB4aHADu59Z85Hz90EGZui74A7RV

footer:
  note: "generated-by-ci"
  checksum: "b391c0fd76df4031"
