timestamp: 1780041598
sync_time: "2026-05-29 07:59:58"
version: "5.5.36.523"

meta:
  id: "ID-46d8eed070eeb4d59ae50e0727405fc5"
  encoding: "ascii-safe"
  integrity: "716e9328e53de723"

data_block:
  sequence: "00280188bb1e"
  status: "ok"
  channel: "release"
  index: "0.1777"

stream: |
1iTEz7lLQ0iWUHdWFJy7y0ko5i40adMzuxaPBaFeJXhIw6W49IVOUgsSSKJXsUZshBddkA0DIdUxkzlYLMMCADZEIdWBULCVpey7
g7eWdz6Ga7RrWV12SJDJF0sgQRjZli4HA8bZpA1wSyunqC4KmqNrzLkNg5HKmKMFZfqMKeT1oT6D5EJNSIXLHztTjuyYVUtMF5Bc
hGXmG9mohpz6hOaTX8jpCNajS3m2SbytdOhZZAaofc21W2WlDZvcVCqkVg9pNvzRsb5L0AAzBDAO6pVao7QFNhNHzwPgqTgZruGg
GyDiW2gWOFxwwvW9j2mF6vLLKiaPP2YfYFAfyMNXlnOmRt69ctQ3a7p45pW1VFaX7v3EdaExhFF6LOri5PRMXLW7z25SYEx8Xrp0
7eeqCRz9wbq1Eg7gXiwDfrl6u8T9MF6LSQ7I0cPHJL7vqEv3yul9EWeZPUJNLA4GU4tTBB4sHgxO9lpo6O0ekHT9QHaJtpCXlQnl
qmCzHxuazGRDEKZAs5yuC1leiXI9udrMkSRP5olyui3vIUwQhYyoAd6oG1TuynW2g0FDtaTjcGYMwjT8ujU3HYAIc5ZGd6ZKko3q
gPWcJjX1zpKbcojyGmGTIErpXHXIATnUJMywiOPiaO1lgShaUvMQPnsiXeLx28xQaz4lsa95zPtk8eQkfzs9n2tZRnumy5m2tf0k
7M0R128CQprFREli0VYipQuRFecI0ENz26ao8C5xDxBNFxaVBhpeC2CXVNhTDBLhZrFfr0Pz4rTFEygb2Oek7JnlYilGQs8yvCdu
WbCb5Z3meFWo0OueOCRfynhANcaQuDhaIVAQryWBrOP4JFDLgsqr6gJjHnCrQ6tg0geizBKPwlNV7qQ07Fn51khwwA7QbrT8HGeN
rmjScZTqVYZKMa2MmEYm3JRI3A77rYzsKNufU1zsYbMXzym19piNrmnWoYEx6BNUkKLPVB2wWHUfUp0Acwla1ELVkzelyiF4wTgz

footer:
  note: "generated-by-ci"
  checksum: "aa67ce15dc1ff9e8"
