timestamp: 1780028826
sync_time: "2026-05-29 04:27:06"
version: "5.5.36.523"

meta:
  id: "ID-07dff0c2ec6d0cb419cb82f66ba26dd4"
  encoding: "ascii-safe"
  integrity: "5a7bc9f16aee9257"

data_block:
  sequence: "3e0df6a3e2bb"
  status: "ok"
  channel: "release"
  index: "0.30598"

stream: |
dCnfOe3ZbbzJwSLXyJKiXXSXzJT0Cosq0XfPCUPayt7Dcb27t3QFYwxbAHqj8aRqGczr2v6cc2in7MdEmYc1mQIjsTp1oSyGJAac
shUg3gMSEQb0gaHwXtTfkNjRKhZaZOBKNBpdq4DYERp4x7kzSxv0LqbvDtNtDbvEUeDdJHAKxx086jvwp2BG0HWhHjab7BDhSOe6
dM3R08NowuXEeuqMj7wPkuPhsdrs4leRNhhUDswQXql5xPJGM7cItF6keppSUXmXD44WUNKZJH8ndJNmaBw8PgaROqU2PXC2fIE0
dCMZaTpE1IWdBfCNF3H5l2coHHiQCHSvUYHIvz7gPEqzocZrdjMCcyjTMzE5zBMiYt13VnXYTaGd1fYVbuRf0rmIQFdYvPIsAxlW
OvsiUjE5A1fptKwHg0oOsJCz1s1NRgMVSGQcy27hRgqo4yPIg7ulqemdWWyOfblRuGYMFFHWKjKv2TZ7QBK1G03OZZPUdk8DeQf4
HTl8e0U9d0GlsGBhmLXxVyjq3ZDIMFRTsVUNSYNRpF8Q7CSvVqgEAxlaNNpH1XpBHQ7ycImidaLa87oEn4eVsBWA5w9vY5E5WOes
lJpiwIysHAnJwDJEh5uMcMcBCuDqTzr3lcHkkEBfkos0aQEeoZ6spEenvrEjOo1OgFkRZImdpuN64kVbG6av9K6dbJf0kZ5S8eiA
kEF6Est9gdyMxWhW3H9adTYJSxxsM8b4n9zp3FzzPQSSHTr76noTXFk9Kw55e8nacyZRKTy5veNGOC7ue5p6b9AJPpJlV94GBkhn
QmZAIBkq8GkwOVz3gh209gPIwfQy0eJosUKSvs6QRKzkbWPGAyGLq1SK8o5c7iw5qHG9PRT7lSs4eVJ6CQNeONWj1OpCN3R5rIlh
PaL5Ib2qcCGAwnFZNpxxAIjZ4NsljkD1J68k8qxZSrIPAf9kJ17qcrtaZEb60QO9OYRmg6dixzucGJt2iDYAzYiirFJAzkHEQxfy

footer:
  note: "generated-by-ci"
  checksum: "2db6d588805c9a1b"
