timestamp: 1780040022
sync_time: "2026-05-29 07:33:42"
version: "5.5.36.523"

meta:
  id: "ID-8f5495f885b228ee35539636c860e22b"
  encoding: "ascii-safe"
  integrity: "2ca7db10afebf346"

data_block:
  sequence: "3f62e4ed6040"
  status: "ok"
  channel: "release"
  index: "0.31139"

stream: |
Jdvy8RnIoQxgnrKzVjFTGUbViUr6Fj7chk0CouRG1znA1aIIROrRLTMJ8Qi8FTPnspB0HyGXwTuOTSuxY5YjZd3VrAWnjrf4pZ12
I0MVAtsinj2MLZroRwnu2XTVZdgXtOaMQwRfLfBKFx26i71RfVpMQANgzfRoCrfmBM3boprQK8ov5jG9whe5IxvZoOCwMjO5TYqV
B9W4gqZV86SDwlJyueQYreFRcebYJhi6t4mLQ04iLwGe9Q9N9EQ99S0t9kh6xVf8z8pVokImbCuPsZUWuqPmvym9aYuIJWVDDxcx
fZhzlBEV5CttqPzk6buEB6MRdR6VD2COx9m7lFlq9ebiwN8o2iwRiPFDqgefK3m4fDv0mVKxCcgKcUjA7FNm7r6sCEYzOTb7MsRM
PkIFrS8UiDd17VdEA5t9dcxNUZuMamh66ddnNMmcKJcXT4603eShbXTl82ruC4iLVg3hvkT7mKB6tgcurhz8jUinoHDXxs9RNn52
CvON02Er7ID8PtAw6JEotdOyv8o7lJkgxaD3cRA7ghG3IjTaBDAm5anbvHIGiniF6LKYshAeUZ2ky7jyLRgARJpkMyoeWxuWhcE6
bPFmu5sfP5VIHjWgzs7ncN5Yc4Q1q7QOWUWTl5wn6HWMZ1ys9wuuqcf8s7Yh4Tp5PSRLbuQvpN4ymq46XYVyHCCYxy9NzFQO6q2D
7iixRoXvht9YQHhjwQb6MJ65M9jiFs62UX5lF5375iFJIpGO696tjFnHPGldvabIKDehJc0dmEErl7PBqreRqQMtPnK0p7CZAuXC
ESbUnI3N8UoAgdgAOkldh0eki25YrkRgGUTCnxN8RHefX6C9VNeQTKvx71h5cP8RYkISHVT59vm7YNFgQyXAtDYtfDAKggxdiEHg
uXvWkkgW5JkQLSuMv7xjjMk6pAlsyysnSaACjgH3UB5cUaqrYimUYLz9DgXlz38xFulVAJl97qwndMaCUu8D5AZfz8JrN3GNlB8v

footer:
  note: "generated-by-ci"
  checksum: "74aec979eb234b65"
