timestamp: 1780197507
sync_time: "2026-05-31 03:18:27"
version: "5.5.36.523"

meta:
  id: "ID-13491b8dc903987880c91e06e66fd886"
  encoding: "ascii-safe"
  integrity: "25bb1dd18ae944a3"

data_block:
  sequence: "ff04c2be9104"
  status: "ok"
  channel: "release"
  index: "0.7465"

stream: |
Zeo7PylULOIQ7294X45Ty2Du3Ea9nxvXmLmeq58Bm6HNG9PCxX3OCTzZLzkuiR3gCQ0ExiOsqRzbp3zFZUJ8IbC2bWzWic0GCmUq
DMLU0aRk5Kvoy2KliHGbUaOzwl1lSI32oV0uhdRDe2nc6bIMiXEYuzbGaAtrv3fNdIMKXeYPys3ImnWVN4vKYl97SipT3BE1TwKW
iGCbCI7bd4gkdNUYoBaCBpzTc41LzQBl0obL3uCB2vQvvy1AEsr8ExkJAE7MucmrodZc4pwD3M7w7Eh9RbVbX3jG0iKMDYh2JjaH
4qANCPk02kFYUANZTpXx6pEYvpykpx0bb6dHhjGFgFx2m6b43lgL5u4qQ6TZdq3Gdwf1gmNnIp03mg7D9a43mdz8yWqyNDjBWZC4
jL8arftaF4aXGFLGXH5q7JINqTu3GCI22WhmFpAUosrDT16140S7wY1Ie2mXJyqcoVEVgqyd1oF7XVvV5FHGOcoFd8ri8udHivBd
4vryxhRcjS72rnFwpb0Q8iUvHL1tgHDn7BLsm2SWPfHM1u7ICNQJsgJEmMDfgXoCBL1jNWFvP0CHqBNuOPSKsyuIRMqfoeJEVPkN
gnxYc878o2KWMlRq6W4nWX9b18slsMLcek8eDqHnqZcfMaRsIwjqb8eXpDbOF357CczT4moe4BNjzHFrdc29v72DVoz6ai19ZOQk
ogbxWWM5RkQObJzLlTLtutVpjFQb92R8c6w2VsC0P7nO0BeOTPHeDXW8EVi9KEPThtBXjNoIx7lMIeoJV5DtkDbEMMgsP2bP21Ug
h7L4SWjog0P33ibum4Pz9hOMkSWQWY1NG1rMpBLvfAnbA72zT5D6eUNP8YVb9SuuO58WlG5IUKFaqkj6YmMhQmLs7viiXBywm28N
u59NzrCeZEFatI14hCZs33Nwj9QmVT3f9yNQg76ji6hRKrRDeREg3Hcz131LJ4iTxxWjtz5L6F1j4XW0VQMway8neVf1oL6MUxIK

footer:
  note: "generated-by-ci"
  checksum: "12bc98e65c4648e5"
