timestamp: 1780199725
sync_time: "2026-05-31 03:55:25"
version: "5.5.36.523"

meta:
  id: "ID-b219ec645772cfe3e5339f001827065d"
  encoding: "ascii-safe"
  integrity: "207fe06a362f5331"

data_block:
  sequence: "edfcd95e81c6"
  status: "ok"
  channel: "release"
  index: "0.32502"

stream: |
jJoHveLbFrofoFOxmnpdzOCFpSZX1ktx0DYupAYHyvrbO0sk5aZYu4S0akOjvEpoBi3mYuEZcrkxvDo12DPPiS736IP4qbBKGgX0
mR1TKYJRG5hdr0Lj2KmpvHnyDJKRcvMuXbAcLiE67iWZooOb1Dm2XGkc6l0iYSss2JdKZ90kqF5h4RU0mDJDKlmbA0Yg0DBHh7Kp
MrvcbkI1RFmBNBheOlc3yscIGvUFqbRpw2yK2ZUBJQYs7YEo5SwXgVjCKY2pEaDKIOA7yfhCIhdHuDrMP0IuvCe1Ciok4uNmrcjL
krL2duj9rbOGfCWTzJT40Fjzx4JsQakkmxSHruqwGhedAkWiLga2ETvy0Kp9TkHG9wFHq4zhcwzMzmN1vd2WOnSJYtxha9tyk158
1eaXxkvQsTWHHbQr46S6O0W1QeBiB2Q4ES0SyXbRR7qclet7MKFH18m0wrI9qq5WX3IvmckLOBCFfjJ7U3hyiEaj80iGeZI7B49f
sfN8FXlEAHedGXomswC7FOVgHM9fjxqcSRbTizmumJlkWrv7ox3C6YzVoBeKQRIq5qkbFpIR8OtLvPmUBmP26FgsgJ7zCJLekzZE
E4NvAHbNDFPLo4tzeRxxrwOms8eZW9274FmuofRnkYbq0E1ngk2nff46P4yPgElmj7Gs2a5ULBea8xqSFyaZiPNs6BopRCIIh3Hl
S7IDagthp6BJ8IyWzhHNU2yVMSqeIH9TroTS2WkxH7YRnyLNZFtK85K4XyuN6VSAwN2B2M6zGe6buspyAx3cq13RXwrO6BGgS39c
Qg6yYbOMl2Qj7t6OOYJsQhvz3Us058E6Md2gCUlOHl4SYptO7TftvxlvZXGHqiHUakbwfjhvxArxOpA3cYjSA7HRiQ33YFNV6YSg
XZGaVbMHuiqZrv0HDUhcFO0NW3OTYvlezPc2M7JuTZHn4C2As6rjAfMpOhQTLWWHSpprsCRDAhY1sAK5MtzNwKLBF6og4yTRMbuP

footer:
  note: "generated-by-ci"
  checksum: "c6b4f27af0fe8e3b"
