timestamp: 1780057167
sync_time: "2026-05-29 12:19:27"
version: "5.5.36.523"

meta:
  id: "ID-471d810387c1e5cf66fed46203b1538e"
  encoding: "ascii-safe"
  integrity: "5035c3cf3dff1ca7"

data_block:
  sequence: "613cb1eea961"
  status: "ok"
  channel: "release"
  index: "0.4047"

stream: |
Ha5m6VrW2rNdRp5UTuNpqGv05Iax9PGoPDowYNDPQC4JYu3D1AkCSmnbGldZyGo5r4qWYrrykB0SdBBgVARFqQTpSeKtCUwdYG1k
XzoXSHqz2xWBo3F6s3CAgeG4TwKmusXjyBNIAv0klMM24zfVgGIr9EtmoBkJQbL3iSW5wKCwU49ycVfj8jNgENIGVWQQKAeH59Vg
qBtKO6Upkn1Ti8jJs4EbrArLEp8opRvbpXJ2cV321szzXarwg4VLbYpzW8jUhoGkdaq4lEIjTO2ssGEgYWZWxLhy4VXg8qQYlZAR
XZsrit7Y8VCkgpPjrBRqpPWEtID2b7rksq63k4CpBIdOSJNSPf2i7ctZbjtICuuz7pLKrYebMnmvRsb0PktRB5kaCumIZ01zRMcP
r8KUBEI1gJ3fqpkWgoLeDppGiBYItkaIDMCoZ23D3vpWTEbRIOB7K51uKBDgtgQe3hAM2IlRyYKuswqPRL1GPGoJvMO0jtqyZDUY
9k59W4QsxtPvBuXVyzP4GEbr0Ge1AQ9TMa06JUmRrVZJfh1TsNeDJJsxTvwN3cKkhz3K8ApsV9XmopkleyFP6oJnPKaaXW0HktBc
056lvmkD0wMaVkGid2uWWTaIdctOXDVFTCs1zG6w5mChb3jnsKsbweQ8yh0IwxCjl5T9IYQFYqdFQGi9pm2SXOfD60P44egO3vcC
5vVyGEBAQWijdRcpv0iJkd0sshxDdX40jwh9WolVo5qJakBDpEG1Cv7WpqfwtddMZTojZXElF3X89lMVPnDcGCpwla1y1sBvlp7r
YrhTlrwMK7OaldkocufzF5B1qbxVL09rdVEtihUyTdN7Di4e8SkZGk6eyMCzLBQTdGQu9a1DDpyqLcYhrA6ahJlecZDgtWG64dBT
u7aCp2a3zhFx0paTWEzrOS2Ze6amdhwxDcjmNse9ZwUXFEVFCxUZ2h2ex1iVWMAXCPwnaRb4j5FJIC9rieQfzCA8ovimXACXoo3l

footer:
  note: "generated-by-ci"
  checksum: "d779d2e5a29480ff"
