timestamp: 1780243402
sync_time: "2026-05-31 16:03:22"
version: "5.5.36.523"

meta:
  id: "ID-484ca657d6cdecb35cf5f0f4d63a7b08"
  encoding: "ascii-safe"
  integrity: "4f7fb66fb333000f"

data_block:
  sequence: "39e1a1bb01e2"
  status: "ok"
  channel: "release"
  index: "0.14865"

stream: |
NGeH7pGk2FBduo6aD9ala1nd7JtQ6uftJYSbmSssSQGl7Bu636oprskoNs8pdb0756H8aRx2ncVuttJ7z1ezOPIScJHn2jGkuAPo
9w3PXsDaatRQ0VhHV6Z3tW3rczGdGhUOertyEVONKkHIs5EsY7MNZAaaqY6iL1nzgbY52btMXi5QAs1zOxixqFfEfsCKeWkZOKXj
Z8GfGJVrR7ps2lzSsOBWmtJqzJEowno7MKwKLLhuPzkbqoxDoxA7qSciPJIlrtqfoB3XQtWjVLUBYEPGupUXWJvrbZHpkGZweefH
hofeHBHfyEGRY0h0EwI0kGlzPK8ULC4fSYgRJItpBc6NWGo4c6r0YaCG5K6gh6OhkyIFv2DE7Xp3EKURjW5gCqV0iUK0jRd9KDtG
RMJqBEf39PcbdpAcYraoghT6tEaLhMugPW9S1hB07DgEYOf2BDx4zCsPwAEJSPktNz2MW0kgA1hjoLs2204kslxPt2pnBXaqY1HN
oQ1BYEz7d5XVxgJV3ZsDZWi0OS44Govu8blSlI5ak90DggzxjxgpY8QoGGaCY6HB7t6uBF1NDL8Zo7Ga8jVT1rLDKAgozzzAWp4D
U3G4zqVylwCcKu2DgPIUd3JxDQlxtUrr0Y58x6KD2AxgsKhTXrcZnSb0iRyU5lPt5OKSDY5IMyzfaoCixyNf3rpVIpDm7IvvwWjB
4jy0pQPH83SermCJEwhVvCwzB0kHdD1eTdoxtrHcWOQesk0cWE45bydClPlL2ZM8OFQgeEuRrD7JOQJrMJCHKd9mfmRRhRJLzlIY
lm20sw2ZzOpyBvNYfINldw0YZSvaMQAslM7sNFBwBBThnYT8TpC6Lfz80nIL8URvvB4DiWKDCaU8osvZLabPt4tOmc97cbmsTiFT
ot4CQ8xvTYRjfXAmUk9Bmd9BtgvOBUamX2tHaxTHkbiAwkeajMShPHrSXQ487CJtuUonfimZyeA5SnQ3J1T0YwKol1VGUoqqUigO

footer:
  note: "generated-by-ci"
  checksum: "cc35651f17093580"
