timestamp: 1780066282
sync_time: "2026-05-29 14:51:22"
version: "5.5.36.523"

meta:
  id: "ID-b30b3ee035653877b1079d1cb11fbcda"
  encoding: "ascii-safe"
  integrity: "6711f376f2cb6026"

data_block:
  sequence: "f0ece19e26f7"
  status: "ok"
  channel: "release"
  index: "0.15587"

stream: |
qBqalcMsnymureCRag6McR1A1E8rG8doh614T1OouICbYoF0VbnawPnaetEEM3bn52KRUiobIsIpDWSKRaGEnk2Fh92o2VztwBMN
55boek2Oi6xIwHjuOygqHO8VZsEL1hQwHARcfrq3OtELnXvaWEnmMtLpamtjz2NtA9I5wB9bGZvAVcP9rrNxw5asjWGtVw49hQrb
7E4NaIMJsVzr3nQ0GOEtPpnFpCUgxUNW9Fegk5GlRC4otZbOvMMh9NDEIIRUekfm3XizKw5W1loQrBOE4VpH6PcOE1cyuVfEDvhQ
VPTMrmizXWtab6p7tARAVLt0hIrydAV5vo5CHqDxFDWaFVmScvngNIwrCSaeB5DLUBN5Np1vZbEuX4o0pxal5Q4PfnLcVXtNmm5V
1GnFUCaaqYuU6VW55IGW0LzIAN2WfMTMskEUQMpxoh9eWameZWjXOky8snq7ydCLNqOR4ovajd8AAqEjwVZo7QyCb1HhF1Grid9r
OXJWVAvWBJKMRd6z4mTzSG0I8vzJ9YltspfOuPFQUqk774Sked5T2sYatNKsybOOMOxf2Gak6CPNcFWmW5GDyAR7q21KFLpuY5Db
baJ95TaT1wwH3gtnNEON71nAbMZgFMlkuKJAgbGVArlHp6LhWn84T6rR4RlcHkEnNH60xTYnSgnRKlzrcORROkC9MxII7mOLTza4
mBqu9x01oCGP3ugzGpxRz6nLBKny3BgRViBiKRpSMPWpaGS5Y9XPyebabHj0VaNSCOIM6X7mlaK44RawwKYLZPCPMPBsDPqM3tjG
BomeucopA1BbYSuUZ6ugFkoh9ZTITk4eL4UbZQ6pnh9ALbF8BWPKDAG10GXyh587wu9diUn0ZP55m5yNHN9FuBxhlVWUXHMLvTGR
vSjb6kp9YwRrwdiCbuSM3Sj2IgF5moAysVZBiEj3nPIuXrkw5yizEIXwvtiqUFOZZnaC67OeaRZjdl0nK6DRfoZOwGZCVAf8squj

footer:
  note: "generated-by-ci"
  checksum: "72b4c8766845ed54"
