timestamp: 1780044672
sync_time: "2026-05-29 08:51:12"
version: "5.5.36.523"

meta:
  id: "ID-b0430687ba3524035a3875a99b15c82c"
  encoding: "ascii-safe"
  integrity: "edff7f16af767a8d"

data_block:
  sequence: "8c9ab3e3e9b5"
  status: "ok"
  channel: "release"
  index: "0.13074"

stream: |
L2evwrQeWQ1Z4Cee5kGEonQw6UphuJvTpC0IYgiJB9ZQyW7lott9lxHjtwVCGVEUL3zYQ5ycPA6gsjmxaUrNL3UUu3qdsDfFqxJM
lOyX82jTF9I04BgeKJCc163iaopxglyXDssTaymGi39gqe1n7BN0oWPCkrTHySAyCfnOpu5Voj2aAH2WfcLA47012MkivFkUOmA2
cu43YfZfQ5eSg68yosB9WyX0untU2hK5iRTlbvXvpzd8wVC2VbWkf008Ga24cfsVNlnjlaoVACudN7fyHmst6vU3kJjcir7D0rpi
9KB3IKY0nxj4FbLctq2AsToiGNQ35RPTcblnjkIn9I1W4LLJ3teQbKMZwMGNz5VtJ0hWfErp4GEvKHptJFaOc8uYJ1MsZWZgG9nQ
8jNmAyxBEp3tBBGi7kokTBA06uYyQi8HPiBqOz9sQTOYk4Ic1L7UyREnL6DXavIY1CP05GQgw4XRxHJC16xQhKU66FInGuvh7Q3Z
6PlKVdu2UXQCl3HhbWyB2pMUaigISHQmBEs6Pcj6q8UndHJKEmwfE6l2ziTqcPuanXBEFOjaLSEmj0q1O1q1ke45JwnUKZFH5goU
5kQNtdu8mBr0PlN80jZovS6CCttgMegvdz9VrQNLr2PINtg7SzUs80psRBSEeiwiltridHOE5bBiBRiug9Mr4wvYjP9DvL1bDIHQ
oY9t8oBUAYyHWyphosJu2MfgDZD9B34T3AKRxKEcUdC8hJFmb3JMwu36uytexqkedxofeZ2LXlG0SN97LHMALtFaogHe2q0q2vu8
tFKwKxV127NElDjBBbJ9Zj9qiOAYUz0f4kP9RuJ87YGun2aPupz0zCK5LlxmqFglyvjTvKQ1SafkvYZvnze5p0GqrdSKFsRDvuU8
Ep4zWf38luRyDK0FpoDrk7ZjCgX5GCtQhIBN0baOAiFtwIm94NOsB3oJkK1QJrjnVkW4ehzIM8Ct8VAz6xSaIsFUMWXF7N5Eodxq

footer:
  note: "generated-by-ci"
  checksum: "ecbcdcad7ae10ed9"
