timestamp: 1780026031
sync_time: "2026-05-29 03:40:31"
version: "5.5.36.523"

meta:
  id: "ID-6bb58c5d35c6bed3a6e78984a99325d4"
  encoding: "ascii-safe"
  integrity: "e5b8f2735d951a79"

data_block:
  sequence: "eb65f16601d2"
  status: "ok"
  channel: "release"
  index: "0.16396"

stream: |
rQhNXiB4gnfjkDr3wp26dyv867VLUDb1nclpDYMJCOynq9X0jiQbrbo7GBOv8ur8MOJsDZoOM6QvbbIZtN44Q9lTPF09ux6ozkPO
WVaF1kH7Uq3Y8YlTKNH09vooDGT1Aj57B5VPHMcEUKVvRJDv6xyVutjXyaLYkbCD9JtX04hQb8Shse1JtZGrWDF4uCDd3fx2NMBJ
Pq4xuQoULifpUYiDmDoTfV7AwHdN3mHNOcC6z5VPsJHivYntCXPcEkwslhOv1JefJNhKP6M2fnhmcQRV6gl7Ki4QRWPSiMDDelEd
B8LFvQE23P6tMGNF72Do3ODMKFWOtmyZzJhHl7GdwZqHus2KgAfXeC3JSOiCcWOEtS6b593wBH9653MW8s2Yv8fGiImj9E3urZCs
tLO69RBV04wbeG3Z7wupc1EsyThRH3QlzT824dqGvfWgvT3GD9hrA9TYw0yDC77ffYkaca73spvY3CqeLqnDDAoQXRcuJaaGCwUn
lFK61M6TjphHZFJyEkDnjLTsGQX2UujrV41X7An1p9LauFC9BfD40DOhPK2WvY7eoHqrv8NV2QJ3lvhvC3YyJhESFswgFX8AGTK6
na2RGdhLqxTjqlMcRD374rBW3gJ1LLpccX1aqfDU7eC2N2voqFeyqchODebHEwaXEanp2W0iEMSMVWxT9AO9nkWBhtncWFUCSNFR
i2oJaf4mPJZUElsVNZO92mrwKDdC9EFlL6kkZxqjrr9ImDsM90NuIFxuAjRKgRGbMYoUMJOwTqhUfwxKsLZSgYdYl2bBoZSmwYqT
hcxdWFBJH684XbMpE7Bl8G3gd3kNUVmTzlu0XKgtp9DZDrtsHWgYfrW4khMAapyWyl6oWpihfbogAdLtIwCmUzVxlirUGTBLZEAK
qPwrgOqib77NXcGcsjRmN3dhlAqL6fCjJPJ6Rp67C4sFBe2MPWef6sZrpQBJybvMJhVQjXmSFSCXorgVzm3VspXy63yISt0zvU5N

footer:
  note: "generated-by-ci"
  checksum: "7fe689aadcaa26f3"
