timestamp: 1780027389
sync_time: "2026-05-29 04:03:09"
version: "5.5.36.523"

meta:
  id: "ID-2d1e348ce0316b0d65f5d7999600465d"
  encoding: "ascii-safe"
  integrity: "3d40b6313a013a18"

data_block:
  sequence: "01728195d2b0"
  status: "ok"
  channel: "release"
  index: "0.12411"

stream: |
UKQmooTxmAz9o5HLtmVgnRmXynzvOPwsspMBEPv3kHcX8HpM928gZeGQFcVaYGjV7RA0P2lzYzQ62y4obivYZPfOP4zpaN8qy7fK
UD1tEb1nj7GA2dhVv1sNEIy1fGP6fg7Bebfg9sUZ6Qryh84ceGoikawAQa6JknATzCE5kXjk5JorRZoaP2PREZgHgXvp0pxemfO0
ws01mONkwbdxAUQi0kV8Lqkm42Cf6MSjPrkdJ1pvdpGsl7H42KGaj7FMwYYiZCVD8SNtcCE32RdZvrp7KiT48tqeRwzE4BeNXpWA
3xEfxTRYvWAD7lFGgXdaQWwNl0wBfSWg2qGjzyGUIB5inBDWydsaoJRYBmUB0deqTzmY7o8qvN1ojqwVrWC0nGj1ZiTZEchX9I7P
iDbpou2KSMMxNijHKppk2Za0e77eiXVEoVaSaEzv8WBHwiJNcs9PaMpObYLSdwriqog10buAzTgOuUu2boG5dZAzQmYBhmWSYiQT
Fd1U1gyztoY0WEwvgPqb1C2OFWhsNntr0VpQtUBQD9QpMsc9gCyxIBcQA1mqBFL2zLO8xoLjFXsKUgvFWqMPzrBCUGSOn1S6e2Yl
GyNT0ewUVPJX6Aex7ZToIL8d1IGwNe5ocR8vwe7hOg8aYCqmnT33nb6nyBBhdsyon4kqyCJqrG0HY9uAInoKHjxqeeeINPMYE8TT
2RBaKcfs2ASELgi8dKNOsqGli18Q3FDX96ebtmltzvD4MOtxtkTlqtAf62M0njlMu3OgIXQg8A1u0BCDB8Cu8OsRQ03l8IHSvRe1
f7sHQNxHP3PIS3bhD2dmszuRTDvVL94cEDQ4VEheJL9HqC76eBpyaz7ALAjzDz93PwyBU4Ja2MSLGFLs0YGi7wSrsogqzNX1hQ7M
PbyQWLNZpp4jqEb8WzSRDtleupusUhmSSTaER2JaXQmMmlSzGYIb8O5q04cB0pstSVeFxG2iSr71UKtB8HhOkDQ18TxRyYqCTHbb

footer:
  note: "generated-by-ci"
  checksum: "912ccdd2e382d502"
