timestamp: 1780054571
sync_time: "2026-05-29 11:36:11"
version: "5.5.36.523"

meta:
  id: "ID-f685317887ff0f3d462071f060d5322b"
  encoding: "ascii-safe"
  integrity: "14998368bb3b1c5e"

data_block:
  sequence: "46303645bac0"
  status: "ok"
  channel: "release"
  index: "0.15210"

stream: |
OJn5n05NeDedXuN1Mro6BgWYAmslyIrsZTlAtwQNfEPybfg65411DIMh8LNM2dDFhpbyOsABqga9exhlRbzyjMs0jO6sBhfDkcIY
TnTYKEB9yxVNkmC7arU1yVlGQwZICRRW6sqPu5jzCGFdzgdkVPjbax00tPGQtTwqJyb5JINEuGAHuXUBPGagaOogSjouskygHAFX
8GXdtQMHA1umGxjY1kZrYMqw55K9eyK91rvVfdc9tprT5QPhBN3Xmf4UNuL1cw98jiCcrh6A3UAMeY85ZbzSTvfNS6P6Pf5UKNk3
kEaShI2oSZ8p4oL9L4IcZPk0MCc2PMcZKxVwtcGLQZZKyPrCJVGvoCFx6Eyr7R4foUB1G0goJ6ySOD6uMCe755weNFMVTyok0Hmt
aqOBd6aqBfOd1LmzFO8k4diZ2LioxEh6DH3usSmw0OCJ1jyaRoODippf00StN2lHa19wiU6P4edHIu3jnl04t0UFiDbU72zGutV7
y0DaAkUDN7dnCJuzHQ0t4HcaxU99754WD5TykGfTN0RA6aJ81YHOyXlmrtMT83WFsVApSAOLoSjQCzK4FXxW4QDMEKbOZhD6QWpG
rSI2LkW5e58nIeIjxr7vfB4BNXwZ5TbbZJQzlyX8aOMzGoIZn1FDe3fPRE3yAZCIKl53lsyOPIRseseKrxA7v0kW0lGoGbCjWpRd
XwEw1IA2cuJU6UulabAUrOzQB6SBB47M3EZVhDnTRXHU2gsLVt6Ezt0ZngkAUE5mZyfKFUNFlDpO5vlB9kR9C8gq6gXMJ6URo7WH
LFR192URRD1n89nnGIJG30rRhkPOXPaOEzqwEWBYI309MEQ18fR9ISKxqkFHAASMwpTV0QfB5gDTfA9H6KVudC7tkwyCgxG1Czn6
eMLUdZYwK28ggrOETL8rXbRS98eWinSIH7FDHiIWhFPhyG9nzA7W0tDeQSxG8c9otyOKj9MTT1A306wf5zwsuLSw4fS3mqoFCGcY

footer:
  note: "generated-by-ci"
  checksum: "ec450101b0408e05"
