timestamp: 1780022494
sync_time: "2026-05-29 02:41:34"
version: "5.5.36.523"

meta:
  id: "ID-8ab79922614e741e0c38eeaac9dbd8a9"
  encoding: "ascii-safe"
  integrity: "6918a0c4e15fc999"

data_block:
  sequence: "0f172b6d0ff5"
  status: "ok"
  channel: "release"
  index: "0.27435"

stream: |
Jsvq9Ni4R7U3cQBVsUUPEZsR80RlY2YF11ZSxdajBt0sJFunpO0u6G0O4KTWIlcZfJWg58c8xB6Gpc2gfQ6b3RyIT3b2eFjmV759
ZK2C1JSw7HLUNChcX7UaFN6LUzvxxpNhHxDQHeEcGVjzdYYduNlYvAu2KkruAsd9JRQCMo08GrfVHOBuaXiLZtTo2e1dQ3uBPuuj
u06ZcpLppovKs8pE8Bxp4OXfdn9uBS5wOntib9tZamOPSLmIX5XKHlKeOFLp5isICBGbXijgjinTmlwLwccuBdNZWrL6Y6xoYFHK
frrSthTxQt1AvGafRQnbdX64MhuRUMlmQP33SjE0jx4TXVnTwdE4vfnzPSE3TUIGA0aC3Bs1rsVZOcX8vqTwNAF4u0cXFvbdGsg9
EC9UqGCCu6YOfN8ZYKslMdEDfYZ3pEEcMPoqmDHZrxvvobW0hWrBxVd2EyQ5WpfA1VNB3qHPqb5yRApOypBMIS4pClwkY4uiHWhw
CIamJm2vmTUC1qKJYJQW4jK7EUASyt8CIjPZJVKVCVtNMgpZbFzc03CmeGGSG1dwLKSiGjPi1RfGVGump97pxcddinP92g4RQ6SA
Um1PJJ4QDVENdHZZ8YQR4jn4N6wwbhm6daJG54rKL4347Eyk7XWgZovN43353pV0i3fTuyh6tlkEyv5vLuKeOWAXvxPtXg3ImNaV
u4wIqc63KqehDXG84XoXx1J6DCb7VZB0lBbdL1N9i05d0eRfQPIxdjbZ2pZioBepErzcc3q9FyFxeYgOJlidlproAAVtdMhBqvVz
6mrXaiSMuzx03XUzhAJw3sjhYXyO6AOiKSMbTOP5lcJwOCd6iS00nePWb6BOQU8qfM93VlYlUK0WdPPFirY5acr0GTIXye1hwJR1
T0H8vaAL3frIcRagRAjwYTqJeu3TqB1C0sZe9Vfx0tbY4AmEwC93aPsH4iAQyI39VSt3flF1QCFEzBCTroHmvKBDBPcHxyJbXbaH

footer:
  note: "generated-by-ci"
  checksum: "19f2f2aba353012b"
