timestamp: 1780204079
sync_time: "2026-05-31 05:07:59"
version: "5.5.36.523"

meta:
  id: "ID-9c95afed4e111600a5ff98cdaeab501e"
  encoding: "ascii-safe"
  integrity: "51ee818bc4cee976"

data_block:
  sequence: "c97132786309"
  status: "ok"
  channel: "release"
  index: "0.30234"

stream: |
KxZRqr8ApuJ37GfyMGgfU77JwQvlYKrnVTkmuXDStEhzVIjPvOFnQES7AH4rTtrhWkhROSa3I4bOIqSuENzQdRY0dFeGVnUvmnGv
fmKqxxGCtSShiJIBzK4cQS5YA7ErnPbDMeWQxEMcy9HbErfl2sX0DY8ddW0CURTUFV9tPRo37ecNKkZcsocTmkY1719jJlLqEAQY
veaUh5rKop2BiddDQk0gWcFC6mE3oJuRbubHPEPrDVyTim8QAeM3sZZxIqL2mabPdgZ6SGtcpSlltMyV7gdE1NQgZX2DmvNoa0op
H9pD1yGXzFnHXAQG7EUvA5C7uV9MTITXjDWcnL84GFkxt6ycLHXnwBoLuscmlUl5tnnjjczdU8LGfHlYv1ZDLeuLGMHV2FcV4efD
qqnmcizBntBWEdwFxF2PRWlF5nmjQDxx6hJHc3ejxrS1tEY8AxFFOzgCiAeR3GnOLnNnTDt5MbLhEL40vlbMxJEE3HWclQL4Bg2V
1tUOQp4ziokcjWFTgDQ9UjqaL4safLFzS4A36ApaWNZUfbctBp3ZgZkgvBTXG6CvZ4c1WkQCPasS42mqCwFMcWvOejIak9fVI6B0
TjUDyz28IyXnlE61AI1bxNmLnCkJuthn2tjC8szuppKE4cg6W2aHDpaXQNToPtynurFlTWFg2rSdzwDsOpPv2cTkrCLVLzAAqCbv
7AitCYI2mVU0zukUW90moIud1DzWP6xZaDNoupGsWS9ZMa2gtArQzcLhIR22YArAMPU1r5X8I9enly6grEGh5yADEhWQEZLgHUph
IG1nbr7nKDIc8RxMEugqSdPIaUBMewpiOXZ3JVkfgGcx48Dzb8wBvOnsEsytVLFh6HoECsvb7Gqsa8YX5ptWDj1fgcvpFXh31X6l
4Cnx1ujW5hftOEvhilMXHYiovh1WXllyfuiau77hIj0ojCHzfW8i1U9uYxl6MwgZ4IMjdxFYPnuYd5BfmMSl7Rtg7wgkf9fkoBoC

footer:
  note: "generated-by-ci"
  checksum: "4c98001d514cfe3e"
