timestamp: 1780216515
sync_time: "2026-05-31 08:35:15"
version: "5.5.36.523"

meta:
  id: "ID-200fa3081d4334e801b700344e3f3e15"
  encoding: "ascii-safe"
  integrity: "85ab7605fa1c03df"

data_block:
  sequence: "0b74b0832334"
  status: "ok"
  channel: "release"
  index: "0.8653"

stream: |
0fqH8Or0YFrS60aYQN5IvWFhyb2iPErcP6hS0pxWV0jgwAyGKdinrzxNg7svkdw1eTzdwN2ECZYjgvluFsmYju5Pby5DgdQhWiR6
lymim2NwIuil7jEmGKIfZGpI8TMrvvDpY51wtrp2yZbak1soJC0RbRJEGlPTVXwgq0D7TUHIfQvmMTCUsHuowIG1dckxmu4YfWJy
cYR4ZT9i2W2UbK55yEEwnb9zVxrE6AmEPDJz5TcIkl85UlYUhtuYnGq7CXv26gLxQJRHZbCf4SslZ3UrGML5BkAfK69gl7lBqb4C
7ID40mGRBOckuFxWYbspeYA1Yowlcg7keixQNnRym2GNI5N5X0b0ie9LgH2Ed4ojq5amjGlj7KSE5qsQrSyFBL94dhqu14H47kHR
KmRIjsuDbkJzsqXd0aI3jV5MExV7EZAqUGbkXIvAYfhqjQz2BEoeveozTpa2AE51gN9WS0V4nKfz01eDXQIMZoJgqKaiCZqsXWyZ
dFJy7ANpBr5DhDZeQZlyj7kel8h1k9xw6zHYclX42s08Lyv3Ew3iMKygJzZJok2UC0Syh4LEtZy4yw0xtus2cf3dAvxPeEChGmLI
CRW68V3PQn02jh1zu1zd405tC9du96vuzPidmeQlev6ek0k49cAwTS2bdnq3hrKirhkugccG8gqZeKUVxblxRJBJHwb9sn3ucpv9
E9kyIn1YWagp9oWSXDCnvuK521dFB4sgJR3cdIDMVSuIW5tKwBGJby4rTBjKxgL1x0to3xViXHakcGMyaBaIzIGTBftmFFaagns8
AdCLho2zt5wn3gW8WhsTcjEStKgu0D0FCccEbx6JGP9Bb1OlYDVciCnJ7XPLPMsh1eOEV3gIlbcO8nFOl7hDbHhpqN5PNLWLa6R2
OjdPQ2dMD2dcbgc0W14w36VMA69155Ke1MYVGguprOGInKBYrv2pgC0SKdJp9JygtKbJHhJfU0isAQ7ei3gcWJEwT9tjafRPCvU2

footer:
  note: "generated-by-ci"
  checksum: "058a2239db4e1ad6"
