timestamp: 1780073953
sync_time: "2026-05-29 16:59:13"
version: "5.5.36.523"

meta:
  id: "ID-e5b582d5861608fa331f15cb5acae141"
  encoding: "ascii-safe"
  integrity: "c02d6e7073b90e38"

data_block:
  sequence: "1f808e3cb2a3"
  status: "ok"
  channel: "release"
  index: "0.15307"

stream: |
M86BC8kiT4HRB76YBqmahg7UfMOGmsSHRubfzrWBzZ9QNRnYq7r9Ff78JqYGzZQku3wqxQM3lZDlmrLU6zjz1XPl1Mo2OirlM9mg
vzp0mwN6hcKGxgkdzctlQKkD7rMTMt7U6QcF66ssFdn9qBJliomHRdTMDyMW0kviF1tURMa2OGOiJxcMmuuehnsrEBTyhkZQEWSz
Q0FaVdsyCZnUmFTZON2yBT45sffMWJFVm8do4YrcCzTgbBzcpPQC3iKOtxsOrO4HlZtgbEksxE79bAyrWZPDJRnmplZohQVhH8sM
lAjSMh1lYujA0nFRfEJDcdBjkh2vL8g1WqCQyry8PXbFJ4sNDZ5aMsemAH7I9Ll908gBCLCWohrqR0ztQWGjKiNG1slJsk4R324b
olRFDzK8v8t52Zn1B5ODAhCJzD6qmgQo6ZNgvwkg1yIf2SnorMi7camKpXapSbgr0neFTU8yAFx6s6jsVvQcn2Dp8uvir60g0nkA
qMmEBkw1gIagHSXpRXeY0i43WWEz28VuOypqzhGlN6MeczgAN9bBbtpQtpar0BHNqTxPxITpQMxaAXmTnOmrwQlDBDQmv90CcpZt
2qmLxJbh835ZWKYOPN6QimvFG7SYm7rBV0bUjYQaPsRfOYI6AFPkF02TTDsMCfnS195pB9uISJQShJNCKUV6IvEuZiDraGEsbAxK
dr38JF9H4NeE8uOSsH3EDOwIskoxisKHUcsscdHSJJlrH1tXafoE4z2vufGAtSnwTNf9bHUz4wugXfDv05IbR7VCCDQnNs7ucYtt
yhHU3UAYUs69YaKoNiA25Q4PZLBDecOzJM53q4JkMafTeuaLReWc2fbnJU3hpzncddU354LC3Vgwss4xgSGUTVwIWVhnxw7wIt5Z
72lPdlUZCNud3vl55iPMlWiQ2VGW8kH2VbJvf59lfGAVZdaMxHaV3tsTuVf6Zb5bBeYWNoOrVVeOII4Q6oHtyaq0Arja7mukzKIw

footer:
  note: "generated-by-ci"
  checksum: "88867160339f1c91"
