timestamp: 1780049214
sync_time: "2026-05-29 10:06:54"
version: "5.5.36.523"

meta:
  id: "ID-4a3cbf016e0b527a304102ce155cfe94"
  encoding: "ascii-safe"
  integrity: "d4b8cefc5cbcae49"

data_block:
  sequence: "7f357b5b2173"
  status: "ok"
  channel: "release"
  index: "0.31383"

stream: |
zSyjvW2Ej2QK2NpE6qjp5O8NtrGx5emuQeTxYF47bAvhASMn0EYAVo9mIu57669IbdiiPReIPZxUiWCo8lNOUD8jb9FY2D73aESD
iGW3fbCgtA4K4NxOt8CY4EnOz4OU3FLBEMgbgZ1Qqe0iv24eU0WwUQhg5CGIt8wEBVBLVlIGoFflOwUvxNCWY6HN2b5dZIhkTj4y
v4Bw7Nkn6oyM96s4u7Lp8SwFeu7HaK5rxglR2QfHQTIWRjn6InZGsnLdZXe1KvPgaSSBwroqSAt3jucGUBYLzaXqUllvR5hXZK0R
GZfFytm6ek7dGtdVXtjjUm3bO03hIDDvjfX6qBN0AYEmzakBVYkP20xphqYQD3ZRP9uMx3OdF3kecO30oqRSSAcKA3hfEnSk3KSM
kIpxmhPGTISf6qUD8sTTcVsOK8VqcG1cMzrGALDbxPr9OvRkA97R6Xnxxfx55iHiDOlHPQ2cdIh6JFlDjTxevcvBWY3DGOmpWAV8
Xr6gRyvf3uPI7h8hbugJx4E9m3sGMAPKAmmN63YmA3KJo7iBsgwAsNYmUr5RAnwdoL3kARrp0XYhTjUdRsTQRUHvLd0ynBoeXePB
X1AvaMCCyyDj5G80FrFDVvjGSSooeRkfDRB5XQY3sPV3qHUFJ1huuLoKSXMuNqczOPfsTP0TCK9P8OfjwICN9Sa1PbI13x0CfJe5
Ajwmymzy0ilzyd4za3oi1qyAZnSiIg4FoKeatlkfbPsR3bvwlWub5likz8zwtYn8OUlQYmdxd0ACuAKrAY4VzfCpuTSuBOJWhMCU
HQQf6h1E0LDv6lFw1blD5NRxSjSnnUvCvOrUY6WqvMMxX1eHzajyddQhYOCKpp8oBStsDIp8V9dWdvIvlv9KHcIDNfjya2l4bsom
P8VhLSLS2AA6v0Q7R9agRBxymHkb7qPfbTv2NarW5E576ulrX7Xn8B1ykHf1lPNTc0YMAbos5fdklDUQHmYwBfJHCn4czKraflK0

footer:
  note: "generated-by-ci"
  checksum: "a808dfa5e87a4dda"
