timestamp: 1780018692
sync_time: "2026-05-29 01:38:12"
version: "5.5.36.523"

meta:
  id: "ID-5e5e951b0f16d490f5a1b1f142a07cc3"
  encoding: "ascii-safe"
  integrity: "6d387d6a3a7c2f92"

data_block:
  sequence: "3dbade50f00c"
  status: "ok"
  channel: "release"
  index: "0.19551"

stream: |
0zrRrNebhVh7w2iEasW5bD5Vp8Bh1ziLtHqh1gxJi0lSu26QjCVIDL86aEUyiS2ejzp2fYHvC2nR9JdQtRlNfX5QmJQfp98fSTcM
rNVW0nynmFCbAoryFYclgXLeqo7Dn40U9DQ4XEUo7nqMj4Pd12R8YDDcVQYTl9ihbUQ4emqEyx4ByDmDvjAz8FSus9FNdnDhTJq8
g2BPhZyP2zENGYyN73RFfxydoOBZrdJvDrPzqad4O4DwSYw4mg03ruv10fjmrdijgZxXuyuel2skPbR9GGuXMY6WObJjIve0dT2a
DEhgZQUr8qH5PGrayvfQZRKmr9qnA86Npqhw5i6oQtHeRvfDXrzwZhAs5LreBwCmNvS5ScP2eSkcyxOWEtMpR772xI3dZCb3jPT5
ek13sq8kiatDosxYV1EMQEaACi4umoEuziblyq3mHAb80s6OdWyAQSMyql8kUwa6wS6LWLjdf70AtktmCBdoNhXkDeRZL5wdxrH0
um4L4WFjU6uywRr6Q4v7KQ4pRmAJNc6vwiEomFtnfTAoDv5SHjXOv1vsjJlvcqxyNFxMTXIyeVe2DLUhqjTl6IFkzb6w87qnZ94j
nft7UpnkYly1O3bFz3yCglfM2jb2CLpo2j0sCscGFPOZcMPYUmUhYM5jhBff69CCkCzy7BEWwtIKjFpy1IhpAtL8OPAot9kQVFBj
rQMWf0vQsN2lnAGeGcGkG7KWT8IVhHrlSt2CL3fawgiX6Qs5VkTTuIEFlvjASPnc7tqr0uXFnkwXM5zUIXyoQhNH2aUUmn92hHBB
SlKvyic6drRdgmzWZY4BSaD5OF7McWOXHZLnHk78j2NkKLLR22IC6QqacrmnvKDFZMTr4injpCPcCOnC8kGqT5li5shp8cRs9y1q
l8hgVgGCNSeWf9PDZPjuD96X7KA8j4Ib70zdYCRpg8XnB4OIEY4f3o2WhTupNZLCwR45zKegQKPDMB8ghkC9MjGVIyGO9xKYsT9F

footer:
  note: "generated-by-ci"
  checksum: "fceca3b84dcb9cfb"
