timestamp: 1780205141
sync_time: "2026-05-31 05:25:41"
version: "5.5.36.523"

meta:
  id: "ID-de9ad620a6ef2eee4535bee6be21e69e"
  encoding: "ascii-safe"
  integrity: "245e7e9576c7643f"

data_block:
  sequence: "4ecd62510d75"
  status: "ok"
  channel: "release"
  index: "0.31592"

stream: |
6JhW7ejInnCyd8pAXKynPpuk1f3YwT1VeiZCIHxctyRZEzA26x3b6uGhlgKQsUaiaNbHN0CuuFPgvx2gHxiOXg3d5IbzKVjjSXRM
Que4X69nyljxMADrq0sife3Y8VAOdgdeU7g4uwfkOv5HsaZVlRbYRU66z5N1Uju4hGaLVpX5BydHFXB9BDJYQREnEz0TPx8KaPVY
968UCjalmqKEWnTbiAESRPLSRXf0P0nbArTas2mNuiwKh6srdJf5AlimaQmIfvdYm3RndBC3HcFzG9koQLIVhJz30FuaUMcagoPg
seB0avvb3f2tPKQG0i9RgsJhG5f5JbV78euj8SSlkrJdrn9f6ND93ceg5iK0BcU8CoHOeFrRnabX63UAa4GXFVfPji4N3QeFQF3s
JxoIA18xo9wgMkDZvHvIqnWi3LdbKFx68OzcLdnDrVTSM2S3BtX7PFlRsvMJ4aJd6kpWuE2VhkjcBa4ljtjX8Tq7f9yfkZMP56Tt
AS5OPysnIHE3Pvu73D7zySbxU9BVpyLk7pM4G7RYf6G5DMlLkTzMtfmEsIShvhAqGkJCriYccKAUKFitCWGPsIWIBkNRupFyu5qr
8dE3CPaACHeo6Ra0hWtXxz7BCGPIIcYBltOR7xomo5P9gmRezZNKPJbXNdVKR2u8d4BfvcNGE8HlAdRZLv0mj4BxKPXqDlAvUllt
49rkFIb2N4Cov2IoaScOuYJSKFXe1yxJytfhVdJpaPrxvGVsYxXY1c2mTFXu6vxNoZnKU1ANfNgyxOrdiRcZJYmfDDrXCVQq0KOs
E3HrzNp0VKjy9NgRrE9Woc7b1ZbkAZERqIjdRELnmpC6ZPpSEiTMNThzuaUlIcsYytUfmXJyk0GjVZjzCoar0KHVMuMpdb65AwoI
QuKG9fTGeemJ5TUkpnk3lRXxKL8gp3nx5olddUi4vBdzlBa3j4DkvHHlhuRpcZa60Dq28NHUMDgYLmrIRpxBTT4xaofu9JIFgkn4

footer:
  note: "generated-by-ci"
  checksum: "a143f4c2ea09b4b1"
